#
# There is insufficient memory for the Java Runtime Environment to continue.
# Native memory allocation (mmap) failed to map 175112192 bytes for G1 virtual space
# Possible reasons:
#   The system is out of physical RAM or swap space
#   The process is running with CompressedOops enabled, and the Java Heap may be blocking the growth of the native heap
# Possible solutions:
#   Reduce memory load on the system
#   Increase physical memory or swap space
#   Check if swap backing store is full
#   Decrease Java heap size (-Xmx/-Xms)
#   Decrease number of Java threads
#   Decrease Java thread stack sizes (-Xss)
#   Set larger code cache with -XX:ReservedCodeCacheSize=
#   JVM is running with Unscaled Compressed Oops mode in which the Java heap is
#     placed in the first 4GB address space. The Java Heap base address is the
#     maximum limit for the native heap growth. Please use -XX:HeapBaseMinAddress
#     to set the Java Heap base and to place the Java Heap above 4GB virtual address.
# This output file may be truncated or incomplete.
#
#  Out of Memory Error (os_windows.cpp:3559), pid=44896, tid=42832
#
# JRE version: OpenJDK Runtime Environment Temurin-17.0.7+7 (17.0.7+7) (build 17.0.7+7)
# Java VM: OpenJDK 64-Bit Server VM Temurin-17.0.7+7 (17.0.7+7, mixed mode, emulated-client, tiered, compressed oops, compressed class ptrs, g1 gc, windows-amd64)
# No core dump will be written. Minidumps are not enabled by default on client versions of Windows
#

---------------  S U M M A R Y ------------

Command Line: -Dquarkus-internal.serialized-app-model.path=D:\codifi\emloyee\target\quarkus\bootstrap\dev-app-model.dat -javaagent:C:\Users\Sanjay\.m2\repository\io\quarkus\quarkus-class-change-agent\2.16.6.Final\quarkus-class-change-agent-2.16.6.Final.jar -XX:TieredStopAtLevel=1 -Djava.util.logging.manager=org.jboss.logmanager.LogManager D:\codifi\emloyee\target\employee-dev.jar

Host: Intel(R) Core(TM) i5-6300U CPU @ 2.40GHz, 4 cores, 7G,  Windows 10 , 64 bit Build 19041 (10.0.19041.5438)
Time: Wed Mar 26 18:01:39 2025 India Standard Time elapsed time: 3.398773 seconds (0d 0h 0m 3s)

---------------  T H R E A D  ---------------

Current thread (0x0000019ce340b0b0):  VMThread "VM Thread" [stack: 0x00000094c0f00000,0x00000094c1000000] [id=42832]

Stack: [0x00000094c0f00000,0x00000094c1000000]
Native frames: (J=compiled Java code, j=interpreted, Vv=VM code, C=native code)
V  [jvm.dll+0x67754a]
V  [jvm.dll+0x834304]
V  [jvm.dll+0x835aae]
V  [jvm.dll+0x836113]
V  [jvm.dll+0x24696f]
V  [jvm.dll+0x6743f9]
V  [jvm.dll+0x668c8a]
V  [jvm.dll+0x3061bb]
V  [jvm.dll+0x30d6a6]
V  [jvm.dll+0x35cece]
V  [jvm.dll+0x35d0ff]
V  [jvm.dll+0x2dd048]
V  [jvm.dll+0x2db20c]
V  [jvm.dll+0x2da7dc]
V  [jvm.dll+0x31e6db]
V  [jvm.dll+0x83a5bb]
V  [jvm.dll+0x83b2f4]
V  [jvm.dll+0x83b80c]
V  [jvm.dll+0x83bbe4]
V  [jvm.dll+0x83bcb0]
V  [jvm.dll+0x7e4e7a]
V  [jvm.dll+0x676395]
C  [ucrtbase.dll+0x21bb2]
C  [KERNEL32.DLL+0x17374]
C  [ntdll.dll+0x4cc91]

VM_Operation (0x00000094c40fd1f0): G1CollectForAllocation, mode: safepoint, requested by thread 0x0000019cea207920


---------------  P R O C E S S  ---------------

Threads class SMR info:
_java_thread_list=0x0000019ceaac4c70, length=117, elements={
0x0000019cd5ea56d0, 0x0000019ce34471f0, 0x0000019ce3448570, 0x0000019ce349c730,
0x0000019ce349d4b0, 0x0000019ce349fe70, 0x0000019ce34bb400, 0x0000019ce34bbdb0,
0x0000019ce34fef60, 0x0000019ce33f1e00, 0x0000019ce358c250, 0x0000019ce358c760,
0x0000019ce82ad8d0, 0x0000019ce98767a0, 0x0000019ce98d7880, 0x0000019ce9f4f280,
0x0000019cea119ec0, 0x0000019cea11a390, 0x0000019cea379580, 0x0000019cea379a50,
0x0000019cea4592b0, 0x0000019cea3348d0, 0x0000019cea335c10, 0x0000019cea333590,
0x0000019cea335270, 0x0000019cea334400, 0x0000019cea334da0, 0x0000019cea3330c0,
0x0000019cea335740, 0x0000019cea3360e0, 0x0000019cea332720, 0x0000019cea333a60,
0x0000019cea332bf0, 0x0000019cea333f30, 0x0000019cea2082c0, 0x0000019cea209600,
0x0000019cea208c60, 0x0000019cea20a470, 0x0000019cea209ad0, 0x0000019cea20a940,
0x0000019cea20c620, 0x0000019cea20ae10, 0x0000019cea207920, 0x0000019cea208790,
0x0000019cea209130, 0x0000019cea206f80, 0x0000019cea209fa0, 0x0000019cea2065e0,
0x0000019cea20b2e0, 0x0000019cea206ab0, 0x0000019cea20b7b0, 0x0000019cea207450,
0x0000019cea20bc80, 0x0000019cea20c150, 0x0000019cea20caf0, 0x0000019cea20cfc0,
0x0000019cea207df0, 0x0000019cea20d490, 0x0000019cea20d960, 0x0000019cea206110,
0x0000019cea6b5ac0, 0x0000019cea6b08f0, 0x0000019cea6aff50, 0x0000019cea6b3440,
0x0000019cea6b0420, 0x0000019cea6b2f70, 0x0000019cea6b6930, 0x0000019cea6b0dc0,
0x0000019cea6b1290, 0x0000019cea6b6e00, 0x0000019cea6b1760, 0x0000019cea6b4c50,
0x0000019cea6b5f90, 0x0000019cea6b3910, 0x0000019cea6b6460, 0x0000019cea6b4780,
0x0000019cea6af5b0, 0x0000019cea6b1c30, 0x0000019cea6b2100, 0x0000019cea6b3de0,
0x0000019cea6b25d0, 0x0000019cea6b42b0, 0x0000019cea6afa80, 0x0000019cea6b2aa0,
0x0000019cea6b55f0, 0x0000019cea6fbef0, 0x0000019cea6fc3c0, 0x0000019cea6fef10,
0x0000019cea6fc890, 0x0000019cea701f30, 0x0000019cea6fb080, 0x0000019cea701a60,
0x0000019cea6fcd60, 0x0000019cea6fd230, 0x0000019cea702400, 0x0000019cea7028d0,
0x0000019cea6fd700, 0x0000019cea6ffd80, 0x0000019cea6fba20, 0x0000019cea6fe0a0,
0x0000019cea6fea40, 0x0000019cea6fb550, 0x0000019cea6fdbd0, 0x0000019cea6fe570,
0x0000019cea6ff3e0, 0x0000019cea6ff8b0, 0x0000019cea700250, 0x0000019cea700720,
0x0000019cea700bf0, 0x0000019cea7010c0, 0x0000019cea701590, 0x0000019cea6b5120,
0x0000019cea8a3600, 0x0000019cea8a6fc0, 0x0000019cea8a9640, 0x0000019cea8a6150,
0x0000019cea8a7e30
}
_to_delete_list=0x0000019cea98cfa0, length=114, elements={
0x0000019cd5ea56d0, 0x0000019ce34471f0, 0x0000019ce3448570, 0x0000019ce349c730,
0x0000019ce349d4b0, 0x0000019ce349fe70, 0x0000019ce34bb400, 0x0000019ce34bbdb0,
0x0000019ce34fef60, 0x0000019ce33f1e00, 0x0000019ce358c250, 0x0000019ce358c760,
0x0000019ce82ad8d0, 0x0000019ce98767a0, 0x0000019ce98d7880, 0x0000019ce9f4f280,
0x0000019cea119ec0, 0x0000019cea11a390, 0x0000019cea379580, 0x0000019cea379a50,
0x0000019cea4592b0, 0x0000019cea3348d0, 0x0000019cea335c10, 0x0000019cea333590,
0x0000019cea335270, 0x0000019cea334400, 0x0000019cea334da0, 0x0000019cea3330c0,
0x0000019cea335740, 0x0000019cea3360e0, 0x0000019cea332720, 0x0000019cea333a60,
0x0000019cea332bf0, 0x0000019cea333f30, 0x0000019cea2082c0, 0x0000019cea209600,
0x0000019cea208c60, 0x0000019cea20a470, 0x0000019cea209ad0, 0x0000019cea20a940,
0x0000019cea20c620, 0x0000019cea20ae10, 0x0000019cea207920, 0x0000019cea208790,
0x0000019cea209130, 0x0000019cea206f80, 0x0000019cea209fa0, 0x0000019cea2065e0,
0x0000019cea20b2e0, 0x0000019cea206ab0, 0x0000019cea20b7b0, 0x0000019cea207450,
0x0000019cea20bc80, 0x0000019cea20c150, 0x0000019cea20caf0, 0x0000019cea20cfc0,
0x0000019cea207df0, 0x0000019cea20d490, 0x0000019cea20d960, 0x0000019cea206110,
0x0000019cea6b5ac0, 0x0000019cea6b08f0, 0x0000019cea6aff50, 0x0000019cea6b3440,
0x0000019cea6b0420, 0x0000019cea6b2f70, 0x0000019cea6b6930, 0x0000019cea6b0dc0,
0x0000019cea6b1290, 0x0000019cea6b6e00, 0x0000019cea6b1760, 0x0000019cea6b4c50,
0x0000019cea6b5f90, 0x0000019cea6b3910, 0x0000019cea6b6460, 0x0000019cea6b4780,
0x0000019cea6af5b0, 0x0000019cea6b1c30, 0x0000019cea6b2100, 0x0000019cea6b3de0,
0x0000019cea6b25d0, 0x0000019cea6b42b0, 0x0000019cea6afa80, 0x0000019cea6b2aa0,
0x0000019cea6b55f0, 0x0000019cea6fbef0, 0x0000019cea6fc3c0, 0x0000019cea6fef10,
0x0000019cea6fc890, 0x0000019cea701f30, 0x0000019cea6fb080, 0x0000019cea701a60,
0x0000019cea6fcd60, 0x0000019cea6fd230, 0x0000019cea702400, 0x0000019cea7028d0,
0x0000019cea6fd700, 0x0000019cea6ffd80, 0x0000019cea6fba20, 0x0000019cea6fe0a0,
0x0000019cea6fea40, 0x0000019cea6fb550, 0x0000019cea6fdbd0, 0x0000019cea6fe570,
0x0000019cea6ff3e0, 0x0000019cea6ff8b0, 0x0000019cea700250, 0x0000019cea700720,
0x0000019cea700bf0, 0x0000019cea7010c0, 0x0000019cea701590, 0x0000019cea6b5120,
0x0000019cea8a3600, 0x0000019cea8a6fc0
}

Java Threads: ( => current thread )
  0x0000019cd5ea56d0 JavaThread "main" [_thread_blocked, id=44840, stack(0x00000094c0900000,0x00000094c0a00000)]
  0x0000019ce34471f0 JavaThread "Reference Handler" daemon [_thread_blocked, id=44952, stack(0x00000094c1000000,0x00000094c1100000)]
  0x0000019ce3448570 JavaThread "Finalizer" daemon [_thread_blocked, id=44960, stack(0x00000094c1100000,0x00000094c1200000)]
  0x0000019ce349c730 JavaThread "Signal Dispatcher" daemon [_thread_blocked, id=44972, stack(0x00000094c1200000,0x00000094c1300000)]
  0x0000019ce349d4b0 JavaThread "Attach Listener" daemon [_thread_blocked, id=44964, stack(0x00000094c1300000,0x00000094c1400000)]
  0x0000019ce349fe70 JavaThread "Service Thread" daemon [_thread_blocked, id=36040, stack(0x00000094c1400000,0x00000094c1500000)]
  0x0000019ce34bb400 JavaThread "Monitor Deflation Thread" daemon [_thread_blocked, id=45036, stack(0x00000094c1500000,0x00000094c1600000)]
  0x0000019ce34bbdb0 JavaThread "C1 CompilerThread0" daemon [_thread_blocked, id=7764, stack(0x00000094c1600000,0x00000094c1700000)]
  0x0000019ce34fef60 JavaThread "Sweeper thread" daemon [_thread_blocked, id=40208, stack(0x00000094c1700000,0x00000094c1800000)]
  0x0000019ce33f1e00 JavaThread "Common-Cleaner" daemon [_thread_blocked, id=41532, stack(0x00000094c1800000,0x00000094c1900000)]
  0x0000019ce358c250 JavaThread "C1 CompilerThread1" daemon [_thread_blocked, id=44884, stack(0x00000094c1900000,0x00000094c1a00000)]
  0x0000019ce358c760 JavaThread "C1 CompilerThread2" daemon [_thread_blocked, id=44948, stack(0x00000094c1a00000,0x00000094c1b00000)]
  0x0000019ce82ad8d0 JavaThread "Notification Thread" daemon [_thread_blocked, id=44828, stack(0x00000094c1b00000,0x00000094c1c00000)]
  0x0000019ce98767a0 JavaThread "Quarkus Devmode keep alive thread" [_thread_blocked, id=44388, stack(0x00000094c2300000,0x00000094c2400000)]
  0x0000019ce98d7880 JavaThread "ForkJoinPool.commonPool-worker-1" daemon [_thread_blocked, id=44988, stack(0x00000094c2400000,0x00000094c2500000)]
  0x0000019ce9f4f280 JavaThread "build-1" [_thread_blocked, id=8784, stack(0x00000094c2500000,0x00000094c2600000)]
  0x0000019cea119ec0 JavaThread "build-2" [_thread_blocked, id=40824, stack(0x00000094c2600000,0x00000094c2700000)]
  0x0000019cea11a390 JavaThread "build-3" [_thread_blocked, id=43936, stack(0x00000094c2700000,0x00000094c2800000)]
  0x0000019cea379580 JavaThread "build-4" [_thread_blocked, id=41068, stack(0x00000094c2800000,0x00000094c2900000)]
  0x0000019cea379a50 JavaThread "build-5" [_thread_blocked, id=43512, stack(0x00000094c2900000,0x00000094c2a00000)]
  0x0000019cea4592b0 JavaThread "build-6" [_thread_blocked, id=37080, stack(0x00000094c2a00000,0x00000094c2b00000)]
  0x0000019cea3348d0 JavaThread "build-7" [_thread_blocked, id=43944, stack(0x00000094c2b00000,0x00000094c2c00000)]
  0x0000019cea335c10 JavaThread "build-8" [_thread_blocked, id=44284, stack(0x00000094c2c00000,0x00000094c2d00000)]
  0x0000019cea333590 JavaThread "build-9" [_thread_blocked, id=44316, stack(0x00000094c2d00000,0x00000094c2e00000)]
  0x0000019cea335270 JavaThread "build-10" [_thread_blocked, id=11400, stack(0x00000094c2e00000,0x00000094c2f00000)]
  0x0000019cea334400 JavaThread "build-11" [_thread_blocked, id=43332, stack(0x00000094c2f00000,0x00000094c3000000)]
  0x0000019cea334da0 JavaThread "build-12" [_thread_blocked, id=44508, stack(0x00000094c3000000,0x00000094c3100000)]
  0x0000019cea3330c0 JavaThread "build-13" [_thread_blocked, id=44344, stack(0x00000094c3100000,0x00000094c3200000)]
  0x0000019cea335740 JavaThread "build-14" [_thread_blocked, id=7068, stack(0x00000094c3200000,0x00000094c3300000)]
  0x0000019cea3360e0 JavaThread "build-15" [_thread_blocked, id=44048, stack(0x00000094c3300000,0x00000094c3400000)]
  0x0000019cea332720 JavaThread "build-16" [_thread_blocked, id=42836, stack(0x00000094c3400000,0x00000094c3500000)]
  0x0000019cea333a60 JavaThread "build-17" [_thread_blocked, id=8764, stack(0x00000094c3500000,0x00000094c3600000)]
  0x0000019cea332bf0 JavaThread "build-18" [_thread_blocked, id=13712, stack(0x00000094c3600000,0x00000094c3700000)]
  0x0000019cea333f30 JavaThread "build-19" [_thread_blocked, id=41752, stack(0x00000094c3700000,0x00000094c3800000)]
  0x0000019cea2082c0 JavaThread "build-20" [_thread_blocked, id=41896, stack(0x00000094c3800000,0x00000094c3900000)]
  0x0000019cea209600 JavaThread "build-21" [_thread_blocked, id=44260, stack(0x00000094c3900000,0x00000094c3a00000)]
  0x0000019cea208c60 JavaThread "build-22" [_thread_blocked, id=44264, stack(0x00000094c3a00000,0x00000094c3b00000)]
  0x0000019cea20a470 JavaThread "build-23" [_thread_blocked, id=38164, stack(0x00000094c3b00000,0x00000094c3c00000)]
  0x0000019cea209ad0 JavaThread "build-24" [_thread_blocked, id=31916, stack(0x00000094c3c00000,0x00000094c3d00000)]
  0x0000019cea20a940 JavaThread "build-25" [_thread_blocked, id=42956, stack(0x00000094c3d00000,0x00000094c3e00000)]
  0x0000019cea20c620 JavaThread "build-26" [_thread_blocked, id=38528, stack(0x00000094c3e00000,0x00000094c3f00000)]
  0x0000019cea20ae10 JavaThread "build-27" [_thread_blocked, id=42720, stack(0x00000094c3f00000,0x00000094c4000000)]
  0x0000019cea207920 JavaThread "build-28" [_thread_blocked, id=44772, stack(0x00000094c4000000,0x00000094c4100000)]
  0x0000019cea208790 JavaThread "build-29" [_thread_blocked, id=7916, stack(0x00000094c4100000,0x00000094c4200000)]
  0x0000019cea209130 JavaThread "build-30" [_thread_blocked, id=42768, stack(0x00000094c4200000,0x00000094c4300000)]
  0x0000019cea206f80 JavaThread "build-31" [_thread_blocked, id=43620, stack(0x00000094c4300000,0x00000094c4400000)]
  0x0000019cea209fa0 JavaThread "build-32" [_thread_blocked, id=43000, stack(0x00000094c4400000,0x00000094c4500000)]
  0x0000019cea2065e0 JavaThread "build-33" [_thread_blocked, id=5916, stack(0x00000094c4500000,0x00000094c4600000)]
  0x0000019cea20b2e0 JavaThread "build-34" [_thread_blocked, id=29600, stack(0x00000094c4600000,0x00000094c4700000)]
  0x0000019cea206ab0 JavaThread "build-35" [_thread_blocked, id=41704, stack(0x00000094c4700000,0x00000094c4800000)]
  0x0000019cea20b7b0 JavaThread "build-36" [_thread_blocked, id=10640, stack(0x00000094c4800000,0x00000094c4900000)]
  0x0000019cea207450 JavaThread "build-37" [_thread_blocked, id=43868, stack(0x00000094c4900000,0x00000094c4a00000)]
  0x0000019cea20bc80 JavaThread "build-38" [_thread_blocked, id=30264, stack(0x00000094c4a00000,0x00000094c4b00000)]
  0x0000019cea20c150 JavaThread "build-39" [_thread_blocked, id=43520, stack(0x00000094c4b00000,0x00000094c4c00000)]
  0x0000019cea20caf0 JavaThread "build-40" [_thread_blocked, id=43072, stack(0x00000094c4c00000,0x00000094c4d00000)]
  0x0000019cea20cfc0 JavaThread "build-41" [_thread_blocked, id=43292, stack(0x00000094c4d00000,0x00000094c4e00000)]
  0x0000019cea207df0 JavaThread "build-42" [_thread_blocked, id=43864, stack(0x00000094c4e00000,0x00000094c4f00000)]
  0x0000019cea20d490 JavaThread "build-43" [_thread_blocked, id=43108, stack(0x00000094c4f00000,0x00000094c5000000)]
  0x0000019cea20d960 JavaThread "build-44" [_thread_blocked, id=36408, stack(0x00000094c5000000,0x00000094c5100000)]
  0x0000019cea206110 JavaThread "build-45" [_thread_blocked, id=14172, stack(0x00000094c5100000,0x00000094c5200000)]
  0x0000019cea6b5ac0 JavaThread "build-46" [_thread_blocked, id=41804, stack(0x00000094c5200000,0x00000094c5300000)]
  0x0000019cea6b08f0 JavaThread "build-47" [_thread_blocked, id=40560, stack(0x00000094c5300000,0x00000094c5400000)]
  0x0000019cea6aff50 JavaThread "build-48" [_thread_blocked, id=44272, stack(0x00000094c5400000,0x00000094c5500000)]
  0x0000019cea6b3440 JavaThread "build-49" [_thread_blocked, id=42608, stack(0x00000094c5500000,0x00000094c5600000)]
  0x0000019cea6b0420 JavaThread "build-50" [_thread_blocked, id=44056, stack(0x00000094c5600000,0x00000094c5700000)]
  0x0000019cea6b2f70 JavaThread "build-51" [_thread_blocked, id=44052, stack(0x00000094c5700000,0x00000094c5800000)]
  0x0000019cea6b6930 JavaThread "build-52" [_thread_blocked, id=44520, stack(0x00000094c5800000,0x00000094c5900000)]
  0x0000019cea6b0dc0 JavaThread "build-53" [_thread_blocked, id=9672, stack(0x00000094c5900000,0x00000094c5a00000)]
  0x0000019cea6b1290 JavaThread "build-54" [_thread_blocked, id=8352, stack(0x00000094c5a00000,0x00000094c5b00000)]
  0x0000019cea6b6e00 JavaThread "build-55" [_thread_blocked, id=42356, stack(0x00000094c5b00000,0x00000094c5c00000)]
  0x0000019cea6b1760 JavaThread "build-56" [_thread_blocked, id=42960, stack(0x00000094c5c00000,0x00000094c5d00000)]
  0x0000019cea6b4c50 JavaThread "build-57" [_thread_blocked, id=43428, stack(0x00000094c5d00000,0x00000094c5e00000)]
  0x0000019cea6b5f90 JavaThread "build-58" [_thread_blocked, id=44044, stack(0x00000094c5e00000,0x00000094c5f00000)]
  0x0000019cea6b3910 JavaThread "build-59" [_thread_blocked, id=40724, stack(0x00000094c5f00000,0x00000094c6000000)]
  0x0000019cea6b6460 JavaThread "build-60" [_thread_blocked, id=43316, stack(0x00000094c6000000,0x00000094c6100000)]
  0x0000019cea6b4780 JavaThread "build-61" [_thread_blocked, id=43236, stack(0x00000094c6100000,0x00000094c6200000)]
  0x0000019cea6af5b0 JavaThread "build-62" [_thread_blocked, id=17376, stack(0x00000094c6200000,0x00000094c6300000)]
  0x0000019cea6b1c30 JavaThread "build-63" [_thread_blocked, id=44040, stack(0x00000094c6300000,0x00000094c6400000)]
  0x0000019cea6b2100 JavaThread "build-64" [_thread_blocked, id=43140, stack(0x00000094c6400000,0x00000094c6500000)]
  0x0000019cea6b3de0 JavaThread "build-65" [_thread_blocked, id=43148, stack(0x00000094c6500000,0x00000094c6600000)]
  0x0000019cea6b25d0 JavaThread "build-66" [_thread_blocked, id=43228, stack(0x00000094c6600000,0x00000094c6700000)]
  0x0000019cea6b42b0 JavaThread "build-67" [_thread_blocked, id=41972, stack(0x00000094c6700000,0x00000094c6800000)]
  0x0000019cea6afa80 JavaThread "build-68" [_thread_blocked, id=44292, stack(0x00000094c6800000,0x00000094c6900000)]
  0x0000019cea6b2aa0 JavaThread "build-69" [_thread_blocked, id=41292, stack(0x00000094c6900000,0x00000094c6a00000)]
  0x0000019cea6b55f0 JavaThread "build-70" [_thread_blocked, id=38984, stack(0x00000094c6a00000,0x00000094c6b00000)]
  0x0000019cea6fbef0 JavaThread "build-71" [_thread_blocked, id=43896, stack(0x00000094c6b00000,0x00000094c6c00000)]
  0x0000019cea6fc3c0 JavaThread "build-72" [_thread_blocked, id=42668, stack(0x00000094c6c00000,0x00000094c6d00000)]
  0x0000019cea6fef10 JavaThread "build-73" [_thread_blocked, id=44536, stack(0x00000094c6d00000,0x00000094c6e00000)]
  0x0000019cea6fc890 JavaThread "build-74" [_thread_blocked, id=5420, stack(0x00000094c6e00000,0x00000094c6f00000)]
  0x0000019cea701f30 JavaThread "build-75" [_thread_blocked, id=42548, stack(0x00000094c6f00000,0x00000094c7000000)]
  0x0000019cea6fb080 JavaThread "build-76" [_thread_blocked, id=3140, stack(0x00000094c7000000,0x00000094c7100000)]
  0x0000019cea701a60 JavaThread "build-77" [_thread_blocked, id=13928, stack(0x00000094c7100000,0x00000094c7200000)]
  0x0000019cea6fcd60 JavaThread "build-78" [_thread_blocked, id=44084, stack(0x00000094c7200000,0x00000094c7300000)]
  0x0000019cea6fd230 JavaThread "build-79" [_thread_blocked, id=44116, stack(0x00000094c7300000,0x00000094c7400000)]
  0x0000019cea702400 JavaThread "build-80" [_thread_blocked, id=42096, stack(0x00000094c7400000,0x00000094c7500000)]
  0x0000019cea7028d0 JavaThread "build-81" [_thread_blocked, id=38060, stack(0x00000094c7500000,0x00000094c7600000)]
  0x0000019cea6fd700 JavaThread "build-82" [_thread_blocked, id=41116, stack(0x00000094c7600000,0x00000094c7700000)]
  0x0000019cea6ffd80 JavaThread "build-83" [_thread_blocked, id=38804, stack(0x00000094c7700000,0x00000094c7800000)]
  0x0000019cea6fba20 JavaThread "build-84" [_thread_blocked, id=39520, stack(0x00000094c7800000,0x00000094c7900000)]
  0x0000019cea6fe0a0 JavaThread "build-85" [_thread_blocked, id=44616, stack(0x00000094c7900000,0x00000094c7a00000)]
  0x0000019cea6fea40 JavaThread "build-86" [_thread_blocked, id=44356, stack(0x00000094c7a00000,0x00000094c7b00000)]
  0x0000019cea6fb550 JavaThread "build-87" [_thread_blocked, id=44200, stack(0x00000094c7b00000,0x00000094c7c00000)]
  0x0000019cea6fdbd0 JavaThread "build-88" [_thread_blocked, id=44512, stack(0x00000094c7c00000,0x00000094c7d00000)]
  0x0000019cea6fe570 JavaThread "build-89" [_thread_blocked, id=43608, stack(0x00000094c7d00000,0x00000094c7e00000)]
  0x0000019cea6ff3e0 JavaThread "build-90" [_thread_blocked, id=41668, stack(0x00000094c7e00000,0x00000094c7f00000)]
  0x0000019cea6ff8b0 JavaThread "build-91" [_thread_blocked, id=5472, stack(0x00000094c7f00000,0x00000094c8000000)]
  0x0000019cea700250 JavaThread "build-92" [_thread_blocked, id=25052, stack(0x00000094c8000000,0x00000094c8100000)]
  0x0000019cea700720 JavaThread "build-93" [_thread_blocked, id=43876, stack(0x00000094c8100000,0x00000094c8200000)]
  0x0000019cea700bf0 JavaThread "build-94" [_thread_blocked, id=32588, stack(0x00000094c8200000,0x00000094c8300000)]
  0x0000019cea7010c0 JavaThread "build-95" [_thread_blocked, id=44300, stack(0x00000094c8300000,0x00000094c8400000)]
  0x0000019cea701590 JavaThread "build-96" [_thread_blocked, id=44572, stack(0x00000094c8400000,0x00000094c8500000)]
  0x0000019cea6b5120 JavaThread "build-97" [_thread_blocked, id=43472, stack(0x00000094c8500000,0x00000094c8600000)]
  0x0000019cea8a3600 JavaThread "build-98" [_thread_blocked, id=41188, stack(0x00000094c8600000,0x00000094c8700000)]
  0x0000019cea8a6fc0 JavaThread "mysql-cj-abandoned-connection-cleanup" daemon [_thread_blocked, id=44580, stack(0x00000094c8700000,0x00000094c8800000)]
  0x0000019cea8a9640 JavaThread "org.aesh.readline.terminal.impl.WinExternalTerminal@20d66797 input pump thread" daemon [_thread_in_native, id=42100, stack(0x00000094c8800000,0x00000094c8900000)]
  0x0000019cea8a6150 JavaThread "Aesh InputStream Reader" daemon [_thread_blocked, id=932, stack(0x00000094c8900000,0x00000094c8a00000)]
  0x0000019cea8a7e30 JavaThread "Quarkus Terminal Reader" daemon [_thread_blocked, id=22064, stack(0x00000094c8a00000,0x00000094c8b00000)]

Other Threads:
=>0x0000019ce340b0b0 VMThread "VM Thread" [stack: 0x00000094c0f00000,0x00000094c1000000] [id=42832]
  0x0000019cd5ea6490 WatcherThread [stack: 0x00000094c1c00000,0x00000094c1d00000] [id=43036]
  0x0000019cd5efd4e0 GCTaskThread "GC Thread#0" [stack: 0x00000094c0a00000,0x00000094c0b00000] [id=44864]
  0x0000019ce8541690 GCTaskThread "GC Thread#1" [stack: 0x00000094c1d00000,0x00000094c1e00000] [id=43256]
  0x0000019ce8541940 GCTaskThread "GC Thread#2" [stack: 0x00000094c1e00000,0x00000094c1f00000] [id=44776]
  0x0000019ce8538fd0 GCTaskThread "GC Thread#3" [stack: 0x00000094c1f00000,0x00000094c2000000] [id=43188]
  0x0000019cd5f100c0 ConcurrentGCThread "G1 Main Marker" [stack: 0x00000094c0b00000,0x00000094c0c00000] [id=44956]
  0x0000019cd5f11270 ConcurrentGCThread "G1 Conc#0" [stack: 0x00000094c0c00000,0x00000094c0d00000] [id=44984]
  0x0000019ce32c24d0 ConcurrentGCThread "G1 Refine#0" [stack: 0x00000094c0d00000,0x00000094c0e00000] [id=44980]
  0x0000019ce8539280 ConcurrentGCThread "G1 Refine#1" [stack: 0x00000094c2000000,0x00000094c2100000] [id=43660]
  0x0000019ce8698010 ConcurrentGCThread "G1 Refine#2" [stack: 0x00000094c2100000,0x00000094c2200000] [id=6504]
  0x0000019ce8696a00 ConcurrentGCThread "G1 Refine#3" [stack: 0x00000094c2200000,0x00000094c2300000] [id=44780]
  0x0000019ce32c2ef0 ConcurrentGCThread "G1 Service" [stack: 0x00000094c0e00000,0x00000094c0f00000] [id=44968]

Threads with active compile tasks:
C1 CompilerThread1     3460 3608   !   1       io.quarkus.deployment.steps.ConfigDescriptionBuildStep::getTypeName (512 bytes)
C1 CompilerThread2     3460 3607       1       io.quarkus.deployment.steps.ConfigDescriptionBuildStep::processConfigChild (104 bytes)

VM state: at safepoint (normal execution)

VM Mutex/Monitor currently owned by a thread:  ([mutex/lock_event])
[0x0000019cd5ea0510] Threads_lock - owner thread: 0x0000019ce340b0b0
[0x0000019cd5ea1dd0] Heap_lock - owner thread: 0x0000019cea207920

Heap address: 0x0000000081c00000, size: 2020 MB, Compressed Oops mode: 32-bit

CDS archive(s) not mapped
Compressed class space mapped at: 0x0000000100000000-0x0000000140000000, reserved size: 1073741824
Narrow klass base: 0x0000000000000000, Narrow klass shift: 3, Narrow klass range: 0x140000000

GC Precious Log:
 CPUs: 4 total, 4 available
 Memory: 8072M
 Large Page Support: Disabled
 NUMA Support: Disabled
 Compressed Oops: Enabled (32-bit)
 Heap Region Size: 1M
 Heap Min Capacity: 8M
 Heap Initial Capacity: 128M
 Heap Max Capacity: 2020M
 Pre-touch: Disabled
 Parallel Workers: 4
 Concurrent Workers: 1
 Concurrent Refinement Workers: 4
 Periodic GC: Disabled

Heap:
 garbage-first heap   total 262144K, used 84512K [0x0000000081c00000, 0x0000000100000000)
  region size 1024K, 2 young (2048K), 2 survivors (2048K)
 Metaspace       used 30385K, committed 30848K, reserved 1114112K
  class space    used 3714K, committed 3968K, reserved 1048576K

Heap Regions: E=young(eden), S=young(survivor), O=old, HS=humongous(starts), HC=humongous(continues), CS=collection set, F=free, OA=open archive, CA=closed archive, TAMS=top-at-mark-start (previous, next)
|   0|0x0000000081c00000, 0x0000000081d00000, 0x0000000081d00000|100%| O|  |TAMS 0x0000000081d00000, 0x0000000081c00000| Untracked 
|   1|0x0000000081d00000, 0x0000000081e00000, 0x0000000081e00000|100%| O|  |TAMS 0x0000000081e00000, 0x0000000081d00000| Untracked 
|   2|0x0000000081e00000, 0x0000000081f00000, 0x0000000081f00000|100%| O|  |TAMS 0x0000000081f00000, 0x0000000081e00000| Untracked 
|   3|0x0000000081f00000, 0x0000000082000000, 0x0000000082000000|100%|HS|  |TAMS 0x0000000082000000, 0x0000000081f00000| Complete 
|   4|0x0000000082000000, 0x0000000082100000, 0x0000000082100000|100%|HS|  |TAMS 0x0000000082100000, 0x0000000082000000| Complete 
|   5|0x0000000082100000, 0x0000000082200000, 0x0000000082200000|100%| O|  |TAMS 0x0000000082200000, 0x0000000082100000| Untracked 
|   6|0x0000000082200000, 0x0000000082300000, 0x0000000082300000|100%| O|  |TAMS 0x0000000082300000, 0x0000000082200000| Untracked 
|   7|0x0000000082300000, 0x0000000082400000, 0x0000000082400000|100%| O|  |TAMS 0x0000000082400000, 0x0000000082300000| Untracked 
|   8|0x0000000082400000, 0x0000000082500000, 0x0000000082500000|100%| O|  |TAMS 0x0000000082500000, 0x0000000082400000| Untracked 
|   9|0x0000000082500000, 0x0000000082600000, 0x0000000082600000|100%| O|  |TAMS 0x0000000082600000, 0x0000000082500000| Untracked 
|  10|0x0000000082600000, 0x0000000082700000, 0x0000000082700000|100%| O|  |TAMS 0x0000000082700000, 0x0000000082600000| Untracked 
|  11|0x0000000082700000, 0x0000000082800000, 0x0000000082800000|100%| O|  |TAMS 0x0000000082800000, 0x0000000082700000| Untracked 
|  12|0x0000000082800000, 0x0000000082900000, 0x0000000082900000|100%| O|  |TAMS 0x0000000082900000, 0x0000000082800000| Untracked 
|  13|0x0000000082900000, 0x0000000082a00000, 0x0000000082a00000|100%|HS|  |TAMS 0x0000000082a00000, 0x0000000082900000| Complete 
|  14|0x0000000082a00000, 0x0000000082b00000, 0x0000000082b00000|100%|HC|  |TAMS 0x0000000082b00000, 0x0000000082a00000| Complete 
|  15|0x0000000082b00000, 0x0000000082c00000, 0x0000000082c00000|100%| O|  |TAMS 0x0000000082c00000, 0x0000000082b00000| Untracked 
|  16|0x0000000082c00000, 0x0000000082d00000, 0x0000000082d00000|100%| O|  |TAMS 0x0000000082d00000, 0x0000000082c00000| Untracked 
|  17|0x0000000082d00000, 0x0000000082e00000, 0x0000000082e00000|100%| O|  |TAMS 0x0000000082e00000, 0x0000000082d00000| Untracked 
|  18|0x0000000082e00000, 0x0000000082f00000, 0x0000000082f00000|100%| O|  |TAMS 0x0000000082f00000, 0x0000000082e00000| Untracked 
|  19|0x0000000082f00000, 0x0000000083000000, 0x0000000083000000|100%| O|  |TAMS 0x0000000083000000, 0x0000000082f00000| Untracked 
|  20|0x0000000083000000, 0x0000000083100000, 0x0000000083100000|100%| O|  |TAMS 0x0000000083100000, 0x0000000083000000| Untracked 
|  21|0x0000000083100000, 0x0000000083200000, 0x0000000083200000|100%| O|  |TAMS 0x0000000083200000, 0x0000000083100000| Untracked 
|  22|0x0000000083200000, 0x0000000083300000, 0x0000000083300000|100%| O|  |TAMS 0x0000000083300000, 0x0000000083200000| Untracked 
|  23|0x0000000083300000, 0x0000000083400000, 0x0000000083400000|100%| O|  |TAMS 0x0000000083400000, 0x0000000083300000| Untracked 
|  24|0x0000000083400000, 0x0000000083500000, 0x0000000083500000|100%| O|  |TAMS 0x0000000083500000, 0x0000000083400000| Untracked 
|  25|0x0000000083500000, 0x0000000083600000, 0x0000000083600000|100%| O|  |TAMS 0x0000000083600000, 0x0000000083500000| Untracked 
|  26|0x0000000083600000, 0x0000000083700000, 0x0000000083700000|100%| O|  |TAMS 0x0000000083700000, 0x0000000083600000| Untracked 
|  27|0x0000000083700000, 0x0000000083800000, 0x0000000083800000|100%| O|  |TAMS 0x0000000083800000, 0x0000000083700000| Untracked 
|  28|0x0000000083800000, 0x0000000083900000, 0x0000000083900000|100%| O|  |TAMS 0x0000000083900000, 0x0000000083800000| Untracked 
|  29|0x0000000083900000, 0x0000000083a00000, 0x0000000083a00000|100%| O|  |TAMS 0x0000000083a00000, 0x0000000083900000| Untracked 
|  30|0x0000000083a00000, 0x0000000083b00000, 0x0000000083b00000|100%| O|  |TAMS 0x0000000083b00000, 0x0000000083a00000| Untracked 
|  31|0x0000000083b00000, 0x0000000083c00000, 0x0000000083c00000|100%| O|  |TAMS 0x0000000083c00000, 0x0000000083b00000| Untracked 
|  32|0x0000000083c00000, 0x0000000083d00000, 0x0000000083d00000|100%| O|  |TAMS 0x0000000083d00000, 0x0000000083c00000| Untracked 
|  33|0x0000000083d00000, 0x0000000083e00000, 0x0000000083e00000|100%| O|  |TAMS 0x0000000083e00000, 0x0000000083d00000| Untracked 
|  34|0x0000000083e00000, 0x0000000083f00000, 0x0000000083f00000|100%| O|  |TAMS 0x0000000083e00000, 0x0000000083e00000| Untracked 
|  35|0x0000000083f00000, 0x0000000084000000, 0x0000000084000000|100%| O|  |TAMS 0x0000000084000000, 0x0000000083f00000| Untracked 
|  36|0x0000000084000000, 0x0000000084100000, 0x0000000084100000|100%| O|  |TAMS 0x0000000084100000, 0x0000000084000000| Untracked 
|  37|0x0000000084100000, 0x0000000084200000, 0x0000000084200000|100%| O|  |TAMS 0x0000000084200000, 0x0000000084100000| Untracked 
|  38|0x0000000084200000, 0x0000000084300000, 0x0000000084300000|100%| O|  |TAMS 0x0000000084300000, 0x0000000084200000| Untracked 
|  39|0x0000000084300000, 0x0000000084400000, 0x0000000084400000|100%| O|  |TAMS 0x0000000084400000, 0x0000000084300000| Untracked 
|  40|0x0000000084400000, 0x0000000084500000, 0x0000000084500000|100%| O|  |TAMS 0x0000000084400000, 0x0000000084400000| Untracked 
|  41|0x0000000084500000, 0x0000000084600000, 0x0000000084600000|100%| O|  |TAMS 0x0000000084500000, 0x0000000084500000| Untracked 
|  42|0x0000000084600000, 0x0000000084700000, 0x0000000084700000|100%| O|  |TAMS 0x0000000084700000, 0x0000000084600000| Untracked 
|  43|0x0000000084700000, 0x0000000084800000, 0x0000000084800000|100%| O|  |TAMS 0x0000000084800000, 0x0000000084700000| Untracked 
|  44|0x0000000084800000, 0x0000000084900000, 0x0000000084900000|100%| O|  |TAMS 0x0000000084900000, 0x0000000084800000| Untracked 
|  45|0x0000000084900000, 0x0000000084a00000, 0x0000000084a00000|100%| O|  |TAMS 0x0000000084a00000, 0x0000000084900000| Untracked 
|  46|0x0000000084a00000, 0x0000000084b00000, 0x0000000084b00000|100%| O|  |TAMS 0x0000000084b00000, 0x0000000084a00000| Untracked 
|  47|0x0000000084b00000, 0x0000000084c00000, 0x0000000084c00000|100%| O|  |TAMS 0x0000000084c00000, 0x0000000084b00000| Untracked 
|  48|0x0000000084c00000, 0x0000000084d00000, 0x0000000084d00000|100%| O|  |TAMS 0x0000000084d00000, 0x0000000084c00000| Untracked 
|  49|0x0000000084d00000, 0x0000000084e00000, 0x0000000084e00000|100%|HS|  |TAMS 0x0000000084e00000, 0x0000000084d00000| Complete 
|  50|0x0000000084e00000, 0x0000000084f00000, 0x0000000084f00000|100%| O|  |TAMS 0x0000000084e00000, 0x0000000084e00000| Untracked 
|  51|0x0000000084f00000, 0x0000000085000000, 0x0000000085000000|100%|HS|  |TAMS 0x0000000085000000, 0x0000000084f00000| Complete 
|  52|0x0000000085000000, 0x0000000085100000, 0x0000000085100000|100%| O|  |TAMS 0x0000000085100000, 0x0000000085000000| Untracked 
|  53|0x0000000085100000, 0x0000000085200000, 0x0000000085200000|100%| O|  |TAMS 0x0000000085200000, 0x0000000085100000| Untracked 
|  54|0x0000000085200000, 0x0000000085300000, 0x0000000085300000|100%| O|  |TAMS 0x0000000085300000, 0x0000000085200000| Untracked 
|  55|0x0000000085300000, 0x0000000085400000, 0x0000000085400000|100%| O|  |TAMS 0x0000000085400000, 0x0000000085300000| Untracked 
|  56|0x0000000085400000, 0x0000000085500000, 0x0000000085500000|100%| O|  |TAMS 0x0000000085500000, 0x0000000085400000| Untracked 
|  57|0x0000000085500000, 0x0000000085600000, 0x0000000085600000|100%| O|  |TAMS 0x0000000085600000, 0x0000000085500000| Untracked 
|  58|0x0000000085600000, 0x0000000085700000, 0x0000000085700000|100%| O|  |TAMS 0x0000000085700000, 0x0000000085600000| Untracked 
|  59|0x0000000085700000, 0x0000000085700000, 0x0000000085800000|  0%| F|  |TAMS 0x0000000085700000, 0x0000000085700000| Untracked 
|  60|0x0000000085800000, 0x0000000085900000, 0x0000000085900000|100%| O|  |TAMS 0x0000000085800000, 0x0000000085800000| Untracked 
|  61|0x0000000085900000, 0x0000000085900000, 0x0000000085a00000|  0%| F|  |TAMS 0x0000000085900000, 0x0000000085900000| Untracked 
|  62|0x0000000085a00000, 0x0000000085b00000, 0x0000000085b00000|100%| O|  |TAMS 0x0000000085b00000, 0x0000000085a00000| Untracked 
|  63|0x0000000085b00000, 0x0000000085c00000, 0x0000000085c00000|100%| O|  |TAMS 0x0000000085c00000, 0x0000000085b00000| Untracked 
|  64|0x0000000085c00000, 0x0000000085d00000, 0x0000000085d00000|100%| O|  |TAMS 0x0000000085d00000, 0x0000000085c00000| Untracked 
|  65|0x0000000085d00000, 0x0000000085e00000, 0x0000000085e00000|100%| O|  |TAMS 0x0000000085e00000, 0x0000000085d00000| Untracked 
|  66|0x0000000085e00000, 0x0000000085f00000, 0x0000000085f00000|100%| O|  |TAMS 0x0000000085f00000, 0x0000000085e00000| Untracked 
|  67|0x0000000085f00000, 0x0000000086000000, 0x0000000086000000|100%| O|  |TAMS 0x0000000086000000, 0x0000000085f00000| Untracked 
|  68|0x0000000086000000, 0x0000000086100000, 0x0000000086100000|100%| O|  |TAMS 0x0000000086100000, 0x0000000086000000| Untracked 
|  69|0x0000000086100000, 0x0000000086200000, 0x0000000086200000|100%| O|  |TAMS 0x0000000086200000, 0x0000000086100000| Untracked 
|  70|0x0000000086200000, 0x0000000086300000, 0x0000000086300000|100%| O|  |TAMS 0x0000000086300000, 0x0000000086200000| Untracked 
|  71|0x0000000086300000, 0x0000000086400000, 0x0000000086400000|100%| O|  |TAMS 0x0000000086400000, 0x0000000086300000| Untracked 
|  72|0x0000000086400000, 0x0000000086500000, 0x0000000086500000|100%| O|  |TAMS 0x0000000086500000, 0x0000000086400000| Untracked 
|  73|0x0000000086500000, 0x0000000086600000, 0x0000000086600000|100%| O|  |TAMS 0x0000000086600000, 0x0000000086500000| Untracked 
|  74|0x0000000086600000, 0x0000000086700000, 0x0000000086700000|100%| O|  |TAMS 0x0000000086700000, 0x0000000086600000| Untracked 
|  75|0x0000000086700000, 0x0000000086800000, 0x0000000086800000|100%| O|  |TAMS 0x0000000086800000, 0x0000000086700000| Untracked 
|  76|0x0000000086800000, 0x0000000086900000, 0x0000000086900000|100%| O|  |TAMS 0x0000000086900000, 0x0000000086800000| Untracked 
|  77|0x0000000086900000, 0x0000000086a00000, 0x0000000086a00000|100%| O|  |TAMS 0x0000000086a00000, 0x0000000086900000| Untracked 
|  78|0x0000000086a00000, 0x0000000086a00000, 0x0000000086b00000|  0%| F|  |TAMS 0x0000000086a00000, 0x0000000086a00000| Untracked 
|  79|0x0000000086b00000, 0x0000000086c00000, 0x0000000086c00000|100%| O|  |TAMS 0x0000000086b00000, 0x0000000086b00000| Untracked 
|  80|0x0000000086c00000, 0x0000000086d00000, 0x0000000086d00000|100%| O|  |TAMS 0x0000000086c00000, 0x0000000086c00000| Untracked 
|  81|0x0000000086d00000, 0x0000000086e00000, 0x0000000086e00000|100%| O|  |TAMS 0x0000000086d00000, 0x0000000086d00000| Untracked 
|  82|0x0000000086e00000, 0x0000000086f00000, 0x0000000086f00000|100%| O|  |TAMS 0x0000000086e00000, 0x0000000086e00000| Untracked 
|  83|0x0000000086f00000, 0x0000000087000000, 0x0000000087000000|100%| O|  |TAMS 0x0000000086f00000, 0x0000000086f00000| Untracked 
|  84|0x0000000087000000, 0x000000008701a400, 0x0000000087100000| 10%| O|  |TAMS 0x0000000087000000, 0x0000000087000000| Untracked 
|  85|0x0000000087100000, 0x0000000087100000, 0x0000000087200000|  0%| F|  |TAMS 0x0000000087100000, 0x0000000087100000| Untracked 
|  86|0x0000000087200000, 0x0000000087200000, 0x0000000087300000|  0%| F|  |TAMS 0x0000000087200000, 0x0000000087200000| Untracked 
|  87|0x0000000087300000, 0x0000000087300000, 0x0000000087400000|  0%| F|  |TAMS 0x0000000087300000, 0x0000000087300000| Untracked 
|  88|0x0000000087400000, 0x0000000087400000, 0x0000000087500000|  0%| F|  |TAMS 0x0000000087400000, 0x0000000087400000| Untracked 
|  89|0x0000000087500000, 0x0000000087500000, 0x0000000087600000|  0%| F|  |TAMS 0x0000000087500000, 0x0000000087500000| Untracked 
|  90|0x0000000087600000, 0x0000000087600000, 0x0000000087700000|  0%| F|  |TAMS 0x0000000087600000, 0x0000000087600000| Untracked 
|  91|0x0000000087700000, 0x0000000087700000, 0x0000000087800000|  0%| F|  |TAMS 0x0000000087700000, 0x0000000087700000| Untracked 
|  92|0x0000000087800000, 0x0000000087800000, 0x0000000087900000|  0%| F|  |TAMS 0x0000000087800000, 0x0000000087800000| Untracked 
|  93|0x0000000087900000, 0x0000000087900000, 0x0000000087a00000|  0%| F|  |TAMS 0x0000000087900000, 0x0000000087900000| Untracked 
|  94|0x0000000087a00000, 0x0000000087a00000, 0x0000000087b00000|  0%| F|  |TAMS 0x0000000087a00000, 0x0000000087a00000| Untracked 
|  95|0x0000000087b00000, 0x0000000087b00000, 0x0000000087c00000|  0%| F|  |TAMS 0x0000000087b00000, 0x0000000087b00000| Untracked 
|  96|0x0000000087c00000, 0x0000000087c00000, 0x0000000087d00000|  0%| F|  |TAMS 0x0000000087c00000, 0x0000000087c00000| Untracked 
|  97|0x0000000087d00000, 0x0000000087d00000, 0x0000000087e00000|  0%| F|  |TAMS 0x0000000087d00000, 0x0000000087d00000| Untracked 
|  98|0x0000000087e00000, 0x0000000087e00000, 0x0000000087f00000|  0%| F|  |TAMS 0x0000000087e00000, 0x0000000087e00000| Untracked 
|  99|0x0000000087f00000, 0x0000000087f00000, 0x0000000088000000|  0%| F|  |TAMS 0x0000000087f00000, 0x0000000087f00000| Untracked 
| 100|0x0000000088000000, 0x0000000088000000, 0x0000000088100000|  0%| F|  |TAMS 0x0000000088000000, 0x0000000088000000| Untracked 
| 101|0x0000000088100000, 0x0000000088100000, 0x0000000088200000|  0%| F|  |TAMS 0x0000000088100000, 0x0000000088100000| Untracked 
| 102|0x0000000088200000, 0x0000000088200000, 0x0000000088300000|  0%| F|  |TAMS 0x0000000088200000, 0x0000000088200000| Untracked 
| 103|0x0000000088300000, 0x0000000088300000, 0x0000000088400000|  0%| F|  |TAMS 0x0000000088300000, 0x0000000088300000| Untracked 
| 104|0x0000000088400000, 0x0000000088400000, 0x0000000088500000|  0%| F|  |TAMS 0x0000000088400000, 0x0000000088400000| Untracked 
| 105|0x0000000088500000, 0x0000000088500000, 0x0000000088600000|  0%| F|  |TAMS 0x0000000088500000, 0x0000000088500000| Untracked 
| 106|0x0000000088600000, 0x0000000088600000, 0x0000000088700000|  0%| F|  |TAMS 0x0000000088600000, 0x0000000088600000| Untracked 
| 107|0x0000000088700000, 0x0000000088700000, 0x0000000088800000|  0%| F|  |TAMS 0x0000000088700000, 0x0000000088700000| Untracked 
| 108|0x0000000088800000, 0x0000000088800000, 0x0000000088900000|  0%| F|  |TAMS 0x0000000088800000, 0x0000000088800000| Untracked 
| 109|0x0000000088900000, 0x0000000088900000, 0x0000000088a00000|  0%| F|  |TAMS 0x0000000088900000, 0x0000000088900000| Untracked 
| 110|0x0000000088a00000, 0x0000000088a00000, 0x0000000088b00000|  0%| F|  |TAMS 0x0000000088a00000, 0x0000000088a00000| Untracked 
| 111|0x0000000088b00000, 0x0000000088b00000, 0x0000000088c00000|  0%| F|  |TAMS 0x0000000088b00000, 0x0000000088b00000| Untracked 
| 112|0x0000000088c00000, 0x0000000088c00000, 0x0000000088d00000|  0%| F|  |TAMS 0x0000000088c00000, 0x0000000088c00000| Untracked 
| 113|0x0000000088d00000, 0x0000000088d00000, 0x0000000088e00000|  0%| F|  |TAMS 0x0000000088d00000, 0x0000000088d00000| Untracked 
| 114|0x0000000088e00000, 0x0000000088e00000, 0x0000000088f00000|  0%| F|  |TAMS 0x0000000088e00000, 0x0000000088e00000| Untracked 
| 115|0x0000000088f00000, 0x0000000088f00000, 0x0000000089000000|  0%| F|  |TAMS 0x0000000088f00000, 0x0000000088f00000| Untracked 
| 116|0x0000000089000000, 0x0000000089000000, 0x0000000089100000|  0%| F|  |TAMS 0x0000000089000000, 0x0000000089000000| Untracked 
| 117|0x0000000089100000, 0x0000000089100000, 0x0000000089200000|  0%| F|  |TAMS 0x0000000089100000, 0x0000000089100000| Untracked 
| 118|0x0000000089200000, 0x0000000089200000, 0x0000000089300000|  0%| F|  |TAMS 0x0000000089200000, 0x0000000089200000| Untracked 
| 119|0x0000000089300000, 0x0000000089300000, 0x0000000089400000|  0%| F|  |TAMS 0x0000000089300000, 0x0000000089300000| Untracked 
| 120|0x0000000089400000, 0x0000000089400000, 0x0000000089500000|  0%| F|  |TAMS 0x0000000089400000, 0x0000000089400000| Untracked 
| 121|0x0000000089500000, 0x0000000089500000, 0x0000000089600000|  0%| F|  |TAMS 0x0000000089500000, 0x0000000089500000| Untracked 
| 122|0x0000000089600000, 0x0000000089600000, 0x0000000089700000|  0%| F|  |TAMS 0x0000000089600000, 0x0000000089600000| Untracked 
| 123|0x0000000089700000, 0x0000000089700000, 0x0000000089800000|  0%| F|  |TAMS 0x0000000089700000, 0x0000000089700000| Untracked 
| 124|0x0000000089800000, 0x0000000089800000, 0x0000000089900000|  0%| F|  |TAMS 0x0000000089800000, 0x0000000089800000| Untracked 
| 125|0x0000000089900000, 0x0000000089900000, 0x0000000089a00000|  0%| F|  |TAMS 0x0000000089900000, 0x0000000089900000| Untracked 
| 126|0x0000000089a00000, 0x0000000089a00000, 0x0000000089b00000|  0%| F|  |TAMS 0x0000000089a00000, 0x0000000089a00000| Untracked 
| 127|0x0000000089b00000, 0x0000000089b00000, 0x0000000089c00000|  0%| F|  |TAMS 0x0000000089b00000, 0x0000000089b00000| Untracked 
| 128|0x0000000089c00000, 0x0000000089c00000, 0x0000000089d00000|  0%| F|  |TAMS 0x0000000089c00000, 0x0000000089c00000| Untracked 
| 129|0x0000000089d00000, 0x0000000089d00000, 0x0000000089e00000|  0%| F|  |TAMS 0x0000000089d00000, 0x0000000089d00000| Untracked 
| 130|0x0000000089e00000, 0x0000000089e00000, 0x0000000089f00000|  0%| F|  |TAMS 0x0000000089e00000, 0x0000000089e00000| Untracked 
| 131|0x0000000089f00000, 0x0000000089f00000, 0x000000008a000000|  0%| F|  |TAMS 0x0000000089f00000, 0x0000000089f00000| Untracked 
| 132|0x000000008a000000, 0x000000008a000000, 0x000000008a100000|  0%| F|  |TAMS 0x000000008a000000, 0x000000008a000000| Untracked 
| 133|0x000000008a100000, 0x000000008a100000, 0x000000008a200000|  0%| F|  |TAMS 0x000000008a100000, 0x000000008a100000| Untracked 
| 134|0x000000008a200000, 0x000000008a200000, 0x000000008a300000|  0%| F|  |TAMS 0x000000008a200000, 0x000000008a200000| Untracked 
| 135|0x000000008a300000, 0x000000008a300000, 0x000000008a400000|  0%| F|  |TAMS 0x000000008a300000, 0x000000008a300000| Untracked 
| 136|0x000000008a400000, 0x000000008a400000, 0x000000008a500000|  0%| F|  |TAMS 0x000000008a400000, 0x000000008a400000| Untracked 
| 137|0x000000008a500000, 0x000000008a500000, 0x000000008a600000|  0%| F|  |TAMS 0x000000008a500000, 0x000000008a500000| Untracked 
| 138|0x000000008a600000, 0x000000008a600000, 0x000000008a700000|  0%| F|  |TAMS 0x000000008a600000, 0x000000008a600000| Untracked 
| 139|0x000000008a700000, 0x000000008a700000, 0x000000008a800000|  0%| F|  |TAMS 0x000000008a700000, 0x000000008a700000| Untracked 
| 140|0x000000008a800000, 0x000000008a800000, 0x000000008a900000|  0%| F|  |TAMS 0x000000008a800000, 0x000000008a800000| Untracked 
| 141|0x000000008a900000, 0x000000008a900000, 0x000000008aa00000|  0%| F|  |TAMS 0x000000008a900000, 0x000000008a900000| Untracked 
| 142|0x000000008aa00000, 0x000000008aa00000, 0x000000008ab00000|  0%| F|  |TAMS 0x000000008aa00000, 0x000000008aa00000| Untracked 
| 143|0x000000008ab00000, 0x000000008ab00000, 0x000000008ac00000|  0%| F|  |TAMS 0x000000008ab00000, 0x000000008ab00000| Untracked 
| 144|0x000000008ac00000, 0x000000008ac00000, 0x000000008ad00000|  0%| F|  |TAMS 0x000000008ac00000, 0x000000008ac00000| Untracked 
| 145|0x000000008ad00000, 0x000000008ad00000, 0x000000008ae00000|  0%| F|  |TAMS 0x000000008ad00000, 0x000000008ad00000| Untracked 
| 146|0x000000008ae00000, 0x000000008ae00000, 0x000000008af00000|  0%| F|  |TAMS 0x000000008ae00000, 0x000000008ae00000| Untracked 
| 147|0x000000008af00000, 0x000000008af00000, 0x000000008b000000|  0%| F|  |TAMS 0x000000008af00000, 0x000000008af00000| Untracked 
| 148|0x000000008b000000, 0x000000008b000000, 0x000000008b100000|  0%| F|  |TAMS 0x000000008b000000, 0x000000008b000000| Untracked 
| 149|0x000000008b100000, 0x000000008b100000, 0x000000008b200000|  0%| F|  |TAMS 0x000000008b100000, 0x000000008b100000| Untracked 
| 150|0x000000008b200000, 0x000000008b200000, 0x000000008b300000|  0%| F|  |TAMS 0x000000008b200000, 0x000000008b200000| Untracked 
| 151|0x000000008b300000, 0x000000008b300000, 0x000000008b400000|  0%| F|  |TAMS 0x000000008b300000, 0x000000008b300000| Untracked 
| 152|0x000000008b400000, 0x000000008b400000, 0x000000008b500000|  0%| F|  |TAMS 0x000000008b400000, 0x000000008b400000| Untracked 
| 153|0x000000008b500000, 0x000000008b500000, 0x000000008b600000|  0%| F|  |TAMS 0x000000008b500000, 0x000000008b500000| Untracked 
| 154|0x000000008b600000, 0x000000008b600000, 0x000000008b700000|  0%| F|  |TAMS 0x000000008b600000, 0x000000008b600000| Untracked 
| 155|0x000000008b700000, 0x000000008b700000, 0x000000008b800000|  0%| F|  |TAMS 0x000000008b700000, 0x000000008b700000| Untracked 
| 156|0x000000008b800000, 0x000000008b800000, 0x000000008b900000|  0%| F|  |TAMS 0x000000008b800000, 0x000000008b800000| Untracked 
| 157|0x000000008b900000, 0x000000008b900000, 0x000000008ba00000|  0%| F|  |TAMS 0x000000008b900000, 0x000000008b900000| Untracked 
| 158|0x000000008ba00000, 0x000000008ba00000, 0x000000008bb00000|  0%| F|  |TAMS 0x000000008ba00000, 0x000000008ba00000| Untracked 
| 159|0x000000008bb00000, 0x000000008bb00000, 0x000000008bc00000|  0%| F|  |TAMS 0x000000008bb00000, 0x000000008bb00000| Untracked 
| 160|0x000000008bc00000, 0x000000008bc00000, 0x000000008bd00000|  0%| F|  |TAMS 0x000000008bc00000, 0x000000008bc00000| Untracked 
| 161|0x000000008bd00000, 0x000000008bd00000, 0x000000008be00000|  0%| F|  |TAMS 0x000000008bd00000, 0x000000008bd00000| Untracked 
| 162|0x000000008be00000, 0x000000008be00000, 0x000000008bf00000|  0%| F|  |TAMS 0x000000008be00000, 0x000000008be00000| Untracked 
| 163|0x000000008bf00000, 0x000000008bf00000, 0x000000008c000000|  0%| F|  |TAMS 0x000000008bf00000, 0x000000008bf00000| Untracked 
| 164|0x000000008c000000, 0x000000008c000000, 0x000000008c100000|  0%| F|  |TAMS 0x000000008c000000, 0x000000008c000000| Untracked 
| 165|0x000000008c100000, 0x000000008c100000, 0x000000008c200000|  0%| F|  |TAMS 0x000000008c100000, 0x000000008c100000| Untracked 
| 166|0x000000008c200000, 0x000000008c200000, 0x000000008c300000|  0%| F|  |TAMS 0x000000008c200000, 0x000000008c200000| Untracked 
| 167|0x000000008c300000, 0x000000008c300000, 0x000000008c400000|  0%| F|  |TAMS 0x000000008c300000, 0x000000008c300000| Untracked 
| 168|0x000000008c400000, 0x000000008c400000, 0x000000008c500000|  0%| F|  |TAMS 0x000000008c400000, 0x000000008c400000| Untracked 
| 169|0x000000008c500000, 0x000000008c500000, 0x000000008c600000|  0%| F|  |TAMS 0x000000008c500000, 0x000000008c500000| Untracked 
| 170|0x000000008c600000, 0x000000008c600000, 0x000000008c700000|  0%| F|  |TAMS 0x000000008c600000, 0x000000008c600000| Untracked 
| 171|0x000000008c700000, 0x000000008c700000, 0x000000008c800000|  0%| F|  |TAMS 0x000000008c700000, 0x000000008c700000| Untracked 
| 172|0x000000008c800000, 0x000000008c800000, 0x000000008c900000|  0%| F|  |TAMS 0x000000008c800000, 0x000000008c800000| Untracked 
| 173|0x000000008c900000, 0x000000008c900000, 0x000000008ca00000|  0%| F|  |TAMS 0x000000008c900000, 0x000000008c900000| Untracked 
| 174|0x000000008ca00000, 0x000000008ca00000, 0x000000008cb00000|  0%| F|  |TAMS 0x000000008ca00000, 0x000000008ca00000| Untracked 
| 175|0x000000008cb00000, 0x000000008cb00000, 0x000000008cc00000|  0%| F|  |TAMS 0x000000008cb00000, 0x000000008cb00000| Untracked 
| 176|0x000000008cc00000, 0x000000008cc00000, 0x000000008cd00000|  0%| F|  |TAMS 0x000000008cc00000, 0x000000008cc00000| Untracked 
| 177|0x000000008cd00000, 0x000000008cd00000, 0x000000008ce00000|  0%| F|  |TAMS 0x000000008cd00000, 0x000000008cd00000| Untracked 
| 178|0x000000008ce00000, 0x000000008ce00000, 0x000000008cf00000|  0%| F|  |TAMS 0x000000008ce00000, 0x000000008ce00000| Untracked 
| 179|0x000000008cf00000, 0x000000008cf00000, 0x000000008d000000|  0%| F|  |TAMS 0x000000008cf00000, 0x000000008cf00000| Untracked 
| 180|0x000000008d000000, 0x000000008d000000, 0x000000008d100000|  0%| F|  |TAMS 0x000000008d000000, 0x000000008d000000| Untracked 
| 181|0x000000008d100000, 0x000000008d100000, 0x000000008d200000|  0%| F|  |TAMS 0x000000008d100000, 0x000000008d100000| Untracked 
| 182|0x000000008d200000, 0x000000008d200000, 0x000000008d300000|  0%| F|  |TAMS 0x000000008d200000, 0x000000008d200000| Untracked 
| 183|0x000000008d300000, 0x000000008d300000, 0x000000008d400000|  0%| F|  |TAMS 0x000000008d300000, 0x000000008d300000| Untracked 
| 184|0x000000008d400000, 0x000000008d400000, 0x000000008d500000|  0%| F|  |TAMS 0x000000008d400000, 0x000000008d400000| Untracked 
| 185|0x000000008d500000, 0x000000008d500000, 0x000000008d600000|  0%| F|  |TAMS 0x000000008d500000, 0x000000008d500000| Untracked 
| 186|0x000000008d600000, 0x000000008d600000, 0x000000008d700000|  0%| F|  |TAMS 0x000000008d600000, 0x000000008d600000| Untracked 
| 187|0x000000008d700000, 0x000000008d700000, 0x000000008d800000|  0%| F|  |TAMS 0x000000008d700000, 0x000000008d700000| Untracked 
| 188|0x000000008d800000, 0x000000008d800000, 0x000000008d900000|  0%| F|  |TAMS 0x000000008d800000, 0x000000008d800000| Untracked 
| 189|0x000000008d900000, 0x000000008d900000, 0x000000008da00000|  0%| F|  |TAMS 0x000000008d900000, 0x000000008d900000| Untracked 
| 190|0x000000008da00000, 0x000000008da00000, 0x000000008db00000|  0%| F|  |TAMS 0x000000008da00000, 0x000000008da00000| Untracked 
| 191|0x000000008db00000, 0x000000008db00000, 0x000000008dc00000|  0%| F|  |TAMS 0x000000008db00000, 0x000000008db00000| Untracked 
| 192|0x000000008dc00000, 0x000000008dc00000, 0x000000008dd00000|  0%| F|  |TAMS 0x000000008dc00000, 0x000000008dc00000| Untracked 
| 193|0x000000008dd00000, 0x000000008dd00000, 0x000000008de00000|  0%| F|  |TAMS 0x000000008dd00000, 0x000000008dd00000| Untracked 
| 194|0x000000008de00000, 0x000000008de00000, 0x000000008df00000|  0%| F|  |TAMS 0x000000008de00000, 0x000000008de00000| Untracked 
| 195|0x000000008df00000, 0x000000008df00000, 0x000000008e000000|  0%| F|  |TAMS 0x000000008df00000, 0x000000008df00000| Untracked 
| 196|0x000000008e000000, 0x000000008e000000, 0x000000008e100000|  0%| F|  |TAMS 0x000000008e000000, 0x000000008e000000| Untracked 
| 197|0x000000008e100000, 0x000000008e100000, 0x000000008e200000|  0%| F|  |TAMS 0x000000008e100000, 0x000000008e100000| Untracked 
| 198|0x000000008e200000, 0x000000008e200000, 0x000000008e300000|  0%| F|  |TAMS 0x000000008e200000, 0x000000008e200000| Untracked 
| 199|0x000000008e300000, 0x000000008e300000, 0x000000008e400000|  0%| F|  |TAMS 0x000000008e300000, 0x000000008e300000| Untracked 
| 200|0x000000008e400000, 0x000000008e400000, 0x000000008e500000|  0%| F|  |TAMS 0x000000008e400000, 0x000000008e400000| Untracked 
| 201|0x000000008e500000, 0x000000008e500000, 0x000000008e600000|  0%| F|  |TAMS 0x000000008e500000, 0x000000008e500000| Untracked 
| 202|0x000000008e600000, 0x000000008e600000, 0x000000008e700000|  0%| F|  |TAMS 0x000000008e600000, 0x000000008e600000| Untracked 
| 203|0x000000008e700000, 0x000000008e700000, 0x000000008e800000|  0%| F|  |TAMS 0x000000008e700000, 0x000000008e700000| Untracked 
| 204|0x000000008e800000, 0x000000008e800000, 0x000000008e900000|  0%| F|  |TAMS 0x000000008e800000, 0x000000008e800000| Untracked 
| 205|0x000000008e900000, 0x000000008e900000, 0x000000008ea00000|  0%| F|  |TAMS 0x000000008e900000, 0x000000008e900000| Untracked 
| 206|0x000000008ea00000, 0x000000008ea00000, 0x000000008eb00000|  0%| F|  |TAMS 0x000000008ea00000, 0x000000008ea00000| Untracked 
| 207|0x000000008eb00000, 0x000000008eb00000, 0x000000008ec00000|  0%| F|  |TAMS 0x000000008eb00000, 0x000000008eb00000| Untracked 
| 208|0x000000008ec00000, 0x000000008ec00000, 0x000000008ed00000|  0%| F|  |TAMS 0x000000008ec00000, 0x000000008ec00000| Untracked 
| 209|0x000000008ed00000, 0x000000008ed00000, 0x000000008ee00000|  0%| F|  |TAMS 0x000000008ed00000, 0x000000008ed00000| Untracked 
| 210|0x000000008ee00000, 0x000000008ee00000, 0x000000008ef00000|  0%| F|  |TAMS 0x000000008ee00000, 0x000000008ee00000| Untracked 
| 211|0x000000008ef00000, 0x000000008ef00000, 0x000000008f000000|  0%| F|  |TAMS 0x000000008ef00000, 0x000000008ef00000| Untracked 
| 212|0x000000008f000000, 0x000000008f000000, 0x000000008f100000|  0%| F|  |TAMS 0x000000008f000000, 0x000000008f000000| Untracked 
| 213|0x000000008f100000, 0x000000008f100000, 0x000000008f200000|  0%| F|  |TAMS 0x000000008f100000, 0x000000008f100000| Untracked 
| 214|0x000000008f200000, 0x000000008f200000, 0x000000008f300000|  0%| F|  |TAMS 0x000000008f200000, 0x000000008f200000| Untracked 
| 215|0x000000008f300000, 0x000000008f300000, 0x000000008f400000|  0%| F|  |TAMS 0x000000008f300000, 0x000000008f300000| Untracked 
| 216|0x000000008f400000, 0x000000008f400000, 0x000000008f500000|  0%| F|  |TAMS 0x000000008f400000, 0x000000008f400000| Untracked 
| 217|0x000000008f500000, 0x000000008f500000, 0x000000008f600000|  0%| F|  |TAMS 0x000000008f500000, 0x000000008f500000| Untracked 
| 218|0x000000008f600000, 0x000000008f600000, 0x000000008f700000|  0%| F|  |TAMS 0x000000008f600000, 0x000000008f600000| Untracked 
| 219|0x000000008f700000, 0x000000008f700000, 0x000000008f800000|  0%| F|  |TAMS 0x000000008f700000, 0x000000008f700000| Untracked 
| 220|0x000000008f800000, 0x000000008f800000, 0x000000008f900000|  0%| F|  |TAMS 0x000000008f800000, 0x000000008f800000| Untracked 
| 221|0x000000008f900000, 0x000000008f900000, 0x000000008fa00000|  0%| F|  |TAMS 0x000000008f900000, 0x000000008f900000| Untracked 
| 222|0x000000008fa00000, 0x000000008fa00000, 0x000000008fb00000|  0%| F|  |TAMS 0x000000008fa00000, 0x000000008fa00000| Untracked 
| 223|0x000000008fb00000, 0x000000008fb00000, 0x000000008fc00000|  0%| F|  |TAMS 0x000000008fb00000, 0x000000008fb00000| Untracked 
| 224|0x000000008fc00000, 0x000000008fc00000, 0x000000008fd00000|  0%| F|  |TAMS 0x000000008fc00000, 0x000000008fc00000| Untracked 
| 225|0x000000008fd00000, 0x000000008fd00000, 0x000000008fe00000|  0%| F|  |TAMS 0x000000008fd00000, 0x000000008fd00000| Untracked 
| 226|0x000000008fe00000, 0x000000008fe00000, 0x000000008ff00000|  0%| F|  |TAMS 0x000000008fe00000, 0x000000008fe00000| Untracked 
| 227|0x000000008ff00000, 0x000000008ff00000, 0x0000000090000000|  0%| F|  |TAMS 0x000000008ff00000, 0x000000008ff00000| Untracked 
| 228|0x0000000090000000, 0x0000000090000000, 0x0000000090100000|  0%| F|  |TAMS 0x0000000090000000, 0x0000000090000000| Untracked 
| 229|0x0000000090100000, 0x0000000090100000, 0x0000000090200000|  0%| F|  |TAMS 0x0000000090100000, 0x0000000090100000| Untracked 
| 230|0x0000000090200000, 0x0000000090200000, 0x0000000090300000|  0%| F|  |TAMS 0x0000000090200000, 0x0000000090200000| Untracked 
| 231|0x0000000090300000, 0x0000000090300000, 0x0000000090400000|  0%| F|  |TAMS 0x0000000090300000, 0x0000000090300000| Untracked 
| 232|0x0000000090400000, 0x0000000090400000, 0x0000000090500000|  0%| F|  |TAMS 0x0000000090400000, 0x0000000090400000| Untracked 
| 233|0x0000000090500000, 0x0000000090500000, 0x0000000090600000|  0%| F|  |TAMS 0x0000000090500000, 0x0000000090500000| Untracked 
| 234|0x0000000090600000, 0x0000000090600000, 0x0000000090700000|  0%| F|  |TAMS 0x0000000090600000, 0x0000000090600000| Untracked 
| 235|0x0000000090700000, 0x0000000090700000, 0x0000000090800000|  0%| F|  |TAMS 0x0000000090700000, 0x0000000090700000| Untracked 
| 236|0x0000000090800000, 0x0000000090800000, 0x0000000090900000|  0%| F|  |TAMS 0x0000000090800000, 0x0000000090800000| Untracked 
| 237|0x0000000090900000, 0x0000000090900000, 0x0000000090a00000|  0%| F|  |TAMS 0x0000000090900000, 0x0000000090900000| Untracked 
| 238|0x0000000090a00000, 0x0000000090a00000, 0x0000000090b00000|  0%| F|  |TAMS 0x0000000090a00000, 0x0000000090a00000| Untracked 
| 239|0x0000000090b00000, 0x0000000090b00000, 0x0000000090c00000|  0%| F|  |TAMS 0x0000000090b00000, 0x0000000090b00000| Untracked 
| 240|0x0000000090c00000, 0x0000000090c00000, 0x0000000090d00000|  0%| F|  |TAMS 0x0000000090c00000, 0x0000000090c00000| Untracked 
| 241|0x0000000090d00000, 0x0000000090d00000, 0x0000000090e00000|  0%| F|  |TAMS 0x0000000090d00000, 0x0000000090d00000| Untracked 
| 242|0x0000000090e00000, 0x0000000090e00000, 0x0000000090f00000|  0%| F|  |TAMS 0x0000000090e00000, 0x0000000090e00000| Untracked 
| 243|0x0000000090f00000, 0x0000000090f00000, 0x0000000091000000|  0%| F|  |TAMS 0x0000000090f00000, 0x0000000090f00000| Untracked 
| 244|0x0000000091000000, 0x0000000091000000, 0x0000000091100000|  0%| F|  |TAMS 0x0000000091000000, 0x0000000091000000| Untracked 
| 245|0x0000000091100000, 0x0000000091100000, 0x0000000091200000|  0%| F|  |TAMS 0x0000000091100000, 0x0000000091100000| Untracked 
| 246|0x0000000091200000, 0x0000000091200000, 0x0000000091300000|  0%| F|  |TAMS 0x0000000091200000, 0x0000000091200000| Untracked 
| 247|0x0000000091300000, 0x0000000091300000, 0x0000000091400000|  0%| F|  |TAMS 0x0000000091300000, 0x0000000091300000| Untracked 
| 248|0x0000000091400000, 0x0000000091400000, 0x0000000091500000|  0%| F|  |TAMS 0x0000000091400000, 0x0000000091400000| Untracked 
| 249|0x0000000091500000, 0x0000000091500000, 0x0000000091600000|  0%| F|  |TAMS 0x0000000091500000, 0x0000000091500000| Untracked 
| 250|0x0000000091600000, 0x0000000091600000, 0x0000000091700000|  0%| F|  |TAMS 0x0000000091600000, 0x0000000091600000| Untracked 
| 251|0x0000000091700000, 0x0000000091700000, 0x0000000091800000|  0%| F|  |TAMS 0x0000000091700000, 0x0000000091700000| Untracked 
| 252|0x0000000091800000, 0x0000000091800000, 0x0000000091900000|  0%| F|  |TAMS 0x0000000091800000, 0x0000000091800000| Untracked 
| 253|0x0000000091900000, 0x000000009196dcb0, 0x0000000091a00000| 42%| S|CS|TAMS 0x0000000091900000, 0x0000000091900000| Complete 
| 254|0x0000000091a00000, 0x0000000091b00000, 0x0000000091b00000|100%| S|CS|TAMS 0x0000000091a00000, 0x0000000091a00000| Complete 
| 255|0x0000000091b00000, 0x0000000091b00000, 0x0000000091c00000|  0%| F|  |TAMS 0x0000000091b00000, 0x0000000091b00000| Untracked 

Card table byte_map: [0x0000019cdc940000,0x0000019cdcd40000] _byte_map_base: 0x0000019cdc532000

Marking Bits (Prev, Next): (CMBitMap*) 0x0000019cd5efdb30, (CMBitMap*) 0x0000019cd5efdaf0
 Prev Bits: [0x0000019cdf0d0000, 0x0000019ce1060000)
 Next Bits: [0x0000019cdd140000, 0x0000019cdf0d0000)

Polling page: 0x0000019cd3e40000

Metaspace:

Usage:
  Non-class:     26.04 MB used.
      Class:      3.63 MB used.
       Both:     29.67 MB used.

Virtual space:
  Non-class space:       64.00 MB reserved,      26.25 MB ( 41%) committed,  1 nodes.
      Class space:        1.00 GB reserved,       3.88 MB ( <1%) committed,  1 nodes.
             Both:        1.06 GB reserved,      30.12 MB (  3%) committed. 

Chunk freelists:
   Non-Class:  5.20 MB
       Class:  11.97 MB
        Both:  17.18 MB

MaxMetaspaceSize: unlimited
CompressedClassSpaceSize: 1.00 GB
Initial GC threshold: 21.00 MB
Current GC threshold: 36.38 MB
CDS: off
MetaspaceReclaimPolicy: balanced
 - commit_granule_bytes: 65536.
 - commit_granule_words: 8192.
 - virtual_space_node_default_size: 8388608.
 - enlarge_chunks_in_place: 1.
 - new_chunks_are_fully_committed: 0.
 - uncommit_free_chunks: 1.
 - use_allocation_guard: 0.
 - handle_deallocations: 1.


Internal statistics:

num_allocs_failed_limit: 9.
num_arena_births: 488.
num_arena_deaths: 0.
num_vsnodes_births: 2.
num_vsnodes_deaths: 0.
num_space_committed: 482.
num_space_uncommitted: 0.
num_chunks_returned_to_freelist: 9.
num_chunks_taken_from_freelist: 1503.
num_chunk_merges: 9.
num_chunk_splits: 910.
num_chunks_enlarged: 547.
num_inconsistent_stats: 0.

CodeCache: size=49152Kb used=7933Kb max_used=7933Kb free=41218Kb
 bounds [0x0000019cd9540000, 0x0000019cd9d00000, 0x0000019cdc540000]
 total_blobs=4104 nmethods=3606 adapters=423
 compilation: enabled
              stopped_count=0, restarted_count=0
 full_count=0

Compilation events (20 events):
Event: 3.365 Thread 0x0000019ce34bbdb0 3599       1       org.jboss.jandex.Modifiers::isEnum (14 bytes)
Event: 3.365 Thread 0x0000019ce358c760 nmethod 3595 0x0000019cd9cfbb10 code [0x0000019cd9cfbd40, 0x0000019cd9cfc1e8]
Event: 3.365 Thread 0x0000019ce34bbdb0 nmethod 3599 0x0000019cd9cfc590 code [0x0000019cd9cfc720, 0x0000019cd9cfc7d8]
Event: 3.365 Thread 0x0000019ce358c250 nmethod 3598 0x0000019cd9cfc890 code [0x0000019cd9cfca40, 0x0000019cd9cfcbb8]
Event: 3.365 Thread 0x0000019ce358c250 3601       1       io.quarkus.deployment.configuration.matching.ConfigPatternMap$PatternIterator::hasNext (101 bytes)
Event: 3.365 Thread 0x0000019ce34bbdb0 3602       1       java.util.StringJoiner::add (110 bytes)
Event: 3.365 Thread 0x0000019ce358c250 nmethod 3601 0x0000019cd9cfcc90 code [0x0000019cd9cfce80, 0x0000019cd9cfd288]
Event: 3.366 Thread 0x0000019ce34bbdb0 nmethod 3602 0x0000019cd9cfd490 code [0x0000019cd9cfd680, 0x0000019cd9cfdb18]
Event: 3.366 Thread 0x0000019ce34bbdb0 3603       1       io.quarkus.deployment.steps.ConfigDescriptionBuildStep$EffectiveConfigTypeAndValues::setTypeName (6 bytes)
Event: 3.366 Thread 0x0000019ce358c250 3604       1       io.quarkus.deployment.steps.ConfigDescriptionBuildStep$EffectiveConfigTypeAndValues::getTypeName (5 bytes)
Event: 3.366 Thread 0x0000019ce358c760 3605       1       io.quarkus.deployment.steps.ConfigDescriptionBuildStep$EffectiveConfigTypeAndValues::getAllowedValues (5 bytes)
Event: 3.367 Thread 0x0000019ce358c760 nmethod 3605 0x0000019cd9cfde10 code [0x0000019cd9cfdfa0, 0x0000019cd9cfe078]
Event: 3.367 Thread 0x0000019ce358c250 nmethod 3604 0x0000019cd9cfe110 code [0x0000019cd9cfe2a0, 0x0000019cd9cfe378]
Event: 3.367 Thread 0x0000019ce34bbdb0 nmethod 3603 0x0000019cd9cfe410 code [0x0000019cd9cfe5a0, 0x0000019cd9cfe6b8]
Event: 3.367 Thread 0x0000019ce34bbdb0 3606   !   1       java.lang.Class::getTypeName (59 bytes)
Event: 3.367 Thread 0x0000019ce358c760 3607       1       io.quarkus.deployment.steps.ConfigDescriptionBuildStep::processConfigChild (104 bytes)
Event: 3.368 Thread 0x0000019ce358c250 3608   !   1       io.quarkus.deployment.steps.ConfigDescriptionBuildStep::getTypeName (512 bytes)
Event: 3.368 Thread 0x0000019ce34bbdb0 nmethod 3606 0x0000019cd9cfe710 code [0x0000019cd9cfe940, 0x0000019cd9cfee08]
Event: 3.368 Thread 0x0000019ce34bbdb0 3609       1       io.quarkus.deployment.steps.ConfigDescriptionBuildStep$EffectiveConfigTypeAndValues::<init> (5 bytes)
Event: 3.368 Thread 0x0000019ce34bbdb0 nmethod 3609 0x0000019cd9cff210 code [0x0000019cd9cff3a0, 0x0000019cd9cff458]

GC Heap History (20 events):
Event: 0.649 GC heap after
{Heap after GC invocations=1 (full 0):
 garbage-first heap   total 131072K, used 4352K [0x0000000081c00000, 0x0000000100000000)
  region size 1024K, 2 young (2048K), 2 survivors (2048K)
 Metaspace       used 9430K, committed 9664K, reserved 1114112K
  class space    used 893K, committed 1024K, reserved 1048576K
}
Event: 0.815 GC heap before
{Heap before GC invocations=1 (full 0):
 garbage-first heap   total 131072K, used 17664K [0x0000000081c00000, 0x0000000100000000)
  region size 1024K, 14 young (14336K), 2 survivors (2048K)
 Metaspace       used 10173K, committed 10304K, reserved 1114112K
  class space    used 991K, committed 1088K, reserved 1048576K
}
Event: 0.826 GC heap after
{Heap after GC invocations=2 (full 0):
 garbage-first heap   total 131072K, used 15325K [0x0000000081c00000, 0x0000000100000000)
  region size 1024K, 2 young (2048K), 2 survivors (2048K)
 Metaspace       used 10173K, committed 10304K, reserved 1114112K
  class space    used 991K, committed 1088K, reserved 1048576K
}
Event: 0.941 GC heap before
{Heap before GC invocations=2 (full 0):
 garbage-first heap   total 131072K, used 33757K [0x0000000081c00000, 0x0000000100000000)
  region size 1024K, 19 young (19456K), 2 survivors (2048K)
 Metaspace       used 10174K, committed 10304K, reserved 1114112K
  class space    used 991K, committed 1088K, reserved 1048576K
}
Event: 0.955 GC heap after
{Heap after GC invocations=3 (full 0):
 garbage-first heap   total 131072K, used 32420K [0x0000000081c00000, 0x0000000100000000)
  region size 1024K, 3 young (3072K), 3 survivors (3072K)
 Metaspace       used 10174K, committed 10304K, reserved 1114112K
  class space    used 991K, committed 1088K, reserved 1048576K
}
Event: 1.107 GC heap before
{Heap before GC invocations=3 (full 0):
 garbage-first heap   total 131072K, used 51876K [0x0000000081c00000, 0x0000000100000000)
  region size 1024K, 22 young (22528K), 3 survivors (3072K)
 Metaspace       used 10869K, committed 11136K, reserved 1114112K
  class space    used 1059K, committed 1216K, reserved 1048576K
}
Event: 1.119 GC heap after
{Heap after GC invocations=4 (full 0):
 garbage-first heap   total 131072K, used 38912K [0x0000000081c00000, 0x0000000100000000)
  region size 1024K, 3 young (3072K), 3 survivors (3072K)
 Metaspace       used 10869K, committed 11136K, reserved 1114112K
  class space    used 1059K, committed 1216K, reserved 1048576K
}
Event: 1.235 GC heap before
{Heap before GC invocations=4 (full 0):
 garbage-first heap   total 131072K, used 64512K [0x0000000081c00000, 0x0000000100000000)
  region size 1024K, 29 young (29696K), 3 survivors (3072K)
 Metaspace       used 10869K, committed 11136K, reserved 1114112K
  class space    used 1059K, committed 1216K, reserved 1048576K
}
Event: 1.249 GC heap after
{Heap after GC invocations=5 (full 0):
 garbage-first heap   total 131072K, used 46080K [0x0000000081c00000, 0x0000000100000000)
  region size 1024K, 4 young (4096K), 4 survivors (4096K)
 Metaspace       used 10869K, committed 11136K, reserved 1114112K
  class space    used 1059K, committed 1216K, reserved 1048576K
}
Event: 1.433 GC heap before
{Heap before GC invocations=5 (full 0):
 garbage-first heap   total 131072K, used 78848K [0x0000000081c00000, 0x0000000100000000)
  region size 1024K, 35 young (35840K), 4 survivors (4096K)
 Metaspace       used 10960K, committed 11264K, reserved 1114112K
  class space    used 1067K, committed 1216K, reserved 1048576K
}
Event: 1.452 GC heap after
{Heap after GC invocations=6 (full 0):
 garbage-first heap   total 262144K, used 55030K [0x0000000081c00000, 0x0000000100000000)
  region size 1024K, 5 young (5120K), 5 survivors (5120K)
 Metaspace       used 10960K, committed 11264K, reserved 1114112K
  class space    used 1067K, committed 1216K, reserved 1048576K
}
Event: 1.709 GC heap before
{Heap before GC invocations=6 (full 0):
 garbage-first heap   total 262144K, used 97014K [0x0000000081c00000, 0x0000000100000000)
  region size 1024K, 43 young (44032K), 5 survivors (5120K)
 Metaspace       used 12081K, committed 12288K, reserved 1114112K
  class space    used 1196K, committed 1280K, reserved 1048576K
}
Event: 1.747 GC heap after
{Heap after GC invocations=7 (full 0):
 garbage-first heap   total 262144K, used 79769K [0x0000000081c00000, 0x0000000100000000)
  region size 1024K, 6 young (6144K), 6 survivors (6144K)
 Metaspace       used 12081K, committed 12288K, reserved 1114112K
  class space    used 1196K, committed 1280K, reserved 1048576K
}
Event: 2.347 GC heap before
{Heap before GC invocations=7 (full 0):
 garbage-first heap   total 262144K, used 115609K [0x0000000081c00000, 0x0000000100000000)
  region size 1024K, 41 young (41984K), 6 survivors (6144K)
 Metaspace       used 17235K, committed 17472K, reserved 1114112K
  class space    used 1923K, committed 2048K, reserved 1048576K
}
Event: 2.361 GC heap after
{Heap after GC invocations=8 (full 0):
 garbage-first heap   total 262144K, used 84257K [0x0000000081c00000, 0x0000000100000000)
  region size 1024K, 4 young (4096K), 4 survivors (4096K)
 Metaspace       used 17235K, committed 17472K, reserved 1114112K
  class space    used 1923K, committed 2048K, reserved 1048576K
}
Event: 2.666 GC heap before
{Heap before GC invocations=8 (full 0):
 garbage-first heap   total 262144K, used 109857K [0x0000000081c00000, 0x0000000100000000)
  region size 1024K, 30 young (30720K), 4 survivors (4096K)
 Metaspace       used 21232K, committed 21504K, reserved 1114112K
  class space    used 2432K, committed 2624K, reserved 1048576K
}
Event: 2.672 GC heap after
{Heap after GC invocations=9 (full 0):
 garbage-first heap   total 262144K, used 85729K [0x0000000081c00000, 0x0000000100000000)
  region size 1024K, 5 young (5120K), 5 survivors (5120K)
 Metaspace       used 21232K, committed 21504K, reserved 1114112K
  class space    used 2432K, committed 2624K, reserved 1048576K
}
Event: 3.339 GC heap before
{Heap before GC invocations=10 (full 0):
 garbage-first heap   total 262144K, used 180961K [0x0000000081c00000, 0x0000000100000000)
  region size 1024K, 101 young (103424K), 5 survivors (5120K)
 Metaspace       used 30366K, committed 30848K, reserved 1114112K
  class space    used 3711K, committed 3968K, reserved 1048576K
}
Event: 3.358 GC heap after
{Heap after GC invocations=11 (full 0):
 garbage-first heap   total 262144K, used 86445K [0x0000000081c00000, 0x0000000100000000)
  region size 1024K, 11 young (11264K), 11 survivors (11264K)
 Metaspace       used 30366K, committed 30848K, reserved 1114112K
  class space    used 3711K, committed 3968K, reserved 1048576K
}
Event: 3.381 GC heap before
{Heap before GC invocations=11 (full 0):
 garbage-first heap   total 262144K, used 86445K [0x0000000081c00000, 0x0000000100000000)
  region size 1024K, 12 young (12288K), 11 survivors (11264K)
 Metaspace       used 30385K, committed 30848K, reserved 1114112K
  class space    used 3714K, committed 3968K, reserved 1048576K
}

Dll operation events (10 events):
Event: 0.016 Loaded shared library C:\Users\Sanjay\eclipse\plugins\org.eclipse.justj.openjdk.hotspot.jre.full.win32.x86_64_17.0.7.v20230425-1502\jre\bin\java.dll
Event: 0.221 Loaded shared library C:\Users\Sanjay\eclipse\plugins\org.eclipse.justj.openjdk.hotspot.jre.full.win32.x86_64_17.0.7.v20230425-1502\jre\bin\zip.dll
Event: 0.224 Loaded shared library C:\Users\Sanjay\eclipse\plugins\org.eclipse.justj.openjdk.hotspot.jre.full.win32.x86_64_17.0.7.v20230425-1502\jre\bin\instrument.dll
Event: 0.244 Loaded shared library C:\Users\Sanjay\eclipse\plugins\org.eclipse.justj.openjdk.hotspot.jre.full.win32.x86_64_17.0.7.v20230425-1502\jre\bin\net.dll
Event: 0.248 Loaded shared library C:\Users\Sanjay\eclipse\plugins\org.eclipse.justj.openjdk.hotspot.jre.full.win32.x86_64_17.0.7.v20230425-1502\jre\bin\nio.dll
Event: 0.260 Loaded shared library C:\Users\Sanjay\eclipse\plugins\org.eclipse.justj.openjdk.hotspot.jre.full.win32.x86_64_17.0.7.v20230425-1502\jre\bin\zip.dll
Event: 0.359 Loaded shared library C:\Users\Sanjay\eclipse\plugins\org.eclipse.justj.openjdk.hotspot.jre.full.win32.x86_64_17.0.7.v20230425-1502\jre\bin\jimage.dll
Event: 1.791 Loaded shared library C:\Users\Sanjay\eclipse\plugins\org.eclipse.justj.openjdk.hotspot.jre.full.win32.x86_64_17.0.7.v20230425-1502\jre\bin\verify.dll
Event: 1.810 Loaded shared library C:\Users\Sanjay\eclipse\plugins\org.eclipse.justj.openjdk.hotspot.jre.full.win32.x86_64_17.0.7.v20230425-1502\jre\bin\management.dll
Event: 1.814 Loaded shared library C:\Users\Sanjay\eclipse\plugins\org.eclipse.justj.openjdk.hotspot.jre.full.win32.x86_64_17.0.7.v20230425-1502\jre\bin\management_ext.dll

Deoptimization events (2 events):
Event: 2.566 Thread 0x0000019cd5ea56d0 DEOPT PACKING pc=0x0000019cd9b52519 sp=0x00000094c09fd820
Event: 2.566 Thread 0x0000019cd5ea56d0 DEOPT UNPACKING pc=0x0000019cd9597143 sp=0x00000094c09fcd00 mode 3

Classes unloaded (0 events):
No events

Classes redefined (0 events):
No events

Internal exceptions (20 events):
Event: 2.888 Thread 0x0000019cea3348d0 Exception <a 'java/lang/IncompatibleClassChangeError'{0x0000000090a89720}: Found class java.lang.Object, but interface was expected> (0x0000000090a89720) 
thrown [s\src\hotspot\share\interpreter\linkResolver.cpp, line 826]
Event: 2.924 Thread 0x0000019cea6b3440 Exception <a 'sun/nio/fs/WindowsException'{0x000000008f7f6de8}> (0x000000008f7f6de8) 
thrown [s\src\hotspot\share\prims\jni.cpp, line 516]
Event: 2.930 Thread 0x0000019cea6b42b0 Exception <a 'sun/nio/fs/WindowsException'{0x000000008f2fca58}> (0x000000008f2fca58) 
thrown [s\src\hotspot\share\prims\jni.cpp, line 516]
Event: 2.930 Thread 0x0000019cea6b42b0 Exception <a 'sun/nio/fs/WindowsException'{0x000000008f2fcc20}> (0x000000008f2fcc20) 
thrown [s\src\hotspot\share\prims\jni.cpp, line 516]
Event: 2.932 Thread 0x0000019cea332bf0 Exception <a 'java/lang/NoSuchMethodError'{0x00000000904fc5d8}: 'void java.lang.invoke.DirectMethodHandle$Holder.invokeInterface(java.lang.Object, java.lang.Object, java.lang.Object)'> (0x00000000904fc5d8) 
thrown [s\src\hotspot\share\interpreter\linkResolver.cpp, line 759]
Event: 2.941 Thread 0x0000019cea6b42b0 Exception <a 'sun/nio/fs/WindowsException'{0x000000008f2fd7b8}> (0x000000008f2fd7b8) 
thrown [s\src\hotspot\share\prims\jni.cpp, line 516]
Event: 2.941 Thread 0x0000019cea6b42b0 Exception <a 'sun/nio/fs/WindowsException'{0x000000008f2fd948}> (0x000000008f2fd948) 
thrown [s\src\hotspot\share\prims\jni.cpp, line 516]
Event: 2.941 Thread 0x0000019cea6b42b0 Exception <a 'sun/nio/fs/WindowsException'{0x000000008f2fe1f0}> (0x000000008f2fe1f0) 
thrown [s\src\hotspot\share\prims\jni.cpp, line 516]
Event: 2.941 Thread 0x0000019cea6b42b0 Exception <a 'sun/nio/fs/WindowsException'{0x000000008f2fe400}> (0x000000008f2fe400) 
thrown [s\src\hotspot\share\prims\jni.cpp, line 516]
Event: 2.992 Thread 0x0000019cea6fc3c0 Exception <a 'java/lang/NoSuchMethodError'{0x000000008f009f90}: 'void java.lang.invoke.DirectMethodHandle$Holder.invokeStatic(java.lang.Object, java.lang.Object, java.lang.Object, java.lang.Object)'> (0x000000008f009f90) 
thrown [s\src\hotspot\share\interpreter\linkResolver.cpp, line 759]
Event: 3.074 Thread 0x0000019cea207920 Exception <a 'java/lang/NoSuchMethodError'{0x000000008d2028e8}: 'void java.lang.invoke.DirectMethodHandle$Holder.invokeStatic(java.lang.Object, int, java.lang.Object)'> (0x000000008d2028e8) 
thrown [s\src\hotspot\share\interpreter\linkResolver.cpp, line 759]
Event: 3.172 Thread 0x0000019cea2065e0 Exception <a 'java/lang/NoSuchMethodError'{0x000000008e178660}: 'java.lang.Object java.lang.invoke.DirectMethodHandle$Holder.invokeSpecial(java.lang.Object, java.lang.Object, java.lang.Object, java.lang.Object, java.lang.Object, int)'> (0x000000008e178660) 
thrown [s\src\hotspot\share\interpreter\linkResolver.cpp, line 759]
Event: 3.173 Thread 0x0000019cea2065e0 Exception <a 'java/lang/NoSuchMethodError'{0x000000008c6f70b8}: 'java.lang.Object java.lang.invoke.Invokers$Holder.linkToTargetMethod(java.lang.Object, java.lang.Object, java.lang.Object, int, java.lang.Object)'> (0x000000008c6f70b8) 
thrown [s\src\hotspot\share\interpreter\linkResolver.cpp, line 759]
Event: 3.271 Thread 0x0000019cea207920 Exception <a 'java/lang/NoSuchMethodError'{0x000000008bfa04e0}: 'java.lang.Object java.lang.invoke.DirectMethodHandle$Holder.invokeInterface(java.lang.Object, java.lang.Object, java.lang.Object)'> (0x000000008bfa04e0) 
thrown [s\src\hotspot\share\interpreter\linkResolver.cpp, line 759]
Event: 3.271 Thread 0x0000019cea207920 Exception <a 'java/lang/IncompatibleClassChangeError'{0x000000008bfa3ba8}: Found class java.lang.Object, but interface was expected> (0x000000008bfa3ba8) 
thrown [s\src\hotspot\share\interpreter\linkResolver.cpp, line 826]
Event: 3.286 Thread 0x0000019cea207920 Exception <a 'java/lang/NoSuchMethodError'{0x000000008bfea938}: 'void java.lang.invoke.DirectMethodHandle$Holder.invokeStaticInit(java.lang.Object)'> (0x000000008bfea938) 
thrown [s\src\hotspot\share\interpreter\linkResolver.cpp, line 759]
Event: 3.311 Thread 0x0000019cea207920 Exception <a 'java/lang/NoSuchMethodError'{0x000000008bcfb658}: 'java.lang.Object java.lang.invoke.DirectMethodHandle$Holder.newInvokeSpecial(java.lang.Object, java.lang.Object, java.lang.Object, java.lang.Object, java.lang.Object, java.lang.Object, java.lang.Object, java.lang.Object)'> (0x000000008bcfb658) 
thrown [s\src\hotspot\share\interpreter\linkResolver.cpp, line 759]
Event: 3.312 Thread 0x0000019cea207920 Exception <a 'java/lang/NoSuchMethodError'{0x000000008b9005f8}: 'java.lang.Object java.lang.invoke.DirectMethodHandle$Holder.invokeSpecial(java.lang.Object, java.lang.Object, java.lang.Object, java.lang.Object, java.lang.Object, java.lang.Object, java.lang.Object, java.lang.Object, java.lang.Object)'> (0x000000008b9005f8) 
thrown [s\src\hotspot\share\interpreter\linkResolver.cpp, line 759]
Event: 3.312 Thread 0x0000019cea207920 Exception <a 'java/lang/NoSuchMethodError'{0x000000008b904f50}: 'java.lang.Object java.lang.invoke.Invokers$Holder.linkToTargetMethod(java.lang.Object, java.lang.Object, java.lang.Object, java.lang.Object, java.lang.Object, java.lang.Object, java.lang.Object, java.lang.Object)'> (0x000000008b904f50) 
thrown [s\src\hotspot\share\interpreter\linkResolver.cpp, line 759]
Event: 3.335 Thread 0x0000019cea20d960 Exception <a 'java/lang/NoSuchMethodError'{0x000000008b8c2680}: 'java.lang.Object java.lang.invoke.DirectMethodHandle$Holder.invokeSpecial(java.lang.Object, java.lang.Object, java.lang.Object, int, java.lang.Object)'> (0x000000008b8c2680) 
thrown [s\src\hotspot\share\interpreter\linkResolver.cpp, line 759]

VM Operations (20 events):
Event: 2.779 Executing VM operation: G1Concurrent done
Event: 2.830 Executing VM operation: G1Concurrent
Event: 2.830 Executing VM operation: G1Concurrent done
Event: 2.869 Executing VM operation: HandshakeAllThreads
Event: 2.869 Executing VM operation: HandshakeAllThreads done
Event: 2.908 Executing VM operation: HandshakeAllThreads
Event: 2.921 Executing VM operation: HandshakeAllThreads done
Event: 2.921 Executing VM operation: HandshakeAllThreads
Event: 2.922 Executing VM operation: HandshakeAllThreads done
Event: 2.994 Executing VM operation: HandshakeAllThreads
Event: 3.002 Executing VM operation: HandshakeAllThreads done
Event: 3.050 Executing VM operation: HandshakeAllThreads
Event: 3.062 Executing VM operation: HandshakeAllThreads done
Event: 3.315 Executing VM operation: HandshakeAllThreads
Event: 3.319 Executing VM operation: HandshakeAllThreads done
Event: 3.333 Executing VM operation: ICBufferFull
Event: 3.333 Executing VM operation: ICBufferFull done
Event: 3.339 Executing VM operation: G1CollectForAllocation
Event: 3.358 Executing VM operation: G1CollectForAllocation done
Event: 3.368 Executing VM operation: G1CollectForAllocation

Events (20 events):
Event: 3.298 loading class java/util/concurrent/ScheduledFuture
Event: 3.298 loading class java/util/concurrent/Delayed
Event: 3.298 loading class java/util/concurrent/Delayed done
Event: 3.298 loading class java/util/concurrent/ScheduledFuture done
Event: 3.299 loading class java/util/regex/Matcher$ImmutableMatchResult
Event: 3.299 loading class javax/naming/spi/ObjectFactory
Event: 3.299 loading class java/util/regex/Matcher$ImmutableMatchResult done
Event: 3.299 loading class javax/naming/spi/ObjectFactory done
Event: 3.315 loading class sun/misc/VM
Event: 3.315 loading class sun/misc/VM done
Event: 3.317 loading class java/util/concurrent/locks/AbstractQueuedSynchronizer$ConditionNode
Event: 3.317 loading class java/util/concurrent/locks/AbstractQueuedSynchronizer$ConditionNode done
Event: 3.324 loading class javax/xml/stream/XMLInputFactory
Event: 3.324 loading class javax/xml/stream/XMLInputFactory done
Event: 3.338 loading class javax/xml/stream/FactoryFinder
Event: 3.338 loading class javax/xml/stream/FactoryFinder done
Event: 3.338 loading class jdk/xml/internal/SecuritySupport
Event: 3.339 loading class jdk/xml/internal/SecuritySupport done
Event: 3.361 loading class javax/xml/stream/FactoryFinder$1
Event: 3.370 loading class javax/xml/stream/FactoryFinder$1 done


Dynamic libraries:
0x00007ff66fce0000 - 0x00007ff66fcee000 	C:\Users\Sanjay\eclipse\plugins\org.eclipse.justj.openjdk.hotspot.jre.full.win32.x86_64_17.0.7.v20230425-1502\jre\bin\java.EXE
0x00007ffb475d0000 - 0x00007ffb477c8000 	C:\WINDOWS\SYSTEM32\ntdll.dll
0x00007ffb47110000 - 0x00007ffb471d2000 	C:\WINDOWS\System32\KERNEL32.DLL
0x00007ffb44e40000 - 0x00007ffb4513f000 	C:\WINDOWS\System32\KERNELBASE.dll
0x00007ffb45140000 - 0x00007ffb45240000 	C:\WINDOWS\System32\ucrtbase.dll
0x00007ffb3bcb0000 - 0x00007ffb3bcc7000 	C:\Users\Sanjay\eclipse\plugins\org.eclipse.justj.openjdk.hotspot.jre.full.win32.x86_64_17.0.7.v20230425-1502\jre\bin\jli.dll
0x00007ffb3c740000 - 0x00007ffb3c759000 	C:\Users\Sanjay\eclipse\plugins\org.eclipse.justj.openjdk.hotspot.jre.full.win32.x86_64_17.0.7.v20230425-1502\jre\bin\VCRUNTIME140.dll
0x00007ffb473f0000 - 0x00007ffb4758d000 	C:\WINDOWS\System32\USER32.dll
0x00007ffb455c0000 - 0x00007ffb455e2000 	C:\WINDOWS\System32\win32u.dll
0x00007ffb45720000 - 0x00007ffb4574b000 	C:\WINDOWS\System32\GDI32.dll
0x00007ffb45290000 - 0x00007ffb453aa000 	C:\WINDOWS\System32\gdi32full.dll
0x00007ffb44d30000 - 0x00007ffb44dcd000 	C:\WINDOWS\System32\msvcp_win.dll
0x00007ffb2d7d0000 - 0x00007ffb2da6a000 	C:\WINDOWS\WinSxS\amd64_microsoft.windows.common-controls_6595b64144ccf1df_6.0.19041.4355_none_60b8b9eb71f62e16\COMCTL32.dll
0x00007ffb45be0000 - 0x00007ffb45c7e000 	C:\WINDOWS\System32\msvcrt.dll
0x00007ffb468b0000 - 0x00007ffb468df000 	C:\WINDOWS\System32\IMM32.DLL
0x0000000064a10000 - 0x0000000064a1c000 	C:\Program Files (x86)\360\Total Security\safemon\SafeWrapper.dll
0x00007ffb468e0000 - 0x00007ffb4698f000 	C:\WINDOWS\System32\ADVAPI32.dll
0x00007ffb46810000 - 0x00007ffb468af000 	C:\WINDOWS\System32\sechost.dll
0x00007ffb471e0000 - 0x00007ffb47303000 	C:\WINDOWS\System32\RPCRT4.dll
0x00007ffb44d00000 - 0x00007ffb44d27000 	C:\WINDOWS\System32\bcrypt.dll
0x00007ffac2900000 - 0x00007ffac29ac000 	C:\Program Files (x86)\360\Total Security\safemon\libzdtp64.dll
0x00007ffb45fd0000 - 0x00007ffb4673d000 	C:\WINDOWS\System32\SHELL32.dll
0x00007ffb46750000 - 0x00007ffb467a5000 	C:\WINDOWS\System32\SHLWAPI.dll
0x00007ffb44700000 - 0x00007ffb4470a000 	C:\WINDOWS\SYSTEM32\VERSION.dll
0x00007ffb3c730000 - 0x00007ffb3c73c000 	C:\Users\Sanjay\eclipse\plugins\org.eclipse.justj.openjdk.hotspot.jre.full.win32.x86_64_17.0.7.v20230425-1502\jre\bin\vcruntime140_1.dll
0x00007ffb18330000 - 0x00007ffb183c1000 	C:\Users\Sanjay\eclipse\plugins\org.eclipse.justj.openjdk.hotspot.jre.full.win32.x86_64_17.0.7.v20230425-1502\jre\bin\msvcp140.dll
0x00007ffaa7120000 - 0x00007ffaa7d68000 	C:\Users\Sanjay\eclipse\plugins\org.eclipse.justj.openjdk.hotspot.jre.full.win32.x86_64_17.0.7.v20230425-1502\jre\bin\server\jvm.dll
0x00007ffb2db80000 - 0x00007ffb2dba7000 	C:\WINDOWS\SYSTEM32\WINMM.dll
0x00007ffb2e190000 - 0x00007ffb2e199000 	C:\WINDOWS\SYSTEM32\WSOCK32.dll
0x00007ffb45ee0000 - 0x00007ffb45f4b000 	C:\WINDOWS\System32\WS2_32.dll
0x00007ffb43420000 - 0x00007ffb43432000 	C:\WINDOWS\SYSTEM32\kernel.appcore.dll
0x00007ffb3c630000 - 0x00007ffb3c63a000 	C:\Users\Sanjay\eclipse\plugins\org.eclipse.justj.openjdk.hotspot.jre.full.win32.x86_64_17.0.7.v20230425-1502\jre\bin\jimage.dll
0x00007ffb3f930000 - 0x00007ffb3fb14000 	C:\WINDOWS\SYSTEM32\DBGHELP.DLL
0x00007ffb25d20000 - 0x00007ffb25d54000 	C:\WINDOWS\SYSTEM32\dbgcore.DLL
0x00007ffb44c70000 - 0x00007ffb44cf2000 	C:\WINDOWS\System32\bcryptPrimitives.dll
0x00007ffb3bfa0000 - 0x00007ffb3bfae000 	C:\Users\Sanjay\eclipse\plugins\org.eclipse.justj.openjdk.hotspot.jre.full.win32.x86_64_17.0.7.v20230425-1502\jre\bin\instrument.dll
0x00007ffb1dd10000 - 0x00007ffb1dd35000 	C:\Users\Sanjay\eclipse\plugins\org.eclipse.justj.openjdk.hotspot.jre.full.win32.x86_64_17.0.7.v20230425-1502\jre\bin\java.dll
0x00007ffb3bb40000 - 0x00007ffb3bb58000 	C:\Users\Sanjay\eclipse\plugins\org.eclipse.justj.openjdk.hotspot.jre.full.win32.x86_64_17.0.7.v20230425-1502\jre\bin\zip.dll
0x00007ffb42c60000 - 0x00007ffb43404000 	C:\WINDOWS\SYSTEM32\windows.storage.dll
0x00007ffb45880000 - 0x00007ffb45bd5000 	C:\WINDOWS\System32\combase.dll
0x00007ffb44560000 - 0x00007ffb4458b000 	C:\WINDOWS\SYSTEM32\Wldp.dll
0x00007ffb45750000 - 0x00007ffb4581d000 	C:\WINDOWS\System32\OLEAUT32.dll
0x00007ffb45d10000 - 0x00007ffb45dbd000 	C:\WINDOWS\System32\SHCORE.dll
0x00007ffb44ba0000 - 0x00007ffb44bc5000 	C:\WINDOWS\SYSTEM32\profapi.dll
0x00007ffb21e70000 - 0x00007ffb21e89000 	C:\Users\Sanjay\eclipse\plugins\org.eclipse.justj.openjdk.hotspot.jre.full.win32.x86_64_17.0.7.v20230425-1502\jre\bin\net.dll
0x00007ffb2f880000 - 0x00007ffb2f98a000 	C:\WINDOWS\SYSTEM32\WINHTTP.dll
0x00007ffb442c0000 - 0x00007ffb4432c000 	C:\WINDOWS\system32\mswsock.dll
0x00007ffb21380000 - 0x00007ffb21395000 	C:\Users\Sanjay\eclipse\plugins\org.eclipse.justj.openjdk.hotspot.jre.full.win32.x86_64_17.0.7.v20230425-1502\jre\bin\nio.dll
0x00007ffb3b1f0000 - 0x00007ffb3b200000 	C:\Users\Sanjay\eclipse\plugins\org.eclipse.justj.openjdk.hotspot.jre.full.win32.x86_64_17.0.7.v20230425-1502\jre\bin\verify.dll
0x00007ffb2b380000 - 0x00007ffb2b389000 	C:\Users\Sanjay\eclipse\plugins\org.eclipse.justj.openjdk.hotspot.jre.full.win32.x86_64_17.0.7.v20230425-1502\jre\bin\management.dll
0x00007ffb27290000 - 0x00007ffb2729b000 	C:\Users\Sanjay\eclipse\plugins\org.eclipse.justj.openjdk.hotspot.jre.full.win32.x86_64_17.0.7.v20230425-1502\jre\bin\management_ext.dll
0x00007ffb45dc0000 - 0x00007ffb45dc8000 	C:\WINDOWS\System32\PSAPI.DLL

dbghelp: loaded successfully - version: 4.0.5 - missing functions: none
symbol engine: initialized successfully - sym options: 0x614 - pdb path: .;C:\Users\Sanjay\eclipse\plugins\org.eclipse.justj.openjdk.hotspot.jre.full.win32.x86_64_17.0.7.v20230425-1502\jre\bin;C:\WINDOWS\SYSTEM32;C:\WINDOWS\WinSxS\amd64_microsoft.windows.common-controls_6595b64144ccf1df_6.0.19041.4355_none_60b8b9eb71f62e16;C:\Program Files (x86)\360\Total Security\safemon;C:\Users\Sanjay\eclipse\plugins\org.eclipse.justj.openjdk.hotspot.jre.full.win32.x86_64_17.0.7.v20230425-1502\jre\bin\server

VM Arguments:
jvm_args: -Dquarkus-internal.serialized-app-model.path=D:\codifi\emloyee\target\quarkus\bootstrap\dev-app-model.dat -javaagent:C:\Users\Sanjay\.m2\repository\io\quarkus\quarkus-class-change-agent\2.16.6.Final\quarkus-class-change-agent-2.16.6.Final.jar -XX:TieredStopAtLevel=1 -Djava.util.logging.manager=org.jboss.logmanager.LogManager 
java_command: D:\codifi\emloyee\target\employee-dev.jar
java_class_path (initial): D:\codifi\emloyee\target\employee-dev.jar
Launcher Type: SUN_STANDARD

[Global flags]
     intx CICompilerCount                          = 3                                         {product} {ergonomic}
     uint ConcGCThreads                            = 1                                         {product} {ergonomic}
     uint G1ConcRefinementThreads                  = 4                                         {product} {ergonomic}
   size_t G1HeapRegionSize                         = 1048576                                   {product} {ergonomic}
    uintx GCDrainStackTargetSize                   = 64                                        {product} {ergonomic}
   size_t InitialHeapSize                          = 134217728                                 {product} {ergonomic}
   size_t MarkStackSize                            = 4194304                                   {product} {ergonomic}
   size_t MaxHeapSize                              = 2118123520                                {product} {ergonomic}
   size_t MaxNewSize                               = 1270874112                                {product} {ergonomic}
   size_t MinHeapDeltaBytes                        = 1048576                                   {product} {ergonomic}
   size_t MinHeapSize                              = 8388608                                   {product} {ergonomic}
    uintx NonProfiledCodeHeapSize                  = 0                                      {pd product} {ergonomic}
     bool ProfileInterpreter                       = false                                  {pd product} {command line}
    uintx ProfiledCodeHeapSize                     = 0                                      {pd product} {ergonomic}
   size_t SoftMaxHeapSize                          = 2118123520                             {manageable} {ergonomic}
     intx TieredStopAtLevel                        = 1                                         {product} {command line}
     bool UseCompressedClassPointers               = true                           {product lp64_product} {ergonomic}
     bool UseCompressedOops                        = true                           {product lp64_product} {ergonomic}
     bool UseG1GC                                  = true                                      {product} {ergonomic}
     bool UseLargePagesIndividualAllocation        = false                                  {pd product} {ergonomic}

Logging:
Log output configuration:
 #0: stdout all=warning uptime,level,tags
 #1: stderr all=off uptime,level,tags

Environment Variables:
JAVA_HOME=C:\Program Files\Java\jdk-17
PATH=C:/Users/Sanjay/eclipse//plugins/org.eclipse.justj.openjdk.hotspot.jre.full.win32.x86_64_17.0.7.v20230425-1502/jre/bin/server;C:/Users/Sanjay/eclipse//plugins/org.eclipse.justj.openjdk.hotspot.jre.full.win32.x86_64_17.0.7.v20230425-1502/jre/bin;C:\WINDOWS\system32;C:\WINDOWS;C:\WINDOWS\System32\Wbem;C:\WINDOWS\System32\WindowsPowerShell\v1.0\;C:\WINDOWS\System32\OpenSSH\;C:\Program Files\nodejs\;C:\Program Files\Git\cmd;C:\Program Files\Java\jdk-17;C:\Program Files\Apache\Maven\apache-maven-3.9.9\bin;C:\Users\Sanjay\AppData\Local\Programs\Python\Python312\Scripts\;C:\Users\Sanjay\AppData\Local\Programs\Python\Python312\;C:\Users\Sanjay\AppData\Local\Programs\Python\Launcher\;C:\Users\Sanjay\AppData\Local\Microsoft\WindowsApps;D:\vs code\Microsoft VS Code\bin;C:\Users\Sanjay\AppData\Roaming\npm;C:\Program Files\Java\jdk-17\bin;;C:\Users\Sanjay\eclipse;
USERNAME=Sanjay
OS=Windows_NT
PROCESSOR_IDENTIFIER=Intel64 Family 6 Model 78 Stepping 3, GenuineIntel
TMP=C:\Users\Sanjay\AppData\Local\Temp
TEMP=C:\Users\Sanjay\AppData\Local\Temp



---------------  S Y S T E M  ---------------

OS:
 Windows 10 , 64 bit Build 19041 (10.0.19041.5438)
OS uptime: 0 days 8:43 hours

CPU: total 4 (initial active 4) (2 cores per cpu, 2 threads per core) family 6 model 78 stepping 3 microcode 0xcc, cx8, cmov, fxsr, ht, mmx, 3dnowpref, sse, sse2, sse3, ssse3, sse4.1, sse4.2, popcnt, lzcnt, tsc, tscinvbit, avx, avx2, aes, erms, clmul, bmi1, bmi2, rtm, adx, fma, vzeroupper, clflush, clflushopt

Memory: 4k page, system-wide physical 8072M (495M free)
TotalPageFile size 22487M (AvailPageFile size 44M)
current process WorkingSet (physical memory assigned to process): 320M, peak: 320M
current process commit charge ("private bytes"): 410M, peak: 577M

vm_info: OpenJDK 64-Bit Server VM (17.0.7+7) for windows-amd64 JRE (17.0.7+7), built on Apr 18 2023 22:10:42 by "temurin" with MS VC++ 16.7 (VS2019)

END.
