#
# There is insufficient memory for the Java Runtime Environment to continue.
# Native memory allocation (mmap) failed to map 298844160 bytes for G1 virtual space
# Possible reasons:
#   The system is out of physical RAM or swap space
#   The process is running with CompressedOops enabled, and the Java Heap may be blocking the growth of the native heap
# Possible solutions:
#   Reduce memory load on the system
#   Increase physical memory or swap space
#   Check if swap backing store is full
#   Decrease Java heap size (-Xmx/-Xms)
#   Decrease number of Java threads
#   Decrease Java thread stack sizes (-Xss)
#   Set larger code cache with -XX:ReservedCodeCacheSize=
#   JVM is running with Unscaled Compressed Oops mode in which the Java heap is
#     placed in the first 4GB address space. The Java Heap base address is the
#     maximum limit for the native heap growth. Please use -XX:HeapBaseMinAddress
#     to set the Java Heap base and to place the Java Heap above 4GB virtual address.
# This output file may be truncated or incomplete.
#
#  Out of Memory Error (os_windows.cpp:3559), pid=4232, tid=42824
#
# JRE version: OpenJDK Runtime Environment Temurin-17.0.7+7 (17.0.7+7) (build 17.0.7+7)
# Java VM: OpenJDK 64-Bit Server VM Temurin-17.0.7+7 (17.0.7+7, mixed mode, emulated-client, tiered, compressed oops, compressed class ptrs, g1 gc, windows-amd64)
# No core dump will be written. Minidumps are not enabled by default on client versions of Windows
#

---------------  S U M M A R Y ------------

Command Line: -Dquarkus-internal.serialized-app-model.path=D:\codifi\emloyee\target\quarkus\bootstrap\dev-app-model.dat -javaagent:C:\Users\Sanjay\.m2\repository\io\quarkus\quarkus-class-change-agent\2.16.6.Final\quarkus-class-change-agent-2.16.6.Final.jar -XX:TieredStopAtLevel=1 -Djava.util.logging.manager=org.jboss.logmanager.LogManager D:\codifi\emloyee\target\employee-dev.jar

Host: Intel(R) Core(TM) i5-6300U CPU @ 2.40GHz, 4 cores, 7G,  Windows 10 , 64 bit Build 19041 (10.0.19041.5438)
Time: Wed Mar 26 17:58:35 2025 India Standard Time elapsed time: 4.775820 seconds (0d 0h 0m 4s)

---------------  T H R E A D  ---------------

Current thread (0x000001fc9ec567a0):  VMThread "VM Thread" [stack: 0x0000000786900000,0x0000000786a00000] [id=42824]

Stack: [0x0000000786900000,0x0000000786a00000]
Native frames: (J=compiled Java code, j=interpreted, Vv=VM code, C=native code)
V  [jvm.dll+0x67754a]
V  [jvm.dll+0x834304]
V  [jvm.dll+0x835aae]
V  [jvm.dll+0x836113]
V  [jvm.dll+0x24696f]
V  [jvm.dll+0x6743f9]
V  [jvm.dll+0x668c8a]
V  [jvm.dll+0x3061bb]
V  [jvm.dll+0x30d6a6]
V  [jvm.dll+0x35cece]
V  [jvm.dll+0x35d0ff]
V  [jvm.dll+0x2dd048]
V  [jvm.dll+0x2db20c]
V  [jvm.dll+0x2da7dc]
V  [jvm.dll+0x31e6db]
V  [jvm.dll+0x83a5bb]
V  [jvm.dll+0x83b2f4]
V  [jvm.dll+0x83b80c]
V  [jvm.dll+0x83bbe4]
V  [jvm.dll+0x83bcb0]
V  [jvm.dll+0x7e4e7a]
V  [jvm.dll+0x676395]
C  [ucrtbase.dll+0x21bb2]
C  [KERNEL32.DLL+0x17374]
C  [ntdll.dll+0x4cc91]

VM_Operation (0x000000078e2fd5b0): G1CollectForAllocation, mode: safepoint, requested by thread 0x000001fca5b18e90


---------------  P R O C E S S  ---------------

Threads class SMR info:
_java_thread_list=0x000001fca5e690f0, length=195, elements={
0x000001fc8f7a7a10, 0x000001fc9ec20390, 0x000001fc9ec23120, 0x000001fca301ce40,
0x000001fca301f9d0, 0x000001fca303fb90, 0x000001fca3040fc0, 0x000001fca30458f0,
0x000001fca30478d0, 0x000001fc9ebcc790, 0x000001fca317bd50, 0x000001fca367aec0,
0x000001fca4c7f0c0, 0x000001fca4cdfb70, 0x000001fca536ea70, 0x000001fca55e8840,
0x000001fca5856260, 0x000001fca53ae820, 0x000001fca59a0160, 0x000001fca59a1a10,
0x000001fca5a2c550, 0x000001fca5a2a3a0, 0x000001fca5a2ca20, 0x000001fca5a29060,
0x000001fca5a29530, 0x000001fca5a2bbb0, 0x000001fca5a2c080, 0x000001fca5a29ed0,
0x000001fca5a29a00, 0x000001fca5a2ad40, 0x000001fca5a2a870, 0x000001fca5a2b210,
0x000001fca5a2b6e0, 0x000001fca5a4ff90, 0x000001fca5a542f0, 0x000001fca5a53950,
0x000001fca5a4e2b0, 0x000001fca5a4d910, 0x000001fca5a50460, 0x000001fca5a53e20,
0x000001fca5a50930, 0x000001fca5a4dde0, 0x000001fca5a4f5f0, 0x000001fca5a4e780,
0x000001fca5a50e00, 0x000001fca5a4caa0, 0x000001fca5a4ec50, 0x000001fca5a4f120,
0x000001fca5a52ae0, 0x000001fca5a512d0, 0x000001fca5a4fac0, 0x000001fca5a4cf70,
0x000001fca5a4d440, 0x000001fca5a517a0, 0x000001fca5a51c70, 0x000001fca5a52140,
0x000001fca5a52610, 0x000001fca5a52fb0, 0x000001fca5a53480, 0x000001fca5a67020,
0x000001fca5a64e70, 0x000001fca5a63190, 0x000001fca5a674f0, 0x000001fca5a65ce0,
0x000001fca5a679c0, 0x000001fca5a65340, 0x000001fca5a649a0, 0x000001fca5a6a510,
0x000001fca5a67e90, 0x000001fca5a69b70, 0x000001fca5a65810, 0x000001fca5a63660,
0x000001fca5a68d00, 0x000001fca5a68830, 0x000001fca5a6a9e0, 0x000001fca5a691d0,
0x000001fca5a661b0, 0x000001fca5a66680, 0x000001fca5a63b30, 0x000001fca5a66b50,
0x000001fca5a68360, 0x000001fca5a64000, 0x000001fca5a696a0, 0x000001fca5a6a040,
0x000001fca5a644d0, 0x000001fca5aa9d90, 0x000001fca5aaa730, 0x000001fca5aa6d70,
0x000001fca5aaac00, 0x000001fca5aa80b0, 0x000001fca5aa7240, 0x000001fca5aaba70,
0x000001fca5aa7710, 0x000001fca5aa8580, 0x000001fca5aa93f0, 0x000001fca5aa4bc0,
0x000001fca5aa5560, 0x000001fca5aab0d0, 0x000001fca5aa98c0, 0x000001fca5aa4220,
0x000001fca5aaa260, 0x000001fca5aa5f00, 0x000001fca5aab5a0, 0x000001fca5aa46f0,
0x000001fca5aa7be0, 0x000001fca5aa5a30, 0x000001fca5aa5090, 0x000001fca5aa8a50,
0x000001fca5aa63d0, 0x000001fca5aa8f20, 0x000001fca5aa68a0, 0x000001fca5b1a1d0,
0x000001fca5b171b0, 0x000001fca5b189c0, 0x000001fca5b18e90, 0x000001fca5b16810,
0x000001fca5b16ce0, 0x000001fca5b17680, 0x000001fca5b17b50, 0x000001fca5b18020,
0x000001fca5b184f0, 0x000001fca5b19360, 0x000001fca5b19830, 0x000001fca5b19d00,
0x000001fca5b66910, 0x000001fca5b66de0, 0x000001fca5b65100, 0x000001fca5b6ac70,
0x000001fca5b685f0, 0x000001fca5b6a7a0, 0x000001fca5b6b140, 0x000001fca5b69460,
0x000001fca5b66440, 0x000001fca5b65aa0, 0x000001fca5b65f70, 0x000001fca5b67c50,
0x000001fca5b63dc0, 0x000001fca5b655d0, 0x000001fca5b64760, 0x000001fca5b6b610,
0x000001fca5b64290, 0x000001fca5b672b0, 0x000001fca5b6a2d0, 0x000001fca5b67780,
0x000001fca5b68120, 0x000001fca5b64c30, 0x000001fca5b69930, 0x000001fca5b68ac0,
0x000001fca5b68f90, 0x000001fca5b69e00, 0x000001fca5ba7450, 0x000001fca5ba0a70,
0x000001fca5ba3f60, 0x000001fca5ba3a90, 0x000001fca5ba18e0, 0x000001fca5ba5770,
0x000001fca5ba4900, 0x000001fca5ba1db0, 0x000001fca5ba7920, 0x000001fca5ba6f80,
0x000001fca5ba5c40, 0x000001fca5ba00d0, 0x000001fca5ba2750, 0x000001fca5ba4430,
0x000001fca5ba05a0, 0x000001fca5ba0f40, 0x000001fca5ba1410, 0x000001fca5ba52a0,
0x000001fca5ba6110, 0x000001fca5ba2c20, 0x000001fca5ba65e0, 0x000001fca5ba6ab0,
0x000001fca5ba2280, 0x000001fca5ba30f0, 0x000001fca5ba35c0, 0x000001fca5ba4dd0,
0x000001fca5be56b0, 0x000001fca5be3500, 0x000001fca5be9ee0, 0x000001fca5be5b80,
0x000001fca5be7390, 0x000001fca5be4840, 0x000001fca5be6ec0, 0x000001fca5be7860,
0x000001fca5be8200, 0x000001fca5be4d10, 0x000001fca5be51e0, 0x000001fca5be39d0,
0x000001fca5bea3b0, 0x000001fca5be6050, 0x000001fca5be7d30, 0x000001fca5be6520,
0x000001fca5be69f0, 0x000001fca5be86d0, 0x000001fca5be8ba0
}

Java Threads: ( => current thread )
  0x000001fc8f7a7a10 JavaThread "main" [_thread_blocked, id=43652, stack(0x0000000786300000,0x0000000786400000)]
  0x000001fc9ec20390 JavaThread "Reference Handler" daemon [_thread_blocked, id=11228, stack(0x0000000786a00000,0x0000000786b00000)]
  0x000001fc9ec23120 JavaThread "Finalizer" daemon [_thread_blocked, id=8952, stack(0x0000000786b00000,0x0000000786c00000)]
  0x000001fca301ce40 JavaThread "Signal Dispatcher" daemon [_thread_blocked, id=8048, stack(0x0000000786c00000,0x0000000786d00000)]
  0x000001fca301f9d0 JavaThread "Attach Listener" daemon [_thread_blocked, id=43688, stack(0x0000000786d00000,0x0000000786e00000)]
  0x000001fca303fb90 JavaThread "Service Thread" daemon [_thread_blocked, id=41064, stack(0x0000000786e00000,0x0000000786f00000)]
  0x000001fca3040fc0 JavaThread "Monitor Deflation Thread" daemon [_thread_blocked, id=44004, stack(0x0000000786f00000,0x0000000787000000)]
  0x000001fca30458f0 JavaThread "C1 CompilerThread0" daemon [_thread_blocked, id=2624, stack(0x0000000787000000,0x0000000787100000)]
  0x000001fca30478d0 JavaThread "Sweeper thread" daemon [_thread_blocked, id=43252, stack(0x0000000787100000,0x0000000787200000)]
  0x000001fc9ebcc790 JavaThread "Common-Cleaner" daemon [_thread_blocked, id=42356, stack(0x0000000787200000,0x0000000787300000)]
  0x000001fca317bd50 JavaThread "C1 CompilerThread1" daemon [_thread_blocked, id=43592, stack(0x0000000787300000,0x0000000787400000)]
  0x000001fca367aec0 JavaThread "Notification Thread" daemon [_thread_blocked, id=5716, stack(0x0000000787400000,0x0000000787500000)]
  0x000001fca4c7f0c0 JavaThread "Quarkus Devmode keep alive thread" [_thread_blocked, id=31864, stack(0x0000000787c00000,0x0000000787d00000)]
  0x000001fca4cdfb70 JavaThread "ForkJoinPool.commonPool-worker-1" daemon [_thread_blocked, id=5360, stack(0x0000000787d00000,0x0000000787e00000)]
  0x000001fca536ea70 JavaThread "build-1" [_thread_blocked, id=43780, stack(0x0000000787e00000,0x0000000787f00000)]
  0x000001fca55e8840 JavaThread "build-2" [_thread_blocked, id=43544, stack(0x0000000787f00000,0x0000000788000000)]
  0x000001fca5856260 JavaThread "build-3" [_thread_blocked, id=28856, stack(0x0000000788000000,0x0000000788100000)]
  0x000001fca53ae820 JavaThread "build-4" [_thread_blocked, id=40564, stack(0x0000000788100000,0x0000000788200000)]
  0x000001fca59a0160 JavaThread "build-5" [_thread_blocked, id=41316, stack(0x0000000788200000,0x0000000788300000)]
  0x000001fca59a1a10 JavaThread "build-6" [_thread_blocked, id=43232, stack(0x0000000788300000,0x0000000788400000)]
  0x000001fca5a2c550 JavaThread "build-7" [_thread_blocked, id=41848, stack(0x0000000788400000,0x0000000788500000)]
  0x000001fca5a2a3a0 JavaThread "build-8" [_thread_blocked, id=23408, stack(0x0000000788500000,0x0000000788600000)]
  0x000001fca5a2ca20 JavaThread "build-9" [_thread_blocked, id=8124, stack(0x0000000788600000,0x0000000788700000)]
  0x000001fca5a29060 JavaThread "build-10" [_thread_blocked, id=9672, stack(0x0000000788700000,0x0000000788800000)]
  0x000001fca5a29530 JavaThread "build-11" [_thread_blocked, id=3400, stack(0x0000000788800000,0x0000000788900000)]
  0x000001fca5a2bbb0 JavaThread "build-12" [_thread_blocked, id=43520, stack(0x0000000788900000,0x0000000788a00000)]
  0x000001fca5a2c080 JavaThread "build-13" [_thread_blocked, id=43720, stack(0x0000000788a00000,0x0000000788b00000)]
  0x000001fca5a29ed0 JavaThread "build-14" [_thread_blocked, id=42960, stack(0x0000000788b00000,0x0000000788c00000)]
  0x000001fca5a29a00 JavaThread "build-15" [_thread_blocked, id=42668, stack(0x0000000788c00000,0x0000000788d00000)]
  0x000001fca5a2ad40 JavaThread "build-16" [_thread_blocked, id=42228, stack(0x0000000788d00000,0x0000000788e00000)]
  0x000001fca5a2a870 JavaThread "build-17" [_thread_blocked, id=33544, stack(0x0000000788e00000,0x0000000788f00000)]
  0x000001fca5a2b210 JavaThread "build-18" [_thread_blocked, id=41404, stack(0x0000000788f00000,0x0000000789000000)]
  0x000001fca5a2b6e0 JavaThread "build-19" [_thread_blocked, id=37124, stack(0x0000000789000000,0x0000000789100000)]
  0x000001fca5a4ff90 JavaThread "build-20" [_thread_blocked, id=44012, stack(0x0000000789100000,0x0000000789200000)]
  0x000001fca5a542f0 JavaThread "build-21" [_thread_blocked, id=41188, stack(0x0000000789200000,0x0000000789300000)]
  0x000001fca5a53950 JavaThread "build-22" [_thread_blocked, id=42608, stack(0x0000000789300000,0x0000000789400000)]
  0x000001fca5a4e2b0 JavaThread "build-23" [_thread_blocked, id=40076, stack(0x0000000789400000,0x0000000789500000)]
  0x000001fca5a4d910 JavaThread "build-24" [_thread_blocked, id=10640, stack(0x0000000789500000,0x0000000789600000)]
  0x000001fca5a50460 JavaThread "build-25" [_thread_blocked, id=41972, stack(0x0000000789600000,0x0000000789700000)]
  0x000001fca5a53e20 JavaThread "build-26" [_thread_blocked, id=43320, stack(0x0000000789700000,0x0000000789800000)]
  0x000001fca5a50930 JavaThread "build-27" [_thread_blocked, id=36408, stack(0x0000000789800000,0x0000000789900000)]
  0x000001fca5a4dde0 JavaThread "build-28" [_thread_blocked, id=43072, stack(0x0000000789900000,0x0000000789a00000)]
  0x000001fca5a4f5f0 JavaThread "build-29" [_thread_blocked, id=40560, stack(0x0000000789a00000,0x0000000789b00000)]
  0x000001fca5a4e780 JavaThread "build-30" [_thread_blocked, id=43864, stack(0x0000000789b00000,0x0000000789c00000)]
  0x000001fca5a50e00 JavaThread "build-31" [_thread_blocked, id=43292, stack(0x0000000789c00000,0x0000000789d00000)]
  0x000001fca5a4caa0 JavaThread "build-32" [_thread_blocked, id=43668, stack(0x0000000789d00000,0x0000000789e00000)]
  0x000001fca5a4ec50 JavaThread "build-33" [_thread_blocked, id=43108, stack(0x0000000789e00000,0x0000000789f00000)]
  0x000001fca5a4f120 JavaThread "build-34" [_thread_blocked, id=43236, stack(0x0000000789f00000,0x000000078a000000)]
  0x000001fca5a52ae0 JavaThread "build-35" [_thread_blocked, id=43228, stack(0x000000078a000000,0x000000078a100000)]
  0x000001fca5a512d0 JavaThread "build-36" [_thread_blocked, id=43140, stack(0x000000078a100000,0x000000078a200000)]
  0x000001fca5a4fac0 JavaThread "build-37" [_thread_blocked, id=43148, stack(0x000000078a200000,0x000000078a300000)]
  0x000001fca5a4cf70 JavaThread "build-38" [_thread_blocked, id=43316, stack(0x000000078a300000,0x000000078a400000)]
  0x000001fca5a4d440 JavaThread "build-39" [_thread_blocked, id=40724, stack(0x000000078a400000,0x000000078a500000)]
  0x000001fca5a517a0 JavaThread "build-40" [_thread_blocked, id=43428, stack(0x000000078a500000,0x000000078a600000)]
  0x000001fca5a51c70 JavaThread "build-41" [_thread_blocked, id=8352, stack(0x000000078a600000,0x000000078a700000)]
  0x000001fca5a52140 JavaThread "build-42" [_thread_blocked, id=14172, stack(0x000000078a700000,0x000000078a800000)]
  0x000001fca5a52610 JavaThread "build-43" [_thread_blocked, id=37080, stack(0x000000078a800000,0x000000078a900000)]
  0x000001fca5a52fb0 JavaThread "build-44" [_thread_blocked, id=44036, stack(0x000000078a900000,0x000000078aa00000)]
  0x000001fca5a53480 JavaThread "build-45" [_thread_blocked, id=44040, stack(0x000000078aa00000,0x000000078ab00000)]
  0x000001fca5a67020 JavaThread "build-46" [_thread_blocked, id=44044, stack(0x000000078ab00000,0x000000078ac00000)]
  0x000001fca5a64e70 JavaThread "build-47" [_thread_blocked, id=44048, stack(0x000000078ac00000,0x000000078ad00000)]
  0x000001fca5a63190 JavaThread "build-48" [_thread_blocked, id=44052, stack(0x000000078ad00000,0x000000078ae00000)]
  0x000001fca5a674f0 JavaThread "build-49" [_thread_blocked, id=44056, stack(0x000000078ae00000,0x000000078af00000)]
  0x000001fca5a65ce0 JavaThread "build-50" [_thread_blocked, id=44060, stack(0x000000078af00000,0x000000078b000000)]
  0x000001fca5a679c0 JavaThread "build-51" [_thread_blocked, id=44064, stack(0x000000078b000000,0x000000078b100000)]
  0x000001fca5a65340 JavaThread "build-52" [_thread_blocked, id=44068, stack(0x000000078b100000,0x000000078b200000)]
  0x000001fca5a649a0 JavaThread "build-53" [_thread_blocked, id=44072, stack(0x000000078b200000,0x000000078b300000)]
  0x000001fca5a6a510 JavaThread "build-54" [_thread_blocked, id=44076, stack(0x000000078b300000,0x000000078b400000)]
  0x000001fca5a67e90 JavaThread "build-55" [_thread_blocked, id=44080, stack(0x000000078b400000,0x000000078b500000)]
  0x000001fca5a69b70 JavaThread "build-56" [_thread_blocked, id=44084, stack(0x000000078b500000,0x000000078b600000)]
  0x000001fca5a65810 JavaThread "build-57" [_thread_blocked, id=44088, stack(0x000000078b600000,0x000000078b700000)]
  0x000001fca5a63660 JavaThread "build-58" [_thread_blocked, id=44092, stack(0x000000078b700000,0x000000078b800000)]
  0x000001fca5a68d00 JavaThread "build-59" [_thread_blocked, id=44096, stack(0x000000078b800000,0x000000078b900000)]
  0x000001fca5a68830 JavaThread "build-60" [_thread_blocked, id=44100, stack(0x000000078b900000,0x000000078ba00000)]
  0x000001fca5a6a9e0 JavaThread "build-61" [_thread_blocked, id=44104, stack(0x000000078ba00000,0x000000078bb00000)]
  0x000001fca5a691d0 JavaThread "build-62" [_thread_blocked, id=44108, stack(0x000000078bb00000,0x000000078bc00000)]
  0x000001fca5a661b0 JavaThread "build-63" [_thread_blocked, id=44112, stack(0x000000078bc00000,0x000000078bd00000)]
  0x000001fca5a66680 JavaThread "build-64" [_thread_blocked, id=44116, stack(0x000000078bd00000,0x000000078be00000)]
  0x000001fca5a63b30 JavaThread "build-65" [_thread_blocked, id=44120, stack(0x000000078be00000,0x000000078bf00000)]
  0x000001fca5a66b50 JavaThread "build-66" [_thread_blocked, id=44124, stack(0x000000078bf00000,0x000000078c000000)]
  0x000001fca5a68360 JavaThread "build-67" [_thread_blocked, id=44128, stack(0x000000078c000000,0x000000078c100000)]
  0x000001fca5a64000 JavaThread "build-68" [_thread_blocked, id=44132, stack(0x000000078c100000,0x000000078c200000)]
  0x000001fca5a696a0 JavaThread "build-69" [_thread_blocked, id=44136, stack(0x000000078c200000,0x000000078c300000)]
  0x000001fca5a6a040 JavaThread "build-70" [_thread_blocked, id=44140, stack(0x000000078c300000,0x000000078c400000)]
  0x000001fca5a644d0 JavaThread "build-71" [_thread_blocked, id=44144, stack(0x000000078c400000,0x000000078c500000)]
  0x000001fca5aa9d90 JavaThread "build-72" [_thread_blocked, id=44148, stack(0x000000078c500000,0x000000078c600000)]
  0x000001fca5aaa730 JavaThread "build-73" [_thread_blocked, id=44152, stack(0x000000078c600000,0x000000078c700000)]
  0x000001fca5aa6d70 JavaThread "build-74" [_thread_blocked, id=44156, stack(0x000000078c700000,0x000000078c800000)]
  0x000001fca5aaac00 JavaThread "build-75" [_thread_blocked, id=44160, stack(0x000000078c800000,0x000000078c900000)]
  0x000001fca5aa80b0 JavaThread "build-76" [_thread_blocked, id=44164, stack(0x000000078c900000,0x000000078ca00000)]
  0x000001fca5aa7240 JavaThread "build-77" [_thread_blocked, id=44168, stack(0x000000078ca00000,0x000000078cb00000)]
  0x000001fca5aaba70 JavaThread "build-78" [_thread_blocked, id=44172, stack(0x000000078cb00000,0x000000078cc00000)]
  0x000001fca5aa7710 JavaThread "build-79" [_thread_blocked, id=44176, stack(0x000000078cc00000,0x000000078cd00000)]
  0x000001fca5aa8580 JavaThread "build-80" [_thread_blocked, id=44180, stack(0x000000078cd00000,0x000000078ce00000)]
  0x000001fca5aa93f0 JavaThread "build-81" [_thread_blocked, id=44184, stack(0x000000078ce00000,0x000000078cf00000)]
  0x000001fca5aa4bc0 JavaThread "build-82" [_thread_blocked, id=44188, stack(0x000000078cf00000,0x000000078d000000)]
  0x000001fca5aa5560 JavaThread "build-83" [_thread_blocked, id=44192, stack(0x000000078d000000,0x000000078d100000)]
  0x000001fca5aab0d0 JavaThread "build-84" [_thread_blocked, id=44196, stack(0x000000078d100000,0x000000078d200000)]
  0x000001fca5aa98c0 JavaThread "build-85" [_thread_blocked, id=44200, stack(0x000000078d200000,0x000000078d300000)]
  0x000001fca5aa4220 JavaThread "build-86" [_thread_blocked, id=44204, stack(0x000000078d300000,0x000000078d400000)]
  0x000001fca5aaa260 JavaThread "build-87" [_thread_blocked, id=44208, stack(0x000000078d400000,0x000000078d500000)]
  0x000001fca5aa5f00 JavaThread "build-88" [_thread_blocked, id=44212, stack(0x000000078d500000,0x000000078d600000)]
  0x000001fca5aab5a0 JavaThread "build-89" [_thread_blocked, id=44216, stack(0x000000078d600000,0x000000078d700000)]
  0x000001fca5aa46f0 JavaThread "build-90" [_thread_blocked, id=44220, stack(0x000000078d700000,0x000000078d800000)]
  0x000001fca5aa7be0 JavaThread "build-91" [_thread_blocked, id=44224, stack(0x000000078d800000,0x000000078d900000)]
  0x000001fca5aa5a30 JavaThread "build-92" [_thread_blocked, id=44228, stack(0x000000078d900000,0x000000078da00000)]
  0x000001fca5aa5090 JavaThread "build-93" [_thread_blocked, id=44232, stack(0x000000078da00000,0x000000078db00000)]
  0x000001fca5aa8a50 JavaThread "build-94" [_thread_blocked, id=44236, stack(0x000000078db00000,0x000000078dc00000)]
  0x000001fca5aa63d0 JavaThread "build-95" [_thread_blocked, id=44240, stack(0x000000078dc00000,0x000000078dd00000)]
  0x000001fca5aa8f20 JavaThread "build-96" [_thread_blocked, id=44244, stack(0x000000078dd00000,0x000000078de00000)]
  0x000001fca5aa68a0 JavaThread "build-97" [_thread_blocked, id=44248, stack(0x000000078de00000,0x000000078df00000)]
  0x000001fca5b1a1d0 JavaThread "build-98" [_thread_blocked, id=44252, stack(0x000000078df00000,0x000000078e000000)]
  0x000001fca5b171b0 JavaThread "build-99" [_thread_blocked, id=44256, stack(0x000000078e000000,0x000000078e100000)]
  0x000001fca5b189c0 JavaThread "build-100" [_thread_blocked, id=44260, stack(0x000000078e100000,0x000000078e200000)]
  0x000001fca5b18e90 JavaThread "build-101" [_thread_blocked, id=44264, stack(0x000000078e200000,0x000000078e300000)]
  0x000001fca5b16810 JavaThread "build-102" [_thread_blocked, id=44268, stack(0x000000078e300000,0x000000078e400000)]
  0x000001fca5b16ce0 JavaThread "build-103" [_thread_blocked, id=44272, stack(0x000000078e400000,0x000000078e500000)]
  0x000001fca5b17680 JavaThread "build-104" [_thread_blocked, id=44276, stack(0x000000078e500000,0x000000078e600000)]
  0x000001fca5b17b50 JavaThread "build-105" [_thread_blocked, id=44280, stack(0x000000078e600000,0x000000078e700000)]
  0x000001fca5b18020 JavaThread "build-106" [_thread_blocked, id=44284, stack(0x000000078e700000,0x000000078e800000)]
  0x000001fca5b184f0 JavaThread "build-107" [_thread_blocked, id=44288, stack(0x000000078e800000,0x000000078e900000)]
  0x000001fca5b19360 JavaThread "build-108" [_thread_blocked, id=44292, stack(0x000000078e900000,0x000000078ea00000)]
  0x000001fca5b19830 JavaThread "build-109" [_thread_blocked, id=44296, stack(0x000000078ea00000,0x000000078eb00000)]
  0x000001fca5b19d00 JavaThread "build-110" [_thread_blocked, id=44300, stack(0x000000078eb00000,0x000000078ec00000)]
  0x000001fca5b66910 JavaThread "build-111" [_thread_blocked, id=44304, stack(0x000000078ec00000,0x000000078ed00000)]
  0x000001fca5b66de0 JavaThread "build-112" [_thread_blocked, id=44308, stack(0x000000078ed00000,0x000000078ee00000)]
  0x000001fca5b65100 JavaThread "build-113" [_thread_blocked, id=44312, stack(0x000000078ee00000,0x000000078ef00000)]
  0x000001fca5b6ac70 JavaThread "build-114" [_thread_blocked, id=44316, stack(0x000000078ef00000,0x000000078f000000)]
  0x000001fca5b685f0 JavaThread "build-115" [_thread_blocked, id=44320, stack(0x000000078f000000,0x000000078f100000)]
  0x000001fca5b6a7a0 JavaThread "build-116" [_thread_blocked, id=44324, stack(0x000000078f100000,0x000000078f200000)]
  0x000001fca5b6b140 JavaThread "build-117" [_thread_blocked, id=44328, stack(0x000000078f200000,0x000000078f300000)]
  0x000001fca5b69460 JavaThread "build-118" [_thread_blocked, id=44332, stack(0x000000078f300000,0x000000078f400000)]
  0x000001fca5b66440 JavaThread "build-119" [_thread_blocked, id=44336, stack(0x000000078f400000,0x000000078f500000)]
  0x000001fca5b65aa0 JavaThread "build-120" [_thread_blocked, id=44340, stack(0x000000078f500000,0x000000078f600000)]
  0x000001fca5b65f70 JavaThread "build-121" [_thread_blocked, id=44344, stack(0x000000078f600000,0x000000078f700000)]
  0x000001fca5b67c50 JavaThread "build-122" [_thread_blocked, id=44348, stack(0x000000078f700000,0x000000078f800000)]
  0x000001fca5b63dc0 JavaThread "build-123" [_thread_blocked, id=44352, stack(0x000000078f800000,0x000000078f900000)]
  0x000001fca5b655d0 JavaThread "build-124" [_thread_blocked, id=44356, stack(0x000000078f900000,0x000000078fa00000)]
  0x000001fca5b64760 JavaThread "build-125" [_thread_blocked, id=44360, stack(0x000000078fa00000,0x000000078fb00000)]
  0x000001fca5b6b610 JavaThread "build-126" [_thread_blocked, id=44364, stack(0x000000078fb00000,0x000000078fc00000)]
  0x000001fca5b64290 JavaThread "build-127" [_thread_blocked, id=44368, stack(0x000000078fc00000,0x000000078fd00000)]
  0x000001fca5b672b0 JavaThread "build-128" [_thread_blocked, id=44372, stack(0x000000078fd00000,0x000000078fe00000)]
  0x000001fca5b6a2d0 JavaThread "build-129" [_thread_blocked, id=44376, stack(0x000000078fe00000,0x000000078ff00000)]
  0x000001fca5b67780 JavaThread "build-130" [_thread_blocked, id=44380, stack(0x000000078ff00000,0x0000000790000000)]
  0x000001fca5b68120 JavaThread "build-131" [_thread_blocked, id=44384, stack(0x0000000790000000,0x0000000790100000)]
  0x000001fca5b64c30 JavaThread "build-132" [_thread_blocked, id=44388, stack(0x0000000790100000,0x0000000790200000)]
  0x000001fca5b69930 JavaThread "build-133" [_thread_blocked, id=44392, stack(0x0000000790200000,0x0000000790300000)]
  0x000001fca5b68ac0 JavaThread "build-134" [_thread_blocked, id=44396, stack(0x0000000790300000,0x0000000790400000)]
  0x000001fca5b68f90 JavaThread "build-135" [_thread_blocked, id=44400, stack(0x0000000790400000,0x0000000790500000)]
  0x000001fca5b69e00 JavaThread "build-136" [_thread_blocked, id=44404, stack(0x0000000790500000,0x0000000790600000)]
  0x000001fca5ba7450 JavaThread "build-137" [_thread_blocked, id=44408, stack(0x0000000790600000,0x0000000790700000)]
  0x000001fca5ba0a70 JavaThread "build-138" [_thread_blocked, id=44412, stack(0x0000000790700000,0x0000000790800000)]
  0x000001fca5ba3f60 JavaThread "build-139" [_thread_blocked, id=44416, stack(0x0000000790800000,0x0000000790900000)]
  0x000001fca5ba3a90 JavaThread "build-140" [_thread_blocked, id=44420, stack(0x0000000790900000,0x0000000790a00000)]
  0x000001fca5ba18e0 JavaThread "build-141" [_thread_blocked, id=44424, stack(0x0000000790a00000,0x0000000790b00000)]
  0x000001fca5ba5770 JavaThread "build-142" [_thread_blocked, id=44428, stack(0x0000000790b00000,0x0000000790c00000)]
  0x000001fca5ba4900 JavaThread "build-143" [_thread_blocked, id=44432, stack(0x0000000790c00000,0x0000000790d00000)]
  0x000001fca5ba1db0 JavaThread "build-144" [_thread_blocked, id=44436, stack(0x0000000790d00000,0x0000000790e00000)]
  0x000001fca5ba7920 JavaThread "build-145" [_thread_blocked, id=44440, stack(0x0000000790e00000,0x0000000790f00000)]
  0x000001fca5ba6f80 JavaThread "build-146" [_thread_blocked, id=44444, stack(0x0000000790f00000,0x0000000791000000)]
  0x000001fca5ba5c40 JavaThread "build-147" [_thread_blocked, id=44448, stack(0x0000000791000000,0x0000000791100000)]
  0x000001fca5ba00d0 JavaThread "build-148" [_thread_blocked, id=44452, stack(0x0000000791100000,0x0000000791200000)]
  0x000001fca5ba2750 JavaThread "build-149" [_thread_blocked, id=44456, stack(0x0000000791200000,0x0000000791300000)]
  0x000001fca5ba4430 JavaThread "build-150" [_thread_blocked, id=44460, stack(0x0000000791300000,0x0000000791400000)]
  0x000001fca5ba05a0 JavaThread "build-151" [_thread_blocked, id=44464, stack(0x0000000791400000,0x0000000791500000)]
  0x000001fca5ba0f40 JavaThread "build-152" [_thread_blocked, id=44468, stack(0x0000000791500000,0x0000000791600000)]
  0x000001fca5ba1410 JavaThread "build-153" [_thread_blocked, id=44472, stack(0x0000000791600000,0x0000000791700000)]
  0x000001fca5ba52a0 JavaThread "build-154" [_thread_blocked, id=44476, stack(0x0000000791700000,0x0000000791800000)]
  0x000001fca5ba6110 JavaThread "build-155" [_thread_blocked, id=44480, stack(0x0000000791800000,0x0000000791900000)]
  0x000001fca5ba2c20 JavaThread "build-156" [_thread_blocked, id=44484, stack(0x0000000791900000,0x0000000791a00000)]
  0x000001fca5ba65e0 JavaThread "build-157" [_thread_blocked, id=44488, stack(0x0000000791a00000,0x0000000791b00000)]
  0x000001fca5ba6ab0 JavaThread "build-158" [_thread_blocked, id=44492, stack(0x0000000791b00000,0x0000000791c00000)]
  0x000001fca5ba2280 JavaThread "build-159" [_thread_blocked, id=44496, stack(0x0000000791c00000,0x0000000791d00000)]
  0x000001fca5ba30f0 JavaThread "build-160" [_thread_blocked, id=44500, stack(0x0000000791d00000,0x0000000791e00000)]
  0x000001fca5ba35c0 JavaThread "build-161" [_thread_blocked, id=44504, stack(0x0000000791e00000,0x0000000791f00000)]
  0x000001fca5ba4dd0 JavaThread "build-162" [_thread_blocked, id=44508, stack(0x0000000791f00000,0x0000000792000000)]
  0x000001fca5be56b0 JavaThread "build-163" [_thread_blocked, id=44512, stack(0x0000000792000000,0x0000000792100000)]
  0x000001fca5be3500 JavaThread "build-164" [_thread_blocked, id=44516, stack(0x0000000792100000,0x0000000792200000)]
  0x000001fca5be9ee0 JavaThread "build-165" [_thread_blocked, id=44520, stack(0x0000000792200000,0x0000000792300000)]
  0x000001fca5be5b80 JavaThread "build-166" [_thread_blocked, id=44524, stack(0x0000000792300000,0x0000000792400000)]
  0x000001fca5be7390 JavaThread "build-167" [_thread_blocked, id=44528, stack(0x0000000792400000,0x0000000792500000)]
  0x000001fca5be4840 JavaThread "build-168" [_thread_blocked, id=44532, stack(0x0000000792500000,0x0000000792600000)]
  0x000001fca5be6ec0 JavaThread "build-169" [_thread_blocked, id=44536, stack(0x0000000792600000,0x0000000792700000)]
  0x000001fca5be7860 JavaThread "build-170" [_thread_blocked, id=44540, stack(0x0000000792700000,0x0000000792800000)]
  0x000001fca5be8200 JavaThread "build-171" [_thread_blocked, id=44544, stack(0x0000000792800000,0x0000000792900000)]
  0x000001fca5be4d10 JavaThread "build-172" [_thread_blocked, id=44548, stack(0x0000000792900000,0x0000000792a00000)]
  0x000001fca5be51e0 JavaThread "build-173" [_thread_blocked, id=44552, stack(0x0000000792a00000,0x0000000792b00000)]
  0x000001fca5be39d0 JavaThread "build-174" [_thread_blocked, id=44556, stack(0x0000000792b00000,0x0000000792c00000)]
  0x000001fca5bea3b0 JavaThread "build-175" [_thread_blocked, id=44560, stack(0x0000000792c00000,0x0000000792d00000)]
  0x000001fca5be6050 JavaThread "build-176" [_thread_blocked, id=44564, stack(0x0000000792d00000,0x0000000792e00000)]
  0x000001fca5be7d30 JavaThread "build-177" [_thread_blocked, id=44568, stack(0x0000000792e00000,0x0000000792f00000)]
  0x000001fca5be6520 JavaThread "mysql-cj-abandoned-connection-cleanup" daemon [_thread_blocked, id=44572, stack(0x0000000792f00000,0x0000000793000000)]
  0x000001fca5be69f0 JavaThread "org.aesh.readline.terminal.impl.WinExternalTerminal@15b76ea8 input pump thread" daemon [_thread_in_native, id=44580, stack(0x0000000793000000,0x0000000793100000)]
  0x000001fca5be86d0 JavaThread "Aesh InputStream Reader" daemon [_thread_blocked, id=44588, stack(0x0000000793100000,0x0000000793200000)]
  0x000001fca5be8ba0 JavaThread "Quarkus Terminal Reader" daemon [_thread_blocked, id=44592, stack(0x0000000793200000,0x0000000793300000)]

Other Threads:
=>0x000001fc9ec567a0 VMThread "VM Thread" [stack: 0x0000000786900000,0x0000000786a00000] [id=42824]
  0x000001fca367b390 WatcherThread [stack: 0x0000000787500000,0x0000000787600000] [id=17376]
  0x000001fc8f7fe130 GCTaskThread "GC Thread#0" [stack: 0x0000000786400000,0x0000000786500000] [id=39940]
  0x000001fca3919800 GCTaskThread "GC Thread#1" [stack: 0x0000000787600000,0x0000000787700000] [id=41704]
  0x000001fca3919ab0 GCTaskThread "GC Thread#2" [stack: 0x0000000787700000,0x0000000787800000] [id=9760]
  0x000001fca391b5c0 GCTaskThread "GC Thread#3" [stack: 0x0000000787800000,0x0000000787900000] [id=37292]
  0x000001fc8f80fc10 ConcurrentGCThread "G1 Main Marker" [stack: 0x0000000786500000,0x0000000786600000] [id=12480]
  0x000001fc8f810530 ConcurrentGCThread "G1 Conc#0" [stack: 0x0000000786600000,0x0000000786700000] [id=41896]
  0x000001fc8f84e7e0 ConcurrentGCThread "G1 Refine#0" [stack: 0x0000000786700000,0x0000000786800000] [id=42836]
  0x000001fca3ac2a90 ConcurrentGCThread "G1 Refine#1" [stack: 0x0000000787900000,0x0000000787a00000] [id=43012]
  0x000001fca3f59b70 ConcurrentGCThread "G1 Refine#2" [stack: 0x0000000787a00000,0x0000000787b00000] [id=5420]
  0x000001fca3a655e0 ConcurrentGCThread "G1 Refine#3" [stack: 0x0000000787b00000,0x0000000787c00000] [id=43848]
  0x000001fc9ea9a060 ConcurrentGCThread "G1 Service" [stack: 0x0000000786800000,0x0000000786900000] [id=3140]

Threads with active compile tasks:
C1 CompilerThread0     4857 3995   !   1       io.quarkus.bootstrap.classloading.QuarkusClassLoader::getResourceAsStream (274 bytes)

VM state: at safepoint (normal execution)

VM Mutex/Monitor currently owned by a thread:  ([mutex/lock_event])
[0x000001fc8f7a34a0] Threads_lock - owner thread: 0x000001fc9ec567a0
[0x000001fc8f7a3b60] Heap_lock - owner thread: 0x000001fca5b18e90

Heap address: 0x0000000081c00000, size: 2020 MB, Compressed Oops mode: 32-bit

CDS archive(s) not mapped
Compressed class space mapped at: 0x0000000100000000-0x0000000140000000, reserved size: 1073741824
Narrow klass base: 0x0000000000000000, Narrow klass shift: 3, Narrow klass range: 0x140000000

GC Precious Log:
 CPUs: 4 total, 4 available
 Memory: 8072M
 Large Page Support: Disabled
 NUMA Support: Disabled
 Compressed Oops: Enabled (32-bit)
 Heap Region Size: 1M
 Heap Min Capacity: 8M
 Heap Initial Capacity: 128M
 Heap Max Capacity: 2020M
 Pre-touch: Disabled
 Parallel Workers: 4
 Concurrent Workers: 1
 Concurrent Refinement Workers: 4
 Periodic GC: Disabled

Heap:
 garbage-first heap   total 248832K, used 87957K [0x0000000081c00000, 0x0000000100000000)
  region size 1024K, 7 young (7168K), 7 survivors (7168K)
 Metaspace       used 33768K, committed 34176K, reserved 1114112K
  class space    used 4155K, committed 4352K, reserved 1048576K

Heap Regions: E=young(eden), S=young(survivor), O=old, HS=humongous(starts), HC=humongous(continues), CS=collection set, F=free, OA=open archive, CA=closed archive, TAMS=top-at-mark-start (previous, next)
|   0|0x0000000081c00000, 0x0000000081d00000, 0x0000000081d00000|100%| O|  |TAMS 0x0000000081d00000, 0x0000000081d00000| Untracked 
|   1|0x0000000081d00000, 0x0000000081e00000, 0x0000000081e00000|100%| O|  |TAMS 0x0000000081e00000, 0x0000000081e00000| Untracked 
|   2|0x0000000081e00000, 0x0000000081f00000, 0x0000000081f00000|100%| O|  |TAMS 0x0000000081f00000, 0x0000000081f00000| Untracked 
|   3|0x0000000081f00000, 0x0000000082000000, 0x0000000082000000|100%|HS|  |TAMS 0x0000000082000000, 0x0000000082000000| Complete 
|   4|0x0000000082000000, 0x0000000082100000, 0x0000000082100000|100%|HS|  |TAMS 0x0000000082100000, 0x0000000082100000| Complete 
|   5|0x0000000082100000, 0x0000000082200000, 0x0000000082200000|100%| O|  |TAMS 0x0000000082200000, 0x0000000082200000| Untracked 
|   6|0x0000000082200000, 0x0000000082300000, 0x0000000082300000|100%| O|  |TAMS 0x0000000082300000, 0x0000000082300000| Untracked 
|   7|0x0000000082300000, 0x0000000082400000, 0x0000000082400000|100%| O|  |TAMS 0x0000000082400000, 0x0000000082400000| Untracked 
|   8|0x0000000082400000, 0x0000000082500000, 0x0000000082500000|100%| O|  |TAMS 0x0000000082500000, 0x0000000082500000| Untracked 
|   9|0x0000000082500000, 0x0000000082600000, 0x0000000082600000|100%| O|  |TAMS 0x0000000082600000, 0x0000000082600000| Untracked 
|  10|0x0000000082600000, 0x0000000082700000, 0x0000000082700000|100%| O|  |TAMS 0x0000000082700000, 0x0000000082700000| Untracked 
|  11|0x0000000082700000, 0x0000000082800000, 0x0000000082800000|100%| O|  |TAMS 0x0000000082800000, 0x0000000082800000| Untracked 
|  12|0x0000000082800000, 0x0000000082900000, 0x0000000082900000|100%| O|  |TAMS 0x0000000082900000, 0x0000000082900000| Untracked 
|  13|0x0000000082900000, 0x0000000082a00000, 0x0000000082a00000|100%| O|  |TAMS 0x0000000082a00000, 0x0000000082a00000| Untracked 
|  14|0x0000000082a00000, 0x0000000082b00000, 0x0000000082b00000|100%|HS|  |TAMS 0x0000000082b00000, 0x0000000082b00000| Complete 
|  15|0x0000000082b00000, 0x0000000082c00000, 0x0000000082c00000|100%|HC|  |TAMS 0x0000000082c00000, 0x0000000082c00000| Complete 
|  16|0x0000000082c00000, 0x0000000082d00000, 0x0000000082d00000|100%| O|  |TAMS 0x0000000082d00000, 0x0000000082d00000| Untracked 
|  17|0x0000000082d00000, 0x0000000082e00000, 0x0000000082e00000|100%| O|  |TAMS 0x0000000082e00000, 0x0000000082e00000| Untracked 
|  18|0x0000000082e00000, 0x0000000082f00000, 0x0000000082f00000|100%| O|  |TAMS 0x0000000082f00000, 0x0000000082f00000| Untracked 
|  19|0x0000000082f00000, 0x0000000083000000, 0x0000000083000000|100%| O|  |TAMS 0x0000000083000000, 0x0000000083000000| Untracked 
|  20|0x0000000083000000, 0x0000000083100000, 0x0000000083100000|100%| O|  |TAMS 0x0000000083100000, 0x0000000083100000| Untracked 
|  21|0x0000000083100000, 0x0000000083200000, 0x0000000083200000|100%| O|  |TAMS 0x0000000083200000, 0x0000000083200000| Untracked 
|  22|0x0000000083200000, 0x0000000083300000, 0x0000000083300000|100%| O|  |TAMS 0x0000000083300000, 0x0000000083300000| Untracked 
|  23|0x0000000083300000, 0x0000000083400000, 0x0000000083400000|100%| O|  |TAMS 0x0000000083400000, 0x0000000083400000| Untracked 
|  24|0x0000000083400000, 0x0000000083500000, 0x0000000083500000|100%| O|  |TAMS 0x0000000083500000, 0x0000000083500000| Untracked 
|  25|0x0000000083500000, 0x0000000083600000, 0x0000000083600000|100%| O|  |TAMS 0x0000000083600000, 0x0000000083600000| Untracked 
|  26|0x0000000083600000, 0x0000000083700000, 0x0000000083700000|100%| O|  |TAMS 0x0000000083700000, 0x0000000083700000| Untracked 
|  27|0x0000000083700000, 0x0000000083800000, 0x0000000083800000|100%| O|  |TAMS 0x0000000083800000, 0x0000000083800000| Untracked 
|  28|0x0000000083800000, 0x0000000083900000, 0x0000000083900000|100%| O|  |TAMS 0x0000000083900000, 0x0000000083900000| Untracked 
|  29|0x0000000083900000, 0x0000000083a00000, 0x0000000083a00000|100%| O|  |TAMS 0x0000000083a00000, 0x0000000083a00000| Untracked 
|  30|0x0000000083a00000, 0x0000000083b00000, 0x0000000083b00000|100%| O|  |TAMS 0x0000000083b00000, 0x0000000083b00000| Untracked 
|  31|0x0000000083b00000, 0x0000000083c00000, 0x0000000083c00000|100%| O|  |TAMS 0x0000000083c00000, 0x0000000083c00000| Untracked 
|  32|0x0000000083c00000, 0x0000000083d00000, 0x0000000083d00000|100%| O|  |TAMS 0x0000000083d00000, 0x0000000083d00000| Untracked 
|  33|0x0000000083d00000, 0x0000000083e00000, 0x0000000083e00000|100%| O|  |TAMS 0x0000000083e00000, 0x0000000083e00000| Untracked 
|  34|0x0000000083e00000, 0x0000000083e00000, 0x0000000083f00000|  0%| F|  |TAMS 0x0000000083e00000, 0x0000000083e00000| Untracked 
|  35|0x0000000083f00000, 0x0000000084000000, 0x0000000084000000|100%| O|  |TAMS 0x0000000083f00000, 0x0000000084000000| Untracked 
|  36|0x0000000084000000, 0x0000000084100000, 0x0000000084100000|100%| O|  |TAMS 0x0000000084100000, 0x0000000084100000| Untracked 
|  37|0x0000000084100000, 0x0000000084200000, 0x0000000084200000|100%| O|  |TAMS 0x0000000084200000, 0x0000000084200000| Untracked 
|  38|0x0000000084200000, 0x0000000084300000, 0x0000000084300000|100%| O|  |TAMS 0x0000000084300000, 0x0000000084300000| Untracked 
|  39|0x0000000084300000, 0x0000000084400000, 0x0000000084400000|100%| O|  |TAMS 0x0000000084400000, 0x0000000084400000| Untracked 
|  40|0x0000000084400000, 0x0000000084500000, 0x0000000084500000|100%| O|  |TAMS 0x0000000084500000, 0x0000000084500000| Untracked 
|  41|0x0000000084500000, 0x0000000084600000, 0x0000000084600000|100%| O|  |TAMS 0x0000000084600000, 0x0000000084600000| Untracked 
|  42|0x0000000084600000, 0x0000000084700000, 0x0000000084700000|100%| O|  |TAMS 0x0000000084700000, 0x0000000084700000| Untracked 
|  43|0x0000000084700000, 0x0000000084800000, 0x0000000084800000|100%| O|  |TAMS 0x0000000084800000, 0x0000000084800000| Untracked 
|  44|0x0000000084800000, 0x0000000084900000, 0x0000000084900000|100%| O|  |TAMS 0x0000000084900000, 0x0000000084900000| Untracked 
|  45|0x0000000084900000, 0x0000000084a00000, 0x0000000084a00000|100%| O|  |TAMS 0x0000000084a00000, 0x0000000084a00000| Untracked 
|  46|0x0000000084a00000, 0x0000000084b00000, 0x0000000084b00000|100%| O|  |TAMS 0x0000000084b00000, 0x0000000084b00000| Untracked 
|  47|0x0000000084b00000, 0x0000000084c00000, 0x0000000084c00000|100%| O|  |TAMS 0x0000000084c00000, 0x0000000084c00000| Untracked 
|  48|0x0000000084c00000, 0x0000000084d00000, 0x0000000084d00000|100%| O|  |TAMS 0x0000000084d00000, 0x0000000084d00000| Untracked 
|  49|0x0000000084d00000, 0x0000000084e00000, 0x0000000084e00000|100%| O|  |TAMS 0x0000000084e00000, 0x0000000084e00000| Untracked 
|  50|0x0000000084e00000, 0x0000000084f00000, 0x0000000084f00000|100%|HS|  |TAMS 0x0000000084f00000, 0x0000000084f00000| Complete 
|  51|0x0000000084f00000, 0x0000000085000000, 0x0000000085000000|100%| O|  |TAMS 0x0000000084f00000, 0x0000000085000000| Untracked 
|  52|0x0000000085000000, 0x0000000085100000, 0x0000000085100000|100%|HS|  |TAMS 0x0000000085100000, 0x0000000085100000| Complete 
|  53|0x0000000085100000, 0x0000000085200000, 0x0000000085200000|100%| O|  |TAMS 0x0000000085200000, 0x0000000085200000| Untracked 
|  54|0x0000000085200000, 0x0000000085300000, 0x0000000085300000|100%| O|  |TAMS 0x0000000085300000, 0x0000000085300000| Untracked 
|  55|0x0000000085300000, 0x0000000085400000, 0x0000000085400000|100%| O|  |TAMS 0x0000000085400000, 0x0000000085400000| Untracked 
|  56|0x0000000085400000, 0x0000000085500000, 0x0000000085500000|100%| O|  |TAMS 0x0000000085500000, 0x0000000085500000| Untracked 
|  57|0x0000000085500000, 0x0000000085600000, 0x0000000085600000|100%| O|  |TAMS 0x0000000085600000, 0x0000000085600000| Untracked 
|  58|0x0000000085600000, 0x0000000085700000, 0x0000000085700000|100%| O|  |TAMS 0x0000000085700000, 0x0000000085700000| Untracked 
|  59|0x0000000085700000, 0x0000000085800000, 0x0000000085800000|100%| O|  |TAMS 0x0000000085800000, 0x0000000085800000| Untracked 
|  60|0x0000000085800000, 0x0000000085800000, 0x0000000085900000|  0%| F|  |TAMS 0x0000000085800000, 0x0000000085800000| Untracked 
|  61|0x0000000085900000, 0x0000000085a00000, 0x0000000085a00000|100%| O|  |TAMS 0x0000000085a00000, 0x0000000085a00000| Untracked 
|  62|0x0000000085a00000, 0x0000000085b00000, 0x0000000085b00000|100%| O|  |TAMS 0x0000000085b00000, 0x0000000085b00000| Untracked 
|  63|0x0000000085b00000, 0x0000000085b00000, 0x0000000085c00000|  0%| F|  |TAMS 0x0000000085b00000, 0x0000000085b00000| Untracked 
|  64|0x0000000085c00000, 0x0000000085c00000, 0x0000000085d00000|  0%| F|  |TAMS 0x0000000085c00000, 0x0000000085c00000| Untracked 
|  65|0x0000000085d00000, 0x0000000085d00000, 0x0000000085e00000|  0%| F|  |TAMS 0x0000000085d00000, 0x0000000085d00000| Untracked 
|  66|0x0000000085e00000, 0x0000000085f00000, 0x0000000085f00000|100%| O|  |TAMS 0x0000000085f00000, 0x0000000085f00000| Untracked 
|  67|0x0000000085f00000, 0x0000000086000000, 0x0000000086000000|100%| O|  |TAMS 0x0000000086000000, 0x0000000086000000| Untracked 
|  68|0x0000000086000000, 0x0000000086100000, 0x0000000086100000|100%| O|  |TAMS 0x0000000086100000, 0x0000000086100000| Untracked 
|  69|0x0000000086100000, 0x0000000086200000, 0x0000000086200000|100%| O|  |TAMS 0x0000000086200000, 0x0000000086200000| Untracked 
|  70|0x0000000086200000, 0x0000000086300000, 0x0000000086300000|100%| O|  |TAMS 0x0000000086300000, 0x0000000086300000| Untracked 
|  71|0x0000000086300000, 0x0000000086400000, 0x0000000086400000|100%| O|  |TAMS 0x0000000086400000, 0x0000000086400000| Untracked 
|  72|0x0000000086400000, 0x0000000086500000, 0x0000000086500000|100%| O|  |TAMS 0x0000000086500000, 0x0000000086500000| Untracked 
|  73|0x0000000086500000, 0x0000000086600000, 0x0000000086600000|100%| O|  |TAMS 0x0000000086600000, 0x0000000086600000| Untracked 
|  74|0x0000000086600000, 0x0000000086700000, 0x0000000086700000|100%| O|  |TAMS 0x0000000086700000, 0x0000000086700000| Untracked 
|  75|0x0000000086700000, 0x0000000086800000, 0x0000000086800000|100%| O|  |TAMS 0x0000000086800000, 0x0000000086800000| Untracked 
|  76|0x0000000086800000, 0x0000000086900000, 0x0000000086900000|100%| O|  |TAMS 0x0000000086900000, 0x0000000086900000| Untracked 
|  77|0x0000000086900000, 0x0000000086a00000, 0x0000000086a00000|100%| O|  |TAMS 0x0000000086a00000, 0x0000000086a00000| Untracked 
|  78|0x0000000086a00000, 0x0000000086b00000, 0x0000000086b00000|100%| O|  |TAMS 0x0000000086a80000, 0x0000000086b00000| Untracked 
|  79|0x0000000086b00000, 0x0000000086c00000, 0x0000000086c00000|100%| O|  |TAMS 0x0000000086b00000, 0x0000000086c00000| Untracked 
|  80|0x0000000086c00000, 0x0000000086d00000, 0x0000000086d00000|100%| O|  |TAMS 0x0000000086c00000, 0x0000000086d00000| Untracked 
|  81|0x0000000086d00000, 0x0000000086e00000, 0x0000000086e00000|100%| O|  |TAMS 0x0000000086d00000, 0x0000000086e00000| Untracked 
|  82|0x0000000086e00000, 0x0000000086f00000, 0x0000000086f00000|100%| O|  |TAMS 0x0000000086e00000, 0x0000000086f00000| Untracked 
|  83|0x0000000086f00000, 0x0000000087000000, 0x0000000087000000|100%| O|  |TAMS 0x0000000086f00000, 0x0000000087000000| Untracked 
|  84|0x0000000087000000, 0x000000008702e000, 0x0000000087100000| 17%| O|  |TAMS 0x0000000087000000, 0x000000008702e000| Untracked 
|  85|0x0000000087100000, 0x0000000087100000, 0x0000000087200000|  0%| F|  |TAMS 0x0000000087100000, 0x0000000087100000| Untracked 
|  86|0x0000000087200000, 0x0000000087200000, 0x0000000087300000|  0%| F|  |TAMS 0x0000000087200000, 0x0000000087200000| Untracked 
|  87|0x0000000087300000, 0x0000000087300000, 0x0000000087400000|  0%| F|  |TAMS 0x0000000087300000, 0x0000000087300000| Untracked 
|  88|0x0000000087400000, 0x0000000087400000, 0x0000000087500000|  0%| F|  |TAMS 0x0000000087400000, 0x0000000087400000| Untracked 
|  89|0x0000000087500000, 0x0000000087500000, 0x0000000087600000|  0%| F|  |TAMS 0x0000000087500000, 0x0000000087500000| Untracked 
|  90|0x0000000087600000, 0x0000000087600000, 0x0000000087700000|  0%| F|  |TAMS 0x0000000087600000, 0x0000000087600000| Untracked 
|  91|0x0000000087700000, 0x0000000087700000, 0x0000000087800000|  0%| F|  |TAMS 0x0000000087700000, 0x0000000087700000| Untracked 
|  92|0x0000000087800000, 0x0000000087800000, 0x0000000087900000|  0%| F|  |TAMS 0x0000000087800000, 0x0000000087800000| Untracked 
|  93|0x0000000087900000, 0x0000000087900000, 0x0000000087a00000|  0%| F|  |TAMS 0x0000000087900000, 0x0000000087900000| Untracked 
|  94|0x0000000087a00000, 0x0000000087a00000, 0x0000000087b00000|  0%| F|  |TAMS 0x0000000087a00000, 0x0000000087a00000| Untracked 
|  95|0x0000000087b00000, 0x0000000087b00000, 0x0000000087c00000|  0%| F|  |TAMS 0x0000000087b00000, 0x0000000087b00000| Untracked 
|  96|0x0000000087c00000, 0x0000000087c00000, 0x0000000087d00000|  0%| F|  |TAMS 0x0000000087c00000, 0x0000000087c00000| Untracked 
|  97|0x0000000087d00000, 0x0000000087d00000, 0x0000000087e00000|  0%| F|  |TAMS 0x0000000087d00000, 0x0000000087d00000| Untracked 
|  98|0x0000000087e00000, 0x0000000087e00000, 0x0000000087f00000|  0%| F|  |TAMS 0x0000000087e00000, 0x0000000087e00000| Untracked 
|  99|0x0000000087f00000, 0x0000000087f00000, 0x0000000088000000|  0%| F|  |TAMS 0x0000000087f00000, 0x0000000087f00000| Untracked 
| 100|0x0000000088000000, 0x0000000088000000, 0x0000000088100000|  0%| F|  |TAMS 0x0000000088000000, 0x0000000088000000| Untracked 
| 101|0x0000000088100000, 0x0000000088100000, 0x0000000088200000|  0%| F|  |TAMS 0x0000000088100000, 0x0000000088100000| Untracked 
| 102|0x0000000088200000, 0x0000000088200000, 0x0000000088300000|  0%| F|  |TAMS 0x0000000088200000, 0x0000000088200000| Untracked 
| 103|0x0000000088300000, 0x0000000088300000, 0x0000000088400000|  0%| F|  |TAMS 0x0000000088300000, 0x0000000088300000| Untracked 
| 104|0x0000000088400000, 0x0000000088400000, 0x0000000088500000|  0%| F|  |TAMS 0x0000000088400000, 0x0000000088400000| Untracked 
| 105|0x0000000088500000, 0x0000000088500000, 0x0000000088600000|  0%| F|  |TAMS 0x0000000088500000, 0x0000000088500000| Untracked 
| 106|0x0000000088600000, 0x0000000088600000, 0x0000000088700000|  0%| F|  |TAMS 0x0000000088600000, 0x0000000088600000| Untracked 
| 107|0x0000000088700000, 0x0000000088700000, 0x0000000088800000|  0%| F|  |TAMS 0x0000000088700000, 0x0000000088700000| Untracked 
| 108|0x0000000088800000, 0x0000000088800000, 0x0000000088900000|  0%| F|  |TAMS 0x0000000088800000, 0x0000000088800000| Untracked 
| 109|0x0000000088900000, 0x0000000088900000, 0x0000000088a00000|  0%| F|  |TAMS 0x0000000088900000, 0x0000000088900000| Untracked 
| 110|0x0000000088a00000, 0x0000000088a00000, 0x0000000088b00000|  0%| F|  |TAMS 0x0000000088a00000, 0x0000000088a00000| Untracked 
| 111|0x0000000088b00000, 0x0000000088b00000, 0x0000000088c00000|  0%| F|  |TAMS 0x0000000088b00000, 0x0000000088b00000| Untracked 
| 112|0x0000000088c00000, 0x0000000088c00000, 0x0000000088d00000|  0%| F|  |TAMS 0x0000000088c00000, 0x0000000088c00000| Untracked 
| 113|0x0000000088d00000, 0x0000000088d00000, 0x0000000088e00000|  0%| F|  |TAMS 0x0000000088d00000, 0x0000000088d00000| Untracked 
| 114|0x0000000088e00000, 0x0000000088e00000, 0x0000000088f00000|  0%| F|  |TAMS 0x0000000088e00000, 0x0000000088e00000| Untracked 
| 115|0x0000000088f00000, 0x0000000088f00000, 0x0000000089000000|  0%| F|  |TAMS 0x0000000088f00000, 0x0000000088f00000| Untracked 
| 116|0x0000000089000000, 0x0000000089000000, 0x0000000089100000|  0%| F|  |TAMS 0x0000000089000000, 0x0000000089000000| Untracked 
| 117|0x0000000089100000, 0x0000000089100000, 0x0000000089200000|  0%| F|  |TAMS 0x0000000089100000, 0x0000000089100000| Untracked 
| 118|0x0000000089200000, 0x0000000089200000, 0x0000000089300000|  0%| F|  |TAMS 0x0000000089200000, 0x0000000089200000| Untracked 
| 119|0x0000000089300000, 0x0000000089300000, 0x0000000089400000|  0%| F|  |TAMS 0x0000000089300000, 0x0000000089300000| Untracked 
| 120|0x0000000089400000, 0x0000000089400000, 0x0000000089500000|  0%| F|  |TAMS 0x0000000089400000, 0x0000000089400000| Untracked 
| 121|0x0000000089500000, 0x0000000089500000, 0x0000000089600000|  0%| F|  |TAMS 0x0000000089500000, 0x0000000089500000| Untracked 
| 122|0x0000000089600000, 0x0000000089600000, 0x0000000089700000|  0%| F|  |TAMS 0x0000000089600000, 0x0000000089600000| Untracked 
| 123|0x0000000089700000, 0x0000000089700000, 0x0000000089800000|  0%| F|  |TAMS 0x0000000089700000, 0x0000000089700000| Untracked 
| 124|0x0000000089800000, 0x0000000089800000, 0x0000000089900000|  0%| F|  |TAMS 0x0000000089800000, 0x0000000089800000| Untracked 
| 125|0x0000000089900000, 0x0000000089900000, 0x0000000089a00000|  0%| F|  |TAMS 0x0000000089900000, 0x0000000089900000| Untracked 
| 126|0x0000000089a00000, 0x0000000089a00000, 0x0000000089b00000|  0%| F|  |TAMS 0x0000000089a00000, 0x0000000089a00000| Untracked 
| 127|0x0000000089b00000, 0x0000000089b00000, 0x0000000089c00000|  0%| F|  |TAMS 0x0000000089b00000, 0x0000000089b00000| Untracked 
| 128|0x0000000089c00000, 0x0000000089c00000, 0x0000000089d00000|  0%| F|  |TAMS 0x0000000089c00000, 0x0000000089c00000| Untracked 
| 129|0x0000000089d00000, 0x0000000089d00000, 0x0000000089e00000|  0%| F|  |TAMS 0x0000000089d00000, 0x0000000089d00000| Untracked 
| 130|0x0000000089e00000, 0x0000000089e00000, 0x0000000089f00000|  0%| F|  |TAMS 0x0000000089e00000, 0x0000000089e00000| Untracked 
| 131|0x0000000089f00000, 0x0000000089f00000, 0x000000008a000000|  0%| F|  |TAMS 0x0000000089f00000, 0x0000000089f00000| Untracked 
| 132|0x000000008a000000, 0x000000008a000000, 0x000000008a100000|  0%| F|  |TAMS 0x000000008a000000, 0x000000008a000000| Untracked 
| 133|0x000000008a100000, 0x000000008a100000, 0x000000008a200000|  0%| F|  |TAMS 0x000000008a100000, 0x000000008a100000| Untracked 
| 134|0x000000008a200000, 0x000000008a200000, 0x000000008a300000|  0%| F|  |TAMS 0x000000008a200000, 0x000000008a200000| Untracked 
| 135|0x000000008a300000, 0x000000008a300000, 0x000000008a400000|  0%| F|  |TAMS 0x000000008a300000, 0x000000008a300000| Untracked 
| 136|0x000000008a400000, 0x000000008a400000, 0x000000008a500000|  0%| F|  |TAMS 0x000000008a400000, 0x000000008a400000| Untracked 
| 137|0x000000008a500000, 0x000000008a500000, 0x000000008a600000|  0%| F|  |TAMS 0x000000008a500000, 0x000000008a500000| Untracked 
| 138|0x000000008a600000, 0x000000008a600000, 0x000000008a700000|  0%| F|  |TAMS 0x000000008a600000, 0x000000008a600000| Untracked 
| 139|0x000000008a700000, 0x000000008a700000, 0x000000008a800000|  0%| F|  |TAMS 0x000000008a700000, 0x000000008a700000| Untracked 
| 140|0x000000008a800000, 0x000000008a800000, 0x000000008a900000|  0%| F|  |TAMS 0x000000008a800000, 0x000000008a800000| Untracked 
| 141|0x000000008a900000, 0x000000008a900000, 0x000000008aa00000|  0%| F|  |TAMS 0x000000008a900000, 0x000000008a900000| Untracked 
| 142|0x000000008aa00000, 0x000000008aa00000, 0x000000008ab00000|  0%| F|  |TAMS 0x000000008aa00000, 0x000000008aa00000| Untracked 
| 143|0x000000008ab00000, 0x000000008abb7710, 0x000000008ac00000| 71%| S|CS|TAMS 0x000000008ab00000, 0x000000008ab00000| Complete 
| 144|0x000000008ac00000, 0x000000008ad00000, 0x000000008ad00000|100%| S|CS|TAMS 0x000000008ac00000, 0x000000008ac00000| Complete 
| 145|0x000000008ad00000, 0x000000008ae00000, 0x000000008ae00000|100%| S|CS|TAMS 0x000000008ad00000, 0x000000008ad00000| Complete 
| 146|0x000000008ae00000, 0x000000008af00000, 0x000000008af00000|100%| S|CS|TAMS 0x000000008ae00000, 0x000000008ae00000| Complete 
| 147|0x000000008af00000, 0x000000008b000000, 0x000000008b000000|100%| S|CS|TAMS 0x000000008af00000, 0x000000008af00000| Complete 
| 148|0x000000008b000000, 0x000000008b100000, 0x000000008b100000|100%| S|CS|TAMS 0x000000008b000000, 0x000000008b000000| Complete 
| 149|0x000000008b100000, 0x000000008b200000, 0x000000008b200000|100%| S|CS|TAMS 0x000000008b100000, 0x000000008b100000| Complete 
| 150|0x000000008b200000, 0x000000008b200000, 0x000000008b300000|  0%| F|  |TAMS 0x000000008b200000, 0x000000008b200000| Untracked 
| 151|0x000000008b300000, 0x000000008b300000, 0x000000008b400000|  0%| F|  |TAMS 0x000000008b300000, 0x000000008b300000| Untracked 
| 152|0x000000008b400000, 0x000000008b400000, 0x000000008b500000|  0%| F|  |TAMS 0x000000008b400000, 0x000000008b400000| Untracked 
| 153|0x000000008b500000, 0x000000008b500000, 0x000000008b600000|  0%| F|  |TAMS 0x000000008b500000, 0x000000008b500000| Untracked 
| 154|0x000000008b600000, 0x000000008b600000, 0x000000008b700000|  0%| F|  |TAMS 0x000000008b600000, 0x000000008b600000| Untracked 
| 155|0x000000008b700000, 0x000000008b700000, 0x000000008b800000|  0%| F|  |TAMS 0x000000008b700000, 0x000000008b700000| Untracked 
| 156|0x000000008b800000, 0x000000008b800000, 0x000000008b900000|  0%| F|  |TAMS 0x000000008b800000, 0x000000008b800000| Untracked 
| 157|0x000000008b900000, 0x000000008b900000, 0x000000008ba00000|  0%| F|  |TAMS 0x000000008b900000, 0x000000008b900000| Untracked 
| 158|0x000000008ba00000, 0x000000008ba00000, 0x000000008bb00000|  0%| F|  |TAMS 0x000000008ba00000, 0x000000008ba00000| Untracked 
| 159|0x000000008bb00000, 0x000000008bb00000, 0x000000008bc00000|  0%| F|  |TAMS 0x000000008bb00000, 0x000000008bb00000| Untracked 
| 160|0x000000008bc00000, 0x000000008bc00000, 0x000000008bd00000|  0%| F|  |TAMS 0x000000008bc00000, 0x000000008bc00000| Untracked 
| 161|0x000000008bd00000, 0x000000008bd00000, 0x000000008be00000|  0%| F|  |TAMS 0x000000008bd00000, 0x000000008bd00000| Untracked 
| 162|0x000000008be00000, 0x000000008be00000, 0x000000008bf00000|  0%| F|  |TAMS 0x000000008be00000, 0x000000008be00000| Untracked 
| 163|0x000000008bf00000, 0x000000008bf00000, 0x000000008c000000|  0%| F|  |TAMS 0x000000008bf00000, 0x000000008bf00000| Untracked 
| 164|0x000000008c000000, 0x000000008c000000, 0x000000008c100000|  0%| F|  |TAMS 0x000000008c000000, 0x000000008c000000| Untracked 
| 165|0x000000008c100000, 0x000000008c100000, 0x000000008c200000|  0%| F|  |TAMS 0x000000008c100000, 0x000000008c100000| Untracked 
| 166|0x000000008c200000, 0x000000008c200000, 0x000000008c300000|  0%| F|  |TAMS 0x000000008c200000, 0x000000008c200000| Untracked 
| 167|0x000000008c300000, 0x000000008c300000, 0x000000008c400000|  0%| F|  |TAMS 0x000000008c300000, 0x000000008c300000| Untracked 
| 168|0x000000008c400000, 0x000000008c400000, 0x000000008c500000|  0%| F|  |TAMS 0x000000008c400000, 0x000000008c400000| Untracked 
| 169|0x000000008c500000, 0x000000008c500000, 0x000000008c600000|  0%| F|  |TAMS 0x000000008c500000, 0x000000008c500000| Untracked 
| 170|0x000000008c600000, 0x000000008c600000, 0x000000008c700000|  0%| F|  |TAMS 0x000000008c600000, 0x000000008c600000| Untracked 
| 171|0x000000008c700000, 0x000000008c700000, 0x000000008c800000|  0%| F|  |TAMS 0x000000008c700000, 0x000000008c700000| Untracked 
| 172|0x000000008c800000, 0x000000008c800000, 0x000000008c900000|  0%| F|  |TAMS 0x000000008c800000, 0x000000008c800000| Untracked 
| 173|0x000000008c900000, 0x000000008c900000, 0x000000008ca00000|  0%| F|  |TAMS 0x000000008c900000, 0x000000008c900000| Untracked 
| 174|0x000000008ca00000, 0x000000008ca00000, 0x000000008cb00000|  0%| F|  |TAMS 0x000000008ca00000, 0x000000008ca00000| Untracked 
| 175|0x000000008cb00000, 0x000000008cb00000, 0x000000008cc00000|  0%| F|  |TAMS 0x000000008cb00000, 0x000000008cb00000| Untracked 
| 176|0x000000008cc00000, 0x000000008cc00000, 0x000000008cd00000|  0%| F|  |TAMS 0x000000008cc00000, 0x000000008cc00000| Untracked 
| 177|0x000000008cd00000, 0x000000008cd00000, 0x000000008ce00000|  0%| F|  |TAMS 0x000000008cd00000, 0x000000008cd00000| Untracked 
| 178|0x000000008ce00000, 0x000000008ce00000, 0x000000008cf00000|  0%| F|  |TAMS 0x000000008ce00000, 0x000000008ce00000| Untracked 
| 179|0x000000008cf00000, 0x000000008cf00000, 0x000000008d000000|  0%| F|  |TAMS 0x000000008cf00000, 0x000000008cf00000| Untracked 
| 180|0x000000008d000000, 0x000000008d000000, 0x000000008d100000|  0%| F|  |TAMS 0x000000008d000000, 0x000000008d000000| Untracked 
| 181|0x000000008d100000, 0x000000008d100000, 0x000000008d200000|  0%| F|  |TAMS 0x000000008d100000, 0x000000008d100000| Untracked 
| 182|0x000000008d200000, 0x000000008d200000, 0x000000008d300000|  0%| F|  |TAMS 0x000000008d200000, 0x000000008d200000| Untracked 
| 183|0x000000008d300000, 0x000000008d300000, 0x000000008d400000|  0%| F|  |TAMS 0x000000008d300000, 0x000000008d300000| Untracked 
| 184|0x000000008d400000, 0x000000008d400000, 0x000000008d500000|  0%| F|  |TAMS 0x000000008d400000, 0x000000008d400000| Untracked 
| 185|0x000000008d500000, 0x000000008d500000, 0x000000008d600000|  0%| F|  |TAMS 0x000000008d500000, 0x000000008d500000| Untracked 
| 186|0x000000008d600000, 0x000000008d600000, 0x000000008d700000|  0%| F|  |TAMS 0x000000008d600000, 0x000000008d600000| Untracked 
| 187|0x000000008d700000, 0x000000008d700000, 0x000000008d800000|  0%| F|  |TAMS 0x000000008d700000, 0x000000008d700000| Untracked 
| 188|0x000000008d800000, 0x000000008d800000, 0x000000008d900000|  0%| F|  |TAMS 0x000000008d800000, 0x000000008d800000| Untracked 
| 189|0x000000008d900000, 0x000000008d900000, 0x000000008da00000|  0%| F|  |TAMS 0x000000008d900000, 0x000000008d900000| Untracked 
| 190|0x000000008da00000, 0x000000008da00000, 0x000000008db00000|  0%| F|  |TAMS 0x000000008da00000, 0x000000008da00000| Untracked 
| 191|0x000000008db00000, 0x000000008db00000, 0x000000008dc00000|  0%| F|  |TAMS 0x000000008db00000, 0x000000008db00000| Untracked 
| 192|0x000000008dc00000, 0x000000008dc00000, 0x000000008dd00000|  0%| F|  |TAMS 0x000000008dc00000, 0x000000008dc00000| Untracked 
| 193|0x000000008dd00000, 0x000000008dd00000, 0x000000008de00000|  0%| F|  |TAMS 0x000000008dd00000, 0x000000008dd00000| Untracked 
| 194|0x000000008de00000, 0x000000008de00000, 0x000000008df00000|  0%| F|  |TAMS 0x000000008de00000, 0x000000008de00000| Untracked 
| 195|0x000000008df00000, 0x000000008df00000, 0x000000008e000000|  0%| F|  |TAMS 0x000000008df00000, 0x000000008df00000| Untracked 
| 196|0x000000008e000000, 0x000000008e000000, 0x000000008e100000|  0%| F|  |TAMS 0x000000008e000000, 0x000000008e000000| Untracked 
| 197|0x000000008e100000, 0x000000008e100000, 0x000000008e200000|  0%| F|  |TAMS 0x000000008e100000, 0x000000008e100000| Untracked 
| 198|0x000000008e200000, 0x000000008e200000, 0x000000008e300000|  0%| F|  |TAMS 0x000000008e200000, 0x000000008e200000| Untracked 
| 199|0x000000008e300000, 0x000000008e300000, 0x000000008e400000|  0%| F|  |TAMS 0x000000008e300000, 0x000000008e300000| Untracked 
| 200|0x000000008e400000, 0x000000008e400000, 0x000000008e500000|  0%| F|  |TAMS 0x000000008e400000, 0x000000008e400000| Untracked 
| 201|0x000000008e500000, 0x000000008e500000, 0x000000008e600000|  0%| F|  |TAMS 0x000000008e500000, 0x000000008e500000| Untracked 
| 202|0x000000008e600000, 0x000000008e600000, 0x000000008e700000|  0%| F|  |TAMS 0x000000008e600000, 0x000000008e600000| Untracked 
| 203|0x000000008e700000, 0x000000008e700000, 0x000000008e800000|  0%| F|  |TAMS 0x000000008e700000, 0x000000008e700000| Untracked 
| 204|0x000000008e800000, 0x000000008e800000, 0x000000008e900000|  0%| F|  |TAMS 0x000000008e800000, 0x000000008e800000| Untracked 
| 205|0x000000008e900000, 0x000000008e900000, 0x000000008ea00000|  0%| F|  |TAMS 0x000000008e900000, 0x000000008e900000| Untracked 
| 206|0x000000008ea00000, 0x000000008ea00000, 0x000000008eb00000|  0%| F|  |TAMS 0x000000008ea00000, 0x000000008ea00000| Untracked 
| 207|0x000000008eb00000, 0x000000008eb00000, 0x000000008ec00000|  0%| F|  |TAMS 0x000000008eb00000, 0x000000008eb00000| Untracked 
| 208|0x000000008ec00000, 0x000000008ec00000, 0x000000008ed00000|  0%| F|  |TAMS 0x000000008ec00000, 0x000000008ec00000| Untracked 
| 209|0x000000008ed00000, 0x000000008ed00000, 0x000000008ee00000|  0%| F|  |TAMS 0x000000008ed00000, 0x000000008ed00000| Untracked 
| 210|0x000000008ee00000, 0x000000008ee00000, 0x000000008ef00000|  0%| F|  |TAMS 0x000000008ee00000, 0x000000008ee00000| Untracked 
| 211|0x000000008ef00000, 0x000000008ef00000, 0x000000008f000000|  0%| F|  |TAMS 0x000000008ef00000, 0x000000008ef00000| Untracked 
| 212|0x000000008f000000, 0x000000008f000000, 0x000000008f100000|  0%| F|  |TAMS 0x000000008f000000, 0x000000008f000000| Untracked 
| 213|0x000000008f100000, 0x000000008f100000, 0x000000008f200000|  0%| F|  |TAMS 0x000000008f100000, 0x000000008f100000| Untracked 
| 214|0x000000008f200000, 0x000000008f200000, 0x000000008f300000|  0%| F|  |TAMS 0x000000008f200000, 0x000000008f200000| Untracked 
| 215|0x000000008f300000, 0x000000008f300000, 0x000000008f400000|  0%| F|  |TAMS 0x000000008f300000, 0x000000008f300000| Untracked 
| 216|0x000000008f400000, 0x000000008f400000, 0x000000008f500000|  0%| F|  |TAMS 0x000000008f400000, 0x000000008f400000| Untracked 
| 217|0x000000008f500000, 0x000000008f500000, 0x000000008f600000|  0%| F|  |TAMS 0x000000008f500000, 0x000000008f500000| Untracked 
| 218|0x000000008f600000, 0x000000008f600000, 0x000000008f700000|  0%| F|  |TAMS 0x000000008f600000, 0x000000008f600000| Untracked 
| 219|0x000000008f700000, 0x000000008f700000, 0x000000008f800000|  0%| F|  |TAMS 0x000000008f700000, 0x000000008f700000| Untracked 
| 220|0x000000008f800000, 0x000000008f800000, 0x000000008f900000|  0%| F|  |TAMS 0x000000008f800000, 0x000000008f800000| Untracked 
| 221|0x000000008f900000, 0x000000008f900000, 0x000000008fa00000|  0%| F|  |TAMS 0x000000008f900000, 0x000000008f900000| Untracked 
| 222|0x000000008fa00000, 0x000000008fa00000, 0x000000008fb00000|  0%| F|  |TAMS 0x000000008fa00000, 0x000000008fa00000| Untracked 
| 223|0x000000008fb00000, 0x000000008fb00000, 0x000000008fc00000|  0%| F|  |TAMS 0x000000008fb00000, 0x000000008fb00000| Untracked 
| 224|0x000000008fc00000, 0x000000008fc00000, 0x000000008fd00000|  0%| F|  |TAMS 0x000000008fc00000, 0x000000008fc00000| Untracked 
| 225|0x000000008fd00000, 0x000000008fd00000, 0x000000008fe00000|  0%| F|  |TAMS 0x000000008fd00000, 0x000000008fd00000| Untracked 
| 226|0x000000008fe00000, 0x000000008fe00000, 0x000000008ff00000|  0%| F|  |TAMS 0x000000008fe00000, 0x000000008fe00000| Untracked 
| 227|0x000000008ff00000, 0x000000008ff00000, 0x0000000090000000|  0%| F|  |TAMS 0x000000008ff00000, 0x000000008ff00000| Untracked 
| 228|0x0000000090000000, 0x0000000090000000, 0x0000000090100000|  0%| F|  |TAMS 0x0000000090000000, 0x0000000090000000| Untracked 
| 229|0x0000000090100000, 0x0000000090100000, 0x0000000090200000|  0%| F|  |TAMS 0x0000000090100000, 0x0000000090100000| Untracked 
| 230|0x0000000090200000, 0x0000000090200000, 0x0000000090300000|  0%| F|  |TAMS 0x0000000090200000, 0x0000000090200000| Untracked 
| 231|0x0000000090300000, 0x0000000090300000, 0x0000000090400000|  0%| F|  |TAMS 0x0000000090300000, 0x0000000090300000| Untracked 
| 232|0x0000000090400000, 0x0000000090400000, 0x0000000090500000|  0%| F|  |TAMS 0x0000000090400000, 0x0000000090400000| Untracked 
| 233|0x0000000090500000, 0x0000000090500000, 0x0000000090600000|  0%| F|  |TAMS 0x0000000090500000, 0x0000000090500000| Untracked 
| 234|0x0000000090600000, 0x0000000090600000, 0x0000000090700000|  0%| F|  |TAMS 0x0000000090600000, 0x0000000090600000| Untracked 
| 235|0x0000000090700000, 0x0000000090700000, 0x0000000090800000|  0%| F|  |TAMS 0x0000000090700000, 0x0000000090700000| Untracked 
| 236|0x0000000090800000, 0x0000000090800000, 0x0000000090900000|  0%| F|  |TAMS 0x0000000090800000, 0x0000000090800000| Untracked 
| 237|0x0000000090900000, 0x0000000090900000, 0x0000000090a00000|  0%| F|  |TAMS 0x0000000090900000, 0x0000000090900000| Untracked 
| 238|0x0000000090a00000, 0x0000000090a00000, 0x0000000090b00000|  0%| F|  |TAMS 0x0000000090a00000, 0x0000000090a00000| Untracked 
| 239|0x0000000090b00000, 0x0000000090b00000, 0x0000000090c00000|  0%| F|  |TAMS 0x0000000090b00000, 0x0000000090b00000| Untracked 
| 240|0x0000000090c00000, 0x0000000090c00000, 0x0000000090d00000|  0%| F|  |TAMS 0x0000000090c00000, 0x0000000090c00000| Untracked 
| 241|0x0000000090d00000, 0x0000000090d00000, 0x0000000090e00000|  0%| F|  |TAMS 0x0000000090d00000, 0x0000000090d00000| Untracked 
| 242|0x0000000090e00000, 0x0000000090e00000, 0x0000000090f00000|  0%| F|  |TAMS 0x0000000090e00000, 0x0000000090e00000| Untracked 

Card table byte_map: [0x000001fc97eb0000,0x000001fc982b0000] _byte_map_base: 0x000001fc97aa2000

Marking Bits (Prev, Next): (CMBitMap*) 0x000001fc8f7fe690, (CMBitMap*) 0x000001fc8f7fe650
 Prev Bits: [0x000001fc9a640000, 0x000001fc9c5d0000)
 Next Bits: [0x000001fc986b0000, 0x000001fc9a640000)

Polling page: 0x000001fc945f0000

Metaspace:

Usage:
  Non-class:     28.92 MB used.
      Class:      4.06 MB used.
       Both:     32.98 MB used.

Virtual space:
  Non-class space:       64.00 MB reserved,      29.12 MB ( 46%) committed,  1 nodes.
      Class space:        1.00 GB reserved,       4.25 MB ( <1%) committed,  1 nodes.
             Both:        1.06 GB reserved,      33.38 MB (  3%) committed. 

Chunk freelists:
   Non-Class:  2.19 MB
       Class:  11.78 MB
        Both:  13.98 MB

MaxMetaspaceSize: unlimited
CompressedClassSpaceSize: 1.00 GB
Initial GC threshold: 21.00 MB
Current GC threshold: 36.50 MB
CDS: off
MetaspaceReclaimPolicy: balanced
 - commit_granule_bytes: 65536.
 - commit_granule_words: 8192.
 - virtual_space_node_default_size: 8388608.
 - enlarge_chunks_in_place: 1.
 - new_chunks_are_fully_committed: 0.
 - uncommit_free_chunks: 1.
 - use_allocation_guard: 0.
 - handle_deallocations: 1.


Internal statistics:

num_allocs_failed_limit: 9.
num_arena_births: 578.
num_arena_deaths: 0.
num_vsnodes_births: 2.
num_vsnodes_deaths: 0.
num_space_committed: 534.
num_space_uncommitted: 0.
num_chunks_returned_to_freelist: 9.
num_chunks_taken_from_freelist: 1754.
num_chunk_merges: 9.
num_chunk_splits: 1043.
num_chunks_enlarged: 593.
num_inconsistent_stats: 0.

CodeCache: size=49152Kb used=8148Kb max_used=8148Kb free=41003Kb
 bounds [0x000001fc94610000, 0x000001fc94e10000, 0x000001fc97610000]
 total_blobs=4489 nmethods=3975 adapters=440
 compilation: enabled
              stopped_count=0, restarted_count=0
 full_count=0

Compilation events (20 events):
Event: 4.748 Thread 0x000001fca30458f0 3989       1       org.jboss.jandex.Indexer::processClassInfo (289 bytes)
Event: 4.750 Thread 0x000001fca317bd50 nmethod 3985 0x000001fc94dfdd10 code [0x000001fc94dfe080, 0x000001fc94dff428]
Event: 4.750 Thread 0x000001fca317bd50 3991       1       sun.security.provider.SHA::implCompress0 (506 bytes)
Event: 4.750 Thread 0x000001fca30458f0 nmethod 3989 0x000001fc94dfff90 code [0x000001fc94e002a0, 0x000001fc94e00f48]
Event: 4.750 Thread 0x000001fca30458f0 3990       1       org.jboss.jandex.Indexer::processFieldInfo (131 bytes)
Event: 4.750 Thread 0x000001fca317bd50 nmethod 3991 0x000001fc94e01a90 code [0x000001fc94e01c60, 0x000001fc94e021a8]
Event: 4.750 Thread 0x000001fca317bd50 3992       1       java.nio.charset.CharsetEncoder::maxBytesPerChar (5 bytes)
Event: 4.750 Thread 0x000001fca317bd50 nmethod 3992 0x000001fc94e02510 code [0x000001fc94e026a0, 0x000001fc94e02778]
Event: 4.750 Thread 0x000001fca317bd50 3993       1       sun.nio.cs.SingleByte$Encoder::isASCIICompatible (5 bytes)
Event: 4.751 Thread 0x000001fca317bd50 nmethod 3993 0x000001fc94e02810 code [0x000001fc94e029a0, 0x000001fc94e02a78]
Event: 4.751 Thread 0x000001fca317bd50 3986       1       org.jboss.jandex.Indexer::verifyMagic (53 bytes)
Event: 4.751 Thread 0x000001fca317bd50 nmethod 3986 0x000001fc94e02b10 code [0x000001fc94e02cc0, 0x000001fc94e02f18]
Event: 4.751 Thread 0x000001fca317bd50 3988       1       org.jboss.jandex.Indexer::initClassFields (71 bytes)
Event: 4.751 Thread 0x000001fca30458f0 nmethod 3990 0x000001fc94e03010 code [0x000001fc94e03280, 0x000001fc94e039e8]
Event: 4.751 Thread 0x000001fca30458f0 3987       1       org.jboss.jandex.Indexer::isJDK11OrNewer (33 bytes)
Event: 4.751 Thread 0x000001fca30458f0 nmethod 3987 0x000001fc94e03f10 code [0x000001fc94e040c0, 0x000001fc94e04218]
Event: 4.751 Thread 0x000001fca30458f0 3994       1       java.util.AbstractMap$SimpleEntry::getValue (5 bytes)
Event: 4.751 Thread 0x000001fca317bd50 nmethod 3988 0x000001fc94e04310 code [0x000001fc94e04500, 0x000001fc94e04cf8]
Event: 4.752 Thread 0x000001fca30458f0 nmethod 3994 0x000001fc94e04e90 code [0x000001fc94e05020, 0x000001fc94e050f8]
Event: 4.755 Thread 0x000001fca30458f0 3995   !   1       io.quarkus.bootstrap.classloading.QuarkusClassLoader::getResourceAsStream (274 bytes)

GC Heap History (20 events):
Event: 0.921 GC heap after
{Heap after GC invocations=2 (full 0):
 garbage-first heap   total 131072K, used 16354K [0x0000000081c00000, 0x0000000100000000)
  region size 1024K, 2 young (2048K), 2 survivors (2048K)
 Metaspace       used 10173K, committed 10304K, reserved 1114112K
  class space    used 991K, committed 1088K, reserved 1048576K
}
Event: 1.086 GC heap before
{Heap before GC invocations=2 (full 0):
 garbage-first heap   total 131072K, used 36834K [0x0000000081c00000, 0x0000000100000000)
  region size 1024K, 20 young (20480K), 2 survivors (2048K)
 Metaspace       used 10830K, committed 11136K, reserved 1114112K
  class space    used 1051K, committed 1216K, reserved 1048576K
}
Event: 1.101 GC heap after
{Heap after GC invocations=3 (full 0):
 garbage-first heap   total 131072K, used 33792K [0x0000000081c00000, 0x0000000100000000)
  region size 1024K, 3 young (3072K), 3 survivors (3072K)
 Metaspace       used 10830K, committed 11136K, reserved 1114112K
  class space    used 1051K, committed 1216K, reserved 1048576K
}
Event: 1.209 GC heap before
{Heap before GC invocations=3 (full 0):
 garbage-first heap   total 131072K, used 52224K [0x0000000081c00000, 0x0000000100000000)
  region size 1024K, 22 young (22528K), 3 survivors (3072K)
 Metaspace       used 10869K, committed 11136K, reserved 1114112K
  class space    used 1059K, committed 1216K, reserved 1048576K
}
Event: 1.220 GC heap after
{Heap after GC invocations=4 (full 0):
 garbage-first heap   total 131072K, used 38912K [0x0000000081c00000, 0x0000000100000000)
  region size 1024K, 3 young (3072K), 3 survivors (3072K)
 Metaspace       used 10869K, committed 11136K, reserved 1114112K
  class space    used 1059K, committed 1216K, reserved 1048576K
}
Event: 1.402 GC heap before
{Heap before GC invocations=4 (full 0):
 garbage-first heap   total 131072K, used 74752K [0x0000000081c00000, 0x0000000100000000)
  region size 1024K, 37 young (37888K), 3 survivors (3072K)
 Metaspace       used 10960K, committed 11264K, reserved 1114112K
  class space    used 1066K, committed 1216K, reserved 1048576K
}
Event: 1.418 GC heap after
{Heap after GC invocations=5 (full 0):
 garbage-first heap   total 131072K, used 48503K [0x0000000081c00000, 0x0000000100000000)
  region size 1024K, 5 young (5120K), 5 survivors (5120K)
 Metaspace       used 10960K, committed 11264K, reserved 1114112K
  class space    used 1066K, committed 1216K, reserved 1048576K
}
Event: 1.529 GC heap before
{Heap before GC invocations=5 (full 0):
 garbage-first heap   total 131072K, used 79223K [0x0000000081c00000, 0x0000000100000000)
  region size 1024K, 35 young (35840K), 5 survivors (5120K)
 Metaspace       used 10961K, committed 11264K, reserved 1114112K
  class space    used 1067K, committed 1216K, reserved 1048576K
}
Event: 1.548 GC heap after
{Heap after GC invocations=6 (full 0):
 garbage-first heap   total 248832K, used 56320K [0x0000000081c00000, 0x0000000100000000)
  region size 1024K, 5 young (5120K), 5 survivors (5120K)
 Metaspace       used 10961K, committed 11264K, reserved 1114112K
  class space    used 1067K, committed 1216K, reserved 1048576K
}
Event: 2.048 GC heap before
{Heap before GC invocations=6 (full 0):
 garbage-first heap   total 248832K, used 99328K [0x0000000081c00000, 0x0000000100000000)
  region size 1024K, 44 young (45056K), 5 survivors (5120K)
 Metaspace       used 14296K, committed 14592K, reserved 1114112K
  class space    used 1504K, committed 1664K, reserved 1048576K
}
Event: 2.086 GC heap after
{Heap after GC invocations=7 (full 0):
 garbage-first heap   total 248832K, used 79188K [0x0000000081c00000, 0x0000000100000000)
  region size 1024K, 6 young (6144K), 6 survivors (6144K)
 Metaspace       used 14296K, committed 14592K, reserved 1114112K
  class space    used 1504K, committed 1664K, reserved 1048576K
}
Event: 3.284 GC heap before
{Heap before GC invocations=7 (full 0):
 garbage-first heap   total 248832K, used 125268K [0x0000000081c00000, 0x0000000100000000)
  region size 1024K, 51 young (52224K), 6 survivors (6144K)
 Metaspace       used 20672K, committed 20928K, reserved 1114112K
  class space    used 2338K, committed 2496K, reserved 1048576K
}
Event: 3.298 GC heap after
{Heap after GC invocations=8 (full 0):
 garbage-first heap   total 248832K, used 84326K [0x0000000081c00000, 0x0000000100000000)
  region size 1024K, 4 young (4096K), 4 survivors (4096K)
 Metaspace       used 20672K, committed 20928K, reserved 1114112K
  class space    used 2338K, committed 2496K, reserved 1048576K
}
Event: 3.366 GC heap before
{Heap before GC invocations=8 (full 0):
 garbage-first heap   total 248832K, used 89446K [0x0000000081c00000, 0x0000000100000000)
  region size 1024K, 10 young (10240K), 4 survivors (4096K)
 Metaspace       used 21232K, committed 21504K, reserved 1114112K
  class space    used 2432K, committed 2624K, reserved 1048576K
}
Event: 3.371 GC heap after
{Heap after GC invocations=9 (full 0):
 garbage-first heap   total 248832K, used 84670K [0x0000000081c00000, 0x0000000100000000)
  region size 1024K, 5 young (5120K), 5 survivors (5120K)
 Metaspace       used 21232K, committed 21504K, reserved 1114112K
  class space    used 2432K, committed 2624K, reserved 1048576K
}
Event: 3.645 GC heap before
{Heap before GC invocations=10 (full 0):
 garbage-first heap   total 248832K, used 164542K [0x0000000081c00000, 0x0000000100000000)
  region size 1024K, 86 young (88064K), 5 survivors (5120K)
 Metaspace       used 24048K, committed 24448K, reserved 1114112K
  class space    used 2884K, committed 3072K, reserved 1048576K
}
Event: 3.657 GC heap after
{Heap after GC invocations=11 (full 0):
 garbage-first heap   total 248832K, used 84866K [0x0000000081c00000, 0x0000000100000000)
  region size 1024K, 8 young (8192K), 8 survivors (8192K)
 Metaspace       used 24048K, committed 24448K, reserved 1114112K
  class space    used 2884K, committed 3072K, reserved 1048576K
}
Event: 3.686 GC heap before
{Heap before GC invocations=11 (full 0):
 garbage-first heap   total 248832K, used 88962K [0x0000000081c00000, 0x0000000100000000)
  region size 1024K, 12 young (12288K), 8 survivors (8192K)
 Metaspace       used 24507K, committed 24896K, reserved 1114112K
  class space    used 2946K, committed 3136K, reserved 1048576K
}
Event: 3.701 GC heap after
{Heap after GC invocations=12 (full 0):
 garbage-first heap   total 248832K, used 82425K [0x0000000081c00000, 0x0000000100000000)
  region size 1024K, 2 young (2048K), 2 survivors (2048K)
 Metaspace       used 24507K, committed 24896K, reserved 1114112K
  class space    used 2946K, committed 3136K, reserved 1048576K
}
Event: 4.757 GC heap before
{Heap before GC invocations=12 (full 0):
 garbage-first heap   total 248832K, used 176633K [0x0000000081c00000, 0x0000000100000000)
  region size 1024K, 93 young (95232K), 2 survivors (2048K)
 Metaspace       used 33768K, committed 34176K, reserved 1114112K
  class space    used 4155K, committed 4352K, reserved 1048576K
}

Dll operation events (10 events):
Event: 0.017 Loaded shared library C:\Users\Sanjay\eclipse\plugins\org.eclipse.justj.openjdk.hotspot.jre.full.win32.x86_64_17.0.7.v20230425-1502\jre\bin\java.dll
Event: 0.222 Loaded shared library C:\Users\Sanjay\eclipse\plugins\org.eclipse.justj.openjdk.hotspot.jre.full.win32.x86_64_17.0.7.v20230425-1502\jre\bin\zip.dll
Event: 0.226 Loaded shared library C:\Users\Sanjay\eclipse\plugins\org.eclipse.justj.openjdk.hotspot.jre.full.win32.x86_64_17.0.7.v20230425-1502\jre\bin\instrument.dll
Event: 0.241 Loaded shared library C:\Users\Sanjay\eclipse\plugins\org.eclipse.justj.openjdk.hotspot.jre.full.win32.x86_64_17.0.7.v20230425-1502\jre\bin\net.dll
Event: 0.245 Loaded shared library C:\Users\Sanjay\eclipse\plugins\org.eclipse.justj.openjdk.hotspot.jre.full.win32.x86_64_17.0.7.v20230425-1502\jre\bin\nio.dll
Event: 0.253 Loaded shared library C:\Users\Sanjay\eclipse\plugins\org.eclipse.justj.openjdk.hotspot.jre.full.win32.x86_64_17.0.7.v20230425-1502\jre\bin\zip.dll
Event: 0.423 Loaded shared library C:\Users\Sanjay\eclipse\plugins\org.eclipse.justj.openjdk.hotspot.jre.full.win32.x86_64_17.0.7.v20230425-1502\jre\bin\jimage.dll
Event: 1.826 Loaded shared library C:\Users\Sanjay\eclipse\plugins\org.eclipse.justj.openjdk.hotspot.jre.full.win32.x86_64_17.0.7.v20230425-1502\jre\bin\verify.dll
Event: 1.844 Loaded shared library C:\Users\Sanjay\eclipse\plugins\org.eclipse.justj.openjdk.hotspot.jre.full.win32.x86_64_17.0.7.v20230425-1502\jre\bin\management.dll
Event: 1.848 Loaded shared library C:\Users\Sanjay\eclipse\plugins\org.eclipse.justj.openjdk.hotspot.jre.full.win32.x86_64_17.0.7.v20230425-1502\jre\bin\management_ext.dll

Deoptimization events (2 events):
Event: 3.250 Thread 0x000001fc8f7a7a10 DEOPT PACKING pc=0x000001fc94b90c99 sp=0x00000007863fda30
Event: 3.250 Thread 0x000001fc8f7a7a10 DEOPT UNPACKING pc=0x000001fc94667143 sp=0x00000007863fcf10 mode 3

Classes unloaded (0 events):
No events

Classes redefined (0 events):
No events

Internal exceptions (20 events):
Event: 4.551 Thread 0x000001fca5bea3b0 Exception <a 'sun/nio/fs/WindowsException'{0x000000008d4177b0}> (0x000000008d4177b0) 
thrown [s\src\hotspot\share\prims\jni.cpp, line 516]
Event: 4.551 Thread 0x000001fca5bea3b0 Exception <a 'sun/nio/fs/WindowsException'{0x000000008d417a18}> (0x000000008d417a18) 
thrown [s\src\hotspot\share\prims\jni.cpp, line 516]
Event: 4.551 Thread 0x000001fca5ba4dd0 Exception <a 'sun/nio/fs/WindowsException'{0x000000008d561650}> (0x000000008d561650) 
thrown [s\src\hotspot\share\prims\jni.cpp, line 516]
Event: 4.552 Thread 0x000001fca5b18e90 Exception <a 'sun/nio/fs/WindowsException'{0x000000008d4567c8}> (0x000000008d4567c8) 
thrown [s\src\hotspot\share\prims\jni.cpp, line 516]
Event: 4.552 Thread 0x000001fca5b18e90 Exception <a 'sun/nio/fs/WindowsException'{0x000000008d456a30}> (0x000000008d456a30) 
thrown [s\src\hotspot\share\prims\jni.cpp, line 516]
Event: 4.553 Thread 0x000001fca5bea3b0 Exception <a 'java/lang/IncompatibleClassChangeError'{0x000000008d418bf0}: Found class java.lang.Object, but interface was expected> (0x000000008d418bf0) 
thrown [s\src\hotspot\share\interpreter\linkResolver.cpp, line 826]
Event: 4.556 Thread 0x000001fca5ba4dd0 Exception <a 'sun/nio/fs/WindowsException'{0x000000008d56f800}> (0x000000008d56f800) 
thrown [s\src\hotspot\share\prims\jni.cpp, line 516]
Event: 4.556 Thread 0x000001fca5ba4dd0 Exception <a 'sun/nio/fs/WindowsException'{0x000000008d56fa90}> (0x000000008d56fa90) 
thrown [s\src\hotspot\share\prims\jni.cpp, line 516]
Event: 4.566 Thread 0x000001fca5b18e90 Exception <a 'sun/nio/fs/WindowsException'{0x000000008c965d08}> (0x000000008c965d08) 
thrown [s\src\hotspot\share\prims\jni.cpp, line 516]
Event: 4.567 Thread 0x000001fca5b18e90 Exception <a 'sun/nio/fs/WindowsException'{0x000000008c965f70}> (0x000000008c965f70) 
thrown [s\src\hotspot\share\prims\jni.cpp, line 516]
Event: 4.596 Thread 0x000001fca5b18020 Exception <a 'sun/nio/fs/WindowsException'{0x000000008e14fc48}> (0x000000008e14fc48) 
thrown [s\src\hotspot\share\prims\jni.cpp, line 516]
Event: 4.596 Thread 0x000001fca5b18020 Exception <a 'sun/nio/fs/WindowsException'{0x000000008e14ff00}> (0x000000008e14ff00) 
thrown [s\src\hotspot\share\prims\jni.cpp, line 516]
Event: 4.694 Thread 0x000001fca5b18e90 Exception <a 'java/lang/IncompatibleClassChangeError'{0x000000008ba44450}: Found class java.lang.Object, but interface was expected> (0x000000008ba44450) 
thrown [s\src\hotspot\share\interpreter\linkResolver.cpp, line 826]
Event: 4.727 Thread 0x000001fca5a542f0 Exception <a 'java/lang/NoSuchMethodError'{0x000000008b661bc8}: 'java.lang.Object java.lang.invoke.DirectMethodHandle$Holder.invokeStaticInit(java.lang.Object, java.lang.Object, java.lang.Object, java.lang.Object)'> (0x000000008b661bc8) 
thrown [s\src\hotspot\share\interpreter\linkResolver.cpp, line 759]
Event: 4.727 Thread 0x000001fca5ba18e0 Exception <a 'java/lang/NoSuchMethodError'{0x000000008b613f50}: 'void java.lang.invoke.DirectMethodHandle$Holder.invokeStatic(java.lang.Object, java.lang.Object, int)'> (0x000000008b613f50) 
thrown [s\src\hotspot\share\interpreter\linkResolver.cpp, line 759]
Event: 4.729 Thread 0x000001fca5ba18e0 Exception <a 'sun/nio/fs/WindowsException'{0x000000008b6201f8}> (0x000000008b6201f8) 
thrown [s\src\hotspot\share\prims\jni.cpp, line 516]
Event: 4.729 Thread 0x000001fca5ba18e0 Exception <a 'sun/nio/fs/WindowsException'{0x000000008b620450}> (0x000000008b620450) 
thrown [s\src\hotspot\share\prims\jni.cpp, line 516]
Event: 4.737 Thread 0x000001fca5a542f0 Exception <a 'java/lang/NoSuchMethodError'{0x000000008b53a9e8}: 'java.lang.Object java.lang.invoke.DirectMethodHandle$Holder.invokeStaticInit(java.lang.Object, int, int, int, int)'> (0x000000008b53a9e8) 
thrown [s\src\hotspot\share\interpreter\linkResolver.cpp, line 759]
Event: 4.744 Thread 0x000001fca5bea3b0 Exception <a 'java/lang/NoSuchMethodError'{0x000000008b6ac118}: 'java.lang.Object java.lang.invoke.DirectMethodHandle$Holder.newInvokeSpecial(java.lang.Object, java.lang.Object, java.lang.Object, java.lang.Object, java.lang.Object, java.lang.Object, java.lang.Object)'> (0x000000008b6ac118) 
thrown [s\src\hotspot\share\interpreter\linkResolver.cpp, line 759]
Event: 4.745 Thread 0x000001fca5bea3b0 Exception <a 'java/lang/NoSuchMethodError'{0x000000008b6b05f0}: 'java.lang.Object java.lang.invoke.Invokers$Holder.linkToTargetMethod(java.lang.Object, java.lang.Object, java.lang.Object, java.lang.Object, java.lang.Object, java.lang.Object, java.lang.Object)'> (0x000000008b6b05f0) 
thrown [s\src\hotspot\share\interpreter\linkResolver.cpp, line 759]

VM Operations (20 events):
Event: 3.702 Executing VM operation: G1CollectForAllocation done
Event: 3.732 Executing VM operation: HandshakeAllThreads
Event: 3.742 Executing VM operation: HandshakeAllThreads done
Event: 3.742 Executing VM operation: HandshakeAllThreads
Event: 3.742 Executing VM operation: HandshakeAllThreads done
Event: 3.790 Executing VM operation: HandshakeAllThreads
Event: 3.801 Executing VM operation: HandshakeAllThreads done
Event: 4.028 Executing VM operation: HandshakeAllThreads
Event: 4.044 Executing VM operation: HandshakeAllThreads done
Event: 4.331 Executing VM operation: HandshakeAllThreads
Event: 4.341 Executing VM operation: HandshakeAllThreads done
Event: 4.540 Executing VM operation: ICBufferFull
Event: 4.541 Executing VM operation: ICBufferFull done
Event: 4.658 Executing VM operation: HandshakeAllThreads
Event: 4.658 Executing VM operation: HandshakeAllThreads done
Event: 4.671 Executing VM operation: HandshakeAllThreads
Event: 4.672 Executing VM operation: HandshakeAllThreads done
Event: 4.723 Executing VM operation: HandshakeAllThreads
Event: 4.723 Executing VM operation: HandshakeAllThreads done
Event: 4.757 Executing VM operation: G1CollectForAllocation

Events (20 events):
Event: 4.736 loading class java/util/TreeMap$TreeMapSpliterator done
Event: 4.736 loading class java/util/TreeMap$KeySpliterator done
Event: 4.736 loading class sun/security/provider/EntropySource
Event: 4.736 loading class sun/security/provider/EntropySource done
Event: 4.737 loading class java/security/DrbgParameters$NextBytes
Event: 4.738 loading class java/security/DrbgParameters$NextBytes done
Event: 4.738 loading class sun/security/provider/AbstractDrbg$SeederHolder
Event: 4.738 loading class sun/security/provider/AbstractDrbg$SeederHolder done
Event: 4.738 loading class sun/security/provider/SeedGenerator
Event: 4.738 loading class sun/security/provider/SeedGenerator done
Event: 4.738 loading class sun/security/provider/NativeSeedGenerator
Event: 4.738 loading class sun/security/provider/NativeSeedGenerator done
Event: 4.747 loading class sun/security/provider/SeedGenerator$1
Event: 4.747 loading class sun/security/provider/SeedGenerator$1 done
Event: 4.749 loading class java/net/NetworkInterface
Event: 4.749 loading class java/net/NetworkInterface done
Event: 4.750 loading class java/net/InterfaceAddress
Event: 4.750 loading class java/net/InterfaceAddress done
Event: 4.750 loading class java/net/DefaultInterface
Event: 4.750 loading class java/net/DefaultInterface done


Dynamic libraries:
0x00007ff66fce0000 - 0x00007ff66fcee000 	C:\Users\Sanjay\eclipse\plugins\org.eclipse.justj.openjdk.hotspot.jre.full.win32.x86_64_17.0.7.v20230425-1502\jre\bin\java.EXE
0x00007ffb475d0000 - 0x00007ffb477c8000 	C:\WINDOWS\SYSTEM32\ntdll.dll
0x00007ffb47110000 - 0x00007ffb471d2000 	C:\WINDOWS\System32\KERNEL32.DLL
0x00007ffb44e40000 - 0x00007ffb4513f000 	C:\WINDOWS\System32\KERNELBASE.dll
0x00007ffb45140000 - 0x00007ffb45240000 	C:\WINDOWS\System32\ucrtbase.dll
0x00007ffb3bcb0000 - 0x00007ffb3bcc7000 	C:\Users\Sanjay\eclipse\plugins\org.eclipse.justj.openjdk.hotspot.jre.full.win32.x86_64_17.0.7.v20230425-1502\jre\bin\jli.dll
0x00007ffb3c740000 - 0x00007ffb3c759000 	C:\Users\Sanjay\eclipse\plugins\org.eclipse.justj.openjdk.hotspot.jre.full.win32.x86_64_17.0.7.v20230425-1502\jre\bin\VCRUNTIME140.dll
0x00007ffb473f0000 - 0x00007ffb4758d000 	C:\WINDOWS\System32\USER32.dll
0x00007ffb455c0000 - 0x00007ffb455e2000 	C:\WINDOWS\System32\win32u.dll
0x00007ffb45720000 - 0x00007ffb4574b000 	C:\WINDOWS\System32\GDI32.dll
0x00007ffb45290000 - 0x00007ffb453aa000 	C:\WINDOWS\System32\gdi32full.dll
0x00007ffb2d7d0000 - 0x00007ffb2da6a000 	C:\WINDOWS\WinSxS\amd64_microsoft.windows.common-controls_6595b64144ccf1df_6.0.19041.4355_none_60b8b9eb71f62e16\COMCTL32.dll
0x00007ffb44d30000 - 0x00007ffb44dcd000 	C:\WINDOWS\System32\msvcp_win.dll
0x00007ffb45be0000 - 0x00007ffb45c7e000 	C:\WINDOWS\System32\msvcrt.dll
0x00007ffb468b0000 - 0x00007ffb468df000 	C:\WINDOWS\System32\IMM32.DLL
0x0000000064a10000 - 0x0000000064a1c000 	C:\Program Files (x86)\360\Total Security\safemon\SafeWrapper.dll
0x00007ffb468e0000 - 0x00007ffb4698f000 	C:\WINDOWS\System32\ADVAPI32.dll
0x00007ffb46810000 - 0x00007ffb468af000 	C:\WINDOWS\System32\sechost.dll
0x00007ffb471e0000 - 0x00007ffb47303000 	C:\WINDOWS\System32\RPCRT4.dll
0x00007ffb44d00000 - 0x00007ffb44d27000 	C:\WINDOWS\System32\bcrypt.dll
0x00007ffac2900000 - 0x00007ffac29ac000 	C:\Program Files (x86)\360\Total Security\safemon\libzdtp64.dll
0x00007ffb45fd0000 - 0x00007ffb4673d000 	C:\WINDOWS\System32\SHELL32.dll
0x00007ffb46750000 - 0x00007ffb467a5000 	C:\WINDOWS\System32\SHLWAPI.dll
0x00007ffb44700000 - 0x00007ffb4470a000 	C:\WINDOWS\SYSTEM32\VERSION.dll
0x00007ffb3c730000 - 0x00007ffb3c73c000 	C:\Users\Sanjay\eclipse\plugins\org.eclipse.justj.openjdk.hotspot.jre.full.win32.x86_64_17.0.7.v20230425-1502\jre\bin\vcruntime140_1.dll
0x00007ffb18330000 - 0x00007ffb183c1000 	C:\Users\Sanjay\eclipse\plugins\org.eclipse.justj.openjdk.hotspot.jre.full.win32.x86_64_17.0.7.v20230425-1502\jre\bin\msvcp140.dll
0x00007ffaa7120000 - 0x00007ffaa7d68000 	C:\Users\Sanjay\eclipse\plugins\org.eclipse.justj.openjdk.hotspot.jre.full.win32.x86_64_17.0.7.v20230425-1502\jre\bin\server\jvm.dll
0x00007ffb2e190000 - 0x00007ffb2e199000 	C:\WINDOWS\SYSTEM32\WSOCK32.dll
0x00007ffb45ee0000 - 0x00007ffb45f4b000 	C:\WINDOWS\System32\WS2_32.dll
0x00007ffb2db80000 - 0x00007ffb2dba7000 	C:\WINDOWS\SYSTEM32\WINMM.dll
0x00007ffb43420000 - 0x00007ffb43432000 	C:\WINDOWS\SYSTEM32\kernel.appcore.dll
0x00007ffb3c630000 - 0x00007ffb3c63a000 	C:\Users\Sanjay\eclipse\plugins\org.eclipse.justj.openjdk.hotspot.jre.full.win32.x86_64_17.0.7.v20230425-1502\jre\bin\jimage.dll
0x00007ffb3f930000 - 0x00007ffb3fb14000 	C:\WINDOWS\SYSTEM32\DBGHELP.DLL
0x00007ffb25d20000 - 0x00007ffb25d54000 	C:\WINDOWS\SYSTEM32\dbgcore.DLL
0x00007ffb44c70000 - 0x00007ffb44cf2000 	C:\WINDOWS\System32\bcryptPrimitives.dll
0x00007ffb3bfa0000 - 0x00007ffb3bfae000 	C:\Users\Sanjay\eclipse\plugins\org.eclipse.justj.openjdk.hotspot.jre.full.win32.x86_64_17.0.7.v20230425-1502\jre\bin\instrument.dll
0x00007ffb1dd10000 - 0x00007ffb1dd35000 	C:\Users\Sanjay\eclipse\plugins\org.eclipse.justj.openjdk.hotspot.jre.full.win32.x86_64_17.0.7.v20230425-1502\jre\bin\java.dll
0x00007ffb3bb40000 - 0x00007ffb3bb58000 	C:\Users\Sanjay\eclipse\plugins\org.eclipse.justj.openjdk.hotspot.jre.full.win32.x86_64_17.0.7.v20230425-1502\jre\bin\zip.dll
0x00007ffb42c60000 - 0x00007ffb43404000 	C:\WINDOWS\SYSTEM32\windows.storage.dll
0x00007ffb45880000 - 0x00007ffb45bd5000 	C:\WINDOWS\System32\combase.dll
0x00007ffb44560000 - 0x00007ffb4458b000 	C:\WINDOWS\SYSTEM32\Wldp.dll
0x00007ffb45750000 - 0x00007ffb4581d000 	C:\WINDOWS\System32\OLEAUT32.dll
0x00007ffb45d10000 - 0x00007ffb45dbd000 	C:\WINDOWS\System32\SHCORE.dll
0x00007ffb44ba0000 - 0x00007ffb44bc5000 	C:\WINDOWS\SYSTEM32\profapi.dll
0x00007ffb21e70000 - 0x00007ffb21e89000 	C:\Users\Sanjay\eclipse\plugins\org.eclipse.justj.openjdk.hotspot.jre.full.win32.x86_64_17.0.7.v20230425-1502\jre\bin\net.dll
0x00007ffb2f880000 - 0x00007ffb2f98a000 	C:\WINDOWS\SYSTEM32\WINHTTP.dll
0x00007ffb442c0000 - 0x00007ffb4432c000 	C:\WINDOWS\system32\mswsock.dll
0x00007ffb21380000 - 0x00007ffb21395000 	C:\Users\Sanjay\eclipse\plugins\org.eclipse.justj.openjdk.hotspot.jre.full.win32.x86_64_17.0.7.v20230425-1502\jre\bin\nio.dll
0x00007ffb3b1f0000 - 0x00007ffb3b200000 	C:\Users\Sanjay\eclipse\plugins\org.eclipse.justj.openjdk.hotspot.jre.full.win32.x86_64_17.0.7.v20230425-1502\jre\bin\verify.dll
0x00007ffb2b380000 - 0x00007ffb2b389000 	C:\Users\Sanjay\eclipse\plugins\org.eclipse.justj.openjdk.hotspot.jre.full.win32.x86_64_17.0.7.v20230425-1502\jre\bin\management.dll
0x00007ffb27290000 - 0x00007ffb2729b000 	C:\Users\Sanjay\eclipse\plugins\org.eclipse.justj.openjdk.hotspot.jre.full.win32.x86_64_17.0.7.v20230425-1502\jre\bin\management_ext.dll
0x00007ffb45dc0000 - 0x00007ffb45dc8000 	C:\WINDOWS\System32\PSAPI.DLL
0x00007ffb444c0000 - 0x00007ffb444d8000 	C:\WINDOWS\SYSTEM32\CRYPTSP.dll
0x00007ffb43be0000 - 0x00007ffb43c18000 	C:\WINDOWS\system32\rsaenh.dll
0x00007ffb44b20000 - 0x00007ffb44b4e000 	C:\WINDOWS\SYSTEM32\USERENV.dll
0x00007ffb444b0000 - 0x00007ffb444bc000 	C:\WINDOWS\SYSTEM32\CRYPTBASE.dll
0x00007ffb43fa0000 - 0x00007ffb43fdb000 	C:\WINDOWS\SYSTEM32\IPHLPAPI.DLL
0x00007ffb46740000 - 0x00007ffb46748000 	C:\WINDOWS\System32\NSI.dll
0x00007ffb2ff40000 - 0x00007ffb2ff57000 	C:\WINDOWS\SYSTEM32\dhcpcsvc6.DLL
0x00007ffb36e60000 - 0x00007ffb36e7d000 	C:\WINDOWS\SYSTEM32\dhcpcsvc.DLL
0x00007ffb43fe0000 - 0x00007ffb440aa000 	C:\WINDOWS\SYSTEM32\DNSAPI.dll

dbghelp: loaded successfully - version: 4.0.5 - missing functions: none
symbol engine: initialized successfully - sym options: 0x614 - pdb path: .;C:\Users\Sanjay\eclipse\plugins\org.eclipse.justj.openjdk.hotspot.jre.full.win32.x86_64_17.0.7.v20230425-1502\jre\bin;C:\WINDOWS\SYSTEM32;C:\WINDOWS\WinSxS\amd64_microsoft.windows.common-controls_6595b64144ccf1df_6.0.19041.4355_none_60b8b9eb71f62e16;C:\Program Files (x86)\360\Total Security\safemon;C:\Users\Sanjay\eclipse\plugins\org.eclipse.justj.openjdk.hotspot.jre.full.win32.x86_64_17.0.7.v20230425-1502\jre\bin\server

VM Arguments:
jvm_args: -Dquarkus-internal.serialized-app-model.path=D:\codifi\emloyee\target\quarkus\bootstrap\dev-app-model.dat -javaagent:C:\Users\Sanjay\.m2\repository\io\quarkus\quarkus-class-change-agent\2.16.6.Final\quarkus-class-change-agent-2.16.6.Final.jar -XX:TieredStopAtLevel=1 -Djava.util.logging.manager=org.jboss.logmanager.LogManager 
java_command: D:\codifi\emloyee\target\employee-dev.jar
java_class_path (initial): D:\codifi\emloyee\target\employee-dev.jar
Launcher Type: SUN_STANDARD

[Global flags]
     intx CICompilerCount                          = 3                                         {product} {ergonomic}
     uint ConcGCThreads                            = 1                                         {product} {ergonomic}
     uint G1ConcRefinementThreads                  = 4                                         {product} {ergonomic}
   size_t G1HeapRegionSize                         = 1048576                                   {product} {ergonomic}
    uintx GCDrainStackTargetSize                   = 64                                        {product} {ergonomic}
   size_t InitialHeapSize                          = 134217728                                 {product} {ergonomic}
   size_t MarkStackSize                            = 4194304                                   {product} {ergonomic}
   size_t MaxHeapSize                              = 2118123520                                {product} {ergonomic}
   size_t MaxNewSize                               = 1270874112                                {product} {ergonomic}
   size_t MinHeapDeltaBytes                        = 1048576                                   {product} {ergonomic}
   size_t MinHeapSize                              = 8388608                                   {product} {ergonomic}
    uintx NonProfiledCodeHeapSize                  = 0                                      {pd product} {ergonomic}
     bool ProfileInterpreter                       = false                                  {pd product} {command line}
    uintx ProfiledCodeHeapSize                     = 0                                      {pd product} {ergonomic}
   size_t SoftMaxHeapSize                          = 2118123520                             {manageable} {ergonomic}
     intx TieredStopAtLevel                        = 1                                         {product} {command line}
     bool UseCompressedClassPointers               = true                           {product lp64_product} {ergonomic}
     bool UseCompressedOops                        = true                           {product lp64_product} {ergonomic}
     bool UseG1GC                                  = true                                      {product} {ergonomic}
     bool UseLargePagesIndividualAllocation        = false                                  {pd product} {ergonomic}

Logging:
Log output configuration:
 #0: stdout all=warning uptime,level,tags
 #1: stderr all=off uptime,level,tags

Environment Variables:
JAVA_HOME=C:\Program Files\Java\jdk-17
PATH=C:/Users/Sanjay/eclipse//plugins/org.eclipse.justj.openjdk.hotspot.jre.full.win32.x86_64_17.0.7.v20230425-1502/jre/bin/server;C:/Users/Sanjay/eclipse//plugins/org.eclipse.justj.openjdk.hotspot.jre.full.win32.x86_64_17.0.7.v20230425-1502/jre/bin;C:\WINDOWS\system32;C:\WINDOWS;C:\WINDOWS\System32\Wbem;C:\WINDOWS\System32\WindowsPowerShell\v1.0\;C:\WINDOWS\System32\OpenSSH\;C:\Program Files\nodejs\;C:\Program Files\Git\cmd;C:\Program Files\Java\jdk-17;C:\Program Files\Apache\Maven\apache-maven-3.9.9\bin;C:\Users\Sanjay\AppData\Local\Programs\Python\Python312\Scripts\;C:\Users\Sanjay\AppData\Local\Programs\Python\Python312\;C:\Users\Sanjay\AppData\Local\Programs\Python\Launcher\;C:\Users\Sanjay\AppData\Local\Microsoft\WindowsApps;D:\vs code\Microsoft VS Code\bin;C:\Users\Sanjay\AppData\Roaming\npm;C:\Program Files\Java\jdk-17\bin;;C:\Users\Sanjay\eclipse;
USERNAME=Sanjay
OS=Windows_NT
PROCESSOR_IDENTIFIER=Intel64 Family 6 Model 78 Stepping 3, GenuineIntel
TMP=C:\Users\Sanjay\AppData\Local\Temp
TEMP=C:\Users\Sanjay\AppData\Local\Temp



---------------  S Y S T E M  ---------------

OS:
 Windows 10 , 64 bit Build 19041 (10.0.19041.5438)
OS uptime: 0 days 8:40 hours

CPU: total 4 (initial active 4) (2 cores per cpu, 2 threads per core) family 6 model 78 stepping 3 microcode 0xcc, cx8, cmov, fxsr, ht, mmx, 3dnowpref, sse, sse2, sse3, ssse3, sse4.1, sse4.2, popcnt, lzcnt, tsc, tscinvbit, avx, avx2, aes, erms, clmul, bmi1, bmi2, rtm, adx, fma, vzeroupper, clflush, clflushopt

Memory: 4k page, system-wide physical 8072M (255M free)
TotalPageFile size 22487M (AvailPageFile size 14M)
current process WorkingSet (physical memory assigned to process): 340M, peak: 340M
current process commit charge ("private bytes"): 410M, peak: 694M

vm_info: OpenJDK 64-Bit Server VM (17.0.7+7) for windows-amd64 JRE (17.0.7+7), built on Apr 18 2023 22:10:42 by "temurin" with MS VC++ 16.7 (VS2019)

END.
