#
# There is insufficient memory for the Java Runtime Environment to continue.
# Native memory allocation (mmap) failed to map 168820736 bytes for G1 virtual space
# Possible reasons:
#   The system is out of physical RAM or swap space
#   The process is running with CompressedOops enabled, and the Java Heap may be blocking the growth of the native heap
# Possible solutions:
#   Reduce memory load on the system
#   Increase physical memory or swap space
#   Check if swap backing store is full
#   Decrease Java heap size (-Xmx/-Xms)
#   Decrease number of Java threads
#   Decrease Java thread stack sizes (-Xss)
#   Set larger code cache with -XX:ReservedCodeCacheSize=
#   JVM is running with Unscaled Compressed Oops mode in which the Java heap is
#     placed in the first 4GB address space. The Java Heap base address is the
#     maximum limit for the native heap growth. Please use -XX:HeapBaseMinAddress
#     to set the Java Heap base and to place the Java Heap above 4GB virtual address.
# This output file may be truncated or incomplete.
#
#  Out of Memory Error (os_windows.cpp:3559), pid=9624, tid=42580
#
# JRE version: OpenJDK Runtime Environment Temurin-17.0.7+7 (17.0.7+7) (build 17.0.7+7)
# Java VM: OpenJDK 64-Bit Server VM Temurin-17.0.7+7 (17.0.7+7, mixed mode, emulated-client, tiered, compressed oops, compressed class ptrs, g1 gc, windows-amd64)
# No core dump will be written. Minidumps are not enabled by default on client versions of Windows
#

---------------  S U M M A R Y ------------

Command Line: -Dquarkus-internal.serialized-app-model.path=D:\codifi\emloyee\target\quarkus\bootstrap\dev-app-model.dat -javaagent:C:\Users\Sanjay\.m2\repository\io\quarkus\quarkus-class-change-agent\2.16.6.Final\quarkus-class-change-agent-2.16.6.Final.jar -XX:TieredStopAtLevel=1 -Djava.util.logging.manager=org.jboss.logmanager.LogManager D:\codifi\emloyee\target\employee-dev.jar

Host: Intel(R) Core(TM) i5-6300U CPU @ 2.40GHz, 4 cores, 7G,  Windows 10 , 64 bit Build 19041 (10.0.19041.5438)
Time: Wed Mar 26 18:00:01 2025 India Standard Time elapsed time: 3.169237 seconds (0d 0h 0m 3s)

---------------  T H R E A D  ---------------

Current thread (0x00000269ec910090):  VMThread "VM Thread" [stack: 0x000000c552d00000,0x000000c552e00000] [id=42580]

Stack: [0x000000c552d00000,0x000000c552e00000]
Native frames: (J=compiled Java code, j=interpreted, Vv=VM code, C=native code)
V  [jvm.dll+0x67754a]
V  [jvm.dll+0x834304]
V  [jvm.dll+0x835aae]
V  [jvm.dll+0x836113]
V  [jvm.dll+0x24696f]
V  [jvm.dll+0x6743f9]
V  [jvm.dll+0x668c8a]
V  [jvm.dll+0x3061bb]
V  [jvm.dll+0x30d6a6]
V  [jvm.dll+0x35cece]
V  [jvm.dll+0x35d0ff]
V  [jvm.dll+0x2dd048]
V  [jvm.dll+0x2db20c]
V  [jvm.dll+0x2da7dc]
V  [jvm.dll+0x31e6db]
V  [jvm.dll+0x83a5bb]
V  [jvm.dll+0x83b2f4]
V  [jvm.dll+0x83b80c]
V  [jvm.dll+0x83bbe4]
V  [jvm.dll+0x83bcb0]
V  [jvm.dll+0x7e4e7a]
V  [jvm.dll+0x676395]
C  [ucrtbase.dll+0x21bb2]
C  [KERNEL32.DLL+0x17374]
C  [ntdll.dll+0x4cc91]

VM_Operation (0x000000c5594fbb30): G1CollectForAllocation, mode: safepoint, requested by thread 0x00000269f36edd60


---------------  P R O C E S S  ---------------

Threads class SMR info:
_java_thread_list=0x00000269f3748780, length=133, elements={
0x00000269df323850, 0x00000269ec8c5cc0, 0x00000269ec8c76f0, 0x00000269ec8fc9d0,
0x00000269ec8fe3a0, 0x00000269ec9427b0, 0x00000269ec945450, 0x00000269ec946880,
0x00000269ec94b1f0, 0x00000269ec963290, 0x00000269eca6c150, 0x00000269eca6c660,
0x00000269f12c3830, 0x00000269f27ce910, 0x00000269f2917040, 0x00000269f360dbe0,
0x00000269f346f910, 0x00000269f346fde0, 0x00000269f34702b0, 0x00000269f3634020,
0x00000269f3646010, 0x00000269f36464e0, 0x00000269f35b89f0, 0x00000269f35bc3b0,
0x00000269f35bb540, 0x00000269f35b9d30, 0x00000269f35b9860, 0x00000269f35bba10,
0x00000269f35ba200, 0x00000269f35ba6d0, 0x00000269f35baba0, 0x00000269f35bb070,
0x00000269f35b8ec0, 0x00000269f35b9390, 0x00000269f35bbee0, 0x00000269f3665a00,
0x00000269f3668a20, 0x00000269f3664b90, 0x00000269f3667bb0, 0x00000269f3668ef0,
0x00000269f36663a0, 0x00000269f3666870, 0x00000269f3666d40, 0x00000269f3669890,
0x00000269f3665530, 0x00000269f36693c0, 0x00000269f3667210, 0x00000269f3663850,
0x00000269f3665ed0, 0x00000269f3668080, 0x00000269f36676e0, 0x00000269f3663d20,
0x00000269f3668550, 0x00000269f36641f0, 0x00000269f3669d60, 0x00000269f366a230,
0x00000269f366a700, 0x00000269f366abd0, 0x00000269f3663380, 0x00000269f36646c0,
0x00000269f3665060, 0x00000269f36ba2e0, 0x00000269f36b6920, 0x00000269f36bb150,
0x00000269f36b55e0, 0x00000269f36b6df0, 0x00000269f36b72c0, 0x00000269f36ba7b0,
0x00000269f36b7c60, 0x00000269f36b8600, 0x00000269f36bac80, 0x00000269f36b3dd0,
0x00000269f36b8fa0, 0x00000269f36bb620, 0x00000269f36b5f80, 0x00000269f36b7790,
0x00000269f36b42a0, 0x00000269f36b8130, 0x00000269f36b4770, 0x00000269f36b4c40,
0x00000269f36b8ad0, 0x00000269f36b5110, 0x00000269f36b6450, 0x00000269f36b9470,
0x00000269f36b5ab0, 0x00000269f36b9940, 0x00000269f36b9e10, 0x00000269f36f1bf0,
0x00000269f36f20c0, 0x00000269f36ec550, 0x00000269f36ecef0, 0x00000269f36efa40,
0x00000269f36f3400, 0x00000269f36f1720, 0x00000269f36eebd0, 0x00000269f36ef0a0,
0x00000269f36edd60, 0x00000269f36ee230, 0x00000269f36f2590, 0x00000269f36f2a60,
0x00000269f36ef570, 0x00000269f36f08b0, 0x00000269f36ee700, 0x00000269f36ed3c0,
0x00000269f36f0d80, 0x00000269f36f03e0, 0x00000269f36eff10, 0x00000269f36f1250,
0x00000269f36ed890, 0x00000269f36f2f30, 0x00000269f36f38d0, 0x00000269f36ec080,
0x00000269f36eca20, 0x00000269f37212d0, 0x00000269f371cf70, 0x00000269f371f5f0,
0x00000269f371fac0, 0x00000269f371ff90, 0x00000269f3722140, 0x00000269f3720460,
0x00000269f37217a0, 0x00000269f3722610, 0x00000269f371ec50, 0x00000269f3722ae0,
0x00000269f371c100, 0x00000269f3720930, 0x00000269f3722fb0, 0x00000269f3721c70,
0x00000269f3720e00, 0x00000269f371b760, 0x00000269f371e2b0, 0x00000269f371bc30,
0x00000269f371c5d0
}

Java Threads: ( => current thread )
  0x00000269df323850 JavaThread "main" [_thread_blocked, id=41192, stack(0x000000c552700000,0x000000c552800000)]
  0x00000269ec8c5cc0 JavaThread "Reference Handler" daemon [_thread_blocked, id=44696, stack(0x000000c552e00000,0x000000c552f00000)]
  0x00000269ec8c76f0 JavaThread "Finalizer" daemon [_thread_blocked, id=43772, stack(0x000000c552f00000,0x000000c553000000)]
  0x00000269ec8fc9d0 JavaThread "Signal Dispatcher" daemon [_thread_blocked, id=20228, stack(0x000000c553000000,0x000000c553100000)]
  0x00000269ec8fe3a0 JavaThread "Attach Listener" daemon [_thread_blocked, id=43828, stack(0x000000c553100000,0x000000c553200000)]
  0x00000269ec9427b0 JavaThread "Service Thread" daemon [_thread_blocked, id=44660, stack(0x000000c553200000,0x000000c553300000)]
  0x00000269ec945450 JavaThread "Monitor Deflation Thread" daemon [_thread_blocked, id=44756, stack(0x000000c553300000,0x000000c553400000)]
  0x00000269ec946880 JavaThread "C1 CompilerThread0" daemon [_thread_blocked, id=6504, stack(0x000000c553400000,0x000000c553500000)]
  0x00000269ec94b1f0 JavaThread "Sweeper thread" daemon [_thread_blocked, id=44768, stack(0x000000c553500000,0x000000c553600000)]
  0x00000269ec963290 JavaThread "Common-Cleaner" daemon [_thread_blocked, id=43660, stack(0x000000c553600000,0x000000c553700000)]
  0x00000269eca6c150 JavaThread "C1 CompilerThread1" daemon [_thread_blocked, id=43036, stack(0x000000c553700000,0x000000c553800000)]
  0x00000269eca6c660 JavaThread "C1 CompilerThread2" daemon [_thread_blocked, id=44784, stack(0x000000c553800000,0x000000c553900000)]
  0x00000269f12c3830 JavaThread "Notification Thread" daemon [_thread_blocked, id=44812, stack(0x000000c553900000,0x000000c553a00000)]
  0x00000269f27ce910 JavaThread "Quarkus Devmode keep alive thread" [_thread_blocked, id=44940, stack(0x000000c554100000,0x000000c554200000)]
  0x00000269f2917040 JavaThread "ForkJoinPool.commonPool-worker-1" daemon [_thread_blocked, id=44908, stack(0x000000c554200000,0x000000c554300000)]
  0x00000269f360dbe0 JavaThread "build-1" [_thread_blocked, id=44840, stack(0x000000c554300000,0x000000c554400000)]
  0x00000269f346f910 JavaThread "build-2" [_thread_blocked, id=44828, stack(0x000000c554400000,0x000000c554500000)]
  0x00000269f346fde0 JavaThread "build-3" [_thread_blocked, id=44804, stack(0x000000c554500000,0x000000c554600000)]
  0x00000269f34702b0 JavaThread "build-4" [_thread_blocked, id=44776, stack(0x000000c554600000,0x000000c554700000)]
  0x00000269f3634020 JavaThread "build-5" [_thread_blocked, id=32816, stack(0x000000c554700000,0x000000c554800000)]
  0x00000269f3646010 JavaThread "build-6" [_thread_blocked, id=43256, stack(0x000000c554800000,0x000000c554900000)]
  0x00000269f36464e0 JavaThread "build-7" [_thread_blocked, id=44948, stack(0x000000c554900000,0x000000c554a00000)]
  0x00000269f35b89f0 JavaThread "build-8" [_thread_blocked, id=44884, stack(0x000000c554a00000,0x000000c554b00000)]
  0x00000269f35bc3b0 JavaThread "build-9" [_thread_blocked, id=40208, stack(0x000000c554b00000,0x000000c554c00000)]
  0x00000269f35bb540 JavaThread "build-10" [_thread_blocked, id=36040, stack(0x000000c554c00000,0x000000c554d00000)]
  0x00000269f35b9d30 JavaThread "build-11" [_thread_blocked, id=44956, stack(0x000000c554d00000,0x000000c554e00000)]
  0x00000269f35b9860 JavaThread "build-12" [_thread_blocked, id=42400, stack(0x000000c554e00000,0x000000c554f00000)]
  0x00000269f35bba10 JavaThread "build-13" [_thread_blocked, id=41532, stack(0x000000c554f00000,0x000000c555000000)]
  0x00000269f35ba200 JavaThread "build-14" [_thread_blocked, id=44960, stack(0x000000c555000000,0x000000c555100000)]
  0x00000269f35ba6d0 JavaThread "build-15" [_thread_blocked, id=44952, stack(0x000000c555100000,0x000000c555200000)]
  0x00000269f35baba0 JavaThread "build-16" [_thread_blocked, id=42832, stack(0x000000c555200000,0x000000c555300000)]
  0x00000269f35bb070 JavaThread "build-17" [_thread_blocked, id=44968, stack(0x000000c555300000,0x000000c555400000)]
  0x00000269f35b8ec0 JavaThread "build-18" [_thread_blocked, id=44972, stack(0x000000c555400000,0x000000c555500000)]
  0x00000269f35b9390 JavaThread "build-19" [_thread_blocked, id=44964, stack(0x000000c555500000,0x000000c555600000)]
  0x00000269f35bbee0 JavaThread "build-20" [_thread_blocked, id=44984, stack(0x000000c555600000,0x000000c555700000)]
  0x00000269f3665a00 JavaThread "build-21" [_thread_blocked, id=7764, stack(0x000000c555700000,0x000000c555800000)]
  0x00000269f3668a20 JavaThread "build-22" [_thread_blocked, id=45036, stack(0x000000c555800000,0x000000c555900000)]
  0x00000269f3664b90 JavaThread "build-23" [_thread_blocked, id=44980, stack(0x000000c555900000,0x000000c555a00000)]
  0x00000269f3667bb0 JavaThread "build-24" [_thread_blocked, id=34496, stack(0x000000c555a00000,0x000000c555b00000)]
  0x00000269f3668ef0 JavaThread "build-25" [_thread_blocked, id=41312, stack(0x000000c555b00000,0x000000c555c00000)]
  0x00000269f36663a0 JavaThread "build-26" [_thread_blocked, id=44576, stack(0x000000c555c00000,0x000000c555d00000)]
  0x00000269f3666870 JavaThread "build-27" [_thread_blocked, id=26852, stack(0x000000c555d00000,0x000000c555e00000)]
  0x00000269f3666d40 JavaThread "build-28" [_thread_blocked, id=44976, stack(0x000000c555e00000,0x000000c555f00000)]
  0x00000269f3669890 JavaThread "build-29" [_thread_blocked, id=35940, stack(0x000000c555f00000,0x000000c556000000)]
  0x00000269f3665530 JavaThread "build-30" [_thread_blocked, id=38256, stack(0x000000c556000000,0x000000c556100000)]
  0x00000269f36693c0 JavaThread "build-31" [_thread_blocked, id=42184, stack(0x000000c556100000,0x000000c556200000)]
  0x00000269f3667210 JavaThread "build-32" [_thread_blocked, id=41068, stack(0x000000c556200000,0x000000c556300000)]
  0x00000269f3663850 JavaThread "build-33" [_thread_blocked, id=44656, stack(0x000000c556300000,0x000000c556400000)]
  0x00000269f3665ed0 JavaThread "build-34" [_thread_blocked, id=42592, stack(0x000000c556400000,0x000000c556500000)]
  0x00000269f3668080 JavaThread "build-35" [_thread_blocked, id=32052, stack(0x000000c556500000,0x000000c556600000)]
  0x00000269f36676e0 JavaThread "build-36" [_thread_blocked, id=8784, stack(0x000000c556600000,0x000000c556700000)]
  0x00000269f3663d20 JavaThread "build-37" [_thread_blocked, id=45048, stack(0x000000c556700000,0x000000c556800000)]
  0x00000269f3668550 JavaThread "build-38" [_thread_blocked, id=43936, stack(0x000000c556800000,0x000000c556900000)]
  0x00000269f36641f0 JavaThread "build-39" [_thread_blocked, id=8764, stack(0x000000c556900000,0x000000c556a00000)]
  0x00000269f3669d60 JavaThread "build-40" [_thread_blocked, id=43512, stack(0x000000c556a00000,0x000000c556b00000)]
  0x00000269f366a230 JavaThread "build-41" [_thread_blocked, id=43944, stack(0x000000c556b00000,0x000000c556c00000)]
  0x00000269f366a700 JavaThread "build-42" [_thread_blocked, id=42104, stack(0x000000c556c00000,0x000000c556d00000)]
  0x00000269f366abd0 JavaThread "build-43" [_thread_blocked, id=42836, stack(0x000000c556d00000,0x000000c556e00000)]
  0x00000269f3663380 JavaThread "build-44" [_thread_blocked, id=5916, stack(0x000000c556e00000,0x000000c556f00000)]
  0x00000269f36646c0 JavaThread "build-45" [_thread_blocked, id=41896, stack(0x000000c556f00000,0x000000c557000000)]
  0x00000269f3665060 JavaThread "build-46" [_thread_blocked, id=44772, stack(0x000000c557000000,0x000000c557100000)]
  0x00000269f36ba2e0 JavaThread "build-47" [_thread_blocked, id=42720, stack(0x000000c557100000,0x000000c557200000)]
  0x00000269f36b6920 JavaThread "build-48" [_thread_blocked, id=9760, stack(0x000000c557200000,0x000000c557300000)]
  0x00000269f36bb150 JavaThread "build-49" [_thread_blocked, id=43620, stack(0x000000c557300000,0x000000c557400000)]
  0x00000269f36b55e0 JavaThread "build-50" [_thread_blocked, id=44288, stack(0x000000c557400000,0x000000c557500000)]
  0x00000269f36b6df0 JavaThread "build-51" [_thread_blocked, id=41804, stack(0x000000c557500000,0x000000c557600000)]
  0x00000269f36b72c0 JavaThread "build-52" [_thread_blocked, id=41856, stack(0x000000c557600000,0x000000c557700000)]
  0x00000269f36ba7b0 JavaThread "build-53" [_thread_blocked, id=43868, stack(0x000000c557700000,0x000000c557800000)]
  0x00000269f36b7c60 JavaThread "build-54" [_thread_blocked, id=29600, stack(0x000000c557800000,0x000000c557900000)]
  0x00000269f36b8600 JavaThread "build-55" [_thread_blocked, id=44292, stack(0x000000c557900000,0x000000c557a00000)]
  0x00000269f36bac80 JavaThread "build-56" [_thread_blocked, id=17376, stack(0x000000c557a00000,0x000000c557b00000)]
  0x00000269f36b3dd0 JavaThread "build-57" [_thread_blocked, id=41704, stack(0x000000c557b00000,0x000000c557c00000)]
  0x00000269f36b8fa0 JavaThread "build-58" [_thread_blocked, id=43520, stack(0x000000c557c00000,0x000000c557d00000)]
  0x00000269f36bb620 JavaThread "build-59" [_thread_blocked, id=44012, stack(0x000000c557d00000,0x000000c557e00000)]
  0x00000269f36b5f80 JavaThread "build-60" [_thread_blocked, id=37124, stack(0x000000c557e00000,0x000000c557f00000)]
  0x00000269f36b7790 JavaThread "build-61" [_thread_blocked, id=41404, stack(0x000000c557f00000,0x000000c558000000)]
  0x00000269f36b42a0 JavaThread "build-62" [_thread_blocked, id=40076, stack(0x000000c558000000,0x000000c558100000)]
  0x00000269f36b8130 JavaThread "build-63" [_thread_blocked, id=10640, stack(0x000000c558100000,0x000000c558200000)]
  0x00000269f36b4770 JavaThread "build-64" [_thread_blocked, id=41972, stack(0x000000c558200000,0x000000c558300000)]
  0x00000269f36b4c40 JavaThread "build-65" [_thread_blocked, id=36408, stack(0x000000c558300000,0x000000c558400000)]
  0x00000269f36b8ad0 JavaThread "build-66" [_thread_blocked, id=43072, stack(0x000000c558400000,0x000000c558500000)]
  0x00000269f36b5110 JavaThread "build-68" [_thread_blocked, id=43864, stack(0x000000c558500000,0x000000c558600000)]
  0x00000269f36b6450 JavaThread "build-67" [_thread_blocked, id=43292, stack(0x000000c558600000,0x000000c558700000)]
  0x00000269f36b9470 JavaThread "build-69" [_thread_blocked, id=43108, stack(0x000000c558700000,0x000000c558800000)]
  0x00000269f36b5ab0 JavaThread "build-70" [_thread_blocked, id=43236, stack(0x000000c558800000,0x000000c558900000)]
  0x00000269f36b9940 JavaThread "build-71" [_thread_blocked, id=43228, stack(0x000000c558900000,0x000000c558a00000)]
  0x00000269f36b9e10 JavaThread "build-72" [_thread_blocked, id=43140, stack(0x000000c558a00000,0x000000c558b00000)]
  0x00000269f36f1bf0 JavaThread "build-73" [_thread_blocked, id=43148, stack(0x000000c558b00000,0x000000c558c00000)]
  0x00000269f36f20c0 JavaThread "build-74" [_thread_blocked, id=43316, stack(0x000000c558c00000,0x000000c558d00000)]
  0x00000269f36ec550 JavaThread "build-75" [_thread_blocked, id=40724, stack(0x000000c558d00000,0x000000c558e00000)]
  0x00000269f36ecef0 JavaThread "build-76" [_thread_blocked, id=43428, stack(0x000000c558e00000,0x000000c558f00000)]
  0x00000269f36efa40 JavaThread "build-77" [_thread_blocked, id=8352, stack(0x000000c558f00000,0x000000c559000000)]
  0x00000269f36f3400 JavaThread "build-78" [_thread_blocked, id=14172, stack(0x000000c559000000,0x000000c559100000)]
  0x00000269f36f1720 JavaThread "build-79" [_thread_blocked, id=44040, stack(0x000000c559100000,0x000000c559200000)]
  0x00000269f36eebd0 JavaThread "build-80" [_thread_blocked, id=44044, stack(0x000000c559200000,0x000000c559300000)]
  0x00000269f36ef0a0 JavaThread "build-81" [_thread_blocked, id=44052, stack(0x000000c559300000,0x000000c559400000)]
  0x00000269f36edd60 JavaThread "build-82" [_thread_blocked, id=44056, stack(0x000000c559400000,0x000000c559500000)]
  0x00000269f36ee230 JavaThread "build-83" [_thread_blocked, id=42608, stack(0x000000c559500000,0x000000c559600000)]
  0x00000269f36f2590 JavaThread "build-84" [_thread_blocked, id=44272, stack(0x000000c559600000,0x000000c559700000)]
  0x00000269f36f2a60 JavaThread "build-85" [_thread_blocked, id=44520, stack(0x000000c559700000,0x000000c559800000)]
  0x00000269f36ef570 JavaThread "build-86" [_thread_blocked, id=9672, stack(0x000000c559800000,0x000000c559900000)]
  0x00000269f36f08b0 JavaThread "build-87" [_thread_blocked, id=40560, stack(0x000000c559900000,0x000000c559a00000)]
  0x00000269f36ee700 JavaThread "build-88" [_thread_blocked, id=42668, stack(0x000000c559a00000,0x000000c559b00000)]
  0x00000269f36ed3c0 JavaThread "build-89" [_thread_blocked, id=42960, stack(0x000000c559b00000,0x000000c559c00000)]
  0x00000269f36f0d80 JavaThread "build-90" [_thread_blocked, id=42356, stack(0x000000c559c00000,0x000000c559d00000)]
  0x00000269f36f03e0 JavaThread "build-91" [_thread_blocked, id=41292, stack(0x000000c559d00000,0x000000c559e00000)]
  0x00000269f36eff10 JavaThread "build-92" [_thread_blocked, id=7280, stack(0x000000c559e00000,0x000000c559f00000)]
  0x00000269f36f1250 JavaThread "build-93" [_thread_blocked, id=35748, stack(0x000000c559f00000,0x000000c55a000000)]
  0x00000269f36ed890 JavaThread "build-94" [_thread_blocked, id=43896, stack(0x000000c55a000000,0x000000c55a100000)]
  0x00000269f36f2f30 JavaThread "build-95" [_thread_blocked, id=3140, stack(0x000000c55a100000,0x000000c55a200000)]
  0x00000269f36f38d0 JavaThread "build-96" [_thread_blocked, id=44536, stack(0x000000c55a200000,0x000000c55a300000)]
  0x00000269f36ec080 JavaThread "build-97" [_thread_blocked, id=5420, stack(0x000000c55a300000,0x000000c55a400000)]
  0x00000269f36eca20 JavaThread "build-98" [_thread_blocked, id=43400, stack(0x000000c55a400000,0x000000c55a500000)]
  0x00000269f37212d0 JavaThread "build-99" [_thread_blocked, id=43284, stack(0x000000c55a500000,0x000000c55a600000)]
  0x00000269f371cf70 JavaThread "build-100" [_thread_blocked, id=44408, stack(0x000000c55a600000,0x000000c55a700000)]
  0x00000269f371f5f0 JavaThread "build-101" [_thread_blocked, id=41620, stack(0x000000c55a700000,0x000000c55a800000)]
  0x00000269f371fac0 JavaThread "build-102" [_thread_blocked, id=42096, stack(0x000000c55a800000,0x000000c55a900000)]
  0x00000269f371ff90 JavaThread "build-103" [_thread_blocked, id=43252, stack(0x000000c55a900000,0x000000c55aa00000)]
  0x00000269f3722140 JavaThread "build-104" [_thread_blocked, id=43848, stack(0x000000c55aa00000,0x000000c55ab00000)]
  0x00000269f3720460 JavaThread "build-105" [_thread_blocked, id=2624, stack(0x000000c55ab00000,0x000000c55ac00000)]
  0x00000269f37217a0 JavaThread "build-106" [_thread_blocked, id=42488, stack(0x000000c55ac00000,0x000000c55ad00000)]
  0x00000269f3722610 JavaThread "build-107" [_thread_blocked, id=3124, stack(0x000000c55ad00000,0x000000c55ae00000)]
  0x00000269f371ec50 JavaThread "build-108" [_thread_blocked, id=42168, stack(0x000000c55ae00000,0x000000c55af00000)]
  0x00000269f3722ae0 JavaThread "build-109" [_thread_blocked, id=44600, stack(0x000000c55af00000,0x000000c55b000000)]
  0x00000269f371c100 JavaThread "build-110" [_thread_blocked, id=44060, stack(0x000000c55b000000,0x000000c55b100000)]
  0x00000269f3720930 JavaThread "build-111" [_thread_blocked, id=44084, stack(0x000000c55b100000,0x000000c55b200000)]
  0x00000269f3722fb0 JavaThread "build-112" [_thread_blocked, id=44092, stack(0x000000c55b200000,0x000000c55b300000)]
  0x00000269f3721c70 JavaThread "build-113" [_thread_blocked, id=44064, stack(0x000000c55b300000,0x000000c55b400000)]
  0x00000269f3720e00 JavaThread "build-114" [_thread_blocked, id=42940, stack(0x000000c55b400000,0x000000c55b500000)]
  0x00000269f371b760 JavaThread "build-115" [_thread_blocked, id=44104, stack(0x000000c55b500000,0x000000c55b600000)]
  0x00000269f371e2b0 JavaThread "build-116" [_thread_blocked, id=44116, stack(0x000000c55b600000,0x000000c55b700000)]
  0x00000269f371bc30 JavaThread "build-117" [_thread_blocked, id=2276, stack(0x000000c55b700000,0x000000c55b800000)]
  0x00000269f371c5d0 JavaThread "mysql-cj-abandoned-connection-cleanup" daemon [_thread_blocked, id=44200, stack(0x000000c55b800000,0x000000c55b900000)]

Other Threads:
=>0x00000269ec910090 VMThread "VM Thread" [stack: 0x000000c552d00000,0x000000c552e00000] [id=42580]
  0x00000269f12c3d00 WatcherThread [stack: 0x000000c553a00000,0x000000c553b00000] [id=44816]
  0x00000269df37d6d0 GCTaskThread "GC Thread#0" [stack: 0x000000c552800000,0x000000c552900000] [id=20756]
  0x00000269f1558650 GCTaskThread "GC Thread#1" [stack: 0x000000c553b00000,0x000000c553c00000] [id=44820]
  0x00000269f1558900 GCTaskThread "GC Thread#2" [stack: 0x000000c553c00000,0x000000c553d00000] [id=44824]
  0x00000269f156ab90 GCTaskThread "GC Thread#3" [stack: 0x000000c553d00000,0x000000c553e00000] [id=44808]
  0x00000269df38f1b0 ConcurrentGCThread "G1 Main Marker" [stack: 0x000000c552900000,0x000000c552a00000] [id=42852]
  0x00000269df38fad0 ConcurrentGCThread "G1 Conc#0" [stack: 0x000000c552a00000,0x000000c552b00000] [id=44692]
  0x00000269ec7360e0 ConcurrentGCThread "G1 Refine#0" [stack: 0x000000c552b00000,0x000000c552c00000] [id=40992]
  0x00000269f1732c10 ConcurrentGCThread "G1 Refine#1" [stack: 0x000000c553e00000,0x000000c553f00000] [id=43188]
  0x00000269f1731840 ConcurrentGCThread "G1 Refine#2" [stack: 0x000000c553f00000,0x000000c554000000] [id=44864]
  0x00000269f15b2cf0 ConcurrentGCThread "G1 Refine#3" [stack: 0x000000c554000000,0x000000c554100000] [id=44924]
  0x00000269ec736a10 ConcurrentGCThread "G1 Service" [stack: 0x000000c552c00000,0x000000c552d00000] [id=6840]

Threads with active compile tasks:
C1 CompilerThread1     3230 3357       1       org.jboss.jandex.MethodInternal::internEquals (232 bytes)

VM state: at safepoint (normal execution)

VM Mutex/Monitor currently owned by a thread:  ([mutex/lock_event])
[0x00000269df312a90] Threads_lock - owner thread: 0x00000269ec910090
[0x00000269df311bf0] Heap_lock - owner thread: 0x00000269f36edd60

Heap address: 0x0000000081c00000, size: 2020 MB, Compressed Oops mode: 32-bit

CDS archive(s) not mapped
Compressed class space mapped at: 0x0000000100000000-0x0000000140000000, reserved size: 1073741824
Narrow klass base: 0x0000000000000000, Narrow klass shift: 3, Narrow klass range: 0x140000000

GC Precious Log:
 CPUs: 4 total, 4 available
 Memory: 8072M
 Large Page Support: Disabled
 NUMA Support: Disabled
 Compressed Oops: Enabled (32-bit)
 Heap Region Size: 1M
 Heap Min Capacity: 8M
 Heap Initial Capacity: 128M
 Heap Max Capacity: 2020M
 Pre-touch: Disabled
 Parallel Workers: 4
 Concurrent Workers: 1
 Concurrent Refinement Workers: 4
 Periodic GC: Disabled

Heap:
 garbage-first heap   total 252928K, used 83809K [0x0000000081c00000, 0x0000000100000000)
  region size 1024K, 2 young (2048K), 2 survivors (2048K)
 Metaspace       used 29233K, committed 29632K, reserved 1114112K
  class space    used 3585K, committed 3776K, reserved 1048576K

Heap Regions: E=young(eden), S=young(survivor), O=old, HS=humongous(starts), HC=humongous(continues), CS=collection set, F=free, OA=open archive, CA=closed archive, TAMS=top-at-mark-start (previous, next)
|   0|0x0000000081c00000, 0x0000000081d00000, 0x0000000081d00000|100%| O|  |TAMS 0x0000000081d00000, 0x0000000081c00000| Untracked 
|   1|0x0000000081d00000, 0x0000000081e00000, 0x0000000081e00000|100%| O|  |TAMS 0x0000000081e00000, 0x0000000081d00000| Untracked 
|   2|0x0000000081e00000, 0x0000000081f00000, 0x0000000081f00000|100%| O|  |TAMS 0x0000000081f00000, 0x0000000081e00000| Untracked 
|   3|0x0000000081f00000, 0x0000000082000000, 0x0000000082000000|100%|HS|  |TAMS 0x0000000082000000, 0x0000000081f00000| Complete 
|   4|0x0000000082000000, 0x0000000082100000, 0x0000000082100000|100%|HS|  |TAMS 0x0000000082100000, 0x0000000082000000| Complete 
|   5|0x0000000082100000, 0x0000000082200000, 0x0000000082200000|100%| O|  |TAMS 0x0000000082200000, 0x0000000082100000| Untracked 
|   6|0x0000000082200000, 0x0000000082300000, 0x0000000082300000|100%| O|  |TAMS 0x0000000082300000, 0x0000000082200000| Untracked 
|   7|0x0000000082300000, 0x0000000082400000, 0x0000000082400000|100%| O|  |TAMS 0x0000000082400000, 0x0000000082300000| Untracked 
|   8|0x0000000082400000, 0x0000000082500000, 0x0000000082500000|100%| O|  |TAMS 0x0000000082500000, 0x0000000082400000| Untracked 
|   9|0x0000000082500000, 0x0000000082600000, 0x0000000082600000|100%| O|  |TAMS 0x0000000082600000, 0x0000000082500000| Untracked 
|  10|0x0000000082600000, 0x0000000082700000, 0x0000000082700000|100%| O|  |TAMS 0x0000000082700000, 0x0000000082600000| Untracked 
|  11|0x0000000082700000, 0x0000000082800000, 0x0000000082800000|100%| O|  |TAMS 0x0000000082800000, 0x0000000082700000| Untracked 
|  12|0x0000000082800000, 0x0000000082900000, 0x0000000082900000|100%| O|  |TAMS 0x0000000082900000, 0x0000000082800000| Untracked 
|  13|0x0000000082900000, 0x0000000082a00000, 0x0000000082a00000|100%| O|  |TAMS 0x0000000082a00000, 0x0000000082900000| Untracked 
|  14|0x0000000082a00000, 0x0000000082b00000, 0x0000000082b00000|100%|HS|  |TAMS 0x0000000082b00000, 0x0000000082a00000| Complete 
|  15|0x0000000082b00000, 0x0000000082c00000, 0x0000000082c00000|100%|HC|  |TAMS 0x0000000082c00000, 0x0000000082b00000| Complete 
|  16|0x0000000082c00000, 0x0000000082d00000, 0x0000000082d00000|100%| O|  |TAMS 0x0000000082d00000, 0x0000000082c00000| Untracked 
|  17|0x0000000082d00000, 0x0000000082e00000, 0x0000000082e00000|100%| O|  |TAMS 0x0000000082e00000, 0x0000000082d00000| Untracked 
|  18|0x0000000082e00000, 0x0000000082f00000, 0x0000000082f00000|100%| O|  |TAMS 0x0000000082f00000, 0x0000000082e00000| Untracked 
|  19|0x0000000082f00000, 0x0000000083000000, 0x0000000083000000|100%| O|  |TAMS 0x0000000083000000, 0x0000000082f00000| Untracked 
|  20|0x0000000083000000, 0x0000000083100000, 0x0000000083100000|100%| O|  |TAMS 0x0000000083100000, 0x0000000083000000| Untracked 
|  21|0x0000000083100000, 0x0000000083200000, 0x0000000083200000|100%| O|  |TAMS 0x0000000083200000, 0x0000000083100000| Untracked 
|  22|0x0000000083200000, 0x0000000083300000, 0x0000000083300000|100%| O|  |TAMS 0x0000000083300000, 0x0000000083200000| Untracked 
|  23|0x0000000083300000, 0x0000000083400000, 0x0000000083400000|100%| O|  |TAMS 0x0000000083400000, 0x0000000083300000| Untracked 
|  24|0x0000000083400000, 0x0000000083500000, 0x0000000083500000|100%| O|  |TAMS 0x0000000083500000, 0x0000000083400000| Untracked 
|  25|0x0000000083500000, 0x0000000083600000, 0x0000000083600000|100%| O|  |TAMS 0x0000000083600000, 0x0000000083500000| Untracked 
|  26|0x0000000083600000, 0x0000000083700000, 0x0000000083700000|100%| O|  |TAMS 0x0000000083700000, 0x0000000083600000| Untracked 
|  27|0x0000000083700000, 0x0000000083800000, 0x0000000083800000|100%| O|  |TAMS 0x0000000083800000, 0x0000000083700000| Untracked 
|  28|0x0000000083800000, 0x0000000083900000, 0x0000000083900000|100%| O|  |TAMS 0x0000000083900000, 0x0000000083800000| Untracked 
|  29|0x0000000083900000, 0x0000000083a00000, 0x0000000083a00000|100%| O|  |TAMS 0x0000000083a00000, 0x0000000083900000| Untracked 
|  30|0x0000000083a00000, 0x0000000083b00000, 0x0000000083b00000|100%| O|  |TAMS 0x0000000083b00000, 0x0000000083a00000| Untracked 
|  31|0x0000000083b00000, 0x0000000083c00000, 0x0000000083c00000|100%| O|  |TAMS 0x0000000083c00000, 0x0000000083b00000| Untracked 
|  32|0x0000000083c00000, 0x0000000083d00000, 0x0000000083d00000|100%| O|  |TAMS 0x0000000083d00000, 0x0000000083c00000| Untracked 
|  33|0x0000000083d00000, 0x0000000083e00000, 0x0000000083e00000|100%| O|  |TAMS 0x0000000083e00000, 0x0000000083d00000| Untracked 
|  34|0x0000000083e00000, 0x0000000083f00000, 0x0000000083f00000|100%| O|  |TAMS 0x0000000083e00000, 0x0000000083e00000| Untracked 
|  35|0x0000000083f00000, 0x0000000084000000, 0x0000000084000000|100%| O|  |TAMS 0x0000000084000000, 0x0000000083f00000| Untracked 
|  36|0x0000000084000000, 0x0000000084100000, 0x0000000084100000|100%| O|  |TAMS 0x0000000084100000, 0x0000000084000000| Untracked 
|  37|0x0000000084100000, 0x0000000084200000, 0x0000000084200000|100%| O|  |TAMS 0x0000000084200000, 0x0000000084100000| Untracked 
|  38|0x0000000084200000, 0x0000000084300000, 0x0000000084300000|100%| O|  |TAMS 0x0000000084300000, 0x0000000084200000| Untracked 
|  39|0x0000000084300000, 0x0000000084300000, 0x0000000084400000|  0%| F|  |TAMS 0x0000000084300000, 0x0000000084300000| Untracked 
|  40|0x0000000084400000, 0x0000000084500000, 0x0000000084500000|100%| O|  |TAMS 0x0000000084400000, 0x0000000084400000| Untracked 
|  41|0x0000000084500000, 0x0000000084600000, 0x0000000084600000|100%| O|  |TAMS 0x0000000084500000, 0x0000000084500000| Untracked 
|  42|0x0000000084600000, 0x0000000084700000, 0x0000000084700000|100%| O|  |TAMS 0x0000000084700000, 0x0000000084600000| Untracked 
|  43|0x0000000084700000, 0x0000000084800000, 0x0000000084800000|100%| O|  |TAMS 0x0000000084800000, 0x0000000084700000| Untracked 
|  44|0x0000000084800000, 0x0000000084900000, 0x0000000084900000|100%| O|  |TAMS 0x0000000084900000, 0x0000000084800000| Untracked 
|  45|0x0000000084900000, 0x0000000084a00000, 0x0000000084a00000|100%| O|  |TAMS 0x0000000084a00000, 0x0000000084900000| Untracked 
|  46|0x0000000084a00000, 0x0000000084b00000, 0x0000000084b00000|100%| O|  |TAMS 0x0000000084b00000, 0x0000000084a00000| Untracked 
|  47|0x0000000084b00000, 0x0000000084c00000, 0x0000000084c00000|100%| O|  |TAMS 0x0000000084c00000, 0x0000000084b00000| Untracked 
|  48|0x0000000084c00000, 0x0000000084d00000, 0x0000000084d00000|100%| O|  |TAMS 0x0000000084d00000, 0x0000000084c00000| Untracked 
|  49|0x0000000084d00000, 0x0000000084e00000, 0x0000000084e00000|100%| O|  |TAMS 0x0000000084e00000, 0x0000000084d00000| Untracked 
|  50|0x0000000084e00000, 0x0000000084f00000, 0x0000000084f00000|100%|HS|  |TAMS 0x0000000084f00000, 0x0000000084e00000| Complete 
|  51|0x0000000084f00000, 0x0000000085000000, 0x0000000085000000|100%| O|  |TAMS 0x0000000084f00000, 0x0000000084f00000| Untracked 
|  52|0x0000000085000000, 0x0000000085100000, 0x0000000085100000|100%|HS|  |TAMS 0x0000000085100000, 0x0000000085000000| Complete 
|  53|0x0000000085100000, 0x0000000085200000, 0x0000000085200000|100%| O|  |TAMS 0x0000000085200000, 0x0000000085100000| Untracked 
|  54|0x0000000085200000, 0x0000000085300000, 0x0000000085300000|100%| O|  |TAMS 0x0000000085300000, 0x0000000085200000| Untracked 
|  55|0x0000000085300000, 0x0000000085400000, 0x0000000085400000|100%| O|  |TAMS 0x0000000085400000, 0x0000000085300000| Untracked 
|  56|0x0000000085400000, 0x0000000085500000, 0x0000000085500000|100%| O|  |TAMS 0x0000000085500000, 0x0000000085400000| Untracked 
|  57|0x0000000085500000, 0x0000000085600000, 0x0000000085600000|100%| O|  |TAMS 0x0000000085600000, 0x0000000085500000| Untracked 
|  58|0x0000000085600000, 0x0000000085700000, 0x0000000085700000|100%| O|  |TAMS 0x0000000085700000, 0x0000000085600000| Untracked 
|  59|0x0000000085700000, 0x0000000085800000, 0x0000000085800000|100%| O|  |TAMS 0x0000000085800000, 0x0000000085700000| Untracked 
|  60|0x0000000085800000, 0x0000000085900000, 0x0000000085900000|100%| O|  |TAMS 0x0000000085900000, 0x0000000085800000| Untracked 
|  61|0x0000000085900000, 0x0000000085a00000, 0x0000000085a00000|100%| O|  |TAMS 0x0000000085a00000, 0x0000000085900000| Untracked 
|  62|0x0000000085a00000, 0x0000000085b00000, 0x0000000085b00000|100%| O|  |TAMS 0x0000000085b00000, 0x0000000085a00000| Untracked 
|  63|0x0000000085b00000, 0x0000000085c00000, 0x0000000085c00000|100%| O|  |TAMS 0x0000000085c00000, 0x0000000085b00000| Untracked 
|  64|0x0000000085c00000, 0x0000000085d00000, 0x0000000085d00000|100%| O|  |TAMS 0x0000000085d00000, 0x0000000085c00000| Untracked 
|  65|0x0000000085d00000, 0x0000000085e00000, 0x0000000085e00000|100%| O|  |TAMS 0x0000000085e00000, 0x0000000085d00000| Untracked 
|  66|0x0000000085e00000, 0x0000000085f00000, 0x0000000085f00000|100%| O|  |TAMS 0x0000000085f00000, 0x0000000085e00000| Untracked 
|  67|0x0000000085f00000, 0x0000000086000000, 0x0000000086000000|100%| O|  |TAMS 0x0000000086000000, 0x0000000085f00000| Untracked 
|  68|0x0000000086000000, 0x0000000086100000, 0x0000000086100000|100%| O|  |TAMS 0x0000000086100000, 0x0000000086000000| Untracked 
|  69|0x0000000086100000, 0x0000000086200000, 0x0000000086200000|100%| O|  |TAMS 0x0000000086200000, 0x0000000086100000| Untracked 
|  70|0x0000000086200000, 0x0000000086300000, 0x0000000086300000|100%| O|  |TAMS 0x0000000086300000, 0x0000000086200000| Untracked 
|  71|0x0000000086300000, 0x0000000086400000, 0x0000000086400000|100%| O|  |TAMS 0x0000000086400000, 0x0000000086300000| Untracked 
|  72|0x0000000086400000, 0x0000000086500000, 0x0000000086500000|100%| O|  |TAMS 0x0000000086500000, 0x0000000086400000| Untracked 
|  73|0x0000000086500000, 0x0000000086600000, 0x0000000086600000|100%| O|  |TAMS 0x0000000086600000, 0x0000000086500000| Untracked 
|  74|0x0000000086600000, 0x0000000086700000, 0x0000000086700000|100%| O|  |TAMS 0x0000000086700000, 0x0000000086600000| Untracked 
|  75|0x0000000086700000, 0x0000000086800000, 0x0000000086800000|100%| O|  |TAMS 0x0000000086700000, 0x0000000086700000| Untracked 
|  76|0x0000000086800000, 0x0000000086800000, 0x0000000086900000|  0%| F|  |TAMS 0x0000000086800000, 0x0000000086800000| Untracked 
|  77|0x0000000086900000, 0x0000000086a00000, 0x0000000086a00000|100%| O|  |TAMS 0x0000000086a00000, 0x0000000086900000| Untracked 
|  78|0x0000000086a00000, 0x0000000086b00000, 0x0000000086b00000|100%| O|  |TAMS 0x0000000086a80000, 0x0000000086a00000| Untracked 
|  79|0x0000000086b00000, 0x0000000086c00000, 0x0000000086c00000|100%| O|  |TAMS 0x0000000086b00000, 0x0000000086b00000| Untracked 
|  80|0x0000000086c00000, 0x0000000086d00000, 0x0000000086d00000|100%| O|  |TAMS 0x0000000086c00000, 0x0000000086c00000| Untracked 
|  81|0x0000000086d00000, 0x0000000086e00000, 0x0000000086e00000|100%| O|  |TAMS 0x0000000086d00000, 0x0000000086d00000| Untracked 
|  82|0x0000000086e00000, 0x0000000086e75000, 0x0000000086f00000| 45%| O|  |TAMS 0x0000000086e00000, 0x0000000086e00000| Untracked 
|  83|0x0000000086f00000, 0x0000000086f00000, 0x0000000087000000|  0%| F|  |TAMS 0x0000000086f00000, 0x0000000086f00000| Untracked 
|  84|0x0000000087000000, 0x0000000087000000, 0x0000000087100000|  0%| F|  |TAMS 0x0000000087000000, 0x0000000087000000| Untracked 
|  85|0x0000000087100000, 0x0000000087100000, 0x0000000087200000|  0%| F|  |TAMS 0x0000000087100000, 0x0000000087100000| Untracked 
|  86|0x0000000087200000, 0x0000000087200000, 0x0000000087300000|  0%| F|  |TAMS 0x0000000087200000, 0x0000000087200000| Untracked 
|  87|0x0000000087300000, 0x0000000087300000, 0x0000000087400000|  0%| F|  |TAMS 0x0000000087300000, 0x0000000087300000| Untracked 
|  88|0x0000000087400000, 0x0000000087400000, 0x0000000087500000|  0%| F|  |TAMS 0x0000000087400000, 0x0000000087400000| Untracked 
|  89|0x0000000087500000, 0x0000000087500000, 0x0000000087600000|  0%| F|  |TAMS 0x0000000087500000, 0x0000000087500000| Untracked 
|  90|0x0000000087600000, 0x0000000087600000, 0x0000000087700000|  0%| F|  |TAMS 0x0000000087600000, 0x0000000087600000| Untracked 
|  91|0x0000000087700000, 0x0000000087700000, 0x0000000087800000|  0%| F|  |TAMS 0x0000000087700000, 0x0000000087700000| Untracked 
|  92|0x0000000087800000, 0x0000000087800000, 0x0000000087900000|  0%| F|  |TAMS 0x0000000087800000, 0x0000000087800000| Untracked 
|  93|0x0000000087900000, 0x0000000087900000, 0x0000000087a00000|  0%| F|  |TAMS 0x0000000087900000, 0x0000000087900000| Untracked 
|  94|0x0000000087a00000, 0x0000000087a00000, 0x0000000087b00000|  0%| F|  |TAMS 0x0000000087a00000, 0x0000000087a00000| Untracked 
|  95|0x0000000087b00000, 0x0000000087b00000, 0x0000000087c00000|  0%| F|  |TAMS 0x0000000087b00000, 0x0000000087b00000| Untracked 
|  96|0x0000000087c00000, 0x0000000087c00000, 0x0000000087d00000|  0%| F|  |TAMS 0x0000000087c00000, 0x0000000087c00000| Untracked 
|  97|0x0000000087d00000, 0x0000000087d00000, 0x0000000087e00000|  0%| F|  |TAMS 0x0000000087d00000, 0x0000000087d00000| Untracked 
|  98|0x0000000087e00000, 0x0000000087e00000, 0x0000000087f00000|  0%| F|  |TAMS 0x0000000087e00000, 0x0000000087e00000| Untracked 
|  99|0x0000000087f00000, 0x0000000087f00000, 0x0000000088000000|  0%| F|  |TAMS 0x0000000087f00000, 0x0000000087f00000| Untracked 
| 100|0x0000000088000000, 0x0000000088000000, 0x0000000088100000|  0%| F|  |TAMS 0x0000000088000000, 0x0000000088000000| Untracked 
| 101|0x0000000088100000, 0x0000000088100000, 0x0000000088200000|  0%| F|  |TAMS 0x0000000088100000, 0x0000000088100000| Untracked 
| 102|0x0000000088200000, 0x0000000088200000, 0x0000000088300000|  0%| F|  |TAMS 0x0000000088200000, 0x0000000088200000| Untracked 
| 103|0x0000000088300000, 0x0000000088300000, 0x0000000088400000|  0%| F|  |TAMS 0x0000000088300000, 0x0000000088300000| Untracked 
| 104|0x0000000088400000, 0x0000000088400000, 0x0000000088500000|  0%| F|  |TAMS 0x0000000088400000, 0x0000000088400000| Untracked 
| 105|0x0000000088500000, 0x0000000088500000, 0x0000000088600000|  0%| F|  |TAMS 0x0000000088500000, 0x0000000088500000| Untracked 
| 106|0x0000000088600000, 0x0000000088600000, 0x0000000088700000|  0%| F|  |TAMS 0x0000000088600000, 0x0000000088600000| Untracked 
| 107|0x0000000088700000, 0x0000000088700000, 0x0000000088800000|  0%| F|  |TAMS 0x0000000088700000, 0x0000000088700000| Untracked 
| 108|0x0000000088800000, 0x0000000088800000, 0x0000000088900000|  0%| F|  |TAMS 0x0000000088800000, 0x0000000088800000| Untracked 
| 109|0x0000000088900000, 0x0000000088900000, 0x0000000088a00000|  0%| F|  |TAMS 0x0000000088900000, 0x0000000088900000| Untracked 
| 110|0x0000000088a00000, 0x0000000088a00000, 0x0000000088b00000|  0%| F|  |TAMS 0x0000000088a00000, 0x0000000088a00000| Untracked 
| 111|0x0000000088b00000, 0x0000000088b00000, 0x0000000088c00000|  0%| F|  |TAMS 0x0000000088b00000, 0x0000000088b00000| Untracked 
| 112|0x0000000088c00000, 0x0000000088c00000, 0x0000000088d00000|  0%| F|  |TAMS 0x0000000088c00000, 0x0000000088c00000| Untracked 
| 113|0x0000000088d00000, 0x0000000088d00000, 0x0000000088e00000|  0%| F|  |TAMS 0x0000000088d00000, 0x0000000088d00000| Untracked 
| 114|0x0000000088e00000, 0x0000000088e00000, 0x0000000088f00000|  0%| F|  |TAMS 0x0000000088e00000, 0x0000000088e00000| Untracked 
| 115|0x0000000088f00000, 0x0000000088f00000, 0x0000000089000000|  0%| F|  |TAMS 0x0000000088f00000, 0x0000000088f00000| Untracked 
| 116|0x0000000089000000, 0x0000000089000000, 0x0000000089100000|  0%| F|  |TAMS 0x0000000089000000, 0x0000000089000000| Untracked 
| 117|0x0000000089100000, 0x0000000089100000, 0x0000000089200000|  0%| F|  |TAMS 0x0000000089100000, 0x0000000089100000| Untracked 
| 118|0x0000000089200000, 0x0000000089200000, 0x0000000089300000|  0%| F|  |TAMS 0x0000000089200000, 0x0000000089200000| Untracked 
| 119|0x0000000089300000, 0x0000000089300000, 0x0000000089400000|  0%| F|  |TAMS 0x0000000089300000, 0x0000000089300000| Untracked 
| 120|0x0000000089400000, 0x0000000089400000, 0x0000000089500000|  0%| F|  |TAMS 0x0000000089400000, 0x0000000089400000| Untracked 
| 121|0x0000000089500000, 0x0000000089500000, 0x0000000089600000|  0%| F|  |TAMS 0x0000000089500000, 0x0000000089500000| Untracked 
| 122|0x0000000089600000, 0x0000000089600000, 0x0000000089700000|  0%| F|  |TAMS 0x0000000089600000, 0x0000000089600000| Untracked 
| 123|0x0000000089700000, 0x0000000089700000, 0x0000000089800000|  0%| F|  |TAMS 0x0000000089700000, 0x0000000089700000| Untracked 
| 124|0x0000000089800000, 0x0000000089800000, 0x0000000089900000|  0%| F|  |TAMS 0x0000000089800000, 0x0000000089800000| Untracked 
| 125|0x0000000089900000, 0x0000000089900000, 0x0000000089a00000|  0%| F|  |TAMS 0x0000000089900000, 0x0000000089900000| Untracked 
| 126|0x0000000089a00000, 0x0000000089a00000, 0x0000000089b00000|  0%| F|  |TAMS 0x0000000089a00000, 0x0000000089a00000| Untracked 
| 127|0x0000000089b00000, 0x0000000089b00000, 0x0000000089c00000|  0%| F|  |TAMS 0x0000000089b00000, 0x0000000089b00000| Untracked 
| 128|0x0000000089c00000, 0x0000000089c00000, 0x0000000089d00000|  0%| F|  |TAMS 0x0000000089c00000, 0x0000000089c00000| Untracked 
| 129|0x0000000089d00000, 0x0000000089d00000, 0x0000000089e00000|  0%| F|  |TAMS 0x0000000089d00000, 0x0000000089d00000| Untracked 
| 130|0x0000000089e00000, 0x0000000089e00000, 0x0000000089f00000|  0%| F|  |TAMS 0x0000000089e00000, 0x0000000089e00000| Untracked 
| 131|0x0000000089f00000, 0x0000000089f00000, 0x000000008a000000|  0%| F|  |TAMS 0x0000000089f00000, 0x0000000089f00000| Untracked 
| 132|0x000000008a000000, 0x000000008a000000, 0x000000008a100000|  0%| F|  |TAMS 0x000000008a000000, 0x000000008a000000| Untracked 
| 133|0x000000008a100000, 0x000000008a100000, 0x000000008a200000|  0%| F|  |TAMS 0x000000008a100000, 0x000000008a100000| Untracked 
| 134|0x000000008a200000, 0x000000008a200000, 0x000000008a300000|  0%| F|  |TAMS 0x000000008a200000, 0x000000008a200000| Untracked 
| 135|0x000000008a300000, 0x000000008a300000, 0x000000008a400000|  0%| F|  |TAMS 0x000000008a300000, 0x000000008a300000| Untracked 
| 136|0x000000008a400000, 0x000000008a400000, 0x000000008a500000|  0%| F|  |TAMS 0x000000008a400000, 0x000000008a400000| Untracked 
| 137|0x000000008a500000, 0x000000008a500000, 0x000000008a600000|  0%| F|  |TAMS 0x000000008a500000, 0x000000008a500000| Untracked 
| 138|0x000000008a600000, 0x000000008a600000, 0x000000008a700000|  0%| F|  |TAMS 0x000000008a600000, 0x000000008a600000| Untracked 
| 139|0x000000008a700000, 0x000000008a700000, 0x000000008a800000|  0%| F|  |TAMS 0x000000008a700000, 0x000000008a700000| Untracked 
| 140|0x000000008a800000, 0x000000008a800000, 0x000000008a900000|  0%| F|  |TAMS 0x000000008a800000, 0x000000008a800000| Untracked 
| 141|0x000000008a900000, 0x000000008a900000, 0x000000008aa00000|  0%| F|  |TAMS 0x000000008a900000, 0x000000008a900000| Untracked 
| 142|0x000000008aa00000, 0x000000008aa00000, 0x000000008ab00000|  0%| F|  |TAMS 0x000000008aa00000, 0x000000008aa00000| Untracked 
| 143|0x000000008ab00000, 0x000000008ab00000, 0x000000008ac00000|  0%| F|  |TAMS 0x000000008ab00000, 0x000000008ab00000| Untracked 
| 144|0x000000008ac00000, 0x000000008ac00000, 0x000000008ad00000|  0%| F|  |TAMS 0x000000008ac00000, 0x000000008ac00000| Untracked 
| 145|0x000000008ad00000, 0x000000008ad00000, 0x000000008ae00000|  0%| F|  |TAMS 0x000000008ad00000, 0x000000008ad00000| Untracked 
| 146|0x000000008ae00000, 0x000000008ae00000, 0x000000008af00000|  0%| F|  |TAMS 0x000000008ae00000, 0x000000008ae00000| Untracked 
| 147|0x000000008af00000, 0x000000008af00000, 0x000000008b000000|  0%| F|  |TAMS 0x000000008af00000, 0x000000008af00000| Untracked 
| 148|0x000000008b000000, 0x000000008b000000, 0x000000008b100000|  0%| F|  |TAMS 0x000000008b000000, 0x000000008b000000| Untracked 
| 149|0x000000008b100000, 0x000000008b100000, 0x000000008b200000|  0%| F|  |TAMS 0x000000008b100000, 0x000000008b100000| Untracked 
| 150|0x000000008b200000, 0x000000008b200000, 0x000000008b300000|  0%| F|  |TAMS 0x000000008b200000, 0x000000008b200000| Untracked 
| 151|0x000000008b300000, 0x000000008b300000, 0x000000008b400000|  0%| F|  |TAMS 0x000000008b300000, 0x000000008b300000| Untracked 
| 152|0x000000008b400000, 0x000000008b400000, 0x000000008b500000|  0%| F|  |TAMS 0x000000008b400000, 0x000000008b400000| Untracked 
| 153|0x000000008b500000, 0x000000008b500000, 0x000000008b600000|  0%| F|  |TAMS 0x000000008b500000, 0x000000008b500000| Untracked 
| 154|0x000000008b600000, 0x000000008b600000, 0x000000008b700000|  0%| F|  |TAMS 0x000000008b600000, 0x000000008b600000| Untracked 
| 155|0x000000008b700000, 0x000000008b700000, 0x000000008b800000|  0%| F|  |TAMS 0x000000008b700000, 0x000000008b700000| Untracked 
| 156|0x000000008b800000, 0x000000008b800000, 0x000000008b900000|  0%| F|  |TAMS 0x000000008b800000, 0x000000008b800000| Untracked 
| 157|0x000000008b900000, 0x000000008b900000, 0x000000008ba00000|  0%| F|  |TAMS 0x000000008b900000, 0x000000008b900000| Untracked 
| 158|0x000000008ba00000, 0x000000008ba00000, 0x000000008bb00000|  0%| F|  |TAMS 0x000000008ba00000, 0x000000008ba00000| Untracked 
| 159|0x000000008bb00000, 0x000000008bb00000, 0x000000008bc00000|  0%| F|  |TAMS 0x000000008bb00000, 0x000000008bb00000| Untracked 
| 160|0x000000008bc00000, 0x000000008bc00000, 0x000000008bd00000|  0%| F|  |TAMS 0x000000008bc00000, 0x000000008bc00000| Untracked 
| 161|0x000000008bd00000, 0x000000008bd00000, 0x000000008be00000|  0%| F|  |TAMS 0x000000008bd00000, 0x000000008bd00000| Untracked 
| 162|0x000000008be00000, 0x000000008be00000, 0x000000008bf00000|  0%| F|  |TAMS 0x000000008be00000, 0x000000008be00000| Untracked 
| 163|0x000000008bf00000, 0x000000008bf00000, 0x000000008c000000|  0%| F|  |TAMS 0x000000008bf00000, 0x000000008bf00000| Untracked 
| 164|0x000000008c000000, 0x000000008c000000, 0x000000008c100000|  0%| F|  |TAMS 0x000000008c000000, 0x000000008c000000| Untracked 
| 165|0x000000008c100000, 0x000000008c100000, 0x000000008c200000|  0%| F|  |TAMS 0x000000008c100000, 0x000000008c100000| Untracked 
| 166|0x000000008c200000, 0x000000008c200000, 0x000000008c300000|  0%| F|  |TAMS 0x000000008c200000, 0x000000008c200000| Untracked 
| 167|0x000000008c300000, 0x000000008c300000, 0x000000008c400000|  0%| F|  |TAMS 0x000000008c300000, 0x000000008c300000| Untracked 
| 168|0x000000008c400000, 0x000000008c400000, 0x000000008c500000|  0%| F|  |TAMS 0x000000008c400000, 0x000000008c400000| Untracked 
| 169|0x000000008c500000, 0x000000008c500000, 0x000000008c600000|  0%| F|  |TAMS 0x000000008c500000, 0x000000008c500000| Untracked 
| 170|0x000000008c600000, 0x000000008c600000, 0x000000008c700000|  0%| F|  |TAMS 0x000000008c600000, 0x000000008c600000| Untracked 
| 171|0x000000008c700000, 0x000000008c700000, 0x000000008c800000|  0%| F|  |TAMS 0x000000008c700000, 0x000000008c700000| Untracked 
| 172|0x000000008c800000, 0x000000008c800000, 0x000000008c900000|  0%| F|  |TAMS 0x000000008c800000, 0x000000008c800000| Untracked 
| 173|0x000000008c900000, 0x000000008c900000, 0x000000008ca00000|  0%| F|  |TAMS 0x000000008c900000, 0x000000008c900000| Untracked 
| 174|0x000000008ca00000, 0x000000008ca00000, 0x000000008cb00000|  0%| F|  |TAMS 0x000000008ca00000, 0x000000008ca00000| Untracked 
| 175|0x000000008cb00000, 0x000000008cb00000, 0x000000008cc00000|  0%| F|  |TAMS 0x000000008cb00000, 0x000000008cb00000| Untracked 
| 176|0x000000008cc00000, 0x000000008cc00000, 0x000000008cd00000|  0%| F|  |TAMS 0x000000008cc00000, 0x000000008cc00000| Untracked 
| 177|0x000000008cd00000, 0x000000008cd00000, 0x000000008ce00000|  0%| F|  |TAMS 0x000000008cd00000, 0x000000008cd00000| Untracked 
| 178|0x000000008ce00000, 0x000000008ce00000, 0x000000008cf00000|  0%| F|  |TAMS 0x000000008ce00000, 0x000000008ce00000| Untracked 
| 179|0x000000008cf00000, 0x000000008cf00000, 0x000000008d000000|  0%| F|  |TAMS 0x000000008cf00000, 0x000000008cf00000| Untracked 
| 180|0x000000008d000000, 0x000000008d000000, 0x000000008d100000|  0%| F|  |TAMS 0x000000008d000000, 0x000000008d000000| Untracked 
| 181|0x000000008d100000, 0x000000008d100000, 0x000000008d200000|  0%| F|  |TAMS 0x000000008d100000, 0x000000008d100000| Untracked 
| 182|0x000000008d200000, 0x000000008d200000, 0x000000008d300000|  0%| F|  |TAMS 0x000000008d200000, 0x000000008d200000| Untracked 
| 183|0x000000008d300000, 0x000000008d300000, 0x000000008d400000|  0%| F|  |TAMS 0x000000008d300000, 0x000000008d300000| Untracked 
| 184|0x000000008d400000, 0x000000008d400000, 0x000000008d500000|  0%| F|  |TAMS 0x000000008d400000, 0x000000008d400000| Untracked 
| 185|0x000000008d500000, 0x000000008d500000, 0x000000008d600000|  0%| F|  |TAMS 0x000000008d500000, 0x000000008d500000| Untracked 
| 186|0x000000008d600000, 0x000000008d600000, 0x000000008d700000|  0%| F|  |TAMS 0x000000008d600000, 0x000000008d600000| Untracked 
| 187|0x000000008d700000, 0x000000008d700000, 0x000000008d800000|  0%| F|  |TAMS 0x000000008d700000, 0x000000008d700000| Untracked 
| 188|0x000000008d800000, 0x000000008d800000, 0x000000008d900000|  0%| F|  |TAMS 0x000000008d800000, 0x000000008d800000| Untracked 
| 189|0x000000008d900000, 0x000000008d900000, 0x000000008da00000|  0%| F|  |TAMS 0x000000008d900000, 0x000000008d900000| Untracked 
| 190|0x000000008da00000, 0x000000008da00000, 0x000000008db00000|  0%| F|  |TAMS 0x000000008da00000, 0x000000008da00000| Untracked 
| 191|0x000000008db00000, 0x000000008db00000, 0x000000008dc00000|  0%| F|  |TAMS 0x000000008db00000, 0x000000008db00000| Untracked 
| 192|0x000000008dc00000, 0x000000008dc00000, 0x000000008dd00000|  0%| F|  |TAMS 0x000000008dc00000, 0x000000008dc00000| Untracked 
| 193|0x000000008dd00000, 0x000000008dd00000, 0x000000008de00000|  0%| F|  |TAMS 0x000000008dd00000, 0x000000008dd00000| Untracked 
| 194|0x000000008de00000, 0x000000008de00000, 0x000000008df00000|  0%| F|  |TAMS 0x000000008de00000, 0x000000008de00000| Untracked 
| 195|0x000000008df00000, 0x000000008df00000, 0x000000008e000000|  0%| F|  |TAMS 0x000000008df00000, 0x000000008df00000| Untracked 
| 196|0x000000008e000000, 0x000000008e000000, 0x000000008e100000|  0%| F|  |TAMS 0x000000008e000000, 0x000000008e000000| Untracked 
| 197|0x000000008e100000, 0x000000008e100000, 0x000000008e200000|  0%| F|  |TAMS 0x000000008e100000, 0x000000008e100000| Untracked 
| 198|0x000000008e200000, 0x000000008e200000, 0x000000008e300000|  0%| F|  |TAMS 0x000000008e200000, 0x000000008e200000| Untracked 
| 199|0x000000008e300000, 0x000000008e300000, 0x000000008e400000|  0%| F|  |TAMS 0x000000008e300000, 0x000000008e300000| Untracked 
| 200|0x000000008e400000, 0x000000008e400000, 0x000000008e500000|  0%| F|  |TAMS 0x000000008e400000, 0x000000008e400000| Untracked 
| 201|0x000000008e500000, 0x000000008e500000, 0x000000008e600000|  0%| F|  |TAMS 0x000000008e500000, 0x000000008e500000| Untracked 
| 202|0x000000008e600000, 0x000000008e600000, 0x000000008e700000|  0%| F|  |TAMS 0x000000008e600000, 0x000000008e600000| Untracked 
| 203|0x000000008e700000, 0x000000008e700000, 0x000000008e800000|  0%| F|  |TAMS 0x000000008e700000, 0x000000008e700000| Untracked 
| 204|0x000000008e800000, 0x000000008e800000, 0x000000008e900000|  0%| F|  |TAMS 0x000000008e800000, 0x000000008e800000| Untracked 
| 205|0x000000008e900000, 0x000000008e900000, 0x000000008ea00000|  0%| F|  |TAMS 0x000000008e900000, 0x000000008e900000| Untracked 
| 206|0x000000008ea00000, 0x000000008ea00000, 0x000000008eb00000|  0%| F|  |TAMS 0x000000008ea00000, 0x000000008ea00000| Untracked 
| 207|0x000000008eb00000, 0x000000008eb00000, 0x000000008ec00000|  0%| F|  |TAMS 0x000000008eb00000, 0x000000008eb00000| Untracked 
| 208|0x000000008ec00000, 0x000000008ec00000, 0x000000008ed00000|  0%| F|  |TAMS 0x000000008ec00000, 0x000000008ec00000| Untracked 
| 209|0x000000008ed00000, 0x000000008ed00000, 0x000000008ee00000|  0%| F|  |TAMS 0x000000008ed00000, 0x000000008ed00000| Untracked 
| 210|0x000000008ee00000, 0x000000008ee00000, 0x000000008ef00000|  0%| F|  |TAMS 0x000000008ee00000, 0x000000008ee00000| Untracked 
| 211|0x000000008ef00000, 0x000000008ef00000, 0x000000008f000000|  0%| F|  |TAMS 0x000000008ef00000, 0x000000008ef00000| Untracked 
| 212|0x000000008f000000, 0x000000008f000000, 0x000000008f100000|  0%| F|  |TAMS 0x000000008f000000, 0x000000008f000000| Untracked 
| 213|0x000000008f100000, 0x000000008f100000, 0x000000008f200000|  0%| F|  |TAMS 0x000000008f100000, 0x000000008f100000| Untracked 
| 214|0x000000008f200000, 0x000000008f200000, 0x000000008f300000|  0%| F|  |TAMS 0x000000008f200000, 0x000000008f200000| Untracked 
| 215|0x000000008f300000, 0x000000008f300000, 0x000000008f400000|  0%| F|  |TAMS 0x000000008f300000, 0x000000008f300000| Untracked 
| 216|0x000000008f400000, 0x000000008f400000, 0x000000008f500000|  0%| F|  |TAMS 0x000000008f400000, 0x000000008f400000| Untracked 
| 217|0x000000008f500000, 0x000000008f500000, 0x000000008f600000|  0%| F|  |TAMS 0x000000008f500000, 0x000000008f500000| Untracked 
| 218|0x000000008f600000, 0x000000008f600000, 0x000000008f700000|  0%| F|  |TAMS 0x000000008f600000, 0x000000008f600000| Untracked 
| 219|0x000000008f700000, 0x000000008f700000, 0x000000008f800000|  0%| F|  |TAMS 0x000000008f700000, 0x000000008f700000| Untracked 
| 220|0x000000008f800000, 0x000000008f800000, 0x000000008f900000|  0%| F|  |TAMS 0x000000008f800000, 0x000000008f800000| Untracked 
| 221|0x000000008f900000, 0x000000008f900000, 0x000000008fa00000|  0%| F|  |TAMS 0x000000008f900000, 0x000000008f900000| Untracked 
| 222|0x000000008fa00000, 0x000000008fa00000, 0x000000008fb00000|  0%| F|  |TAMS 0x000000008fa00000, 0x000000008fa00000| Untracked 
| 223|0x000000008fb00000, 0x000000008fb00000, 0x000000008fc00000|  0%| F|  |TAMS 0x000000008fb00000, 0x000000008fb00000| Untracked 
| 224|0x000000008fc00000, 0x000000008fc00000, 0x000000008fd00000|  0%| F|  |TAMS 0x000000008fc00000, 0x000000008fc00000| Untracked 
| 225|0x000000008fd00000, 0x000000008fd00000, 0x000000008fe00000|  0%| F|  |TAMS 0x000000008fd00000, 0x000000008fd00000| Untracked 
| 226|0x000000008fe00000, 0x000000008fe00000, 0x000000008ff00000|  0%| F|  |TAMS 0x000000008fe00000, 0x000000008fe00000| Untracked 
| 227|0x000000008ff00000, 0x000000008ff00000, 0x0000000090000000|  0%| F|  |TAMS 0x000000008ff00000, 0x000000008ff00000| Untracked 
| 228|0x0000000090000000, 0x0000000090000000, 0x0000000090100000|  0%| F|  |TAMS 0x0000000090000000, 0x0000000090000000| Untracked 
| 229|0x0000000090100000, 0x0000000090100000, 0x0000000090200000|  0%| F|  |TAMS 0x0000000090100000, 0x0000000090100000| Untracked 
| 230|0x0000000090200000, 0x0000000090200000, 0x0000000090300000|  0%| F|  |TAMS 0x0000000090200000, 0x0000000090200000| Untracked 
| 231|0x0000000090300000, 0x0000000090300000, 0x0000000090400000|  0%| F|  |TAMS 0x0000000090300000, 0x0000000090300000| Untracked 
| 232|0x0000000090400000, 0x0000000090400000, 0x0000000090500000|  0%| F|  |TAMS 0x0000000090400000, 0x0000000090400000| Untracked 
| 233|0x0000000090500000, 0x0000000090500000, 0x0000000090600000|  0%| F|  |TAMS 0x0000000090500000, 0x0000000090500000| Untracked 
| 234|0x0000000090600000, 0x0000000090600000, 0x0000000090700000|  0%| F|  |TAMS 0x0000000090600000, 0x0000000090600000| Untracked 
| 235|0x0000000090700000, 0x0000000090700000, 0x0000000090800000|  0%| F|  |TAMS 0x0000000090700000, 0x0000000090700000| Untracked 
| 236|0x0000000090800000, 0x0000000090800000, 0x0000000090900000|  0%| F|  |TAMS 0x0000000090800000, 0x0000000090800000| Untracked 
| 237|0x0000000090900000, 0x0000000090900000, 0x0000000090a00000|  0%| F|  |TAMS 0x0000000090900000, 0x0000000090900000| Untracked 
| 238|0x0000000090a00000, 0x0000000090a00000, 0x0000000090b00000|  0%| F|  |TAMS 0x0000000090a00000, 0x0000000090a00000| Untracked 
| 239|0x0000000090b00000, 0x0000000090b00000, 0x0000000090c00000|  0%| F|  |TAMS 0x0000000090b00000, 0x0000000090b00000| Untracked 
| 240|0x0000000090c00000, 0x0000000090c00000, 0x0000000090d00000|  0%| F|  |TAMS 0x0000000090c00000, 0x0000000090c00000| Untracked 
| 241|0x0000000090d00000, 0x0000000090d00000, 0x0000000090e00000|  0%| F|  |TAMS 0x0000000090d00000, 0x0000000090d00000| Untracked 
| 242|0x0000000090e00000, 0x0000000090e00000, 0x0000000090f00000|  0%| F|  |TAMS 0x0000000090e00000, 0x0000000090e00000| Untracked 
| 243|0x0000000090f00000, 0x0000000090f63568, 0x0000000091000000| 38%| S|CS|TAMS 0x0000000090f00000, 0x0000000090f00000| Complete 
| 244|0x0000000091000000, 0x0000000091100000, 0x0000000091100000|100%| S|CS|TAMS 0x0000000091000000, 0x0000000091000000| Complete 
| 245|0x0000000091100000, 0x0000000091100000, 0x0000000091200000|  0%| F|  |TAMS 0x0000000091100000, 0x0000000091100000| Untracked 
| 246|0x0000000091200000, 0x0000000091200000, 0x0000000091300000|  0%| F|  |TAMS 0x0000000091200000, 0x0000000091200000| Untracked 

Card table byte_map: [0x00000269e5dc0000,0x00000269e61c0000] _byte_map_base: 0x00000269e59b2000

Marking Bits (Prev, Next): (CMBitMap*) 0x00000269df37dc30, (CMBitMap*) 0x00000269df37dbf0
 Prev Bits: [0x00000269e8550000, 0x00000269ea4e0000)
 Next Bits: [0x00000269e65c0000, 0x00000269e8550000)

Polling page: 0x00000269dd460000

Metaspace:

Usage:
  Non-class:     25.05 MB used.
      Class:      3.50 MB used.
       Both:     28.55 MB used.

Virtual space:
  Non-class space:       64.00 MB reserved,      25.25 MB ( 39%) committed,  1 nodes.
      Class space:        1.00 GB reserved,       3.69 MB ( <1%) committed,  1 nodes.
             Both:        1.06 GB reserved,      28.94 MB (  3%) committed. 

Chunk freelists:
   Non-Class:  5.88 MB
       Class:  12.31 MB
        Both:  18.19 MB

MaxMetaspaceSize: unlimited
CompressedClassSpaceSize: 1.00 GB
Initial GC threshold: 21.00 MB
Current GC threshold: 36.19 MB
CDS: off
MetaspaceReclaimPolicy: balanced
 - commit_granule_bytes: 65536.
 - commit_granule_words: 8192.
 - virtual_space_node_default_size: 8388608.
 - enlarge_chunks_in_place: 1.
 - new_chunks_are_fully_committed: 0.
 - uncommit_free_chunks: 1.
 - use_allocation_guard: 0.
 - handle_deallocations: 1.


Internal statistics:

num_allocs_failed_limit: 9.
num_arena_births: 494.
num_arena_deaths: 0.
num_vsnodes_births: 2.
num_vsnodes_deaths: 0.
num_space_committed: 463.
num_space_uncommitted: 0.
num_chunks_returned_to_freelist: 9.
num_chunks_taken_from_freelist: 1514.
num_chunk_merges: 9.
num_chunk_splits: 882.
num_chunks_enlarged: 497.
num_inconsistent_stats: 0.

CodeCache: size=49152Kb used=7536Kb max_used=7536Kb free=41615Kb
 bounds [0x00000269e29c0000, 0x00000269e3120000, 0x00000269e59c0000]
 total_blobs=3858 nmethods=3368 adapters=415
 compilation: enabled
              stopped_count=0, restarted_count=0
 full_count=0

Compilation events (20 events):
Event: 3.153 Thread 0x00000269eca6c150 3367       1       org.jboss.jandex.FieldInternal::access$000 (5 bytes)
Event: 3.153 Thread 0x00000269eca6c660 nmethod 3370 0x00000269e3118e10 code [0x00000269e3118fa0, 0x00000269e31190f8]
Event: 3.153 Thread 0x00000269eca6c660 3368       1       org.jboss.jandex.FieldInternal$NameComparator::compare (13 bytes)
Event: 3.153 Thread 0x00000269eca6c150 nmethod 3367 0x00000269e3119510 code [0x00000269e31196a0, 0x00000269e3119758]
Event: 3.153 Thread 0x00000269eca6c150 3369       1       org.jboss.jandex.FieldInternal$NameComparator::compare (13 bytes)
Event: 3.153 Thread 0x00000269ec946880 nmethod 3366 0x00000269e3119810 code [0x00000269e3119a00, 0x00000269e3119ed8]
Event: 3.154 Thread 0x00000269ec946880 3361       1       java.util.IdentityHashMap::init (11 bytes)
Event: 3.154 Thread 0x00000269eca6c660 nmethod 3368 0x00000269e311a090 code [0x00000269e311a240, 0x00000269e311a3a8]
Event: 3.154 Thread 0x00000269eca6c150 nmethod 3369 0x00000269e311a510 code [0x00000269e311a6a0, 0x00000269e311a788]
Event: 3.154 Thread 0x00000269eca6c660 3364       1       org.jboss.jandex.NameTable::intern (12 bytes)
Event: 3.154 Thread 0x00000269ec946880 nmethod 3361 0x00000269e311a890 code [0x00000269e311aa20, 0x00000269e311abd8]
Event: 3.154 Thread 0x00000269eca6c150 3357       1       org.jboss.jandex.MethodInternal::internEquals (232 bytes)
Event: 3.154 Thread 0x00000269ec946880 3371       1       sun.nio.fs.WindowsNativeDispatcher$FirstFile::handle (5 bytes)
Event: 3.154 Thread 0x00000269eca6c660 nmethod 3364 0x00000269e311ac90 code [0x00000269e311ae20, 0x00000269e311af48]
Event: 3.154 Thread 0x00000269eca6c660 3372       1       sun.nio.fs.WindowsNativeDispatcher$FirstFile::name (5 bytes)
Event: 3.155 Thread 0x00000269ec946880 nmethod 3371 0x00000269e311b010 code [0x00000269e311b1a0, 0x00000269e311b278]
Event: 3.155 Thread 0x00000269ec946880 3373       1       sun.nio.fs.WindowsFileAttributes::fileKey (2 bytes)
Event: 3.155 Thread 0x00000269eca6c660 nmethod 3372 0x00000269e311b310 code [0x00000269e311b4a0, 0x00000269e311b578]
Event: 3.155 Thread 0x00000269ec946880 nmethod 3373 0x00000269e311b610 code [0x00000269e311b7a0, 0x00000269e311b878]
Event: 3.155 Thread 0x00000269eca6c150 nmethod 3357 0x00000269e311b910 code [0x00000269e311bb80, 0x00000269e311c178]

GC Heap History (20 events):
Event: 0.550 GC heap after
{Heap after GC invocations=1 (full 0):
 garbage-first heap   total 131072K, used 4497K [0x0000000081c00000, 0x0000000100000000)
  region size 1024K, 2 young (2048K), 2 survivors (2048K)
 Metaspace       used 9398K, committed 9600K, reserved 1114112K
  class space    used 892K, committed 1024K, reserved 1048576K
}
Event: 0.726 GC heap before
{Heap before GC invocations=1 (full 0):
 garbage-first heap   total 131072K, used 18833K [0x0000000081c00000, 0x0000000100000000)
  region size 1024K, 15 young (15360K), 2 survivors (2048K)
 Metaspace       used 10173K, committed 10304K, reserved 1114112K
  class space    used 991K, committed 1088K, reserved 1048576K
}
Event: 0.738 GC heap after
{Heap after GC invocations=2 (full 0):
 garbage-first heap   total 131072K, used 15869K [0x0000000081c00000, 0x0000000100000000)
  region size 1024K, 2 young (2048K), 2 survivors (2048K)
 Metaspace       used 10173K, committed 10304K, reserved 1114112K
  class space    used 991K, committed 1088K, reserved 1048576K
}
Event: 0.875 GC heap before
{Heap before GC invocations=2 (full 0):
 garbage-first heap   total 131072K, used 35325K [0x0000000081c00000, 0x0000000100000000)
  region size 1024K, 20 young (20480K), 2 survivors (2048K)
 Metaspace       used 10611K, committed 10752K, reserved 1114112K
  class space    used 1024K, committed 1088K, reserved 1048576K
}
Event: 0.890 GC heap after
{Heap after GC invocations=3 (full 0):
 garbage-first heap   total 131072K, used 33513K [0x0000000081c00000, 0x0000000100000000)
  region size 1024K, 3 young (3072K), 3 survivors (3072K)
 Metaspace       used 10611K, committed 10752K, reserved 1114112K
  class space    used 1024K, committed 1088K, reserved 1048576K
}
Event: 1.016 GC heap before
{Heap before GC invocations=3 (full 0):
 garbage-first heap   total 131072K, used 52969K [0x0000000081c00000, 0x0000000100000000)
  region size 1024K, 22 young (22528K), 3 survivors (3072K)
 Metaspace       used 10869K, committed 11136K, reserved 1114112K
  class space    used 1059K, committed 1216K, reserved 1048576K
}
Event: 1.027 GC heap after
{Heap after GC invocations=4 (full 0):
 garbage-first heap   total 131072K, used 38912K [0x0000000081c00000, 0x0000000100000000)
  region size 1024K, 3 young (3072K), 3 survivors (3072K)
 Metaspace       used 10869K, committed 11136K, reserved 1114112K
  class space    used 1059K, committed 1216K, reserved 1048576K
}
Event: 1.194 GC heap before
{Heap before GC invocations=4 (full 0):
 garbage-first heap   total 131072K, used 69632K [0x0000000081c00000, 0x0000000100000000)
  region size 1024K, 34 young (34816K), 3 survivors (3072K)
 Metaspace       used 10959K, committed 11264K, reserved 1114112K
  class space    used 1066K, committed 1216K, reserved 1048576K
}
Event: 1.209 GC heap after
{Heap after GC invocations=5 (full 0):
 garbage-first heap   total 131072K, used 47104K [0x0000000081c00000, 0x0000000100000000)
  region size 1024K, 5 young (5120K), 5 survivors (5120K)
 Metaspace       used 10959K, committed 11264K, reserved 1114112K
  class space    used 1066K, committed 1216K, reserved 1048576K
}
Event: 1.345 GC heap before
{Heap before GC invocations=5 (full 0):
 garbage-first heap   total 131072K, used 79872K [0x0000000081c00000, 0x0000000100000000)
  region size 1024K, 36 young (36864K), 5 survivors (5120K)
 Metaspace       used 10960K, committed 11264K, reserved 1114112K
  class space    used 1067K, committed 1216K, reserved 1048576K
}
Event: 1.367 GC heap after
{Heap after GC invocations=6 (full 0):
 garbage-first heap   total 252928K, used 56320K [0x0000000081c00000, 0x0000000100000000)
  region size 1024K, 5 young (5120K), 5 survivors (5120K)
 Metaspace       used 10960K, committed 11264K, reserved 1114112K
  class space    used 1067K, committed 1216K, reserved 1048576K
}
Event: 1.778 GC heap before
{Heap before GC invocations=6 (full 0):
 garbage-first heap   total 252928K, used 100352K [0x0000000081c00000, 0x0000000100000000)
  region size 1024K, 45 young (46080K), 5 survivors (5120K)
 Metaspace       used 14034K, committed 14272K, reserved 1114112K
  class space    used 1461K, committed 1536K, reserved 1048576K
}
Event: 1.814 GC heap after
{Heap after GC invocations=7 (full 0):
 garbage-first heap   total 252928K, used 79555K [0x0000000081c00000, 0x0000000100000000)
  region size 1024K, 6 young (6144K), 6 survivors (6144K)
 Metaspace       used 14034K, committed 14272K, reserved 1114112K
  class space    used 1461K, committed 1536K, reserved 1048576K
}
Event: 2.413 GC heap before
{Heap before GC invocations=7 (full 0):
 garbage-first heap   total 252928K, used 125635K [0x0000000081c00000, 0x0000000100000000)
  region size 1024K, 51 young (52224K), 6 survivors (6144K)
 Metaspace       used 20502K, committed 20736K, reserved 1114112K
  class space    used 2301K, committed 2432K, reserved 1048576K
}
Event: 2.429 GC heap after
{Heap after GC invocations=8 (full 0):
 garbage-first heap   total 252928K, used 84332K [0x0000000081c00000, 0x0000000100000000)
  region size 1024K, 4 young (4096K), 4 survivors (4096K)
 Metaspace       used 20502K, committed 20736K, reserved 1114112K
  class space    used 2301K, committed 2432K, reserved 1048576K
}
Event: 2.523 GC heap before
{Heap before GC invocations=8 (full 0):
 garbage-first heap   total 252928K, used 90476K [0x0000000081c00000, 0x0000000100000000)
  region size 1024K, 11 young (11264K), 4 survivors (4096K)
 Metaspace       used 21232K, committed 21504K, reserved 1114112K
  class space    used 2432K, committed 2624K, reserved 1048576K
}
Event: 2.528 GC heap after
{Heap after GC invocations=9 (full 0):
 garbage-first heap   total 252928K, used 84857K [0x0000000081c00000, 0x0000000100000000)
  region size 1024K, 5 young (5120K), 5 survivors (5120K)
 Metaspace       used 21232K, committed 21504K, reserved 1114112K
  class space    used 2432K, committed 2624K, reserved 1048576K
}
Event: 3.124 GC heap before
{Heap before GC invocations=10 (full 0):
 garbage-first heap   total 252928K, used 172921K [0x0000000081c00000, 0x0000000100000000)
  region size 1024K, 94 young (96256K), 5 survivors (5120K)
 Metaspace       used 28942K, committed 29440K, reserved 1114112K
  class space    used 3548K, committed 3776K, reserved 1048576K
}
Event: 3.137 GC heap after
{Heap after GC invocations=11 (full 0):
 garbage-first heap   total 252928K, used 85077K [0x0000000081c00000, 0x0000000100000000)
  region size 1024K, 10 young (10240K), 10 survivors (10240K)
 Metaspace       used 28942K, committed 29440K, reserved 1114112K
  class space    used 3548K, committed 3776K, reserved 1048576K
}
Event: 3.156 GC heap before
{Heap before GC invocations=11 (full 0):
 garbage-first heap   total 252928K, used 86101K [0x0000000081c00000, 0x0000000100000000)
  region size 1024K, 12 young (12288K), 10 survivors (10240K)
 Metaspace       used 29233K, committed 29632K, reserved 1114112K
  class space    used 3585K, committed 3776K, reserved 1048576K
}

Dll operation events (10 events):
Event: 0.016 Loaded shared library C:\Users\Sanjay\eclipse\plugins\org.eclipse.justj.openjdk.hotspot.jre.full.win32.x86_64_17.0.7.v20230425-1502\jre\bin\java.dll
Event: 0.158 Loaded shared library C:\Users\Sanjay\eclipse\plugins\org.eclipse.justj.openjdk.hotspot.jre.full.win32.x86_64_17.0.7.v20230425-1502\jre\bin\zip.dll
Event: 0.161 Loaded shared library C:\Users\Sanjay\eclipse\plugins\org.eclipse.justj.openjdk.hotspot.jre.full.win32.x86_64_17.0.7.v20230425-1502\jre\bin\instrument.dll
Event: 0.174 Loaded shared library C:\Users\Sanjay\eclipse\plugins\org.eclipse.justj.openjdk.hotspot.jre.full.win32.x86_64_17.0.7.v20230425-1502\jre\bin\net.dll
Event: 0.176 Loaded shared library C:\Users\Sanjay\eclipse\plugins\org.eclipse.justj.openjdk.hotspot.jre.full.win32.x86_64_17.0.7.v20230425-1502\jre\bin\nio.dll
Event: 0.184 Loaded shared library C:\Users\Sanjay\eclipse\plugins\org.eclipse.justj.openjdk.hotspot.jre.full.win32.x86_64_17.0.7.v20230425-1502\jre\bin\zip.dll
Event: 0.273 Loaded shared library C:\Users\Sanjay\eclipse\plugins\org.eclipse.justj.openjdk.hotspot.jre.full.win32.x86_64_17.0.7.v20230425-1502\jre\bin\jimage.dll
Event: 1.626 Loaded shared library C:\Users\Sanjay\eclipse\plugins\org.eclipse.justj.openjdk.hotspot.jre.full.win32.x86_64_17.0.7.v20230425-1502\jre\bin\verify.dll
Event: 1.643 Loaded shared library C:\Users\Sanjay\eclipse\plugins\org.eclipse.justj.openjdk.hotspot.jre.full.win32.x86_64_17.0.7.v20230425-1502\jre\bin\management.dll
Event: 1.647 Loaded shared library C:\Users\Sanjay\eclipse\plugins\org.eclipse.justj.openjdk.hotspot.jre.full.win32.x86_64_17.0.7.v20230425-1502\jre\bin\management_ext.dll

Deoptimization events (2 events):
Event: 2.406 Thread 0x00000269df323850 DEOPT PACKING pc=0x00000269e2fcec99 sp=0x000000c5527fd8e0
Event: 2.406 Thread 0x00000269df323850 DEOPT UNPACKING pc=0x00000269e2a17143 sp=0x000000c5527fcdc0 mode 3

Classes unloaded (0 events):
No events

Classes redefined (0 events):
No events

Internal exceptions (20 events):
Event: 2.138 Thread 0x00000269df323850 Exception <a 'java/lang/NoSuchMethodError'{0x000000008ff49520}: 'void java.lang.invoke.DirectMethodHandle$Holder.invokeSpecialIFC(java.lang.Object, java.lang.Object, java.lang.Object, java.lang.Object)'> (0x000000008ff49520) 
thrown [s\src\hotspot\share\interpreter\linkResolver.cpp, line 759]
Event: 2.186 Thread 0x00000269df323850 Exception <a 'java/lang/NoSuchMethodError'{0x000000008fa3ddd0}: 'int java.lang.invoke.DirectMethodHandle$Holder.invokeStaticInit(java.lang.Object, java.lang.Object)'> (0x000000008fa3ddd0) 
thrown [s\src\hotspot\share\interpreter\linkResolver.cpp, line 759]
Event: 2.275 Thread 0x00000269df323850 Exception <a 'java/lang/NoSuchMethodError'{0x000000008f10cbf0}: 'java.lang.Object java.lang.invoke.DirectMethodHandle$Holder.newInvokeSpecial(java.lang.Object, java.lang.Object, java.lang.Object, java.lang.Object, java.lang.Object)'> (0x000000008f10cbf0) 
thrown [s\src\hotspot\share\interpreter\linkResolver.cpp, line 759]
Event: 2.315 Thread 0x00000269df323850 Exception <a 'java/lang/NoSuchMethodError'{0x000000008ee60a18}: 'int java.lang.invoke.DirectMethodHandle$Holder.invokeStaticInit(java.lang.Object, java.lang.Object, java.lang.Object)'> (0x000000008ee60a18) 
thrown [s\src\hotspot\share\interpreter\linkResolver.cpp, line 759]
Event: 2.407 Thread 0x00000269df323850 Exception <a 'java/lang/NoSuchMethodError'{0x000000008e091d80}: 'int java.lang.invoke.DirectMethodHandle$Holder.invokeStatic(java.lang.Object)'> (0x000000008e091d80) 
thrown [s\src\hotspot\share\interpreter\linkResolver.cpp, line 759]
Event: 2.440 Thread 0x00000269df323850 Exception <a 'java/lang/NoSuchMethodError'{0x00000000912a0298}: 'java.lang.Object java.lang.invoke.DirectMethodHandle$Holder.newInvokeSpecial(java.lang.Object, java.lang.Object, int)'> (0x00000000912a0298) 
thrown [s\src\hotspot\share\interpreter\linkResolver.cpp, line 759]
Event: 2.472 Thread 0x00000269df323850 Exception <a 'java/lang/NoSuchMethodError'{0x00000000910b8770}: 'void java.lang.invoke.DirectMethodHandle$Holder.invokeSpecialIFC(java.lang.Object, java.lang.Object, java.lang.Object, java.lang.Object, java.lang.Object)'> (0x00000000910b8770) 
thrown [s\src\hotspot\share\interpreter\linkResolver.cpp, line 759]
Event: 2.738 Thread 0x00000269f3634020 Exception <a 'java/lang/NoSuchMethodError'{0x000000008fef8888}: 'void java.lang.invoke.DirectMethodHandle$Holder.invokeInterface(java.lang.Object, java.lang.Object, java.lang.Object)'> (0x000000008fef8888) 
thrown [s\src\hotspot\share\interpreter\linkResolver.cpp, line 759]
Event: 2.752 Thread 0x00000269f360dbe0 Exception <a 'java/lang/IncompatibleClassChangeError'{0x000000008fcec218}: Found class java.lang.Object, but interface was expected> (0x000000008fcec218) 
thrown [s\src\hotspot\share\interpreter\linkResolver.cpp, line 826]
Event: 2.808 Thread 0x00000269f35b89f0 Exception <a 'sun/nio/fs/WindowsException'{0x000000008fb2bec0}> (0x000000008fb2bec0) 
thrown [s\src\hotspot\share\prims\jni.cpp, line 516]
Event: 2.841 Thread 0x00000269f36ee230 Exception <a 'java/lang/NoSuchMethodError'{0x000000008e5e5680}: 'void java.lang.invoke.DirectMethodHandle$Holder.invokeStatic(java.lang.Object, java.lang.Object, java.lang.Object, java.lang.Object)'> (0x000000008e5e5680) 
thrown [s\src\hotspot\share\interpreter\linkResolver.cpp, line 759]
Event: 2.858 Thread 0x00000269f36bb620 Exception <a 'sun/nio/fs/WindowsException'{0x000000008ec7b730}> (0x000000008ec7b730) 
thrown [s\src\hotspot\share\prims\jni.cpp, line 516]
Event: 2.858 Thread 0x00000269f36bb620 Exception <a 'sun/nio/fs/WindowsException'{0x000000008ec7b8e0}> (0x000000008ec7b8e0) 
thrown [s\src\hotspot\share\prims\jni.cpp, line 516]
Event: 2.858 Thread 0x00000269f36bb620 Exception <a 'sun/nio/fs/WindowsException'{0x000000008ec7c188}> (0x000000008ec7c188) 
thrown [s\src\hotspot\share\prims\jni.cpp, line 516]
Event: 2.858 Thread 0x00000269f36bb620 Exception <a 'sun/nio/fs/WindowsException'{0x000000008ec7c398}> (0x000000008ec7c398) 
thrown [s\src\hotspot\share\prims\jni.cpp, line 516]
Event: 2.858 Thread 0x00000269f36bb620 Exception <a 'sun/nio/fs/WindowsException'{0x000000008ec7cbc0}> (0x000000008ec7cbc0) 
thrown [s\src\hotspot\share\prims\jni.cpp, line 516]
Event: 2.858 Thread 0x00000269f36bb620 Exception <a 'sun/nio/fs/WindowsException'{0x000000008ec7cd68}> (0x000000008ec7cd68) 
thrown [s\src\hotspot\share\prims\jni.cpp, line 516]
Event: 2.948 Thread 0x00000269f3669d60 Exception <a 'java/lang/NoSuchMethodError'{0x000000008d6e6ff8}: 'void java.lang.invoke.DirectMethodHandle$Holder.invokeStatic(java.lang.Object, int, java.lang.Object)'> (0x000000008d6e6ff8) 
thrown [s\src\hotspot\share\interpreter\linkResolver.cpp, line 759]
Event: 3.036 Thread 0x00000269f36f38d0 Exception <a 'java/lang/NoSuchMethodError'{0x000000008be09180}: 'java.lang.Object java.lang.invoke.DirectMethodHandle$Holder.invokeSpecial(java.lang.Object, java.lang.Object, java.lang.Object, java.lang.Object, java.lang.Object, int)'> (0x000000008be09180) 
thrown [s\src\hotspot\share\interpreter\linkResolver.cpp, line 759]
Event: 3.037 Thread 0x00000269f36f38d0 Exception <a 'java/lang/NoSuchMethodError'{0x000000008be0ce68}: 'java.lang.Object java.lang.invoke.Invokers$Holder.linkToTargetMethod(java.lang.Object, java.lang.Object, java.lang.Object, int, java.lang.Object)'> (0x000000008be0ce68) 
thrown [s\src\hotspot\share\interpreter\linkResolver.cpp, line 759]

VM Operations (20 events):
Event: 2.597 Executing VM operation: CollectForMetadataAllocation done
Event: 2.628 Executing VM operation: CollectForMetadataAllocation
Event: 2.628 Executing VM operation: CollectForMetadataAllocation done
Event: 2.630 Executing VM operation: G1Concurrent
Event: 2.632 Executing VM operation: G1Concurrent done
Event: 2.690 Executing VM operation: G1Concurrent
Event: 2.691 Executing VM operation: G1Concurrent done
Event: 2.727 Executing VM operation: HandshakeAllThreads
Event: 2.727 Executing VM operation: HandshakeAllThreads done
Event: 2.779 Executing VM operation: HandshakeAllThreads
Event: 2.804 Executing VM operation: HandshakeAllThreads done
Event: 2.804 Executing VM operation: HandshakeAllThreads
Event: 2.804 Executing VM operation: HandshakeAllThreads done
Event: 2.854 Executing VM operation: HandshakeAllThreads
Event: 2.870 Executing VM operation: HandshakeAllThreads done
Event: 2.921 Executing VM operation: HandshakeAllThreads
Event: 2.925 Executing VM operation: HandshakeAllThreads done
Event: 3.123 Executing VM operation: G1CollectForAllocation
Event: 3.138 Executing VM operation: G1CollectForAllocation done
Event: 3.155 Executing VM operation: G1CollectForAllocation

Events (20 events):
Event: 3.150 loading class sun/util/locale/provider/CalendarDataUtility
Event: 3.150 loading class sun/util/locale/provider/CalendarDataUtility done
Event: 3.150 loading class java/util/Locale$Builder
Event: 3.151 loading class java/util/Locale$Builder done
Event: 3.151 loading class sun/util/locale/provider/LocaleResources
Event: 3.151 loading class sun/util/locale/provider/LocaleResources done
Event: 3.152 loading class sun/util/resources/LocaleData
Event: 3.152 loading class sun/util/resources/LocaleData done
Event: 3.152 loading class java/util/ResourceBundle$Control
Event: 3.153 loading class java/util/ResourceBundle$Control done
Event: 3.153 loading class java/util/ResourceBundle$Control$CandidateListCache
Event: 3.153 loading class java/util/ResourceBundle$Control$CandidateListCache done
Event: 3.154 loading class sun/util/resources/LocaleData$1
Event: 3.154 loading class sun/util/resources/LocaleData$1 done
Event: 3.154 loading class sun/util/resources/LocaleData$LocaleDataStrategy
Event: 3.154 loading class sun/util/resources/Bundles$Strategy
Event: 3.154 loading class sun/util/resources/Bundles$Strategy done
Event: 3.154 loading class sun/util/resources/LocaleData$LocaleDataStrategy done
Event: 3.155 loading class sun/util/resources/Bundles
Event: 3.155 loading class sun/util/resources/Bundles done


Dynamic libraries:
0x00007ff66fce0000 - 0x00007ff66fcee000 	C:\Users\Sanjay\eclipse\plugins\org.eclipse.justj.openjdk.hotspot.jre.full.win32.x86_64_17.0.7.v20230425-1502\jre\bin\java.EXE
0x00007ffb475d0000 - 0x00007ffb477c8000 	C:\WINDOWS\SYSTEM32\ntdll.dll
0x00007ffb47110000 - 0x00007ffb471d2000 	C:\WINDOWS\System32\KERNEL32.DLL
0x00007ffb44e40000 - 0x00007ffb4513f000 	C:\WINDOWS\System32\KERNELBASE.dll
0x00007ffb45140000 - 0x00007ffb45240000 	C:\WINDOWS\System32\ucrtbase.dll
0x00007ffb3bcb0000 - 0x00007ffb3bcc7000 	C:\Users\Sanjay\eclipse\plugins\org.eclipse.justj.openjdk.hotspot.jre.full.win32.x86_64_17.0.7.v20230425-1502\jre\bin\jli.dll
0x00007ffb473f0000 - 0x00007ffb4758d000 	C:\WINDOWS\System32\USER32.dll
0x00007ffb3c740000 - 0x00007ffb3c759000 	C:\Users\Sanjay\eclipse\plugins\org.eclipse.justj.openjdk.hotspot.jre.full.win32.x86_64_17.0.7.v20230425-1502\jre\bin\VCRUNTIME140.dll
0x00007ffb2d7d0000 - 0x00007ffb2da6a000 	C:\WINDOWS\WinSxS\amd64_microsoft.windows.common-controls_6595b64144ccf1df_6.0.19041.4355_none_60b8b9eb71f62e16\COMCTL32.dll
0x00007ffb455c0000 - 0x00007ffb455e2000 	C:\WINDOWS\System32\win32u.dll
0x00007ffb45be0000 - 0x00007ffb45c7e000 	C:\WINDOWS\System32\msvcrt.dll
0x00007ffb45720000 - 0x00007ffb4574b000 	C:\WINDOWS\System32\GDI32.dll
0x00007ffb45290000 - 0x00007ffb453aa000 	C:\WINDOWS\System32\gdi32full.dll
0x00007ffb44d30000 - 0x00007ffb44dcd000 	C:\WINDOWS\System32\msvcp_win.dll
0x00007ffb468b0000 - 0x00007ffb468df000 	C:\WINDOWS\System32\IMM32.DLL
0x0000000064a10000 - 0x0000000064a1c000 	C:\Program Files (x86)\360\Total Security\safemon\SafeWrapper.dll
0x00007ffb468e0000 - 0x00007ffb4698f000 	C:\WINDOWS\System32\ADVAPI32.dll
0x00007ffb46810000 - 0x00007ffb468af000 	C:\WINDOWS\System32\sechost.dll
0x00007ffb471e0000 - 0x00007ffb47303000 	C:\WINDOWS\System32\RPCRT4.dll
0x00007ffb44d00000 - 0x00007ffb44d27000 	C:\WINDOWS\System32\bcrypt.dll
0x00007ffac2900000 - 0x00007ffac29ac000 	C:\Program Files (x86)\360\Total Security\safemon\libzdtp64.dll
0x00007ffb45fd0000 - 0x00007ffb4673d000 	C:\WINDOWS\System32\SHELL32.dll
0x00007ffb46750000 - 0x00007ffb467a5000 	C:\WINDOWS\System32\SHLWAPI.dll
0x00007ffb44700000 - 0x00007ffb4470a000 	C:\WINDOWS\SYSTEM32\VERSION.dll
0x00007ffb3c730000 - 0x00007ffb3c73c000 	C:\Users\Sanjay\eclipse\plugins\org.eclipse.justj.openjdk.hotspot.jre.full.win32.x86_64_17.0.7.v20230425-1502\jre\bin\vcruntime140_1.dll
0x00007ffb18330000 - 0x00007ffb183c1000 	C:\Users\Sanjay\eclipse\plugins\org.eclipse.justj.openjdk.hotspot.jre.full.win32.x86_64_17.0.7.v20230425-1502\jre\bin\msvcp140.dll
0x00007ffaa7120000 - 0x00007ffaa7d68000 	C:\Users\Sanjay\eclipse\plugins\org.eclipse.justj.openjdk.hotspot.jre.full.win32.x86_64_17.0.7.v20230425-1502\jre\bin\server\jvm.dll
0x00007ffb2db80000 - 0x00007ffb2dba7000 	C:\WINDOWS\SYSTEM32\WINMM.dll
0x00007ffb2e190000 - 0x00007ffb2e199000 	C:\WINDOWS\SYSTEM32\WSOCK32.dll
0x00007ffb45ee0000 - 0x00007ffb45f4b000 	C:\WINDOWS\System32\WS2_32.dll
0x00007ffb43420000 - 0x00007ffb43432000 	C:\WINDOWS\SYSTEM32\kernel.appcore.dll
0x00007ffb3c630000 - 0x00007ffb3c63a000 	C:\Users\Sanjay\eclipse\plugins\org.eclipse.justj.openjdk.hotspot.jre.full.win32.x86_64_17.0.7.v20230425-1502\jre\bin\jimage.dll
0x00007ffb3f930000 - 0x00007ffb3fb14000 	C:\WINDOWS\SYSTEM32\DBGHELP.DLL
0x00007ffb25d20000 - 0x00007ffb25d54000 	C:\WINDOWS\SYSTEM32\dbgcore.DLL
0x00007ffb44c70000 - 0x00007ffb44cf2000 	C:\WINDOWS\System32\bcryptPrimitives.dll
0x00007ffb3bfa0000 - 0x00007ffb3bfae000 	C:\Users\Sanjay\eclipse\plugins\org.eclipse.justj.openjdk.hotspot.jre.full.win32.x86_64_17.0.7.v20230425-1502\jre\bin\instrument.dll
0x00007ffb1dd10000 - 0x00007ffb1dd35000 	C:\Users\Sanjay\eclipse\plugins\org.eclipse.justj.openjdk.hotspot.jre.full.win32.x86_64_17.0.7.v20230425-1502\jre\bin\java.dll
0x00007ffb3bb40000 - 0x00007ffb3bb58000 	C:\Users\Sanjay\eclipse\plugins\org.eclipse.justj.openjdk.hotspot.jre.full.win32.x86_64_17.0.7.v20230425-1502\jre\bin\zip.dll
0x00007ffb42c60000 - 0x00007ffb43404000 	C:\WINDOWS\SYSTEM32\windows.storage.dll
0x00007ffb45880000 - 0x00007ffb45bd5000 	C:\WINDOWS\System32\combase.dll
0x00007ffb44560000 - 0x00007ffb4458b000 	C:\WINDOWS\SYSTEM32\Wldp.dll
0x00007ffb45750000 - 0x00007ffb4581d000 	C:\WINDOWS\System32\OLEAUT32.dll
0x00007ffb45d10000 - 0x00007ffb45dbd000 	C:\WINDOWS\System32\SHCORE.dll
0x00007ffb44ba0000 - 0x00007ffb44bc5000 	C:\WINDOWS\SYSTEM32\profapi.dll
0x00007ffb21e70000 - 0x00007ffb21e89000 	C:\Users\Sanjay\eclipse\plugins\org.eclipse.justj.openjdk.hotspot.jre.full.win32.x86_64_17.0.7.v20230425-1502\jre\bin\net.dll
0x00007ffb2f880000 - 0x00007ffb2f98a000 	C:\WINDOWS\SYSTEM32\WINHTTP.dll
0x00007ffb442c0000 - 0x00007ffb4432c000 	C:\WINDOWS\system32\mswsock.dll
0x00007ffb21380000 - 0x00007ffb21395000 	C:\Users\Sanjay\eclipse\plugins\org.eclipse.justj.openjdk.hotspot.jre.full.win32.x86_64_17.0.7.v20230425-1502\jre\bin\nio.dll
0x00007ffb3b1f0000 - 0x00007ffb3b200000 	C:\Users\Sanjay\eclipse\plugins\org.eclipse.justj.openjdk.hotspot.jre.full.win32.x86_64_17.0.7.v20230425-1502\jre\bin\verify.dll
0x00007ffb2b380000 - 0x00007ffb2b389000 	C:\Users\Sanjay\eclipse\plugins\org.eclipse.justj.openjdk.hotspot.jre.full.win32.x86_64_17.0.7.v20230425-1502\jre\bin\management.dll
0x00007ffb27290000 - 0x00007ffb2729b000 	C:\Users\Sanjay\eclipse\plugins\org.eclipse.justj.openjdk.hotspot.jre.full.win32.x86_64_17.0.7.v20230425-1502\jre\bin\management_ext.dll
0x00007ffb45dc0000 - 0x00007ffb45dc8000 	C:\WINDOWS\System32\PSAPI.DLL

dbghelp: loaded successfully - version: 4.0.5 - missing functions: none
symbol engine: initialized successfully - sym options: 0x614 - pdb path: .;C:\Users\Sanjay\eclipse\plugins\org.eclipse.justj.openjdk.hotspot.jre.full.win32.x86_64_17.0.7.v20230425-1502\jre\bin;C:\WINDOWS\SYSTEM32;C:\WINDOWS\WinSxS\amd64_microsoft.windows.common-controls_6595b64144ccf1df_6.0.19041.4355_none_60b8b9eb71f62e16;C:\Program Files (x86)\360\Total Security\safemon;C:\Users\Sanjay\eclipse\plugins\org.eclipse.justj.openjdk.hotspot.jre.full.win32.x86_64_17.0.7.v20230425-1502\jre\bin\server

VM Arguments:
jvm_args: -Dquarkus-internal.serialized-app-model.path=D:\codifi\emloyee\target\quarkus\bootstrap\dev-app-model.dat -javaagent:C:\Users\Sanjay\.m2\repository\io\quarkus\quarkus-class-change-agent\2.16.6.Final\quarkus-class-change-agent-2.16.6.Final.jar -XX:TieredStopAtLevel=1 -Djava.util.logging.manager=org.jboss.logmanager.LogManager 
java_command: D:\codifi\emloyee\target\employee-dev.jar
java_class_path (initial): D:\codifi\emloyee\target\employee-dev.jar
Launcher Type: SUN_STANDARD

[Global flags]
     intx CICompilerCount                          = 3                                         {product} {ergonomic}
     uint ConcGCThreads                            = 1                                         {product} {ergonomic}
     uint G1ConcRefinementThreads                  = 4                                         {product} {ergonomic}
   size_t G1HeapRegionSize                         = 1048576                                   {product} {ergonomic}
    uintx GCDrainStackTargetSize                   = 64                                        {product} {ergonomic}
   size_t InitialHeapSize                          = 134217728                                 {product} {ergonomic}
   size_t MarkStackSize                            = 4194304                                   {product} {ergonomic}
   size_t MaxHeapSize                              = 2118123520                                {product} {ergonomic}
   size_t MaxNewSize                               = 1270874112                                {product} {ergonomic}
   size_t MinHeapDeltaBytes                        = 1048576                                   {product} {ergonomic}
   size_t MinHeapSize                              = 8388608                                   {product} {ergonomic}
    uintx NonProfiledCodeHeapSize                  = 0                                      {pd product} {ergonomic}
     bool ProfileInterpreter                       = false                                  {pd product} {command line}
    uintx ProfiledCodeHeapSize                     = 0                                      {pd product} {ergonomic}
   size_t SoftMaxHeapSize                          = 2118123520                             {manageable} {ergonomic}
     intx TieredStopAtLevel                        = 1                                         {product} {command line}
     bool UseCompressedClassPointers               = true                           {product lp64_product} {ergonomic}
     bool UseCompressedOops                        = true                           {product lp64_product} {ergonomic}
     bool UseG1GC                                  = true                                      {product} {ergonomic}
     bool UseLargePagesIndividualAllocation        = false                                  {pd product} {ergonomic}

Logging:
Log output configuration:
 #0: stdout all=warning uptime,level,tags
 #1: stderr all=off uptime,level,tags

Environment Variables:
JAVA_HOME=C:\Program Files\Java\jdk-17
PATH=C:/Users/Sanjay/eclipse//plugins/org.eclipse.justj.openjdk.hotspot.jre.full.win32.x86_64_17.0.7.v20230425-1502/jre/bin/server;C:/Users/Sanjay/eclipse//plugins/org.eclipse.justj.openjdk.hotspot.jre.full.win32.x86_64_17.0.7.v20230425-1502/jre/bin;C:\WINDOWS\system32;C:\WINDOWS;C:\WINDOWS\System32\Wbem;C:\WINDOWS\System32\WindowsPowerShell\v1.0\;C:\WINDOWS\System32\OpenSSH\;C:\Program Files\nodejs\;C:\Program Files\Git\cmd;C:\Program Files\Java\jdk-17;C:\Program Files\Apache\Maven\apache-maven-3.9.9\bin;C:\Users\Sanjay\AppData\Local\Programs\Python\Python312\Scripts\;C:\Users\Sanjay\AppData\Local\Programs\Python\Python312\;C:\Users\Sanjay\AppData\Local\Programs\Python\Launcher\;C:\Users\Sanjay\AppData\Local\Microsoft\WindowsApps;D:\vs code\Microsoft VS Code\bin;C:\Users\Sanjay\AppData\Roaming\npm;C:\Program Files\Java\jdk-17\bin;;C:\Users\Sanjay\eclipse;
USERNAME=Sanjay
OS=Windows_NT
PROCESSOR_IDENTIFIER=Intel64 Family 6 Model 78 Stepping 3, GenuineIntel
TMP=C:\Users\Sanjay\AppData\Local\Temp
TEMP=C:\Users\Sanjay\AppData\Local\Temp



---------------  S Y S T E M  ---------------

OS:
 Windows 10 , 64 bit Build 19041 (10.0.19041.5438)
OS uptime: 0 days 8:42 hours

CPU: total 4 (initial active 4) (2 cores per cpu, 2 threads per core) family 6 model 78 stepping 3 microcode 0xcc, cx8, cmov, fxsr, ht, mmx, 3dnowpref, sse, sse2, sse3, ssse3, sse4.1, sse4.2, popcnt, lzcnt, tsc, tscinvbit, avx, avx2, aes, erms, clmul, bmi1, bmi2, rtm, adx, fma, vzeroupper, clflush, clflushopt

Memory: 4k page, system-wide physical 8072M (626M free)
TotalPageFile size 22487M (AvailPageFile size 43M)
current process WorkingSet (physical memory assigned to process): 317M, peak: 317M
current process commit charge ("private bytes"): 400M, peak: 561M

vm_info: OpenJDK 64-Bit Server VM (17.0.7+7) for windows-amd64 JRE (17.0.7+7), built on Apr 18 2023 22:10:42 by "temurin" with MS VC++ 16.7 (VS2019)

END.
