#
# There is insufficient memory for the Java Runtime Environment to continue.
# Native memory allocation (mmap) failed to map 163577856 bytes for G1 virtual space
# Possible reasons:
#   The system is out of physical RAM or swap space
#   The process is running with CompressedOops enabled, and the Java Heap may be blocking the growth of the native heap
# Possible solutions:
#   Reduce memory load on the system
#   Increase physical memory or swap space
#   Check if swap backing store is full
#   Decrease Java heap size (-Xmx/-Xms)
#   Decrease number of Java threads
#   Decrease Java thread stack sizes (-Xss)
#   Set larger code cache with -XX:ReservedCodeCacheSize=
#   JVM is running with Unscaled Compressed Oops mode in which the Java heap is
#     placed in the first 4GB address space. The Java Heap base address is the
#     maximum limit for the native heap growth. Please use -XX:HeapBaseMinAddress
#     to set the Java Heap base and to place the Java Heap above 4GB virtual address.
# This output file may be truncated or incomplete.
#
#  Out of Memory Error (os_windows.cpp:3559), pid=44536, tid=43948
#
# JRE version: OpenJDK Runtime Environment Temurin-17.0.7+7 (17.0.7+7) (build 17.0.7+7)
# Java VM: OpenJDK 64-Bit Server VM Temurin-17.0.7+7 (17.0.7+7, mixed mode, emulated-client, tiered, compressed oops, compressed class ptrs, g1 gc, windows-amd64)
# No core dump will be written. Minidumps are not enabled by default on client versions of Windows
#

---------------  S U M M A R Y ------------

Command Line: -Dquarkus-internal.serialized-app-model.path=D:\codifi\emloyee\target\quarkus\bootstrap\dev-app-model.dat -javaagent:C:\Users\Sanjay\.m2\repository\io\quarkus\quarkus-class-change-agent\2.16.6.Final\quarkus-class-change-agent-2.16.6.Final.jar -XX:TieredStopAtLevel=1 -agentlib:jdwp=transport=dt_socket,address=localhost:5005,server=y,suspend=n -Djava.util.logging.manager=org.jboss.logmanager.LogManager D:\codifi\emloyee\target\employee-dev.jar

Host: Intel(R) Core(TM) i5-6300U CPU @ 2.40GHz, 4 cores, 7G,  Windows 10 , 64 bit Build 19041 (10.0.19041.5438)
Time: Wed Mar 26 17:59:22 2025 India Standard Time elapsed time: 3.706768 seconds (0d 0h 0m 3s)

---------------  T H R E A D  ---------------

Current thread (0x00000222c7c628c0):  VMThread "VM Thread" [stack: 0x0000002dc1c00000,0x0000002dc1d00000] [id=43948]

Stack: [0x0000002dc1c00000,0x0000002dc1d00000]
Native frames: (J=compiled Java code, j=interpreted, Vv=VM code, C=native code)
V  [jvm.dll+0x67754a]
V  [jvm.dll+0x834304]
V  [jvm.dll+0x835aae]
V  [jvm.dll+0x836113]
V  [jvm.dll+0x24696f]
V  [jvm.dll+0x6743f9]
V  [jvm.dll+0x668c8a]
V  [jvm.dll+0x3061bb]
V  [jvm.dll+0x30d6a6]
V  [jvm.dll+0x35cece]
V  [jvm.dll+0x35d0ff]
V  [jvm.dll+0x2dd048]
V  [jvm.dll+0x2db20c]
V  [jvm.dll+0x2da7dc]
V  [jvm.dll+0x31e6db]
V  [jvm.dll+0x83a5bb]
V  [jvm.dll+0x83b2f4]
V  [jvm.dll+0x83b80c]
V  [jvm.dll+0x83bbe4]
V  [jvm.dll+0x83bcb0]
V  [jvm.dll+0x7e4e7a]
V  [jvm.dll+0x676395]
C  [ucrtbase.dll+0x21bb2]
C  [KERNEL32.DLL+0x17374]
C  [ntdll.dll+0x4cc91]

VM_Operation (0x0000002dc8afd6e0): G1CollectForAllocation, mode: safepoint, requested by thread 0x00000222cf046d90


---------------  P R O C E S S  ---------------

Threads class SMR info:
_java_thread_list=0x00000222cf4447d0, length=132, elements={
0x00000222ba805c50, 0x00000222c7c9f310, 0x00000222c7ca2bf0, 0x00000222c7cbd940,
0x00000222cc02b170, 0x00000222cc02ca40, 0x00000222cc02d710, 0x00000222cc02ffe0,
0x00000222cc053d10, 0x00000222cc174530, 0x00000222cc058020, 0x00000222cc058530,
0x00000222cc719540, 0x00000222cc7334a0, 0x00000222cc737b10, 0x00000222cc74c4d0,
0x00000222ce0750f0, 0x00000222ce0eedb0, 0x00000222ce9525a0, 0x00000222cefb2020,
0x00000222cefb24f0, 0x00000222cefb29c0, 0x00000222ce4f5d60, 0x00000222ce4f4550,
0x00000222ce4f4ef0, 0x00000222ce4f7570, 0x00000222ce4f6bd0, 0x00000222ce4f70a0,
0x00000222ce4f7a40, 0x00000222ce4f53c0, 0x00000222ce4f5890, 0x00000222ce4f6230,
0x00000222ce4f6700, 0x00000222ce4f4a20, 0x00000222cef353b0, 0x00000222cef3af20,
0x00000222cef3a580, 0x00000222cef388a0, 0x00000222cef3b3f0, 0x00000222cef39240,
0x00000222cef34070, 0x00000222cef3b8c0, 0x00000222cef37090, 0x00000222cef39be0,
0x00000222cef37a30, 0x00000222cef39710, 0x00000222cef34a10, 0x00000222cef3a0b0,
0x00000222cef366f0, 0x00000222cef36bc0, 0x00000222cef35880, 0x00000222cef3aa50,
0x00000222cef37560, 0x00000222cef34540, 0x00000222cef38d70, 0x00000222cef35d50,
0x00000222cef383d0, 0x00000222cef34ee0, 0x00000222cef36220, 0x00000222cf016cb0,
0x00000222cf0167e0, 0x00000222cf017180, 0x00000222cf011140, 0x00000222cf017650,
0x00000222cf012950, 0x00000222cf017b20, 0x00000222cf0184c0, 0x00000222cf013c90,
0x00000222cf011610, 0x00000222cf017ff0, 0x00000222cf012480, 0x00000222cf012e20,
0x00000222cf010c70, 0x00000222cf011ae0, 0x00000222cf0154a0, 0x00000222cf0132f0,
0x00000222cf014fd0, 0x00000222cf011fb0, 0x00000222cf0137c0, 0x00000222cf014160,
0x00000222cf014630, 0x00000222cf014b00, 0x00000222cf015970, 0x00000222cf015e40,
0x00000222cf016310, 0x00000222cf0480d0, 0x00000222cf04b0f0, 0x00000222cf04c900,
0x00000222cf048f40, 0x00000222cf047260, 0x00000222cf0485a0, 0x00000222cf04bf60,
0x00000222cf04ba90, 0x00000222cf047730, 0x00000222cf048a70, 0x00000222cf049410,
0x00000222cf04d770, 0x00000222cf0498e0, 0x00000222cf04a280, 0x00000222cf049db0,
0x00000222cf04a750, 0x00000222cf04ac20, 0x00000222cf04c430, 0x00000222cf046d90,
0x00000222cf047c00, 0x00000222cf04b5c0, 0x00000222cf04cdd0, 0x00000222cf04d2a0,
0x00000222cf04dc40, 0x00000222cf04e5e0, 0x00000222cf04e110, 0x00000222cf087a00,
0x00000222cf08a550, 0x00000222cf08d570, 0x00000222cf087530, 0x00000222cf08b3c0,
0x00000222cf0866c0, 0x00000222cf08aa20, 0x00000222cf08a080, 0x00000222cf088870,
0x00000222cf08cbd0, 0x00000222cf08bd60, 0x00000222cf087ed0, 0x00000222cf08aef0,
0x00000222cf088d40, 0x00000222cf0883a0, 0x00000222cf089210, 0x00000222cf08c700,
0x00000222cf086b90, 0x00000222cf0896e0, 0x00000222cf08d0a0, 0x00000222cf089bb0
}

Java Threads: ( => current thread )
  0x00000222ba805c50 JavaThread "main" [_thread_blocked, id=41540, stack(0x0000002dc1600000,0x0000002dc1700000)]
  0x00000222c7c9f310 JavaThread "Reference Handler" daemon [_thread_blocked, id=43460, stack(0x0000002dc1d00000,0x0000002dc1e00000)]
  0x00000222c7ca2bf0 JavaThread "Finalizer" daemon [_thread_blocked, id=43676, stack(0x0000002dc1e00000,0x0000002dc1f00000)]
  0x00000222c7cbd940 JavaThread "Signal Dispatcher" daemon [_thread_blocked, id=41628, stack(0x0000002dc1f00000,0x0000002dc2000000)]
  0x00000222cc02b170 JavaThread "Attach Listener" daemon [_thread_blocked, id=13540, stack(0x0000002dc2000000,0x0000002dc2100000)]
  0x00000222cc02ca40 JavaThread "Service Thread" daemon [_thread_blocked, id=43048, stack(0x0000002dc2100000,0x0000002dc2200000)]
  0x00000222cc02d710 JavaThread "Monitor Deflation Thread" daemon [_thread_blocked, id=39652, stack(0x0000002dc2200000,0x0000002dc2300000)]
  0x00000222cc02ffe0 JavaThread "C1 CompilerThread0" daemon [_thread_blocked, id=41752, stack(0x0000002dc2300000,0x0000002dc2400000)]
  0x00000222cc053d10 JavaThread "Sweeper thread" daemon [_thread_blocked, id=9608, stack(0x0000002dc2400000,0x0000002dc2500000)]
  0x00000222cc174530 JavaThread "Common-Cleaner" daemon [_thread_blocked, id=43540, stack(0x0000002dc2500000,0x0000002dc2600000)]
  0x00000222cc058020 JavaThread "C1 CompilerThread1" daemon [_thread_blocked, id=13792, stack(0x0000002dc2600000,0x0000002dc2700000)]
  0x00000222cc058530 JavaThread "C1 CompilerThread2" daemon [_thread_blocked, id=42876, stack(0x0000002dc2700000,0x0000002dc2800000)]
  0x00000222cc719540 JavaThread "JDWP Transport Listener: dt_socket" daemon [_thread_blocked, id=41996, stack(0x0000002dc2800000,0x0000002dc2900000)]
  0x00000222cc7334a0 JavaThread "JDWP Event Helper Thread" daemon [_thread_blocked, id=5764, stack(0x0000002dc2900000,0x0000002dc2a00000)]
  0x00000222cc737b10 JavaThread "Notification Thread" daemon [_thread_blocked, id=31432, stack(0x0000002dc2a00000,0x0000002dc2b00000)]
  0x00000222cc74c4d0 JavaThread "JDWP Command Reader" daemon [_thread_in_native, id=13024, stack(0x0000002dc2c00000,0x0000002dc2d00000)]
  0x00000222ce0750f0 JavaThread "Quarkus Devmode keep alive thread" [_thread_blocked, id=44616, stack(0x0000002dc3300000,0x0000002dc3400000)]
  0x00000222ce0eedb0 JavaThread "ForkJoinPool.commonPool-worker-1" daemon [_thread_blocked, id=43388, stack(0x0000002dc3400000,0x0000002dc3500000)]
  0x00000222ce9525a0 JavaThread "build-1" [_thread_blocked, id=19052, stack(0x0000002dc3500000,0x0000002dc3600000)]
  0x00000222cefb2020 JavaThread "build-2" [_thread_blocked, id=43116, stack(0x0000002dc3600000,0x0000002dc3700000)]
  0x00000222cefb24f0 JavaThread "build-3" [_thread_blocked, id=37892, stack(0x0000002dc3700000,0x0000002dc3800000)]
  0x00000222cefb29c0 JavaThread "build-4" [_thread_blocked, id=41680, stack(0x0000002dc3800000,0x0000002dc3900000)]
  0x00000222ce4f5d60 JavaThread "build-5" [_thread_blocked, id=2352, stack(0x0000002dc3900000,0x0000002dc3a00000)]
  0x00000222ce4f4550 JavaThread "build-6" [_thread_blocked, id=11532, stack(0x0000002dc3a00000,0x0000002dc3b00000)]
  0x00000222ce4f4ef0 JavaThread "build-7" [_thread_blocked, id=43816, stack(0x0000002dc3b00000,0x0000002dc3c00000)]
  0x00000222ce4f7570 JavaThread "build-8" [_thread_blocked, id=43640, stack(0x0000002dc3c00000,0x0000002dc3d00000)]
  0x00000222ce4f6bd0 JavaThread "build-9" [_thread_blocked, id=44648, stack(0x0000002dc3d00000,0x0000002dc3e00000)]
  0x00000222ce4f70a0 JavaThread "build-10" [_thread_blocked, id=44608, stack(0x0000002dc3e00000,0x0000002dc3f00000)]
  0x00000222ce4f7a40 JavaThread "build-11" [_thread_blocked, id=44652, stack(0x0000002dc3f00000,0x0000002dc4000000)]
  0x00000222ce4f53c0 JavaThread "build-12" [_thread_blocked, id=9624, stack(0x0000002dc4000000,0x0000002dc4100000)]
  0x00000222ce4f5890 JavaThread "build-13" [_thread_blocked, id=4232, stack(0x0000002dc4100000,0x0000002dc4200000)]
  0x00000222ce4f6230 JavaThread "build-14" [_thread_blocked, id=6384, stack(0x0000002dc4200000,0x0000002dc4300000)]
  0x00000222ce4f6700 JavaThread "build-15" [_thread_blocked, id=13564, stack(0x0000002dc4300000,0x0000002dc4400000)]
  0x00000222ce4f4a20 JavaThread "build-16" [_thread_blocked, id=42820, stack(0x0000002dc4400000,0x0000002dc4500000)]
  0x00000222cef353b0 JavaThread "build-17" [_thread_blocked, id=41192, stack(0x0000002dc4500000,0x0000002dc4600000)]
  0x00000222cef3af20 JavaThread "build-18" [_thread_blocked, id=20756, stack(0x0000002dc4600000,0x0000002dc4700000)]
  0x00000222cef3a580 JavaThread "build-19" [_thread_blocked, id=42852, stack(0x0000002dc4700000,0x0000002dc4800000)]
  0x00000222cef388a0 JavaThread "build-20" [_thread_blocked, id=44692, stack(0x0000002dc4800000,0x0000002dc4900000)]
  0x00000222cef3b3f0 JavaThread "build-21" [_thread_blocked, id=40992, stack(0x0000002dc4900000,0x0000002dc4a00000)]
  0x00000222cef39240 JavaThread "build-22" [_thread_blocked, id=6840, stack(0x0000002dc4a00000,0x0000002dc4b00000)]
  0x00000222cef34070 JavaThread "build-23" [_thread_blocked, id=42580, stack(0x0000002dc4b00000,0x0000002dc4c00000)]
  0x00000222cef3b8c0 JavaThread "build-24" [_thread_blocked, id=44696, stack(0x0000002dc4c00000,0x0000002dc4d00000)]
  0x00000222cef37090 JavaThread "build-25" [_thread_blocked, id=43772, stack(0x0000002dc4d00000,0x0000002dc4e00000)]
  0x00000222cef39be0 JavaThread "build-26" [_thread_blocked, id=42040, stack(0x0000002dc4e00000,0x0000002dc4f00000)]
  0x00000222cef37a30 JavaThread "build-27" [_thread_blocked, id=20228, stack(0x0000002dc4f00000,0x0000002dc5000000)]
  0x00000222cef39710 JavaThread "build-28" [_thread_blocked, id=43828, stack(0x0000002dc5000000,0x0000002dc5100000)]
  0x00000222cef34a10 JavaThread "build-29" [_thread_blocked, id=44660, stack(0x0000002dc5100000,0x0000002dc5200000)]
  0x00000222cef3a0b0 JavaThread "build-30" [_thread_blocked, id=44756, stack(0x0000002dc5200000,0x0000002dc5300000)]
  0x00000222cef366f0 JavaThread "build-31" [_thread_blocked, id=6504, stack(0x0000002dc5300000,0x0000002dc5400000)]
  0x00000222cef36bc0 JavaThread "build-32" [_thread_blocked, id=44768, stack(0x0000002dc5400000,0x0000002dc5500000)]
  0x00000222cef35880 JavaThread "build-33" [_thread_blocked, id=44772, stack(0x0000002dc5500000,0x0000002dc5600000)]
  0x00000222cef3aa50 JavaThread "build-34" [_thread_blocked, id=43660, stack(0x0000002dc5600000,0x0000002dc5700000)]
  0x00000222cef37560 JavaThread "build-35" [_thread_blocked, id=43036, stack(0x0000002dc5700000,0x0000002dc5800000)]
  0x00000222cef34540 JavaThread "build-36" [_thread_blocked, id=44784, stack(0x0000002dc5800000,0x0000002dc5900000)]
  0x00000222cef38d70 JavaThread "build-37" [_thread_blocked, id=44812, stack(0x0000002dc5900000,0x0000002dc5a00000)]
  0x00000222cef35d50 JavaThread "build-38" [_thread_blocked, id=44816, stack(0x0000002dc5a00000,0x0000002dc5b00000)]
  0x00000222cef383d0 JavaThread "build-39" [_thread_blocked, id=44860, stack(0x0000002dc5b00000,0x0000002dc5c00000)]
  0x00000222cef34ee0 JavaThread "build-40" [_thread_blocked, id=44820, stack(0x0000002dc5c00000,0x0000002dc5d00000)]
  0x00000222cef36220 JavaThread "build-41" [_thread_blocked, id=44824, stack(0x0000002dc5d00000,0x0000002dc5e00000)]
  0x00000222cf016cb0 JavaThread "build-42" [_thread_blocked, id=44808, stack(0x0000002dc5e00000,0x0000002dc5f00000)]
  0x00000222cf0167e0 JavaThread "build-43" [_thread_blocked, id=38988, stack(0x0000002dc5f00000,0x0000002dc6000000)]
  0x00000222cf017180 JavaThread "build-44" [_thread_blocked, id=39484, stack(0x0000002dc6000000,0x0000002dc6100000)]
  0x00000222cf011140 JavaThread "build-45" [_thread_blocked, id=43188, stack(0x0000002dc6100000,0x0000002dc6200000)]
  0x00000222cf017650 JavaThread "build-46" [_thread_blocked, id=44760, stack(0x0000002dc6200000,0x0000002dc6300000)]
  0x00000222cf012950 JavaThread "build-47" [_thread_blocked, id=44864, stack(0x0000002dc6300000,0x0000002dc6400000)]
  0x00000222cf017b20 JavaThread "build-48" [_thread_blocked, id=44924, stack(0x0000002dc6400000,0x0000002dc6500000)]
  0x00000222cf0184c0 JavaThread "build-49" [_thread_blocked, id=44940, stack(0x0000002dc6500000,0x0000002dc6600000)]
  0x00000222cf013c90 JavaThread "build-50" [_thread_blocked, id=44908, stack(0x0000002dc6600000,0x0000002dc6700000)]
  0x00000222cf011610 JavaThread "build-51" [_thread_blocked, id=44904, stack(0x0000002dc6700000,0x0000002dc6800000)]
  0x00000222cf017ff0 JavaThread "build-52" [_thread_blocked, id=44900, stack(0x0000002dc6800000,0x0000002dc6900000)]
  0x00000222cf012480 JavaThread "build-53" [_thread_blocked, id=44896, stack(0x0000002dc6900000,0x0000002dc6a00000)]
  0x00000222cf012e20 JavaThread "build-54" [_thread_blocked, id=44912, stack(0x0000002dc6a00000,0x0000002dc6b00000)]
  0x00000222cf010c70 JavaThread "build-55" [_thread_blocked, id=44916, stack(0x0000002dc6b00000,0x0000002dc6c00000)]
  0x00000222cf011ae0 JavaThread "build-56" [_thread_blocked, id=44856, stack(0x0000002dc6c00000,0x0000002dc6d00000)]
  0x00000222cf0154a0 JavaThread "build-58" [_thread_blocked, id=44936, stack(0x0000002dc6d00000,0x0000002dc6e00000)]
  0x00000222cf0132f0 JavaThread "build-57" [_thread_blocked, id=44932, stack(0x0000002dc6e00000,0x0000002dc6f00000)]
  0x00000222cf014fd0 JavaThread "build-60" [_thread_blocked, id=44852, stack(0x0000002dc6f00000,0x0000002dc7000000)]
  0x00000222cf011fb0 JavaThread "build-59" [_thread_blocked, id=44892, stack(0x0000002dc7000000,0x0000002dc7100000)]
  0x00000222cf0137c0 JavaThread "build-61" [_thread_blocked, id=44848, stack(0x0000002dc7100000,0x0000002dc7200000)]
  0x00000222cf014160 JavaThread "build-62" [_thread_blocked, id=44844, stack(0x0000002dc7200000,0x0000002dc7300000)]
  0x00000222cf014630 JavaThread "build-63" [_thread_blocked, id=44832, stack(0x0000002dc7300000,0x0000002dc7400000)]
  0x00000222cf014b00 JavaThread "build-64" [_thread_blocked, id=44780, stack(0x0000002dc7400000,0x0000002dc7500000)]
  0x00000222cf015970 JavaThread "build-65" [_thread_blocked, id=44888, stack(0x0000002dc7500000,0x0000002dc7600000)]
  0x00000222cf015e40 JavaThread "build-66" [_thread_blocked, id=44836, stack(0x0000002dc7600000,0x0000002dc7700000)]
  0x00000222cf016310 JavaThread "build-67" [_thread_blocked, id=44840, stack(0x0000002dc7700000,0x0000002dc7800000)]
  0x00000222cf0480d0 JavaThread "build-68" [_thread_blocked, id=44828, stack(0x0000002dc7800000,0x0000002dc7900000)]
  0x00000222cf04b0f0 JavaThread "build-69" [_thread_blocked, id=44804, stack(0x0000002dc7900000,0x0000002dc7a00000)]
  0x00000222cf04c900 JavaThread "build-70" [_thread_blocked, id=44776, stack(0x0000002dc7a00000,0x0000002dc7b00000)]
  0x00000222cf048f40 JavaThread "build-71" [_thread_blocked, id=32816, stack(0x0000002dc7b00000,0x0000002dc7c00000)]
  0x00000222cf047260 JavaThread "build-72" [_thread_blocked, id=43256, stack(0x0000002dc7c00000,0x0000002dc7d00000)]
  0x00000222cf0485a0 JavaThread "build-73" [_thread_blocked, id=44948, stack(0x0000002dc7d00000,0x0000002dc7e00000)]
  0x00000222cf04bf60 JavaThread "build-74" [_thread_blocked, id=44884, stack(0x0000002dc7e00000,0x0000002dc7f00000)]
  0x00000222cf04ba90 JavaThread "build-75" [_thread_blocked, id=40208, stack(0x0000002dc7f00000,0x0000002dc8000000)]
  0x00000222cf047730 JavaThread "build-76" [_thread_blocked, id=36040, stack(0x0000002dc8000000,0x0000002dc8100000)]
  0x00000222cf048a70 JavaThread "build-77" [_thread_blocked, id=44956, stack(0x0000002dc8100000,0x0000002dc8200000)]
  0x00000222cf049410 JavaThread "build-78" [_thread_blocked, id=42400, stack(0x0000002dc8200000,0x0000002dc8300000)]
  0x00000222cf04d770 JavaThread "build-79" [_thread_blocked, id=41532, stack(0x0000002dc8300000,0x0000002dc8400000)]
  0x00000222cf0498e0 JavaThread "build-80" [_thread_blocked, id=44960, stack(0x0000002dc8400000,0x0000002dc8500000)]
  0x00000222cf04a280 JavaThread "build-81" [_thread_blocked, id=44952, stack(0x0000002dc8500000,0x0000002dc8600000)]
  0x00000222cf049db0 JavaThread "build-82" [_thread_blocked, id=42832, stack(0x0000002dc8600000,0x0000002dc8700000)]
  0x00000222cf04a750 JavaThread "build-83" [_thread_blocked, id=44968, stack(0x0000002dc8700000,0x0000002dc8800000)]
  0x00000222cf04ac20 JavaThread "build-84" [_thread_blocked, id=44972, stack(0x0000002dc8800000,0x0000002dc8900000)]
  0x00000222cf04c430 JavaThread "build-85" [_thread_blocked, id=44964, stack(0x0000002dc8900000,0x0000002dc8a00000)]
  0x00000222cf046d90 JavaThread "build-86" [_thread_blocked, id=44984, stack(0x0000002dc8a00000,0x0000002dc8b00000)]
  0x00000222cf047c00 JavaThread "build-87" [_thread_blocked, id=7764, stack(0x0000002dc8b00000,0x0000002dc8c00000)]
  0x00000222cf04b5c0 JavaThread "build-88" [_thread_blocked, id=45036, stack(0x0000002dc8c00000,0x0000002dc8d00000)]
  0x00000222cf04cdd0 JavaThread "build-89" [_thread_blocked, id=44980, stack(0x0000002dc8d00000,0x0000002dc8e00000)]
  0x00000222cf04d2a0 JavaThread "build-90" [_thread_blocked, id=34496, stack(0x0000002dc8e00000,0x0000002dc8f00000)]
  0x00000222cf04dc40 JavaThread "build-91" [_thread_blocked, id=41312, stack(0x0000002dc8f00000,0x0000002dc9000000)]
  0x00000222cf04e5e0 JavaThread "build-92" [_thread_blocked, id=44576, stack(0x0000002dc9000000,0x0000002dc9100000)]
  0x00000222cf04e110 JavaThread "build-93" [_thread_blocked, id=26852, stack(0x0000002dc9100000,0x0000002dc9200000)]
  0x00000222cf087a00 JavaThread "build-94" [_thread_blocked, id=44976, stack(0x0000002dc9200000,0x0000002dc9300000)]
  0x00000222cf08a550 JavaThread "build-95" [_thread_blocked, id=35940, stack(0x0000002dc9300000,0x0000002dc9400000)]
  0x00000222cf08d570 JavaThread "build-96" [_thread_blocked, id=38256, stack(0x0000002dc9400000,0x0000002dc9500000)]
  0x00000222cf087530 JavaThread "build-97" [_thread_blocked, id=42184, stack(0x0000002dc9500000,0x0000002dc9600000)]
  0x00000222cf08b3c0 JavaThread "build-98" [_thread_blocked, id=41068, stack(0x0000002dc9600000,0x0000002dc9700000)]
  0x00000222cf0866c0 JavaThread "build-99" [_thread_blocked, id=44656, stack(0x0000002dc9700000,0x0000002dc9800000)]
  0x00000222cf08aa20 JavaThread "build-100" [_thread_blocked, id=42592, stack(0x0000002dc9800000,0x0000002dc9900000)]
  0x00000222cf08a080 JavaThread "build-101" [_thread_blocked, id=32052, stack(0x0000002dc9900000,0x0000002dc9a00000)]
  0x00000222cf088870 JavaThread "build-102" [_thread_blocked, id=8784, stack(0x0000002dc9a00000,0x0000002dc9b00000)]
  0x00000222cf08cbd0 JavaThread "build-103" [_thread_blocked, id=45048, stack(0x0000002dc9b00000,0x0000002dc9c00000)]
  0x00000222cf08bd60 JavaThread "build-104" [_thread_blocked, id=43936, stack(0x0000002dc9c00000,0x0000002dc9d00000)]
  0x00000222cf087ed0 JavaThread "build-105" [_thread_blocked, id=8764, stack(0x0000002dc9d00000,0x0000002dc9e00000)]
  0x00000222cf08aef0 JavaThread "build-106" [_thread_blocked, id=43512, stack(0x0000002dc9e00000,0x0000002dc9f00000)]
  0x00000222cf088d40 JavaThread "build-107" [_thread_blocked, id=42720, stack(0x0000002dc9f00000,0x0000002dca000000)]
  0x00000222cf0883a0 JavaThread "build-108" [_thread_blocked, id=43944, stack(0x0000002dca000000,0x0000002dca100000)]
  0x00000222cf089210 JavaThread "build-109" [_thread_blocked, id=42104, stack(0x0000002dca100000,0x0000002dca200000)]
  0x00000222cf08c700 JavaThread "build-110" [_thread_blocked, id=42836, stack(0x0000002dca200000,0x0000002dca300000)]
  0x00000222cf086b90 JavaThread "mysql-cj-abandoned-connection-cleanup" daemon [_thread_blocked, id=41896, stack(0x0000002dca300000,0x0000002dca400000)]
  0x00000222cf0896e0 JavaThread "org.aesh.readline.terminal.impl.WinExternalTerminal@1e3e83bc input pump thread" daemon [_thread_in_native, id=43620, stack(0x0000002dca400000,0x0000002dca500000)]
  0x00000222cf08d0a0 JavaThread "Aesh InputStream Reader" daemon [_thread_blocked, id=5916, stack(0x0000002dca500000,0x0000002dca600000)]
  0x00000222cf089bb0 JavaThread "Quarkus Terminal Reader" daemon [_thread_blocked, id=9760, stack(0x0000002dca600000,0x0000002dca700000)]

Other Threads:
=>0x00000222c7c628c0 VMThread "VM Thread" [stack: 0x0000002dc1c00000,0x0000002dc1d00000] [id=43948]
  0x00000222ba87b1f0 WatcherThread [stack: 0x0000002dc2b00000,0x0000002dc2c00000] [id=41020]
  0x00000222ba85dae0 GCTaskThread "GC Thread#0" [stack: 0x0000002dc1700000,0x0000002dc1800000] [id=44632]
  0x00000222cca006d0 GCTaskThread "GC Thread#1" [stack: 0x0000002dc2d00000,0x0000002dc2e00000] [id=40736]
  0x00000222cca00980 GCTaskThread "GC Thread#2" [stack: 0x0000002dc2e00000,0x0000002dc2f00000] [id=44624]
  0x00000222cca3ec30 GCTaskThread "GC Thread#3" [stack: 0x0000002dc2f00000,0x0000002dc3000000] [id=43488]
  0x00000222ba8705d0 ConcurrentGCThread "G1 Main Marker" [stack: 0x0000002dc1800000,0x0000002dc1900000] [id=44636]
  0x00000222ba871690 ConcurrentGCThread "G1 Conc#0" [stack: 0x0000002dc1900000,0x0000002dc1a00000] [id=10544]
  0x00000222c7b120d0 ConcurrentGCThread "G1 Refine#0" [stack: 0x0000002dc1a00000,0x0000002dc1b00000] [id=44628]
  0x00000222cca00c30 ConcurrentGCThread "G1 Refine#1" [stack: 0x0000002dc3000000,0x0000002dc3100000] [id=14760]
  0x00000222ccbfeb30 ConcurrentGCThread "G1 Refine#2" [stack: 0x0000002dc3100000,0x0000002dc3200000] [id=43468]
  0x00000222ccbfc200 ConcurrentGCThread "G1 Refine#3" [stack: 0x0000002dc3200000,0x0000002dc3300000] [id=14880]
  0x00000222c7b14910 ConcurrentGCThread "G1 Service" [stack: 0x0000002dc1b00000,0x0000002dc1c00000] [id=43328]

Threads with active compile tasks:

VM state: at safepoint (normal execution)

VM Mutex/Monitor currently owned by a thread:  ([mutex/lock_event])
[0x00000222ba800060] Threads_lock - owner thread: 0x00000222c7c628c0
[0x00000222ba800690] Heap_lock - owner thread: 0x00000222cf046d90

Heap address: 0x0000000081c00000, size: 2020 MB, Compressed Oops mode: 32-bit

CDS archive(s) not mapped
Compressed class space mapped at: 0x0000000100000000-0x0000000140000000, reserved size: 1073741824
Narrow klass base: 0x0000000000000000, Narrow klass shift: 3, Narrow klass range: 0x140000000

GC Precious Log:
 CPUs: 4 total, 4 available
 Memory: 8072M
 Large Page Support: Disabled
 NUMA Support: Disabled
 Compressed Oops: Enabled (32-bit)
 Heap Region Size: 1M
 Heap Min Capacity: 8M
 Heap Initial Capacity: 128M
 Heap Max Capacity: 2020M
 Pre-touch: Disabled
 Parallel Workers: 4
 Concurrent Workers: 1
 Concurrent Refinement Workers: 4
 Periodic GC: Disabled

Heap:
 garbage-first heap   total 251904K, used 84298K [0x0000000081c00000, 0x0000000100000000)
  region size 1024K, 2 young (2048K), 2 survivors (2048K)
 Metaspace       used 30804K, committed 31296K, reserved 1114112K
  class space    used 3752K, committed 4032K, reserved 1048576K

Heap Regions: E=young(eden), S=young(survivor), O=old, HS=humongous(starts), HC=humongous(continues), CS=collection set, F=free, OA=open archive, CA=closed archive, TAMS=top-at-mark-start (previous, next)
|   0|0x0000000081c00000, 0x0000000081d00000, 0x0000000081d00000|100%| O|  |TAMS 0x0000000081d00000, 0x0000000081c00000| Untracked 
|   1|0x0000000081d00000, 0x0000000081e00000, 0x0000000081e00000|100%| O|  |TAMS 0x0000000081e00000, 0x0000000081d00000| Untracked 
|   2|0x0000000081e00000, 0x0000000081f00000, 0x0000000081f00000|100%| O|  |TAMS 0x0000000081f00000, 0x0000000081e00000| Untracked 
|   3|0x0000000081f00000, 0x0000000082000000, 0x0000000082000000|100%|HS|  |TAMS 0x0000000082000000, 0x0000000081f00000| Complete 
|   4|0x0000000082000000, 0x0000000082100000, 0x0000000082100000|100%|HS|  |TAMS 0x0000000082100000, 0x0000000082000000| Complete 
|   5|0x0000000082100000, 0x0000000082200000, 0x0000000082200000|100%| O|  |TAMS 0x0000000082200000, 0x0000000082100000| Untracked 
|   6|0x0000000082200000, 0x0000000082300000, 0x0000000082300000|100%| O|  |TAMS 0x0000000082300000, 0x0000000082200000| Untracked 
|   7|0x0000000082300000, 0x0000000082400000, 0x0000000082400000|100%| O|  |TAMS 0x0000000082400000, 0x0000000082300000| Untracked 
|   8|0x0000000082400000, 0x0000000082500000, 0x0000000082500000|100%| O|  |TAMS 0x0000000082500000, 0x0000000082400000| Untracked 
|   9|0x0000000082500000, 0x0000000082600000, 0x0000000082600000|100%| O|  |TAMS 0x0000000082600000, 0x0000000082500000| Untracked 
|  10|0x0000000082600000, 0x0000000082700000, 0x0000000082700000|100%| O|  |TAMS 0x0000000082700000, 0x0000000082600000| Untracked 
|  11|0x0000000082700000, 0x0000000082800000, 0x0000000082800000|100%| O|  |TAMS 0x0000000082800000, 0x0000000082700000| Untracked 
|  12|0x0000000082800000, 0x0000000082900000, 0x0000000082900000|100%| O|  |TAMS 0x0000000082900000, 0x0000000082800000| Untracked 
|  13|0x0000000082900000, 0x0000000082a00000, 0x0000000082a00000|100%|HS|  |TAMS 0x0000000082a00000, 0x0000000082900000| Complete 
|  14|0x0000000082a00000, 0x0000000082b00000, 0x0000000082b00000|100%|HC|  |TAMS 0x0000000082b00000, 0x0000000082a00000| Complete 
|  15|0x0000000082b00000, 0x0000000082c00000, 0x0000000082c00000|100%| O|  |TAMS 0x0000000082c00000, 0x0000000082b00000| Untracked 
|  16|0x0000000082c00000, 0x0000000082d00000, 0x0000000082d00000|100%| O|  |TAMS 0x0000000082d00000, 0x0000000082c00000| Untracked 
|  17|0x0000000082d00000, 0x0000000082e00000, 0x0000000082e00000|100%| O|  |TAMS 0x0000000082e00000, 0x0000000082d00000| Untracked 
|  18|0x0000000082e00000, 0x0000000082f00000, 0x0000000082f00000|100%| O|  |TAMS 0x0000000082f00000, 0x0000000082e00000| Untracked 
|  19|0x0000000082f00000, 0x0000000083000000, 0x0000000083000000|100%| O|  |TAMS 0x0000000083000000, 0x0000000082f00000| Untracked 
|  20|0x0000000083000000, 0x0000000083100000, 0x0000000083100000|100%| O|  |TAMS 0x0000000083100000, 0x0000000083000000| Untracked 
|  21|0x0000000083100000, 0x0000000083200000, 0x0000000083200000|100%| O|  |TAMS 0x0000000083200000, 0x0000000083100000| Untracked 
|  22|0x0000000083200000, 0x0000000083300000, 0x0000000083300000|100%| O|  |TAMS 0x0000000083300000, 0x0000000083200000| Untracked 
|  23|0x0000000083300000, 0x0000000083400000, 0x0000000083400000|100%| O|  |TAMS 0x0000000083400000, 0x0000000083300000| Untracked 
|  24|0x0000000083400000, 0x0000000083500000, 0x0000000083500000|100%| O|  |TAMS 0x0000000083500000, 0x0000000083400000| Untracked 
|  25|0x0000000083500000, 0x0000000083600000, 0x0000000083600000|100%| O|  |TAMS 0x0000000083600000, 0x0000000083500000| Untracked 
|  26|0x0000000083600000, 0x0000000083700000, 0x0000000083700000|100%| O|  |TAMS 0x0000000083700000, 0x0000000083600000| Untracked 
|  27|0x0000000083700000, 0x0000000083800000, 0x0000000083800000|100%| O|  |TAMS 0x0000000083800000, 0x0000000083700000| Untracked 
|  28|0x0000000083800000, 0x0000000083900000, 0x0000000083900000|100%| O|  |TAMS 0x0000000083900000, 0x0000000083800000| Untracked 
|  29|0x0000000083900000, 0x0000000083a00000, 0x0000000083a00000|100%| O|  |TAMS 0x0000000083a00000, 0x0000000083900000| Untracked 
|  30|0x0000000083a00000, 0x0000000083b00000, 0x0000000083b00000|100%| O|  |TAMS 0x0000000083b00000, 0x0000000083a00000| Untracked 
|  31|0x0000000083b00000, 0x0000000083c00000, 0x0000000083c00000|100%| O|  |TAMS 0x0000000083c00000, 0x0000000083b00000| Untracked 
|  32|0x0000000083c00000, 0x0000000083d00000, 0x0000000083d00000|100%| O|  |TAMS 0x0000000083d00000, 0x0000000083c00000| Untracked 
|  33|0x0000000083d00000, 0x0000000083e00000, 0x0000000083e00000|100%| O|  |TAMS 0x0000000083e00000, 0x0000000083d00000| Untracked 
|  34|0x0000000083e00000, 0x0000000083f00000, 0x0000000083f00000|100%| O|  |TAMS 0x0000000083f00000, 0x0000000083e00000| Untracked 
|  35|0x0000000083f00000, 0x0000000084000000, 0x0000000084000000|100%| O|  |TAMS 0x0000000084000000, 0x0000000083f00000| Untracked 
|  36|0x0000000084000000, 0x0000000084100000, 0x0000000084100000|100%| O|  |TAMS 0x0000000084100000, 0x0000000084000000| Untracked 
|  37|0x0000000084100000, 0x0000000084200000, 0x0000000084200000|100%| O|  |TAMS 0x0000000084200000, 0x0000000084100000| Untracked 
|  38|0x0000000084200000, 0x0000000084300000, 0x0000000084300000|100%| O|  |TAMS 0x0000000084300000, 0x0000000084200000| Untracked 
|  39|0x0000000084300000, 0x0000000084400000, 0x0000000084400000|100%| O|  |TAMS 0x0000000084300000, 0x0000000084300000| Untracked 
|  40|0x0000000084400000, 0x0000000084500000, 0x0000000084500000|100%| O|  |TAMS 0x0000000084500000, 0x0000000084400000| Untracked 
|  41|0x0000000084500000, 0x0000000084600000, 0x0000000084600000|100%| O|  |TAMS 0x0000000084500000, 0x0000000084500000| Untracked 
|  42|0x0000000084600000, 0x0000000084700000, 0x0000000084700000|100%| O|  |TAMS 0x0000000084700000, 0x0000000084600000| Untracked 
|  43|0x0000000084700000, 0x0000000084800000, 0x0000000084800000|100%| O|  |TAMS 0x0000000084800000, 0x0000000084700000| Untracked 
|  44|0x0000000084800000, 0x0000000084900000, 0x0000000084900000|100%| O|  |TAMS 0x0000000084900000, 0x0000000084800000| Untracked 
|  45|0x0000000084900000, 0x0000000084a00000, 0x0000000084a00000|100%| O|  |TAMS 0x0000000084a00000, 0x0000000084900000| Untracked 
|  46|0x0000000084a00000, 0x0000000084b00000, 0x0000000084b00000|100%| O|  |TAMS 0x0000000084b00000, 0x0000000084a00000| Untracked 
|  47|0x0000000084b00000, 0x0000000084c00000, 0x0000000084c00000|100%| O|  |TAMS 0x0000000084c00000, 0x0000000084b00000| Untracked 
|  48|0x0000000084c00000, 0x0000000084c00000, 0x0000000084d00000|  0%| F|  |TAMS 0x0000000084c00000, 0x0000000084c00000| Untracked 
|  49|0x0000000084d00000, 0x0000000084e00000, 0x0000000084e00000|100%|HS|  |TAMS 0x0000000084e00000, 0x0000000084d00000| Complete 
|  50|0x0000000084e00000, 0x0000000084f00000, 0x0000000084f00000|100%| O|  |TAMS 0x0000000084e00000, 0x0000000084e00000| Untracked 
|  51|0x0000000084f00000, 0x0000000085000000, 0x0000000085000000|100%|HS|  |TAMS 0x0000000085000000, 0x0000000084f00000| Complete 
|  52|0x0000000085000000, 0x0000000085100000, 0x0000000085100000|100%| O|  |TAMS 0x0000000085100000, 0x0000000085000000| Untracked 
|  53|0x0000000085100000, 0x0000000085200000, 0x0000000085200000|100%| O|  |TAMS 0x0000000085200000, 0x0000000085100000| Untracked 
|  54|0x0000000085200000, 0x0000000085300000, 0x0000000085300000|100%| O|  |TAMS 0x0000000085300000, 0x0000000085200000| Untracked 
|  55|0x0000000085300000, 0x0000000085400000, 0x0000000085400000|100%| O|  |TAMS 0x0000000085400000, 0x0000000085300000| Untracked 
|  56|0x0000000085400000, 0x0000000085500000, 0x0000000085500000|100%| O|  |TAMS 0x0000000085500000, 0x0000000085400000| Untracked 
|  57|0x0000000085500000, 0x0000000085600000, 0x0000000085600000|100%| O|  |TAMS 0x0000000085600000, 0x0000000085500000| Untracked 
|  58|0x0000000085600000, 0x0000000085700000, 0x0000000085700000|100%| O|  |TAMS 0x0000000085700000, 0x0000000085600000| Untracked 
|  59|0x0000000085700000, 0x0000000085800000, 0x0000000085800000|100%| O|  |TAMS 0x0000000085800000, 0x0000000085700000| Untracked 
|  60|0x0000000085800000, 0x0000000085900000, 0x0000000085900000|100%| O|  |TAMS 0x0000000085900000, 0x0000000085800000| Untracked 
|  61|0x0000000085900000, 0x0000000085a00000, 0x0000000085a00000|100%| O|  |TAMS 0x0000000085a00000, 0x0000000085900000| Untracked 
|  62|0x0000000085a00000, 0x0000000085b00000, 0x0000000085b00000|100%| O|  |TAMS 0x0000000085b00000, 0x0000000085a00000| Untracked 
|  63|0x0000000085b00000, 0x0000000085c00000, 0x0000000085c00000|100%| O|  |TAMS 0x0000000085c00000, 0x0000000085b00000| Untracked 
|  64|0x0000000085c00000, 0x0000000085d00000, 0x0000000085d00000|100%| O|  |TAMS 0x0000000085d00000, 0x0000000085c00000| Untracked 
|  65|0x0000000085d00000, 0x0000000085d00000, 0x0000000085e00000|  0%| F|  |TAMS 0x0000000085d00000, 0x0000000085d00000| Untracked 
|  66|0x0000000085e00000, 0x0000000085e00000, 0x0000000085f00000|  0%| F|  |TAMS 0x0000000085e00000, 0x0000000085e00000| Untracked 
|  67|0x0000000085f00000, 0x0000000086000000, 0x0000000086000000|100%| O|  |TAMS 0x0000000085f00000, 0x0000000085f00000| Untracked 
|  68|0x0000000086000000, 0x0000000086100000, 0x0000000086100000|100%| O|  |TAMS 0x0000000086000000, 0x0000000086000000| Untracked 
|  69|0x0000000086100000, 0x0000000086200000, 0x0000000086200000|100%| O|  |TAMS 0x0000000086200000, 0x0000000086100000| Untracked 
|  70|0x0000000086200000, 0x0000000086300000, 0x0000000086300000|100%| O|  |TAMS 0x0000000086300000, 0x0000000086200000| Untracked 
|  71|0x0000000086300000, 0x0000000086400000, 0x0000000086400000|100%| O|  |TAMS 0x0000000086400000, 0x0000000086300000| Untracked 
|  72|0x0000000086400000, 0x0000000086500000, 0x0000000086500000|100%| O|  |TAMS 0x0000000086500000, 0x0000000086400000| Untracked 
|  73|0x0000000086500000, 0x0000000086600000, 0x0000000086600000|100%| O|  |TAMS 0x0000000086600000, 0x0000000086500000| Untracked 
|  74|0x0000000086600000, 0x0000000086700000, 0x0000000086700000|100%| O|  |TAMS 0x0000000086700000, 0x0000000086600000| Untracked 
|  75|0x0000000086700000, 0x0000000086800000, 0x0000000086800000|100%| O|  |TAMS 0x0000000086800000, 0x0000000086700000| Untracked 
|  76|0x0000000086800000, 0x0000000086900000, 0x0000000086900000|100%| O|  |TAMS 0x0000000086900000, 0x0000000086800000| Untracked 
|  77|0x0000000086900000, 0x0000000086a00000, 0x0000000086a00000|100%| O|  |TAMS 0x0000000086a00000, 0x0000000086900000| Untracked 
|  78|0x0000000086a00000, 0x0000000086b00000, 0x0000000086b00000|100%| O|  |TAMS 0x0000000086b00000, 0x0000000086a00000| Untracked 
|  79|0x0000000086b00000, 0x0000000086c00000, 0x0000000086c00000|100%| O|  |TAMS 0x0000000086b00000, 0x0000000086b00000| Untracked 
|  80|0x0000000086c00000, 0x0000000086d00000, 0x0000000086d00000|100%| O|  |TAMS 0x0000000086c00000, 0x0000000086c00000| Untracked 
|  81|0x0000000086d00000, 0x0000000086e00000, 0x0000000086e00000|100%| O|  |TAMS 0x0000000086d00000, 0x0000000086d00000| Untracked 
|  82|0x0000000086e00000, 0x0000000086f00000, 0x0000000086f00000|100%| O|  |TAMS 0x0000000086e00000, 0x0000000086e00000| Untracked 
|  83|0x0000000086f00000, 0x0000000086feaa00, 0x0000000087000000| 91%| O|  |TAMS 0x0000000086f00000, 0x0000000086f00000| Untracked 
|  84|0x0000000087000000, 0x0000000087000000, 0x0000000087100000|  0%| F|  |TAMS 0x0000000087000000, 0x0000000087000000| Untracked 
|  85|0x0000000087100000, 0x0000000087100000, 0x0000000087200000|  0%| F|  |TAMS 0x0000000087100000, 0x0000000087100000| Untracked 
|  86|0x0000000087200000, 0x0000000087200000, 0x0000000087300000|  0%| F|  |TAMS 0x0000000087200000, 0x0000000087200000| Untracked 
|  87|0x0000000087300000, 0x0000000087300000, 0x0000000087400000|  0%| F|  |TAMS 0x0000000087300000, 0x0000000087300000| Untracked 
|  88|0x0000000087400000, 0x0000000087400000, 0x0000000087500000|  0%| F|  |TAMS 0x0000000087400000, 0x0000000087400000| Untracked 
|  89|0x0000000087500000, 0x0000000087500000, 0x0000000087600000|  0%| F|  |TAMS 0x0000000087500000, 0x0000000087500000| Untracked 
|  90|0x0000000087600000, 0x0000000087600000, 0x0000000087700000|  0%| F|  |TAMS 0x0000000087600000, 0x0000000087600000| Untracked 
|  91|0x0000000087700000, 0x0000000087700000, 0x0000000087800000|  0%| F|  |TAMS 0x0000000087700000, 0x0000000087700000| Untracked 
|  92|0x0000000087800000, 0x0000000087800000, 0x0000000087900000|  0%| F|  |TAMS 0x0000000087800000, 0x0000000087800000| Untracked 
|  93|0x0000000087900000, 0x0000000087900000, 0x0000000087a00000|  0%| F|  |TAMS 0x0000000087900000, 0x0000000087900000| Untracked 
|  94|0x0000000087a00000, 0x0000000087a00000, 0x0000000087b00000|  0%| F|  |TAMS 0x0000000087a00000, 0x0000000087a00000| Untracked 
|  95|0x0000000087b00000, 0x0000000087b00000, 0x0000000087c00000|  0%| F|  |TAMS 0x0000000087b00000, 0x0000000087b00000| Untracked 
|  96|0x0000000087c00000, 0x0000000087c00000, 0x0000000087d00000|  0%| F|  |TAMS 0x0000000087c00000, 0x0000000087c00000| Untracked 
|  97|0x0000000087d00000, 0x0000000087d00000, 0x0000000087e00000|  0%| F|  |TAMS 0x0000000087d00000, 0x0000000087d00000| Untracked 
|  98|0x0000000087e00000, 0x0000000087e00000, 0x0000000087f00000|  0%| F|  |TAMS 0x0000000087e00000, 0x0000000087e00000| Untracked 
|  99|0x0000000087f00000, 0x0000000087f00000, 0x0000000088000000|  0%| F|  |TAMS 0x0000000087f00000, 0x0000000087f00000| Untracked 
| 100|0x0000000088000000, 0x0000000088000000, 0x0000000088100000|  0%| F|  |TAMS 0x0000000088000000, 0x0000000088000000| Untracked 
| 101|0x0000000088100000, 0x0000000088100000, 0x0000000088200000|  0%| F|  |TAMS 0x0000000088100000, 0x0000000088100000| Untracked 
| 102|0x0000000088200000, 0x0000000088200000, 0x0000000088300000|  0%| F|  |TAMS 0x0000000088200000, 0x0000000088200000| Untracked 
| 103|0x0000000088300000, 0x0000000088300000, 0x0000000088400000|  0%| F|  |TAMS 0x0000000088300000, 0x0000000088300000| Untracked 
| 104|0x0000000088400000, 0x0000000088400000, 0x0000000088500000|  0%| F|  |TAMS 0x0000000088400000, 0x0000000088400000| Untracked 
| 105|0x0000000088500000, 0x0000000088500000, 0x0000000088600000|  0%| F|  |TAMS 0x0000000088500000, 0x0000000088500000| Untracked 
| 106|0x0000000088600000, 0x0000000088600000, 0x0000000088700000|  0%| F|  |TAMS 0x0000000088600000, 0x0000000088600000| Untracked 
| 107|0x0000000088700000, 0x0000000088700000, 0x0000000088800000|  0%| F|  |TAMS 0x0000000088700000, 0x0000000088700000| Untracked 
| 108|0x0000000088800000, 0x0000000088800000, 0x0000000088900000|  0%| F|  |TAMS 0x0000000088800000, 0x0000000088800000| Untracked 
| 109|0x0000000088900000, 0x0000000088900000, 0x0000000088a00000|  0%| F|  |TAMS 0x0000000088900000, 0x0000000088900000| Untracked 
| 110|0x0000000088a00000, 0x0000000088a00000, 0x0000000088b00000|  0%| F|  |TAMS 0x0000000088a00000, 0x0000000088a00000| Untracked 
| 111|0x0000000088b00000, 0x0000000088b00000, 0x0000000088c00000|  0%| F|  |TAMS 0x0000000088b00000, 0x0000000088b00000| Untracked 
| 112|0x0000000088c00000, 0x0000000088c00000, 0x0000000088d00000|  0%| F|  |TAMS 0x0000000088c00000, 0x0000000088c00000| Untracked 
| 113|0x0000000088d00000, 0x0000000088d00000, 0x0000000088e00000|  0%| F|  |TAMS 0x0000000088d00000, 0x0000000088d00000| Untracked 
| 114|0x0000000088e00000, 0x0000000088e00000, 0x0000000088f00000|  0%| F|  |TAMS 0x0000000088e00000, 0x0000000088e00000| Untracked 
| 115|0x0000000088f00000, 0x0000000088f00000, 0x0000000089000000|  0%| F|  |TAMS 0x0000000088f00000, 0x0000000088f00000| Untracked 
| 116|0x0000000089000000, 0x0000000089000000, 0x0000000089100000|  0%| F|  |TAMS 0x0000000089000000, 0x0000000089000000| Untracked 
| 117|0x0000000089100000, 0x0000000089100000, 0x0000000089200000|  0%| F|  |TAMS 0x0000000089100000, 0x0000000089100000| Untracked 
| 118|0x0000000089200000, 0x0000000089200000, 0x0000000089300000|  0%| F|  |TAMS 0x0000000089200000, 0x0000000089200000| Untracked 
| 119|0x0000000089300000, 0x0000000089300000, 0x0000000089400000|  0%| F|  |TAMS 0x0000000089300000, 0x0000000089300000| Untracked 
| 120|0x0000000089400000, 0x0000000089400000, 0x0000000089500000|  0%| F|  |TAMS 0x0000000089400000, 0x0000000089400000| Untracked 
| 121|0x0000000089500000, 0x0000000089500000, 0x0000000089600000|  0%| F|  |TAMS 0x0000000089500000, 0x0000000089500000| Untracked 
| 122|0x0000000089600000, 0x0000000089600000, 0x0000000089700000|  0%| F|  |TAMS 0x0000000089600000, 0x0000000089600000| Untracked 
| 123|0x0000000089700000, 0x0000000089700000, 0x0000000089800000|  0%| F|  |TAMS 0x0000000089700000, 0x0000000089700000| Untracked 
| 124|0x0000000089800000, 0x0000000089800000, 0x0000000089900000|  0%| F|  |TAMS 0x0000000089800000, 0x0000000089800000| Untracked 
| 125|0x0000000089900000, 0x0000000089900000, 0x0000000089a00000|  0%| F|  |TAMS 0x0000000089900000, 0x0000000089900000| Untracked 
| 126|0x0000000089a00000, 0x0000000089a00000, 0x0000000089b00000|  0%| F|  |TAMS 0x0000000089a00000, 0x0000000089a00000| Untracked 
| 127|0x0000000089b00000, 0x0000000089b00000, 0x0000000089c00000|  0%| F|  |TAMS 0x0000000089b00000, 0x0000000089b00000| Untracked 
| 128|0x0000000089c00000, 0x0000000089c00000, 0x0000000089d00000|  0%| F|  |TAMS 0x0000000089c00000, 0x0000000089c00000| Untracked 
| 129|0x0000000089d00000, 0x0000000089d00000, 0x0000000089e00000|  0%| F|  |TAMS 0x0000000089d00000, 0x0000000089d00000| Untracked 
| 130|0x0000000089e00000, 0x0000000089e00000, 0x0000000089f00000|  0%| F|  |TAMS 0x0000000089e00000, 0x0000000089e00000| Untracked 
| 131|0x0000000089f00000, 0x0000000089f00000, 0x000000008a000000|  0%| F|  |TAMS 0x0000000089f00000, 0x0000000089f00000| Untracked 
| 132|0x000000008a000000, 0x000000008a000000, 0x000000008a100000|  0%| F|  |TAMS 0x000000008a000000, 0x000000008a000000| Untracked 
| 133|0x000000008a100000, 0x000000008a100000, 0x000000008a200000|  0%| F|  |TAMS 0x000000008a100000, 0x000000008a100000| Untracked 
| 134|0x000000008a200000, 0x000000008a200000, 0x000000008a300000|  0%| F|  |TAMS 0x000000008a200000, 0x000000008a200000| Untracked 
| 135|0x000000008a300000, 0x000000008a300000, 0x000000008a400000|  0%| F|  |TAMS 0x000000008a300000, 0x000000008a300000| Untracked 
| 136|0x000000008a400000, 0x000000008a400000, 0x000000008a500000|  0%| F|  |TAMS 0x000000008a400000, 0x000000008a400000| Untracked 
| 137|0x000000008a500000, 0x000000008a500000, 0x000000008a600000|  0%| F|  |TAMS 0x000000008a500000, 0x000000008a500000| Untracked 
| 138|0x000000008a600000, 0x000000008a600000, 0x000000008a700000|  0%| F|  |TAMS 0x000000008a600000, 0x000000008a600000| Untracked 
| 139|0x000000008a700000, 0x000000008a700000, 0x000000008a800000|  0%| F|  |TAMS 0x000000008a700000, 0x000000008a700000| Untracked 
| 140|0x000000008a800000, 0x000000008a800000, 0x000000008a900000|  0%| F|  |TAMS 0x000000008a800000, 0x000000008a800000| Untracked 
| 141|0x000000008a900000, 0x000000008a900000, 0x000000008aa00000|  0%| F|  |TAMS 0x000000008a900000, 0x000000008a900000| Untracked 
| 142|0x000000008aa00000, 0x000000008aa00000, 0x000000008ab00000|  0%| F|  |TAMS 0x000000008aa00000, 0x000000008aa00000| Untracked 
| 143|0x000000008ab00000, 0x000000008ab00000, 0x000000008ac00000|  0%| F|  |TAMS 0x000000008ab00000, 0x000000008ab00000| Untracked 
| 144|0x000000008ac00000, 0x000000008ac00000, 0x000000008ad00000|  0%| F|  |TAMS 0x000000008ac00000, 0x000000008ac00000| Untracked 
| 145|0x000000008ad00000, 0x000000008ad00000, 0x000000008ae00000|  0%| F|  |TAMS 0x000000008ad00000, 0x000000008ad00000| Untracked 
| 146|0x000000008ae00000, 0x000000008ae00000, 0x000000008af00000|  0%| F|  |TAMS 0x000000008ae00000, 0x000000008ae00000| Untracked 
| 147|0x000000008af00000, 0x000000008af00000, 0x000000008b000000|  0%| F|  |TAMS 0x000000008af00000, 0x000000008af00000| Untracked 
| 148|0x000000008b000000, 0x000000008b000000, 0x000000008b100000|  0%| F|  |TAMS 0x000000008b000000, 0x000000008b000000| Untracked 
| 149|0x000000008b100000, 0x000000008b100000, 0x000000008b200000|  0%| F|  |TAMS 0x000000008b100000, 0x000000008b100000| Untracked 
| 150|0x000000008b200000, 0x000000008b200000, 0x000000008b300000|  0%| F|  |TAMS 0x000000008b200000, 0x000000008b200000| Untracked 
| 151|0x000000008b300000, 0x000000008b300000, 0x000000008b400000|  0%| F|  |TAMS 0x000000008b300000, 0x000000008b300000| Untracked 
| 152|0x000000008b400000, 0x000000008b400000, 0x000000008b500000|  0%| F|  |TAMS 0x000000008b400000, 0x000000008b400000| Untracked 
| 153|0x000000008b500000, 0x000000008b500000, 0x000000008b600000|  0%| F|  |TAMS 0x000000008b500000, 0x000000008b500000| Untracked 
| 154|0x000000008b600000, 0x000000008b600000, 0x000000008b700000|  0%| F|  |TAMS 0x000000008b600000, 0x000000008b600000| Untracked 
| 155|0x000000008b700000, 0x000000008b700000, 0x000000008b800000|  0%| F|  |TAMS 0x000000008b700000, 0x000000008b700000| Untracked 
| 156|0x000000008b800000, 0x000000008b800000, 0x000000008b900000|  0%| F|  |TAMS 0x000000008b800000, 0x000000008b800000| Untracked 
| 157|0x000000008b900000, 0x000000008b900000, 0x000000008ba00000|  0%| F|  |TAMS 0x000000008b900000, 0x000000008b900000| Untracked 
| 158|0x000000008ba00000, 0x000000008ba00000, 0x000000008bb00000|  0%| F|  |TAMS 0x000000008ba00000, 0x000000008ba00000| Untracked 
| 159|0x000000008bb00000, 0x000000008bb00000, 0x000000008bc00000|  0%| F|  |TAMS 0x000000008bb00000, 0x000000008bb00000| Untracked 
| 160|0x000000008bc00000, 0x000000008bc00000, 0x000000008bd00000|  0%| F|  |TAMS 0x000000008bc00000, 0x000000008bc00000| Untracked 
| 161|0x000000008bd00000, 0x000000008bd00000, 0x000000008be00000|  0%| F|  |TAMS 0x000000008bd00000, 0x000000008bd00000| Untracked 
| 162|0x000000008be00000, 0x000000008be00000, 0x000000008bf00000|  0%| F|  |TAMS 0x000000008be00000, 0x000000008be00000| Untracked 
| 163|0x000000008bf00000, 0x000000008bf00000, 0x000000008c000000|  0%| F|  |TAMS 0x000000008bf00000, 0x000000008bf00000| Untracked 
| 164|0x000000008c000000, 0x000000008c000000, 0x000000008c100000|  0%| F|  |TAMS 0x000000008c000000, 0x000000008c000000| Untracked 
| 165|0x000000008c100000, 0x000000008c100000, 0x000000008c200000|  0%| F|  |TAMS 0x000000008c100000, 0x000000008c100000| Untracked 
| 166|0x000000008c200000, 0x000000008c200000, 0x000000008c300000|  0%| F|  |TAMS 0x000000008c200000, 0x000000008c200000| Untracked 
| 167|0x000000008c300000, 0x000000008c300000, 0x000000008c400000|  0%| F|  |TAMS 0x000000008c300000, 0x000000008c300000| Untracked 
| 168|0x000000008c400000, 0x000000008c400000, 0x000000008c500000|  0%| F|  |TAMS 0x000000008c400000, 0x000000008c400000| Untracked 
| 169|0x000000008c500000, 0x000000008c500000, 0x000000008c600000|  0%| F|  |TAMS 0x000000008c500000, 0x000000008c500000| Untracked 
| 170|0x000000008c600000, 0x000000008c600000, 0x000000008c700000|  0%| F|  |TAMS 0x000000008c600000, 0x000000008c600000| Untracked 
| 171|0x000000008c700000, 0x000000008c700000, 0x000000008c800000|  0%| F|  |TAMS 0x000000008c700000, 0x000000008c700000| Untracked 
| 172|0x000000008c800000, 0x000000008c800000, 0x000000008c900000|  0%| F|  |TAMS 0x000000008c800000, 0x000000008c800000| Untracked 
| 173|0x000000008c900000, 0x000000008c900000, 0x000000008ca00000|  0%| F|  |TAMS 0x000000008c900000, 0x000000008c900000| Untracked 
| 174|0x000000008ca00000, 0x000000008ca00000, 0x000000008cb00000|  0%| F|  |TAMS 0x000000008ca00000, 0x000000008ca00000| Untracked 
| 175|0x000000008cb00000, 0x000000008cb00000, 0x000000008cc00000|  0%| F|  |TAMS 0x000000008cb00000, 0x000000008cb00000| Untracked 
| 176|0x000000008cc00000, 0x000000008cc00000, 0x000000008cd00000|  0%| F|  |TAMS 0x000000008cc00000, 0x000000008cc00000| Untracked 
| 177|0x000000008cd00000, 0x000000008cd00000, 0x000000008ce00000|  0%| F|  |TAMS 0x000000008cd00000, 0x000000008cd00000| Untracked 
| 178|0x000000008ce00000, 0x000000008ce00000, 0x000000008cf00000|  0%| F|  |TAMS 0x000000008ce00000, 0x000000008ce00000| Untracked 
| 179|0x000000008cf00000, 0x000000008cf00000, 0x000000008d000000|  0%| F|  |TAMS 0x000000008cf00000, 0x000000008cf00000| Untracked 
| 180|0x000000008d000000, 0x000000008d000000, 0x000000008d100000|  0%| F|  |TAMS 0x000000008d000000, 0x000000008d000000| Untracked 
| 181|0x000000008d100000, 0x000000008d100000, 0x000000008d200000|  0%| F|  |TAMS 0x000000008d100000, 0x000000008d100000| Untracked 
| 182|0x000000008d200000, 0x000000008d200000, 0x000000008d300000|  0%| F|  |TAMS 0x000000008d200000, 0x000000008d200000| Untracked 
| 183|0x000000008d300000, 0x000000008d300000, 0x000000008d400000|  0%| F|  |TAMS 0x000000008d300000, 0x000000008d300000| Untracked 
| 184|0x000000008d400000, 0x000000008d400000, 0x000000008d500000|  0%| F|  |TAMS 0x000000008d400000, 0x000000008d400000| Untracked 
| 185|0x000000008d500000, 0x000000008d500000, 0x000000008d600000|  0%| F|  |TAMS 0x000000008d500000, 0x000000008d500000| Untracked 
| 186|0x000000008d600000, 0x000000008d600000, 0x000000008d700000|  0%| F|  |TAMS 0x000000008d600000, 0x000000008d600000| Untracked 
| 187|0x000000008d700000, 0x000000008d700000, 0x000000008d800000|  0%| F|  |TAMS 0x000000008d700000, 0x000000008d700000| Untracked 
| 188|0x000000008d800000, 0x000000008d800000, 0x000000008d900000|  0%| F|  |TAMS 0x000000008d800000, 0x000000008d800000| Untracked 
| 189|0x000000008d900000, 0x000000008d900000, 0x000000008da00000|  0%| F|  |TAMS 0x000000008d900000, 0x000000008d900000| Untracked 
| 190|0x000000008da00000, 0x000000008da00000, 0x000000008db00000|  0%| F|  |TAMS 0x000000008da00000, 0x000000008da00000| Untracked 
| 191|0x000000008db00000, 0x000000008db00000, 0x000000008dc00000|  0%| F|  |TAMS 0x000000008db00000, 0x000000008db00000| Untracked 
| 192|0x000000008dc00000, 0x000000008dc00000, 0x000000008dd00000|  0%| F|  |TAMS 0x000000008dc00000, 0x000000008dc00000| Untracked 
| 193|0x000000008dd00000, 0x000000008dd00000, 0x000000008de00000|  0%| F|  |TAMS 0x000000008dd00000, 0x000000008dd00000| Untracked 
| 194|0x000000008de00000, 0x000000008de00000, 0x000000008df00000|  0%| F|  |TAMS 0x000000008de00000, 0x000000008de00000| Untracked 
| 195|0x000000008df00000, 0x000000008df00000, 0x000000008e000000|  0%| F|  |TAMS 0x000000008df00000, 0x000000008df00000| Untracked 
| 196|0x000000008e000000, 0x000000008e000000, 0x000000008e100000|  0%| F|  |TAMS 0x000000008e000000, 0x000000008e000000| Untracked 
| 197|0x000000008e100000, 0x000000008e100000, 0x000000008e200000|  0%| F|  |TAMS 0x000000008e100000, 0x000000008e100000| Untracked 
| 198|0x000000008e200000, 0x000000008e200000, 0x000000008e300000|  0%| F|  |TAMS 0x000000008e200000, 0x000000008e200000| Untracked 
| 199|0x000000008e300000, 0x000000008e300000, 0x000000008e400000|  0%| F|  |TAMS 0x000000008e300000, 0x000000008e300000| Untracked 
| 200|0x000000008e400000, 0x000000008e400000, 0x000000008e500000|  0%| F|  |TAMS 0x000000008e400000, 0x000000008e400000| Untracked 
| 201|0x000000008e500000, 0x000000008e500000, 0x000000008e600000|  0%| F|  |TAMS 0x000000008e500000, 0x000000008e500000| Untracked 
| 202|0x000000008e600000, 0x000000008e600000, 0x000000008e700000|  0%| F|  |TAMS 0x000000008e600000, 0x000000008e600000| Untracked 
| 203|0x000000008e700000, 0x000000008e700000, 0x000000008e800000|  0%| F|  |TAMS 0x000000008e700000, 0x000000008e700000| Untracked 
| 204|0x000000008e800000, 0x000000008e800000, 0x000000008e900000|  0%| F|  |TAMS 0x000000008e800000, 0x000000008e800000| Untracked 
| 205|0x000000008e900000, 0x000000008e900000, 0x000000008ea00000|  0%| F|  |TAMS 0x000000008e900000, 0x000000008e900000| Untracked 
| 206|0x000000008ea00000, 0x000000008ea00000, 0x000000008eb00000|  0%| F|  |TAMS 0x000000008ea00000, 0x000000008ea00000| Untracked 
| 207|0x000000008eb00000, 0x000000008eb00000, 0x000000008ec00000|  0%| F|  |TAMS 0x000000008eb00000, 0x000000008eb00000| Untracked 
| 208|0x000000008ec00000, 0x000000008ec00000, 0x000000008ed00000|  0%| F|  |TAMS 0x000000008ec00000, 0x000000008ec00000| Untracked 
| 209|0x000000008ed00000, 0x000000008ed00000, 0x000000008ee00000|  0%| F|  |TAMS 0x000000008ed00000, 0x000000008ed00000| Untracked 
| 210|0x000000008ee00000, 0x000000008ee00000, 0x000000008ef00000|  0%| F|  |TAMS 0x000000008ee00000, 0x000000008ee00000| Untracked 
| 211|0x000000008ef00000, 0x000000008ef00000, 0x000000008f000000|  0%| F|  |TAMS 0x000000008ef00000, 0x000000008ef00000| Untracked 
| 212|0x000000008f000000, 0x000000008f000000, 0x000000008f100000|  0%| F|  |TAMS 0x000000008f000000, 0x000000008f000000| Untracked 
| 213|0x000000008f100000, 0x000000008f100000, 0x000000008f200000|  0%| F|  |TAMS 0x000000008f100000, 0x000000008f100000| Untracked 
| 214|0x000000008f200000, 0x000000008f200000, 0x000000008f300000|  0%| F|  |TAMS 0x000000008f200000, 0x000000008f200000| Untracked 
| 215|0x000000008f300000, 0x000000008f300000, 0x000000008f400000|  0%| F|  |TAMS 0x000000008f300000, 0x000000008f300000| Untracked 
| 216|0x000000008f400000, 0x000000008f400000, 0x000000008f500000|  0%| F|  |TAMS 0x000000008f400000, 0x000000008f400000| Untracked 
| 217|0x000000008f500000, 0x000000008f500000, 0x000000008f600000|  0%| F|  |TAMS 0x000000008f500000, 0x000000008f500000| Untracked 
| 218|0x000000008f600000, 0x000000008f600000, 0x000000008f700000|  0%| F|  |TAMS 0x000000008f600000, 0x000000008f600000| Untracked 
| 219|0x000000008f700000, 0x000000008f700000, 0x000000008f800000|  0%| F|  |TAMS 0x000000008f700000, 0x000000008f700000| Untracked 
| 220|0x000000008f800000, 0x000000008f800000, 0x000000008f900000|  0%| F|  |TAMS 0x000000008f800000, 0x000000008f800000| Untracked 
| 221|0x000000008f900000, 0x000000008f900000, 0x000000008fa00000|  0%| F|  |TAMS 0x000000008f900000, 0x000000008f900000| Untracked 
| 222|0x000000008fa00000, 0x000000008fa00000, 0x000000008fb00000|  0%| F|  |TAMS 0x000000008fa00000, 0x000000008fa00000| Untracked 
| 223|0x000000008fb00000, 0x000000008fb00000, 0x000000008fc00000|  0%| F|  |TAMS 0x000000008fb00000, 0x000000008fb00000| Untracked 
| 224|0x000000008fc00000, 0x000000008fc00000, 0x000000008fd00000|  0%| F|  |TAMS 0x000000008fc00000, 0x000000008fc00000| Untracked 
| 225|0x000000008fd00000, 0x000000008fd00000, 0x000000008fe00000|  0%| F|  |TAMS 0x000000008fd00000, 0x000000008fd00000| Untracked 
| 226|0x000000008fe00000, 0x000000008fe00000, 0x000000008ff00000|  0%| F|  |TAMS 0x000000008fe00000, 0x000000008fe00000| Untracked 
| 227|0x000000008ff00000, 0x000000008ff00000, 0x0000000090000000|  0%| F|  |TAMS 0x000000008ff00000, 0x000000008ff00000| Untracked 
| 228|0x0000000090000000, 0x0000000090000000, 0x0000000090100000|  0%| F|  |TAMS 0x0000000090000000, 0x0000000090000000| Untracked 
| 229|0x0000000090100000, 0x0000000090100000, 0x0000000090200000|  0%| F|  |TAMS 0x0000000090100000, 0x0000000090100000| Untracked 
| 230|0x0000000090200000, 0x0000000090200000, 0x0000000090300000|  0%| F|  |TAMS 0x0000000090200000, 0x0000000090200000| Untracked 
| 231|0x0000000090300000, 0x0000000090300000, 0x0000000090400000|  0%| F|  |TAMS 0x0000000090300000, 0x0000000090300000| Untracked 
| 232|0x0000000090400000, 0x0000000090400000, 0x0000000090500000|  0%| F|  |TAMS 0x0000000090400000, 0x0000000090400000| Untracked 
| 233|0x0000000090500000, 0x0000000090500000, 0x0000000090600000|  0%| F|  |TAMS 0x0000000090500000, 0x0000000090500000| Untracked 
| 234|0x0000000090600000, 0x0000000090600000, 0x0000000090700000|  0%| F|  |TAMS 0x0000000090600000, 0x0000000090600000| Untracked 
| 235|0x0000000090700000, 0x0000000090700000, 0x0000000090800000|  0%| F|  |TAMS 0x0000000090700000, 0x0000000090700000| Untracked 
| 236|0x0000000090800000, 0x0000000090800000, 0x0000000090900000|  0%| F|  |TAMS 0x0000000090800000, 0x0000000090800000| Untracked 
| 237|0x0000000090900000, 0x0000000090900000, 0x0000000090a00000|  0%| F|  |TAMS 0x0000000090900000, 0x0000000090900000| Untracked 
| 238|0x0000000090a00000, 0x0000000090a00000, 0x0000000090b00000|  0%| F|  |TAMS 0x0000000090a00000, 0x0000000090a00000| Untracked 
| 239|0x0000000090b00000, 0x0000000090b00000, 0x0000000090c00000|  0%| F|  |TAMS 0x0000000090b00000, 0x0000000090b00000| Untracked 
| 240|0x0000000090c00000, 0x0000000090c00000, 0x0000000090d00000|  0%| F|  |TAMS 0x0000000090c00000, 0x0000000090c00000| Untracked 
| 241|0x0000000090d00000, 0x0000000090d00000, 0x0000000090e00000|  0%| F|  |TAMS 0x0000000090d00000, 0x0000000090d00000| Untracked 
| 242|0x0000000090e00000, 0x0000000090e00000, 0x0000000090f00000|  0%| F|  |TAMS 0x0000000090e00000, 0x0000000090e00000| Untracked 
| 243|0x0000000090f00000, 0x0000000090f680f8, 0x0000000091000000| 40%| S|CS|TAMS 0x0000000090f00000, 0x0000000090f00000| Complete 
| 244|0x0000000091000000, 0x0000000091100000, 0x0000000091100000|100%| S|CS|TAMS 0x0000000091000000, 0x0000000091000000| Complete 
| 245|0x0000000091100000, 0x0000000091100000, 0x0000000091200000|  0%| F|  |TAMS 0x0000000091100000, 0x0000000091100000| Untracked 

Card table byte_map: [0x00000222c12a0000,0x00000222c16a0000] _byte_map_base: 0x00000222c0e92000

Marking Bits (Prev, Next): (CMBitMap*) 0x00000222ba85e040, (CMBitMap*) 0x00000222ba85e000
 Prev Bits: [0x00000222c3a30000, 0x00000222c59c0000)
 Next Bits: [0x00000222c1aa0000, 0x00000222c3a30000)

Polling page: 0x00000222b8730000

Metaspace:

Usage:
  Non-class:     26.42 MB used.
      Class:      3.66 MB used.
       Both:     30.08 MB used.

Virtual space:
  Non-class space:       64.00 MB reserved,      26.62 MB ( 42%) committed,  1 nodes.
      Class space:        1.00 GB reserved,       3.94 MB ( <1%) committed,  1 nodes.
             Both:        1.06 GB reserved,      30.56 MB (  3%) committed. 

Chunk freelists:
   Non-Class:  4.94 MB
       Class:  11.92 MB
        Both:  16.86 MB

MaxMetaspaceSize: unlimited
CompressedClassSpaceSize: 1.00 GB
Initial GC threshold: 21.00 MB
Current GC threshold: 35.94 MB
CDS: off
MetaspaceReclaimPolicy: balanced
 - commit_granule_bytes: 65536.
 - commit_granule_words: 8192.
 - virtual_space_node_default_size: 8388608.
 - enlarge_chunks_in_place: 1.
 - new_chunks_are_fully_committed: 0.
 - uncommit_free_chunks: 1.
 - use_allocation_guard: 0.
 - handle_deallocations: 1.


Internal statistics:

num_allocs_failed_limit: 6.
num_arena_births: 606.
num_arena_deaths: 0.
num_vsnodes_births: 2.
num_vsnodes_deaths: 0.
num_space_committed: 489.
num_space_uncommitted: 0.
num_chunks_returned_to_freelist: 6.
num_chunks_taken_from_freelist: 1687.
num_chunk_merges: 6.
num_chunk_splits: 1007.
num_chunks_enlarged: 547.
num_inconsistent_stats: 0.

CodeCache: size=49152Kb used=8136Kb max_used=8136Kb free=41016Kb
 bounds [0x00000222bdea0000, 0x00000222be6a0000, 0x00000222c0ea0000]
 total_blobs=4004 nmethods=3505 adapters=424
 compilation: enabled
              stopped_count=0, restarted_count=0
 full_count=0

Compilation events (20 events):
Event: 3.688 Thread 0x00000222cc058020 nmethod 3515 0x00000222be68cb10 code [0x00000222be68ccc0, 0x00000222be68ce18]
Event: 3.688 Thread 0x00000222cc058530 3519       1       java.util.concurrent.ConcurrentHashMap::sumCount (60 bytes)
Event: 3.688 Thread 0x00000222cc058020 3518       1       java.lang.invoke.BoundMethodHandle$Species_LL::<init> (18 bytes)
Event: 3.688 Thread 0x00000222cc058530 nmethod 3519 0x00000222be68cf10 code [0x00000222be68d0a0, 0x00000222be68d1d8]
Event: 3.688 Thread 0x00000222cc058020 nmethod 3518 0x00000222be68d310 code [0x00000222be68d4a0, 0x00000222be68d648]
Event: 3.689 Thread 0x00000222cc02ffe0 nmethod 3516 0x00000222be68d710 code [0x00000222be68d940, 0x00000222be68e038]
Event: 3.689 Thread 0x00000222cc058020 3520   !   1       java.util.logging.LogManager::ensureLogManagerInitialized (144 bytes)
Event: 3.689 Thread 0x00000222cc058530 3521       1       org.jboss.logmanager.LoggerNode::<init> (257 bytes)
Event: 3.689 Thread 0x00000222cc02ffe0 3522       1       org.jboss.logmanager.FastCopyHashMap::containsKey (87 bytes)
Event: 3.689 Thread 0x00000222cc02ffe0 nmethod 3522 0x00000222be68e390 code [0x00000222be68e560, 0x00000222be68e858]
Event: 3.690 Thread 0x00000222cc02ffe0 3523   !   1       org.jboss.logmanager.FastCopyHashMap::clone (49 bytes)
Event: 3.690 Thread 0x00000222cc058020 nmethod 3520 0x00000222be68ea90 code [0x00000222be68ed00, 0x00000222be68f368]
Event: 3.690 Thread 0x00000222cc02ffe0 nmethod 3523 0x00000222be68f810 code [0x00000222be68fa00, 0x00000222be68fde8]
Event: 3.690 Thread 0x00000222cc058020 3526       1       java.lang.invoke.DirectMethodHandle$Constructor::<init> (44 bytes)
Event: 3.690 Thread 0x00000222cc02ffe0 3524       1       java.util.AbstractMap::clone (20 bytes)
Event: 3.691 Thread 0x00000222cc02ffe0 nmethod 3524 0x00000222be691510 code [0x00000222be6916c0, 0x00000222be691828]
Event: 3.691 Thread 0x00000222cc058020 nmethod 3526 0x00000222be691910 code [0x00000222be691aa0, 0x00000222be691c68]
Event: 3.691 Thread 0x00000222cc02ffe0 3525       1       org.jboss.logmanager.LoggerNode::getLevel (5 bytes)
Event: 3.691 Thread 0x00000222cc058530 nmethod 3521 0x00000222be690090 code [0x00000222be690320, 0x00000222be690f58]
Event: 3.691 Thread 0x00000222cc02ffe0 nmethod 3525 0x00000222be691d10 code [0x00000222be691ea0, 0x00000222be691f78]

GC Heap History (20 events):
Event: 0.773 GC heap after
{Heap after GC invocations=1 (full 0):
 garbage-first heap   total 131072K, used 4612K [0x0000000081c00000, 0x0000000100000000)
  region size 1024K, 2 young (2048K), 2 survivors (2048K)
 Metaspace       used 9769K, committed 9984K, reserved 1114112K
  class space    used 927K, committed 1024K, reserved 1048576K
}
Event: 0.983 GC heap before
{Heap before GC invocations=1 (full 0):
 garbage-first heap   total 131072K, used 18948K [0x0000000081c00000, 0x0000000100000000)
  region size 1024K, 14 young (14336K), 2 survivors (2048K)
 Metaspace       used 10270K, committed 10496K, reserved 1114112K
  class space    used 992K, committed 1088K, reserved 1048576K
}
Event: 0.993 GC heap after
{Heap after GC invocations=2 (full 0):
 garbage-first heap   total 131072K, used 15278K [0x0000000081c00000, 0x0000000100000000)
  region size 1024K, 2 young (2048K), 2 survivors (2048K)
 Metaspace       used 10270K, committed 10496K, reserved 1114112K
  class space    used 992K, committed 1088K, reserved 1048576K
}
Event: 1.119 GC heap before
{Heap before GC invocations=2 (full 0):
 garbage-first heap   total 131072K, used 35758K [0x0000000081c00000, 0x0000000100000000)
  region size 1024K, 20 young (20480K), 2 survivors (2048K)
 Metaspace       used 10271K, committed 10496K, reserved 1114112K
  class space    used 992K, committed 1088K, reserved 1048576K
}
Event: 1.134 GC heap after
{Heap after GC invocations=3 (full 0):
 garbage-first heap   total 131072K, used 32768K [0x0000000081c00000, 0x0000000100000000)
  region size 1024K, 3 young (3072K), 3 survivors (3072K)
 Metaspace       used 10271K, committed 10496K, reserved 1114112K
  class space    used 992K, committed 1088K, reserved 1048576K
}
Event: 1.291 GC heap before
{Heap before GC invocations=3 (full 0):
 garbage-first heap   total 131072K, used 52224K [0x0000000081c00000, 0x0000000100000000)
  region size 1024K, 22 young (22528K), 3 survivors (3072K)
 Metaspace       used 10972K, committed 11264K, reserved 1114112K
  class space    used 1060K, committed 1216K, reserved 1048576K
}
Event: 1.303 GC heap after
{Heap after GC invocations=4 (full 0):
 garbage-first heap   total 131072K, used 38400K [0x0000000081c00000, 0x0000000100000000)
  region size 1024K, 3 young (3072K), 3 survivors (3072K)
 Metaspace       used 10972K, committed 11264K, reserved 1114112K
  class space    used 1060K, committed 1216K, reserved 1048576K
}
Event: 1.432 GC heap before
{Heap before GC invocations=4 (full 0):
 garbage-first heap   total 131072K, used 65024K [0x0000000081c00000, 0x0000000100000000)
  region size 1024K, 29 young (29696K), 3 survivors (3072K)
 Metaspace       used 10972K, committed 11264K, reserved 1114112K
  class space    used 1060K, committed 1216K, reserved 1048576K
}
Event: 1.446 GC heap after
{Heap after GC invocations=5 (full 0):
 garbage-first heap   total 131072K, used 45919K [0x0000000081c00000, 0x0000000100000000)
  region size 1024K, 4 young (4096K), 4 survivors (4096K)
 Metaspace       used 10972K, committed 11264K, reserved 1114112K
  class space    used 1060K, committed 1216K, reserved 1048576K
}
Event: 1.603 GC heap before
{Heap before GC invocations=5 (full 0):
 garbage-first heap   total 131072K, used 78687K [0x0000000081c00000, 0x0000000100000000)
  region size 1024K, 35 young (35840K), 4 survivors (4096K)
 Metaspace       used 11063K, committed 11328K, reserved 1114112K
  class space    used 1068K, committed 1216K, reserved 1048576K
}
Event: 1.624 GC heap after
{Heap after GC invocations=6 (full 0):
 garbage-first heap   total 251904K, used 55296K [0x0000000081c00000, 0x0000000100000000)
  region size 1024K, 5 young (5120K), 5 survivors (5120K)
 Metaspace       used 11063K, committed 11328K, reserved 1114112K
  class space    used 1068K, committed 1216K, reserved 1048576K
}
Event: 2.016 GC heap before
{Heap before GC invocations=6 (full 0):
 garbage-first heap   total 251904K, used 102400K [0x0000000081c00000, 0x0000000100000000)
  region size 1024K, 48 young (49152K), 5 survivors (5120K)
 Metaspace       used 14012K, committed 14272K, reserved 1114112K
  class space    used 1418K, committed 1536K, reserved 1048576K
}
Event: 2.065 GC heap after
{Heap after GC invocations=7 (full 0):
 garbage-first heap   total 251904K, used 79819K [0x0000000081c00000, 0x0000000100000000)
  region size 1024K, 6 young (6144K), 6 survivors (6144K)
 Metaspace       used 14012K, committed 14272K, reserved 1114112K
  class space    used 1418K, committed 1536K, reserved 1048576K
}
Event: 2.675 GC heap before
{Heap before GC invocations=7 (full 0):
 garbage-first heap   total 251904K, used 124875K [0x0000000081c00000, 0x0000000100000000)
  region size 1024K, 50 young (51200K), 6 survivors (6144K)
 Metaspace       used 20004K, committed 20224K, reserved 1114112K
  class space    used 2231K, committed 2304K, reserved 1048576K
}
Event: 2.690 GC heap after
{Heap after GC invocations=8 (full 0):
 garbage-first heap   total 251904K, used 84837K [0x0000000081c00000, 0x0000000100000000)
  region size 1024K, 4 young (4096K), 4 survivors (4096K)
 Metaspace       used 20004K, committed 20224K, reserved 1114112K
  class space    used 2231K, committed 2304K, reserved 1048576K
}
Event: 2.798 GC heap before
{Heap before GC invocations=8 (full 0):
 garbage-first heap   total 251904K, used 92005K [0x0000000081c00000, 0x0000000100000000)
  region size 1024K, 12 young (12288K), 4 survivors (4096K)
 Metaspace       used 21205K, committed 21504K, reserved 1114112K
  class space    used 2387K, committed 2560K, reserved 1048576K
}
Event: 2.803 GC heap after
{Heap after GC invocations=9 (full 0):
 garbage-first heap   total 251904K, used 84910K [0x0000000081c00000, 0x0000000100000000)
  region size 1024K, 4 young (4096K), 4 survivors (4096K)
 Metaspace       used 21205K, committed 21504K, reserved 1114112K
  class space    used 2387K, committed 2560K, reserved 1048576K
}
Event: 3.668 GC heap before
{Heap before GC invocations=10 (full 0):
 garbage-first heap   total 251904K, used 190382K [0x0000000081c00000, 0x0000000100000000)
  region size 1024K, 109 young (111616K), 4 survivors (4096K)
 Metaspace       used 30724K, committed 31232K, reserved 1114112K
  class space    used 3742K, committed 3968K, reserved 1048576K
}
Event: 3.684 GC heap after
{Heap after GC invocations=11 (full 0):
 garbage-first heap   total 251904K, used 86101K [0x0000000081c00000, 0x0000000100000000)
  region size 1024K, 11 young (11264K), 11 survivors (11264K)
 Metaspace       used 30724K, committed 31232K, reserved 1114112K
  class space    used 3742K, committed 3968K, reserved 1048576K
}
Event: 3.691 GC heap before
{Heap before GC invocations=11 (full 0):
 garbage-first heap   total 251904K, used 87125K [0x0000000081c00000, 0x0000000100000000)
  region size 1024K, 12 young (12288K), 11 survivors (11264K)
 Metaspace       used 30804K, committed 31296K, reserved 1114112K
  class space    used 3752K, committed 4032K, reserved 1048576K
}

Dll operation events (10 events):
Event: 0.016 Loaded shared library C:\Users\Sanjay\eclipse\plugins\org.eclipse.justj.openjdk.hotspot.jre.full.win32.x86_64_17.0.7.v20230425-1502\jre\bin\java.dll
Event: 0.194 Loaded shared library C:\Users\Sanjay\eclipse\plugins\org.eclipse.justj.openjdk.hotspot.jre.full.win32.x86_64_17.0.7.v20230425-1502\jre\bin\zip.dll
Event: 0.198 Loaded shared library C:\Users\Sanjay\eclipse\plugins\org.eclipse.justj.openjdk.hotspot.jre.full.win32.x86_64_17.0.7.v20230425-1502\jre\bin\instrument.dll
Event: 0.214 Loaded shared library C:\Users\Sanjay\eclipse\plugins\org.eclipse.justj.openjdk.hotspot.jre.full.win32.x86_64_17.0.7.v20230425-1502\jre\bin\net.dll
Event: 0.217 Loaded shared library C:\Users\Sanjay\eclipse\plugins\org.eclipse.justj.openjdk.hotspot.jre.full.win32.x86_64_17.0.7.v20230425-1502\jre\bin\nio.dll
Event: 0.226 Loaded shared library C:\Users\Sanjay\eclipse\plugins\org.eclipse.justj.openjdk.hotspot.jre.full.win32.x86_64_17.0.7.v20230425-1502\jre\bin\zip.dll
Event: 0.374 Loaded shared library C:\Users\Sanjay\eclipse\plugins\org.eclipse.justj.openjdk.hotspot.jre.full.win32.x86_64_17.0.7.v20230425-1502\jre\bin\jimage.dll
Event: 1.911 Loaded shared library C:\Users\Sanjay\eclipse\plugins\org.eclipse.justj.openjdk.hotspot.jre.full.win32.x86_64_17.0.7.v20230425-1502\jre\bin\verify.dll
Event: 1.930 Loaded shared library C:\Users\Sanjay\eclipse\plugins\org.eclipse.justj.openjdk.hotspot.jre.full.win32.x86_64_17.0.7.v20230425-1502\jre\bin\management.dll
Event: 1.934 Loaded shared library C:\Users\Sanjay\eclipse\plugins\org.eclipse.justj.openjdk.hotspot.jre.full.win32.x86_64_17.0.7.v20230425-1502\jre\bin\management_ext.dll

Deoptimization events (20 events):
Event: 3.404 Thread 0x00000222cf0480d0 DEOPT PACKING pc=0x00000222be3da3d4 sp=0x0000002dc78fd550
Event: 3.404 Thread 0x00000222cf0480d0 DEOPT UNPACKING pc=0x00000222bdef7143 sp=0x0000002dc78fca40 mode 1
Event: 3.635 Thread 0x00000222cf04d2a0 DEOPT PACKING pc=0x00000222be48c7aa sp=0x0000002dc8efa0c0
Event: 3.635 Thread 0x00000222cf04d2a0 DEOPT UNPACKING pc=0x00000222bdef7143 sp=0x0000002dc8ef95a8 mode 1
Event: 3.635 Thread 0x00000222cf04d2a0 DEOPT PACKING pc=0x00000222be2060a4 sp=0x0000002dc8efa170
Event: 3.635 Thread 0x00000222cf04d2a0 DEOPT UNPACKING pc=0x00000222bdef7143 sp=0x0000002dc8ef9660 mode 1
Event: 3.636 Thread 0x00000222cf04d2a0 DEOPT PACKING pc=0x00000222be23ac64 sp=0x0000002dc8efa320
Event: 3.636 Thread 0x00000222cf04d2a0 DEOPT UNPACKING pc=0x00000222bdef7143 sp=0x0000002dc8ef97b8 mode 1
Event: 3.636 Thread 0x00000222cf04d2a0 DEOPT PACKING pc=0x00000222be239efc sp=0x0000002dc8efa3f0
Event: 3.636 Thread 0x00000222cf04d2a0 DEOPT UNPACKING pc=0x00000222bdef7143 sp=0x0000002dc8ef98a8 mode 1
Event: 3.636 Thread 0x00000222cf04d2a0 DEOPT PACKING pc=0x00000222be3da3d4 sp=0x0000002dc8efade0
Event: 3.636 Thread 0x00000222cf04d2a0 DEOPT UNPACKING pc=0x00000222bdef7143 sp=0x0000002dc8efa2d0 mode 1
Event: 3.649 Thread 0x00000222cf046d90 DEOPT PACKING pc=0x00000222be34774c sp=0x0000002dc8afd830
Event: 3.649 Thread 0x00000222cf046d90 DEOPT UNPACKING pc=0x00000222bdef7143 sp=0x0000002dc8afcd80 mode 1
Event: 3.649 Thread 0x00000222cf046d90 DEOPT PACKING pc=0x00000222be346b1c sp=0x0000002dc8afd930
Event: 3.650 Thread 0x00000222cf046d90 DEOPT UNPACKING pc=0x00000222bdef7143 sp=0x0000002dc8afce18 mode 1
Event: 3.650 Thread 0x00000222cf046d90 DEOPT PACKING pc=0x00000222be3455a4 sp=0x0000002dc8afd9f0
Event: 3.650 Thread 0x00000222cf046d90 DEOPT UNPACKING pc=0x00000222bdef7143 sp=0x0000002dc8afceb0 mode 1
Event: 3.650 Thread 0x00000222cf046d90 DEOPT PACKING pc=0x00000222be3215ec sp=0x0000002dc8afda60
Event: 3.650 Thread 0x00000222cf046d90 DEOPT UNPACKING pc=0x00000222bdef7143 sp=0x0000002dc8afcf60 mode 1

Classes unloaded (0 events):
No events

Classes redefined (0 events):
No events

Internal exceptions (20 events):
Event: 2.778 Thread 0x00000222ba805c50 Exception <a 'java/lang/NoSuchMethodError'{0x0000000090b94200}: 'void java.lang.invoke.DirectMethodHandle$Holder.invokeSpecialIFC(java.lang.Object, java.lang.Object, java.lang.Object, java.lang.Object, java.lang.Object)'> (0x0000000090b94200) 
thrown [s\src\hotspot\share\interpreter\linkResolver.cpp, line 759]
Event: 3.082 Thread 0x00000222ce4f5d60 Exception <a 'sun/nio/fs/WindowsException'{0x000000008fa0ebd8}> (0x000000008fa0ebd8) 
thrown [s\src\hotspot\share\prims\jni.cpp, line 516]
Event: 3.094 Thread 0x00000222ce4f4550 Exception <a 'java/lang/IncompatibleClassChangeError'{0x000000008f838650}: Found class java.lang.Object, but interface was expected> (0x000000008f838650) 
thrown [s\src\hotspot\share\interpreter\linkResolver.cpp, line 826]
Event: 3.151 Thread 0x00000222ce4f6700 Exception <a 'sun/nio/fs/WindowsException'{0x000000008f501d48}> (0x000000008f501d48) 
thrown [s\src\hotspot\share\prims\jni.cpp, line 516]
Event: 3.152 Thread 0x00000222ce4f6700 Exception <a 'sun/nio/fs/WindowsException'{0x000000008f501f78}> (0x000000008f501f78) 
thrown [s\src\hotspot\share\prims\jni.cpp, line 516]
Event: 3.153 Thread 0x00000222ce4f6700 Exception <a 'sun/nio/fs/WindowsException'{0x000000008f5027a0}> (0x000000008f5027a0) 
thrown [s\src\hotspot\share\prims\jni.cpp, line 516]
Event: 3.153 Thread 0x00000222ce4f6700 Exception <a 'sun/nio/fs/WindowsException'{0x000000008f502948}> (0x000000008f502948) 
thrown [s\src\hotspot\share\prims\jni.cpp, line 516]
Event: 3.153 Thread 0x00000222ce4f6700 Exception <a 'sun/nio/fs/WindowsException'{0x000000008f5034e0}> (0x000000008f5034e0) 
thrown [s\src\hotspot\share\prims\jni.cpp, line 516]
Event: 3.153 Thread 0x00000222ce4f6700 Exception <a 'sun/nio/fs/WindowsException'{0x000000008f503670}> (0x000000008f503670) 
thrown [s\src\hotspot\share\prims\jni.cpp, line 516]
Event: 3.211 Thread 0x00000222cef35d50 Exception <a 'java/lang/NoSuchMethodError'{0x000000008cb828c0}: 'void java.lang.invoke.DirectMethodHandle$Holder.invokeStatic(java.lang.Object, java.lang.Object, java.lang.Object, java.lang.Object)'> (0x000000008cb828c0) 
thrown [s\src\hotspot\share\interpreter\linkResolver.cpp, line 759]
Event: 3.255 Thread 0x00000222cef3a580 Exception <a 'java/lang/NoSuchMethodError'{0x000000008f414018}: 'void java.lang.invoke.DirectMethodHandle$Holder.invokeInterface(java.lang.Object, java.lang.Object, java.lang.Object)'> (0x000000008f414018) 
thrown [s\src\hotspot\share\interpreter\linkResolver.cpp, line 759]
Event: 3.388 Thread 0x00000222cefb29c0 Exception <a 'java/lang/NoSuchMethodError'{0x000000008c69f3c0}: 'void java.lang.invoke.DirectMethodHandle$Holder.invokeStatic(java.lang.Object, int, java.lang.Object)'> (0x000000008c69f3c0) 
thrown [s\src\hotspot\share\interpreter\linkResolver.cpp, line 759]
Event: 3.491 Thread 0x00000222cf017ff0 Exception <a 'java/lang/NoSuchMethodError'{0x000000008e8fab50}: 'java.lang.Object java.lang.invoke.DirectMethodHandle$Holder.invokeSpecial(java.lang.Object, java.lang.Object, java.lang.Object, java.lang.Object, java.lang.Object, int)'> (0x000000008e8fab50) 
thrown [s\src\hotspot\share\interpreter\linkResolver.cpp, line 759]
Event: 3.492 Thread 0x00000222cf017ff0 Exception <a 'java/lang/NoSuchMethodError'{0x000000008e8fe838}: 'java.lang.Object java.lang.invoke.Invokers$Holder.linkToTargetMethod(java.lang.Object, java.lang.Object, java.lang.Object, int, java.lang.Object)'> (0x000000008e8fe838) 
thrown [s\src\hotspot\share\interpreter\linkResolver.cpp, line 759]
Event: 3.641 Thread 0x00000222cf046d90 Exception <a 'java/lang/NoSuchMethodError'{0x000000008a9752f0}: 'java.lang.Object java.lang.invoke.DirectMethodHandle$Holder.newInvokeSpecial(java.lang.Object, java.lang.Object, java.lang.Object, java.lang.Object, java.lang.Object, java.lang.Object, java.lang.Object, java.lang.Object)'> (0x000000008a9752f0) 
thrown [s\src\hotspot\share\interpreter\linkResolver.cpp, line 759]
Event: 3.641 Thread 0x00000222cf046d90 Exception <a 'java/lang/NoSuchMethodError'{0x000000008a97a258}: 'java.lang.Object java.lang.invoke.DirectMethodHandle$Holder.invokeSpecial(java.lang.Object, java.lang.Object, java.lang.Object, java.lang.Object, java.lang.Object, java.lang.Object, java.lang.Object, java.lang.Object, java.lang.Object)'> (0x000000008a97a258) 
thrown [s\src\hotspot\share\interpreter\linkResolver.cpp, line 759]
Event: 3.642 Thread 0x00000222cf046d90 Exception <a 'java/lang/NoSuchMethodError'{0x000000008a97eb68}: 'java.lang.Object java.lang.invoke.Invokers$Holder.linkToTargetMethod(java.lang.Object, java.lang.Object, java.lang.Object, java.lang.Object, java.lang.Object, java.lang.Object, java.lang.Object, java.lang.Object)'> (0x000000008a97eb68) 
thrown [s\src\hotspot\share\interpreter\linkResolver.cpp, line 759]
Event: 3.646 Thread 0x00000222cf08cbd0 Exception <a 'java/lang/NoSuchMethodError'{0x000000008a590ef8}: 'java.lang.Object java.lang.invoke.DirectMethodHandle$Holder.invokeSpecial(java.lang.Object, java.lang.Object, java.lang.Object, int, java.lang.Object)'> (0x000000008a590ef8) 
thrown [s\src\hotspot\share\interpreter\linkResolver.cpp, line 759]
Event: 3.686 Thread 0x00000222cefb29c0 Exception <a 'java/lang/NoSuchMethodError'{0x0000000091198488}: 'java.lang.Object java.lang.invoke.DirectMethodHandle$Holder.invokeInterface(java.lang.Object, java.lang.Object, java.lang.Object)'> (0x0000000091198488) 
thrown [s\src\hotspot\share\interpreter\linkResolver.cpp, line 759]
Event: 3.687 Thread 0x00000222cefb29c0 Exception <a 'java/lang/IncompatibleClassChangeError'{0x00000000911b7a78}: Found class java.lang.Object, but interface was expected> (0x00000000911b7a78) 
thrown [s\src\hotspot\share\interpreter\linkResolver.cpp, line 826]

VM Operations (20 events):
Event: 2.848 Executing VM operation: CollectForMetadataAllocation done
Event: 2.905 Executing VM operation: G1Concurrent
Event: 2.912 Executing VM operation: G1Concurrent done
Event: 2.973 Executing VM operation: G1Concurrent
Event: 2.973 Executing VM operation: G1Concurrent done
Event: 3.063 Executing VM operation: HandshakeAllThreads
Event: 3.063 Executing VM operation: HandshakeAllThreads done
Event: 3.123 Executing VM operation: HandshakeAllThreads
Event: 3.145 Executing VM operation: HandshakeAllThreads done
Event: 3.145 Executing VM operation: HandshakeAllThreads
Event: 3.146 Executing VM operation: HandshakeAllThreads done
Event: 3.148 Executing VM operation: HandshakeAllThreads
Event: 3.162 Executing VM operation: HandshakeAllThreads done
Event: 3.347 Executing VM operation: HandshakeAllThreads
Event: 3.366 Executing VM operation: HandshakeAllThreads done
Event: 3.652 Executing VM operation: HandshakeAllThreads
Event: 3.668 Executing VM operation: HandshakeAllThreads done
Event: 3.668 Executing VM operation: G1CollectForAllocation
Event: 3.684 Executing VM operation: G1CollectForAllocation done
Event: 3.691 Executing VM operation: G1CollectForAllocation

Events (20 events):
Event: 3.624 loading class javax/xml/stream/XMLInputFactory
Event: 3.624 loading class javax/xml/stream/XMLInputFactory done
Event: 3.633 Thread 0x00000222cf0896e0 Thread added: 0x00000222cf0896e0
Event: 3.636 loading class sun/misc/VM
Event: 3.636 loading class sun/misc/VM done
Event: 3.644 loading class java/util/concurrent/LinkedBlockingDeque
Event: 3.644 loading class java/util/concurrent/BlockingDeque
Event: 3.645 loading class java/util/concurrent/BlockingDeque done
Event: 3.645 loading class java/util/concurrent/LinkedBlockingDeque done
Event: 3.649 Thread 0x00000222cf08d0a0 Thread added: 0x00000222cf08d0a0
Event: 3.649 loading class javax/xml/stream/FactoryFinder
Event: 3.650 loading class javax/xml/stream/FactoryFinder done
Event: 3.650 loading class jdk/xml/internal/SecuritySupport
Event: 3.651 loading class jdk/xml/internal/SecuritySupport done
Event: 3.688 loading class javax/xml/stream/FactoryFinder$1
Event: 3.689 loading class javax/xml/stream/FactoryFinder$1 done
Event: 3.690 Thread 0x00000222cf089bb0 Thread added: 0x00000222cf089bb0
Event: 3.690 loading class com/sun/xml/internal/stream/XMLInputFactoryImpl
Event: 3.691 loading class com/sun/xml/internal/stream/XMLInputFactoryImpl done
Event: 3.691 loading class com/sun/org/apache/xerces/internal/impl/PropertyManager


Dynamic libraries:
0x00007ff66fce0000 - 0x00007ff66fcee000 	C:\Users\Sanjay\eclipse\plugins\org.eclipse.justj.openjdk.hotspot.jre.full.win32.x86_64_17.0.7.v20230425-1502\jre\bin\java.EXE
0x00007ffb475d0000 - 0x00007ffb477c8000 	C:\WINDOWS\SYSTEM32\ntdll.dll
0x00007ffb47110000 - 0x00007ffb471d2000 	C:\WINDOWS\System32\KERNEL32.DLL
0x00007ffb44e40000 - 0x00007ffb4513f000 	C:\WINDOWS\System32\KERNELBASE.dll
0x00007ffb45140000 - 0x00007ffb45240000 	C:\WINDOWS\System32\ucrtbase.dll
0x00007ffb3bcb0000 - 0x00007ffb3bcc7000 	C:\Users\Sanjay\eclipse\plugins\org.eclipse.justj.openjdk.hotspot.jre.full.win32.x86_64_17.0.7.v20230425-1502\jre\bin\jli.dll
0x00007ffb3c740000 - 0x00007ffb3c759000 	C:\Users\Sanjay\eclipse\plugins\org.eclipse.justj.openjdk.hotspot.jre.full.win32.x86_64_17.0.7.v20230425-1502\jre\bin\VCRUNTIME140.dll
0x00007ffb473f0000 - 0x00007ffb4758d000 	C:\WINDOWS\System32\USER32.dll
0x00007ffb455c0000 - 0x00007ffb455e2000 	C:\WINDOWS\System32\win32u.dll
0x00007ffb45720000 - 0x00007ffb4574b000 	C:\WINDOWS\System32\GDI32.dll
0x00007ffb2d7d0000 - 0x00007ffb2da6a000 	C:\WINDOWS\WinSxS\amd64_microsoft.windows.common-controls_6595b64144ccf1df_6.0.19041.4355_none_60b8b9eb71f62e16\COMCTL32.dll
0x00007ffb45290000 - 0x00007ffb453aa000 	C:\WINDOWS\System32\gdi32full.dll
0x00007ffb45be0000 - 0x00007ffb45c7e000 	C:\WINDOWS\System32\msvcrt.dll
0x00007ffb44d30000 - 0x00007ffb44dcd000 	C:\WINDOWS\System32\msvcp_win.dll
0x00007ffb468b0000 - 0x00007ffb468df000 	C:\WINDOWS\System32\IMM32.DLL
0x0000000064a10000 - 0x0000000064a1c000 	C:\Program Files (x86)\360\Total Security\safemon\SafeWrapper.dll
0x00007ffb468e0000 - 0x00007ffb4698f000 	C:\WINDOWS\System32\ADVAPI32.dll
0x00007ffb46810000 - 0x00007ffb468af000 	C:\WINDOWS\System32\sechost.dll
0x00007ffb471e0000 - 0x00007ffb47303000 	C:\WINDOWS\System32\RPCRT4.dll
0x00007ffb44d00000 - 0x00007ffb44d27000 	C:\WINDOWS\System32\bcrypt.dll
0x00007ffac2900000 - 0x00007ffac29ac000 	C:\Program Files (x86)\360\Total Security\safemon\libzdtp64.dll
0x00007ffb45fd0000 - 0x00007ffb4673d000 	C:\WINDOWS\System32\SHELL32.dll
0x00007ffb46750000 - 0x00007ffb467a5000 	C:\WINDOWS\System32\SHLWAPI.dll
0x00007ffb44700000 - 0x00007ffb4470a000 	C:\WINDOWS\SYSTEM32\VERSION.dll
0x00007ffb3c730000 - 0x00007ffb3c73c000 	C:\Users\Sanjay\eclipse\plugins\org.eclipse.justj.openjdk.hotspot.jre.full.win32.x86_64_17.0.7.v20230425-1502\jre\bin\vcruntime140_1.dll
0x00007ffb18330000 - 0x00007ffb183c1000 	C:\Users\Sanjay\eclipse\plugins\org.eclipse.justj.openjdk.hotspot.jre.full.win32.x86_64_17.0.7.v20230425-1502\jre\bin\msvcp140.dll
0x00007ffaa7120000 - 0x00007ffaa7d68000 	C:\Users\Sanjay\eclipse\plugins\org.eclipse.justj.openjdk.hotspot.jre.full.win32.x86_64_17.0.7.v20230425-1502\jre\bin\server\jvm.dll
0x00007ffb2db80000 - 0x00007ffb2dba7000 	C:\WINDOWS\SYSTEM32\WINMM.dll
0x00007ffb2e190000 - 0x00007ffb2e199000 	C:\WINDOWS\SYSTEM32\WSOCK32.dll
0x00007ffb45ee0000 - 0x00007ffb45f4b000 	C:\WINDOWS\System32\WS2_32.dll
0x00007ffb43420000 - 0x00007ffb43432000 	C:\WINDOWS\SYSTEM32\kernel.appcore.dll
0x00007ffb3c630000 - 0x00007ffb3c63a000 	C:\Users\Sanjay\eclipse\plugins\org.eclipse.justj.openjdk.hotspot.jre.full.win32.x86_64_17.0.7.v20230425-1502\jre\bin\jimage.dll
0x00007ffb3f930000 - 0x00007ffb3fb14000 	C:\WINDOWS\SYSTEM32\DBGHELP.DLL
0x00007ffb25d20000 - 0x00007ffb25d54000 	C:\WINDOWS\SYSTEM32\dbgcore.DLL
0x00007ffb44c70000 - 0x00007ffb44cf2000 	C:\WINDOWS\System32\bcryptPrimitives.dll
0x00007ffb3bfa0000 - 0x00007ffb3bfae000 	C:\Users\Sanjay\eclipse\plugins\org.eclipse.justj.openjdk.hotspot.jre.full.win32.x86_64_17.0.7.v20230425-1502\jre\bin\instrument.dll
0x00007ffb1dd10000 - 0x00007ffb1dd35000 	C:\Users\Sanjay\eclipse\plugins\org.eclipse.justj.openjdk.hotspot.jre.full.win32.x86_64_17.0.7.v20230425-1502\jre\bin\java.dll
0x00007ffb36aa0000 - 0x00007ffb36adb000 	C:\Users\Sanjay\eclipse\plugins\org.eclipse.justj.openjdk.hotspot.jre.full.win32.x86_64_17.0.7.v20230425-1502\jre\bin\jdwp.dll
0x00007ffb3bb40000 - 0x00007ffb3bb58000 	C:\Users\Sanjay\eclipse\plugins\org.eclipse.justj.openjdk.hotspot.jre.full.win32.x86_64_17.0.7.v20230425-1502\jre\bin\zip.dll
0x00007ffb42c60000 - 0x00007ffb43404000 	C:\WINDOWS\SYSTEM32\windows.storage.dll
0x00007ffb45880000 - 0x00007ffb45bd5000 	C:\WINDOWS\System32\combase.dll
0x00007ffb44560000 - 0x00007ffb4458b000 	C:\WINDOWS\SYSTEM32\Wldp.dll
0x00007ffb45750000 - 0x00007ffb4581d000 	C:\WINDOWS\System32\OLEAUT32.dll
0x00007ffb45d10000 - 0x00007ffb45dbd000 	C:\WINDOWS\System32\SHCORE.dll
0x00007ffb44ba0000 - 0x00007ffb44bc5000 	C:\WINDOWS\SYSTEM32\profapi.dll
0x00007ffb21e70000 - 0x00007ffb21e89000 	C:\Users\Sanjay\eclipse\plugins\org.eclipse.justj.openjdk.hotspot.jre.full.win32.x86_64_17.0.7.v20230425-1502\jre\bin\net.dll
0x00007ffb2f880000 - 0x00007ffb2f98a000 	C:\WINDOWS\SYSTEM32\WINHTTP.dll
0x00007ffb442c0000 - 0x00007ffb4432c000 	C:\WINDOWS\system32\mswsock.dll
0x00007ffb21380000 - 0x00007ffb21395000 	C:\Users\Sanjay\eclipse\plugins\org.eclipse.justj.openjdk.hotspot.jre.full.win32.x86_64_17.0.7.v20230425-1502\jre\bin\nio.dll
0x00007ffb2ebd0000 - 0x00007ffb2ebdc000 	C:\Users\Sanjay\eclipse\plugins\org.eclipse.justj.openjdk.hotspot.jre.full.win32.x86_64_17.0.7.v20230425-1502\jre\bin\dt_socket.dll
0x00007ffb43fa0000 - 0x00007ffb43fdb000 	C:\WINDOWS\SYSTEM32\IPHLPAPI.DLL
0x00007ffb43fe0000 - 0x00007ffb440aa000 	C:\WINDOWS\SYSTEM32\DNSAPI.dll
0x00007ffb46740000 - 0x00007ffb46748000 	C:\WINDOWS\System32\NSI.dll
0x00007ffb39bd0000 - 0x00007ffb39bda000 	C:\Windows\System32\rasadhlp.dll
0x00007ffb2e6f0000 - 0x00007ffb2e770000 	C:\WINDOWS\System32\fwpuclnt.dll
0x00007ffb3b1f0000 - 0x00007ffb3b200000 	C:\Users\Sanjay\eclipse\plugins\org.eclipse.justj.openjdk.hotspot.jre.full.win32.x86_64_17.0.7.v20230425-1502\jre\bin\verify.dll
0x00007ffb2b380000 - 0x00007ffb2b389000 	C:\Users\Sanjay\eclipse\plugins\org.eclipse.justj.openjdk.hotspot.jre.full.win32.x86_64_17.0.7.v20230425-1502\jre\bin\management.dll
0x00007ffb27290000 - 0x00007ffb2729b000 	C:\Users\Sanjay\eclipse\plugins\org.eclipse.justj.openjdk.hotspot.jre.full.win32.x86_64_17.0.7.v20230425-1502\jre\bin\management_ext.dll
0x00007ffb45dc0000 - 0x00007ffb45dc8000 	C:\WINDOWS\System32\PSAPI.DLL

dbghelp: loaded successfully - version: 4.0.5 - missing functions: none
symbol engine: initialized successfully - sym options: 0x614 - pdb path: .;C:\Users\Sanjay\eclipse\plugins\org.eclipse.justj.openjdk.hotspot.jre.full.win32.x86_64_17.0.7.v20230425-1502\jre\bin;C:\WINDOWS\SYSTEM32;C:\WINDOWS\WinSxS\amd64_microsoft.windows.common-controls_6595b64144ccf1df_6.0.19041.4355_none_60b8b9eb71f62e16;C:\Program Files (x86)\360\Total Security\safemon;C:\Users\Sanjay\eclipse\plugins\org.eclipse.justj.openjdk.hotspot.jre.full.win32.x86_64_17.0.7.v20230425-1502\jre\bin\server

VM Arguments:
jvm_args: -Dquarkus-internal.serialized-app-model.path=D:\codifi\emloyee\target\quarkus\bootstrap\dev-app-model.dat -javaagent:C:\Users\Sanjay\.m2\repository\io\quarkus\quarkus-class-change-agent\2.16.6.Final\quarkus-class-change-agent-2.16.6.Final.jar -XX:TieredStopAtLevel=1 -agentlib:jdwp=transport=dt_socket,address=localhost:5005,server=y,suspend=n -Djava.util.logging.manager=org.jboss.logmanager.LogManager 
java_command: D:\codifi\emloyee\target\employee-dev.jar
java_class_path (initial): D:\codifi\emloyee\target\employee-dev.jar
Launcher Type: SUN_STANDARD

[Global flags]
     intx CICompilerCount                          = 3                                         {product} {ergonomic}
     uint ConcGCThreads                            = 1                                         {product} {ergonomic}
     uint G1ConcRefinementThreads                  = 4                                         {product} {ergonomic}
   size_t G1HeapRegionSize                         = 1048576                                   {product} {ergonomic}
    uintx GCDrainStackTargetSize                   = 64                                        {product} {ergonomic}
   size_t InitialHeapSize                          = 134217728                                 {product} {ergonomic}
   size_t MarkStackSize                            = 4194304                                   {product} {ergonomic}
   size_t MaxHeapSize                              = 2118123520                                {product} {ergonomic}
   size_t MaxNewSize                               = 1270874112                                {product} {ergonomic}
   size_t MinHeapDeltaBytes                        = 1048576                                   {product} {ergonomic}
   size_t MinHeapSize                              = 8388608                                   {product} {ergonomic}
    uintx NonProfiledCodeHeapSize                  = 0                                      {pd product} {ergonomic}
     bool ProfileInterpreter                       = false                                  {pd product} {command line}
    uintx ProfiledCodeHeapSize                     = 0                                      {pd product} {ergonomic}
   size_t SoftMaxHeapSize                          = 2118123520                             {manageable} {ergonomic}
     intx TieredStopAtLevel                        = 1                                         {product} {command line}
     bool UseCompressedClassPointers               = true                           {product lp64_product} {ergonomic}
     bool UseCompressedOops                        = true                           {product lp64_product} {ergonomic}
     bool UseG1GC                                  = true                                      {product} {ergonomic}
     bool UseLargePagesIndividualAllocation        = false                                  {pd product} {ergonomic}

Logging:
Log output configuration:
 #0: stdout all=warning uptime,level,tags
 #1: stderr all=off uptime,level,tags

Environment Variables:
JAVA_HOME=C:\Program Files\Java\jdk-17
PATH=C:/Users/Sanjay/eclipse//plugins/org.eclipse.justj.openjdk.hotspot.jre.full.win32.x86_64_17.0.7.v20230425-1502/jre/bin/server;C:/Users/Sanjay/eclipse//plugins/org.eclipse.justj.openjdk.hotspot.jre.full.win32.x86_64_17.0.7.v20230425-1502/jre/bin;C:\WINDOWS\system32;C:\WINDOWS;C:\WINDOWS\System32\Wbem;C:\WINDOWS\System32\WindowsPowerShell\v1.0\;C:\WINDOWS\System32\OpenSSH\;C:\Program Files\nodejs\;C:\Program Files\Git\cmd;C:\Program Files\Java\jdk-17;C:\Program Files\Apache\Maven\apache-maven-3.9.9\bin;C:\Users\Sanjay\AppData\Local\Programs\Python\Python312\Scripts\;C:\Users\Sanjay\AppData\Local\Programs\Python\Python312\;C:\Users\Sanjay\AppData\Local\Programs\Python\Launcher\;C:\Users\Sanjay\AppData\Local\Microsoft\WindowsApps;D:\vs code\Microsoft VS Code\bin;C:\Users\Sanjay\AppData\Roaming\npm;C:\Program Files\Java\jdk-17\bin;;C:\Users\Sanjay\eclipse;
USERNAME=Sanjay
OS=Windows_NT
PROCESSOR_IDENTIFIER=Intel64 Family 6 Model 78 Stepping 3, GenuineIntel
TMP=C:\Users\Sanjay\AppData\Local\Temp
TEMP=C:\Users\Sanjay\AppData\Local\Temp



---------------  S Y S T E M  ---------------

OS:
 Windows 10 , 64 bit Build 19041 (10.0.19041.5438)
OS uptime: 0 days 8:41 hours

CPU: total 4 (initial active 4) (2 cores per cpu, 2 threads per core) family 6 model 78 stepping 3 microcode 0xcc, cx8, cmov, fxsr, ht, mmx, 3dnowpref, sse, sse2, sse3, ssse3, sse4.1, sse4.2, popcnt, lzcnt, tsc, tscinvbit, avx, avx2, aes, erms, clmul, bmi1, bmi2, rtm, adx, fma, vzeroupper, clflush, clflushopt

Memory: 4k page, system-wide physical 8072M (524M free)
TotalPageFile size 22487M (AvailPageFile size 86M)
current process WorkingSet (physical memory assigned to process): 331M, peak: 331M
current process commit charge ("private bytes"): 405M, peak: 561M

vm_info: OpenJDK 64-Bit Server VM (17.0.7+7) for windows-amd64 JRE (17.0.7+7), built on Apr 18 2023 22:10:42 by "temurin" with MS VC++ 16.7 (VS2019)

END.
